2026-09-15T15:08:50.111838+00:00,Non Interactive PowerShell Process Spawned,C:\logs\sysmon_20260919_043610.evtx,1,Microsoft-Windows-Sysmon,1,34669,DESKTOP-JC89B03,"Image: C:\Windows\SysWOW64\WindowsPowerShell\v1.0\powershell.exe
RuleName: '-'
Description: Windows PowerShell
OriginalFileName: PowerShell.EXE
TerminalSessionId: 0
ParentCommandLine: '""C:\Program Files (x86)\ossec-agent\wazuh-agent.exe""'
Product: Microsoft® Windows® Operating System
Company: Microsoft Corporation
ParentProcessId: 3020
ParentUser: NT AUTHORITY\SYSTEM
LogonGuid: 50A489D6-5F63-6AA9-E703-000000000000
Hashes: MD5=6BB54B2D7A3D63578559239A79700EA3,SHA256=870EDA04EA71CC066EC907F005E1D05CE592F04799C60E600E2CB986DC85B5EB,IMPHASH=82E387AE778A57C7A6473B5554B4184E
ParentProcessGuid: 50A489D6-5F67-6AA9-4900-000000001100
ProcessId: 4748
CurrentDirectory: C:\Program Files (x86)\ossec-agent\
ProcessGuid: 50A489D6-5F82-6AA9-9A00-000000001100
CommandLine: powershell secedit /export /cfg $env:TEMP\secpol.cfg; Get-Content $env:TEMP\secpol.cfg | Select-String ""LockoutBadCount""; Remove-Item $env:TEMP\secpol.cfg
FileVersion: 10.0.19041.3996 (WinBuild.160101.0800)
User: NT AUTHORITY\SYSTEM
LogonId: '0x3e7'
IntegrityLevel: System
ParentImage: C:\Program Files (x86)\ossec-agent\wazuh-agent.exe
UtcTime: 2026-09-15 15:08:50.110
"
2026-09-15T15:08:51.304795+00:00,Potential Suspicious Activity Using SeCEdit,C:\logs\sysmon_20260919_043610.evtx,1,Microsoft-Windows-Sysmon,1,34671,DESKTOP-JC89B03,"Image: C:\Windows\SysWOW64\SecEdit.exe
RuleName: '-'
Description: Windows Security Configuration Editor Command Tool
OriginalFileName: SeCEdit
TerminalSessionId: 0
ParentCommandLine: powershell secedit /export /cfg $env:TEMP\secpol.cfg; Get-Content $env:TEMP\secpol.cfg | Select-String ""LockoutBadCount""; Remove-Item $env:TEMP\secpol.cfg
Product: Microsoft® Windows® Operating System
Company: Microsoft Corporation
ParentProcessId: 4748
ParentUser: NT AUTHORITY\SYSTEM
LogonGuid: 50A489D6-5F63-6AA9-E703-000000000000
Hashes: MD5=BFC13856291E4B804D33BBAEFC8CB3B5,SHA256=56CB815F0FDA92C4658296692E4F70DEE557137528482FE7A834296BFDB710C0,IMPHASH=615449A6A25801F47AE0D7578EB950B4
ParentProcessGuid: 50A489D6-5F82-6AA9-9A00-000000001100
ProcessId: 4612
CurrentDirectory: C:\Program Files (x86)\ossec-agent\
ProcessGuid: 50A489D6-5F83-6AA9-9D00-000000001100
CommandLine: '""C:\Windows\system32\SecEdit.exe"" /export /cfg C:\Windows\TEMP\secpol.cfg'
FileVersion: 10.0.19041.1 (WinBuild.160101.0800)
User: NT AUTHORITY\SYSTEM
LogonId: '0x3e7'
IntegrityLevel: System
ParentImage: C:\Windows\SysWOW64\WindowsPowerShell\v1.0\powershell.exe
UtcTime: 2026-09-15 15:08:51.298
"
2026-09-15T15:08:52.102563+00:00,Non Interactive PowerShell Process Spawned,C:\logs\sysmon_20260919_043610.evtx,1,Microsoft-Windows-Sysmon,1,34673,DESKTOP-JC89B03,"Image: C:\Windows\SysWOW64\WindowsPowerShell\v1.0\powershell.exe
RuleName: '-'
Description: Windows PowerShell
OriginalFileName: PowerShell.EXE
TerminalSessionId: 0
ParentCommandLine: '""C:\Program Files (x86)\ossec-agent\wazuh-agent.exe""'
Product: Microsoft® Windows® Operating System
Company: Microsoft Corporation
ParentProcessId: 3020
ParentUser: NT AUTHORITY\SYSTEM
LogonGuid: 50A489D6-5F63-6AA9-E703-000000000000
Hashes: MD5=6BB54B2D7A3D63578559239A79700EA3,SHA256=870EDA04EA71CC066EC907F005E1D05CE592F04799C60E600E2CB986DC85B5EB,IMPHASH=82E387AE778A57C7A6473B5554B4184E
ParentProcessGuid: 50A489D6-5F67-6AA9-4900-000000001100
ProcessId: 3912
CurrentDirectory: C:\Program Files (x86)\ossec-agent\
ProcessGuid: 50A489D6-5F84-6AA9-9E00-000000001100
CommandLine: powershell secedit /export /cfg $env:TEMP\secpol.cfg; Get-Content $env:TEMP\secpol.cfg | Select-String ""ResetLockoutCount""; Remove-Item $env:TEMP\secpol.cfg
FileVersion: 10.0.19041.3996 (WinBuild.160101.0800)
User: NT AUTHORITY\SYSTEM
LogonId: '0x3e7'
IntegrityLevel: System
ParentImage: C:\Program Files (x86)\ossec-agent\wazuh-agent.exe
UtcTime: 2026-09-15 15:08:52.086
"
2026-09-15T15:08:52.968922+00:00,Potential Suspicious Activity Using SeCEdit,C:\logs\sysmon_20260919_043610.evtx,1,Microsoft-Windows-Sysmon,1,34677,DESKTOP-JC89B03,"Image: C:\Windows\SysWOW64\SecEdit.exe
RuleName: '-'
Description: Windows Security Configuration Editor Command Tool
OriginalFileName: SeCEdit
TerminalSessionId: 0
ParentCommandLine: powershell secedit /export /cfg $env:TEMP\secpol.cfg; Get-Content $env:TEMP\secpol.cfg | Select-String ""ResetLockoutCount""; Remove-Item $env:TEMP\secpol.cfg
Product: Microsoft® Windows® Operating System
Company: Microsoft Corporation
ParentProcessId: 3912
ParentUser: NT AUTHORITY\SYSTEM
LogonGuid: 50A489D6-5F63-6AA9-E703-000000000000
Hashes: MD5=BFC13856291E4B804D33BBAEFC8CB3B5,SHA256=56CB815F0FDA92C4658296692E4F70DEE557137528482FE7A834296BFDB710C0,IMPHASH=615449A6A25801F47AE0D7578EB950B4
ParentProcessGuid: 50A489D6-5F84-6AA9-9E00-000000001100
ProcessId: 5720
CurrentDirectory: C:\Program Files (x86)\ossec-agent\
ProcessGuid: 50A489D6-5F84-6AA9-A000-000000001100
CommandLine: '""C:\Windows\system32\SecEdit.exe"" /export /cfg C:\Windows\TEMP\secpol.cfg'
FileVersion: 10.0.19041.1 (WinBuild.160101.0800)
User: NT AUTHORITY\SYSTEM
LogonId: '0x3e7'
IntegrityLevel: System
ParentImage: C:\Windows\SysWOW64\WindowsPowerShell\v1.0\powershell.exe
UtcTime: 2026-09-15 15:08:52.963
"
2026-09-15T15:08:53.655018+00:00,Local Accounts Discovery,C:\logs\sysmon_20260919_043610.evtx,1,Microsoft-Windows-Sysmon,1,34678,DESKTOP-JC89B03,"Image: C:\Windows\SysWOW64\wbem\WMIC.exe
RuleName: '-'
Description: WMI Commandline Utility
OriginalFileName: wmic.exe
TerminalSessionId: 0
ParentCommandLine: '""C:\Program Files (x86)\ossec-agent\wazuh-agent.exe""'
Product: Microsoft® Windows® Operating System
Company: Microsoft Corporation
ParentProcessId: 3020
ParentUser: NT AUTHORITY\SYSTEM
LogonGuid: 50A489D6-5F63-6AA9-E703-000000000000
Hashes: MD5=3EFD4EDA13BF82CD75A55BC45E45494E,SHA256=D67C419D51D16331073E60087A346519267468BF68C2DC66C94EF6569BF5655E,IMPHASH=036BA8FE9A256E92711941C7CF911EF9
ParentProcessGuid: 50A489D6-5F67-6AA9-4900-000000001100
ProcessId: 4636
CurrentDirectory: C:\Program Files (x86)\ossec-agent\
ProcessGuid: 50A489D6-5F85-6AA9-A100-000000001100
CommandLine: wmic useraccount where (sid like ""s-1-5-21-%%-501"") get Disabled
FileVersion: 10.0.19041.5794 (WinBuild.160101.0800)
User: NT AUTHORITY\SYSTEM
LogonId: '0x3e7'
IntegrityLevel: System
ParentImage: C:\Program Files (x86)\ossec-agent\wazuh-agent.exe
UtcTime: 2026-09-15 15:08:53.644
"
2026-09-15T15:08:53.898766+00:00,Local Accounts Discovery,C:\logs\sysmon_20260919_043610.evtx,1,Microsoft-Windows-Sysmon,1,34679,DESKTOP-JC89B03,"Image: C:\Windows\SysWOW64\net.exe
RuleName: '-'
Description: Net Command
OriginalFileName: net.exe
TerminalSessionId: 0
ParentCommandLine: '""C:\Program Files (x86)\ossec-agent\wazuh-agent.exe""'
Product: Microsoft® Windows® Operating System
Company: Microsoft Corporation
ParentProcessId: 3020
ParentUser: NT AUTHORITY\SYSTEM
LogonGuid: 50A489D6-5F63-6AA9-E703-000000000000
Hashes: MD5=31890A7DE89936F922D44D677F681A7F,SHA256=7C4C7725E266F12ABA8C50FD1598D4001201BCA0E7ACA901508307E365AFFF42,IMPHASH=AC592B83B5CAEB41A6F6DF7DB53F9076
ParentProcessGuid: 50A489D6-5F67-6AA9-4900-000000001100
ProcessId: 5956
CurrentDirectory: C:\Program Files (x86)\ossec-agent\
ProcessGuid: 50A489D6-5F85-6AA9-A300-000000001100
CommandLine: net user
FileVersion: 10.0.19041.1 (WinBuild.160101.0800)
User: NT AUTHORITY\SYSTEM
LogonId: '0x3e7'
IntegrityLevel: System
ParentImage: C:\Program Files (x86)\ossec-agent\wazuh-agent.exe
UtcTime: 2026-09-15 15:08:53.891
"
2026-09-15T15:08:53.959459+00:00,Local Accounts Discovery,C:\logs\sysmon_20260919_043610.evtx,1,Microsoft-Windows-Sysmon,1,34680,DESKTOP-JC89B03,"Image: C:\Windows\SysWOW64\net1.exe
RuleName: '-'
Description: Net Command
OriginalFileName: net1.exe
TerminalSessionId: 0
ParentCommandLine: net user
Product: Microsoft® Windows® Operating System
Company: Microsoft Corporation
ParentProcessId: 5956
ParentUser: NT AUTHORITY\SYSTEM
LogonGuid: 50A489D6-5F63-6AA9-E703-000000000000
Hashes: MD5=4A26539015F4FDB3AC3C5EB14336C7A7,SHA256=B25CF32B7BB76D5A5121919C63E6AE77262347F4AD7B29EE3C43CBAA61F43957,IMPHASH=D45C7E138CFAD11059C95018C99B7C96
ParentProcessGuid: 50A489D6-5F85-6AA9-A300-000000001100
ProcessId: 5912
CurrentDirectory: C:\Program Files (x86)\ossec-agent\
ProcessGuid: 50A489D6-5F85-6AA9-A500-000000001100
CommandLine: C:\Windows\system32\net1 user
FileVersion: 10.0.19041.3636 (WinBuild.160101.0800)
User: NT AUTHORITY\SYSTEM
LogonId: '0x3e7'
IntegrityLevel: System
ParentImage: C:\Windows\SysWOW64\net.exe
UtcTime: 2026-09-15 15:08:53.952
"
2026-09-15T15:08:53.988523+00:00,Local Accounts Discovery,C:\logs\sysmon_20260919_043610.evtx,1,Microsoft-Windows-Sysmon,1,34681,DESKTOP-JC89B03,"Image: C:\Windows\SysWOW64\net.exe
RuleName: '-'
Description: Net Command
OriginalFileName: net.exe
TerminalSessionId: 0
ParentCommandLine: '""C:\Program Files (x86)\ossec-agent\wazuh-agent.exe""'
Product: Microsoft® Windows® Operating System
Company: Microsoft Corporation
ParentProcessId: 3020
ParentUser: NT AUTHORITY\SYSTEM
LogonGuid: 50A489D6-5F63-6AA9-E703-000000000000
Hashes: MD5=31890A7DE89936F922D44D677F681A7F,SHA256=7C4C7725E266F12ABA8C50FD1598D4001201BCA0E7ACA901508307E365AFFF42,IMPHASH=AC592B83B5CAEB41A6F6DF7DB53F9076
ParentProcessGuid: 50A489D6-5F67-6AA9-4900-000000001100
ProcessId: 4688
CurrentDirectory: C:\Program Files (x86)\ossec-agent\
ProcessGuid: 50A489D6-5F85-6AA9-A600-000000001100
CommandLine: net user
FileVersion: 10.0.19041.1 (WinBuild.160101.0800)
User: NT AUTHORITY\SYSTEM
LogonId: '0x3e7'
IntegrityLevel: System
ParentImage: C:\Program Files (x86)\ossec-agent\wazuh-agent.exe
UtcTime: 2026-09-15 15:08:53.987
"
2026-09-15T15:08:54.039959+00:00,Local Accounts Discovery,C:\logs\sysmon_20260919_043610.evtx,1,Microsoft-Windows-Sysmon,1,34682,DESKTOP-JC89B03,"Image: C:\Windows\SysWOW64\net1.exe
RuleName: '-'
Description: Net Command
OriginalFileName: net1.exe
TerminalSessionId: 0
ParentCommandLine: net user
Product: Microsoft® Windows® Operating System
Company: Microsoft Corporation
ParentProcessId: 4688
ParentUser: NT AUTHORITY\SYSTEM
LogonGuid: 50A489D6-5F63-6AA9-E703-000000000000
Hashes: MD5=4A26539015F4FDB3AC3C5EB14336C7A7,SHA256=B25CF32B7BB76D5A5121919C63E6AE77262347F4AD7B29EE3C43CBAA61F43957,IMPHASH=D45C7E138CFAD11059C95018C99B7C96
ParentProcessGuid: 50A489D6-5F85-6AA9-A600-000000001100
ProcessId: 5280
CurrentDirectory: C:\Program Files (x86)\ossec-agent\
ProcessGuid: 50A489D6-5F86-6AA9-A800-000000001100
CommandLine: C:\Windows\system32\net1 user
FileVersion: 10.0.19041.3636 (WinBuild.160101.0800)
User: NT AUTHORITY\SYSTEM
LogonId: '0x3e7'
IntegrityLevel: System
ParentImage: C:\Windows\SysWOW64\net.exe
UtcTime: 2026-09-15 15:08:54.035
"
2026-09-15T15:12:00.094545+00:00,Suspicious Network Command,C:\logs\sysmon_20260919_043610.evtx,1,Microsoft-Windows-Sysmon,1,34888,DESKTOP-JC89B03,"Image: C:\Windows\System32\ipconfig.exe
RuleName: '-'
Description: IP Configuration Utility
OriginalFileName: ipconfig.exe
TerminalSessionId: 1
ParentCommandLine: '""C:\Windows\system32\cmd.exe"" '
Product: Microsoft® Windows® Operating System
Company: Microsoft Corporation
ParentProcessId: 5428
ParentUser: DESKTOP-JC89B03\soc
LogonGuid: 50A489D6-5F89-6AA9-1A52-0A0000000000
Hashes: MD5=62F170FB07FDBB79CEB7147101406EB8,SHA256=53E000F5AA9B3A00934319DB8080BB99CB323BF48FC628A64F75D7847C265606,IMPHASH=1002D523645A81BC52877D82D9E88417
ParentProcessGuid: 50A489D6-6039-6AA9-6401-000000001100
ProcessId: 6076
CurrentDirectory: C:\Users\soc\
ProcessGuid: 50A489D6-6040-6AA9-6801-000000001100
CommandLine: ipconfig /all
FileVersion: 10.0.19041.1 (WinBuild.160101.0800)
User: DESKTOP-JC89B03\soc
LogonId: '0xa521a'
IntegrityLevel: Medium
ParentImage: C:\Windows\System32\cmd.exe
UtcTime: 2026-09-15 15:12:00.085
"
2026-09-15T15:27:58.532406+00:00,Suspicious Network Command,C:\logs\sysmon_20260919_043610.evtx,1,Microsoft-Windows-Sysmon,1,35423,DESKTOP-JC89B03,"Image: C:\Windows\System32\ipconfig.exe
RuleName: '-'
Description: IP Configuration Utility
OriginalFileName: ipconfig.exe
TerminalSessionId: 1
ParentCommandLine: '""C:\Windows\system32\cmd.exe"" '
Product: Microsoft® Windows® Operating System
Company: Microsoft Corporation
ParentProcessId: 1980
ParentUser: DESKTOP-JC89B03\soc
LogonGuid: 50A489D6-5F89-6AA9-1A52-0A0000000000
Hashes: MD5=62F170FB07FDBB79CEB7147101406EB8,SHA256=53E000F5AA9B3A00934319DB8080BB99CB323BF48FC628A64F75D7847C265606,IMPHASH=1002D523645A81BC52877D82D9E88417
ParentProcessGuid: 50A489D6-63F4-6AA9-F101-000000001100
ProcessId: 5248
CurrentDirectory: C:\Users\soc\
ProcessGuid: 50A489D6-63FE-6AA9-F401-000000001100
CommandLine: ipconfig /all
FileVersion: 10.0.19041.1 (WinBuild.160101.0800)
User: DESKTOP-JC89B03\soc
LogonId: '0xa521a'
IntegrityLevel: Medium
ParentImage: C:\Windows\System32\cmd.exe
UtcTime: 2026-09-15 15:27:58.526
"
2026-09-15T15:34:55.803131+00:00,Suspicious Network Command,C:\logs\sysmon_20260919_043610.evtx,1,Microsoft-Windows-Sysmon,1,37149,DESKTOP-JC89B03,"Image: C:\Windows\System32\ipconfig.exe
RuleName: '-'
Description: IP Configuration Utility
OriginalFileName: ipconfig.exe
TerminalSessionId: 1
ParentCommandLine: '""C:\Windows\system32\cmd.exe"" '
Product: Microsoft® Windows® Operating System
Company: Microsoft Corporation
ParentProcessId: 1980
ParentUser: DESKTOP-JC89B03\soc
LogonGuid: 50A489D6-5F89-6AA9-1A52-0A0000000000
Hashes: MD5=62F170FB07FDBB79CEB7147101406EB8,SHA256=53E000F5AA9B3A00934319DB8080BB99CB323BF48FC628A64F75D7847C265606,IMPHASH=1002D523645A81BC52877D82D9E88417
ParentProcessGuid: 50A489D6-63F4-6AA9-F101-000000001100
ProcessId: 5560
CurrentDirectory: C:\Users\soc\
ProcessGuid: 50A489D6-659F-6AA9-1B02-000000001100
CommandLine: ipconfig /all
FileVersion: 10.0.19041.1 (WinBuild.160101.0800)
User: DESKTOP-JC89B03\soc
LogonId: '0xa521a'
IntegrityLevel: Medium
ParentImage: C:\Windows\System32\cmd.exe
UtcTime: 2026-09-15 15:34:55.799
"
2026-09-15T19:04:20.629503+00:00,Start Windows Service Via Net.EXE,C:\logs\sysmon_20260919_043610.evtx,1,Microsoft-Windows-Sysmon,1,37487,DESKTOP-JC89B03,"Image: C:\Windows\SysWOW64\net.exe
RuleName: '-'
Description: Net Command
OriginalFileName: net.exe
TerminalSessionId: 1
ParentCommandLine: '""C:\xampp\xampp-control.exe"" '
Product: Microsoft® Windows® Operating System
Company: Microsoft Corporation
ParentProcessId: 10152
ParentUser: DESKTOP-JC89B03\soc
LogonGuid: 50A489D6-5F89-6AA9-EF51-0A0000000000
Hashes: MD5=31890A7DE89936F922D44D677F681A7F,SHA256=7C4C7725E266F12ABA8C50FD1598D4001201BCA0E7ACA901508307E365AFFF42,IMPHASH=AC592B83B5CAEB41A6F6DF7DB53F9076
ParentProcessGuid: 50A489D6-966C-6AA9-4B03-000000001100
ProcessId: 7172
CurrentDirectory: C:\xampp\
ProcessGuid: 50A489D6-96B4-6AA9-5003-000000001100
CommandLine: '""C:\Windows\System32\net.exe"" start ""Apache2.4""'
FileVersion: 10.0.19041.1 (WinBuild.160101.0800)
User: DESKTOP-JC89B03\soc
LogonId: '0xa51ef'
IntegrityLevel: High
ParentImage: C:\xampp\xampp-control.exe
UtcTime: 2026-09-15 19:04:20.623
"
2026-09-15T19:04:20.701660+00:00,Start Windows Service Via Net.EXE,C:\logs\sysmon_20260919_043610.evtx,1,Microsoft-Windows-Sysmon,1,37488,DESKTOP-JC89B03,"Image: C:\Windows\SysWOW64\net1.exe
RuleName: '-'
Description: Net Command
OriginalFileName: net1.exe
TerminalSessionId: 1
ParentCommandLine: '""C:\Windows\System32\net.exe"" start ""Apache2.4""'
Product: Microsoft® Windows® Operating System
Company: Microsoft Corporation
ParentProcessId: 7172
ParentUser: DESKTOP-JC89B03\soc
LogonGuid: 50A489D6-5F89-6AA9-EF51-0A0000000000
Hashes: MD5=4A26539015F4FDB3AC3C5EB14336C7A7,SHA256=B25CF32B7BB76D5A5121919C63E6AE77262347F4AD7B29EE3C43CBAA61F43957,IMPHASH=D45C7E138CFAD11059C95018C99B7C96
ParentProcessGuid: 50A489D6-96B4-6AA9-5003-000000001100
ProcessId: 4744
CurrentDirectory: C:\xampp\
ProcessGuid: 50A489D6-96B4-6AA9-5203-000000001100
CommandLine: C:\Windows\system32\net1 start ""Apache2.4""
FileVersion: 10.0.19041.3636 (WinBuild.160101.0800)
User: DESKTOP-JC89B03\soc
LogonId: '0xa51ef'
IntegrityLevel: High
ParentImage: C:\Windows\SysWOW64\net.exe
UtcTime: 2026-09-15 19:04:20.694
"
2026-09-15T19:04:22.261912+00:00,Start Windows Service Via Net.EXE,C:\logs\sysmon_20260919_043610.evtx,1,Microsoft-Windows-Sysmon,1,37491,DESKTOP-JC89B03,"Image: C:\Windows\SysWOW64\net.exe
RuleName: '-'
Description: Net Command
OriginalFileName: net.exe
TerminalSessionId: 1
ParentCommandLine: '""C:\xampp\xampp-control.exe"" '
Product: Microsoft® Windows® Operating System
Company: Microsoft Corporation
ParentProcessId: 10152
ParentUser: DESKTOP-JC89B03\soc
LogonGuid: 50A489D6-5F89-6AA9-EF51-0A0000000000
Hashes: MD5=31890A7DE89936F922D44D677F681A7F,SHA256=7C4C7725E266F12ABA8C50FD1598D4001201BCA0E7ACA901508307E365AFFF42,IMPHASH=AC592B83B5CAEB41A6F6DF7DB53F9076
ParentProcessGuid: 50A489D6-966C-6AA9-4B03-000000001100
ProcessId: 3228
CurrentDirectory: C:\xampp\
ProcessGuid: 50A489D6-96B6-6AA9-5503-000000001100
CommandLine: '""C:\Windows\System32\net.exe"" start ""mysql""'
FileVersion: 10.0.19041.1 (WinBuild.160101.0800)
User: DESKTOP-JC89B03\soc
LogonId: '0xa51ef'
IntegrityLevel: High
ParentImage: C:\xampp\xampp-control.exe
UtcTime: 2026-09-15 19:04:22.252
"
2026-09-15T19:04:22.321124+00:00,Start Windows Service Via Net.EXE,C:\logs\sysmon_20260919_043610.evtx,1,Microsoft-Windows-Sysmon,1,37492,DESKTOP-JC89B03,"Image: C:\Windows\SysWOW64\net1.exe
RuleName: '-'
Description: Net Command
OriginalFileName: net1.exe
TerminalSessionId: 1
ParentCommandLine: '""C:\Windows\System32\net.exe"" start ""mysql""'
Product: Microsoft® Windows® Operating System
Company: Microsoft Corporation
ParentProcessId: 3228
ParentUser: DESKTOP-JC89B03\soc
LogonGuid: 50A489D6-5F89-6AA9-EF51-0A0000000000
Hashes: MD5=4A26539015F4FDB3AC3C5EB14336C7A7,SHA256=B25CF32B7BB76D5A5121919C63E6AE77262347F4AD7B29EE3C43CBAA61F43957,IMPHASH=D45C7E138CFAD11059C95018C99B7C96
ParentProcessGuid: 50A489D6-96B6-6AA9-5503-000000001100
ProcessId: 1568
CurrentDirectory: C:\xampp\
ProcessGuid: 50A489D6-96B6-6AA9-5703-000000001100
CommandLine: C:\Windows\system32\net1 start ""mysql""
FileVersion: 10.0.19041.3636 (WinBuild.160101.0800)
User: DESKTOP-JC89B03\soc
LogonId: '0xa51ef'
IntegrityLevel: High
ParentImage: C:\Windows\SysWOW64\net.exe
UtcTime: 2026-09-15 19:04:22.315
"
2026-09-15T20:10:57.826699+00:00,Elevated System Shell Spawned From Uncommon Parent Location;Suspicious Process By Web Server Process,C:\logs\sysmon_20260919_043610.evtx,1,Microsoft-Windows-Sysmon,1,37546,DESKTOP-JC89B03,"Image: C:\Windows\System32\cmd.exe
RuleName: '-'
Description: Windows Command Processor
OriginalFileName: Cmd.Exe
TerminalSessionId: 0
ParentCommandLine: C:\xampp\apache\bin\httpd.exe -d C:/xampp/apache
Product: Microsoft® Windows® Operating System
Company: Microsoft Corporation
ParentProcessId: 640
ParentUser: NT AUTHORITY\SYSTEM
LogonGuid: 50A489D6-5F63-6AA9-E703-000000000000
Hashes: MD5=2B40C98ED0F7A1D3B091A3E8353132DC,SHA256=BADF4752413CB0CBDC03FB95820CA167F0CDC63B597CCDB5EF43111180E088B0,IMPHASH=272245E2988E1E430500B852C4FB5E18
ParentProcessGuid: 50A489D6-96B5-6AA9-5403-000000001100
ProcessId: 10132
CurrentDirectory: C:\xampp\htdocs\DVWA\vulnerabilities\exec\
ProcessGuid: 50A489D6-A651-6AA9-8C03-000000001100
CommandLine: cmd.exe /s /c ""ping  127.0.0.1 & whoami""
FileVersion: 10.0.19041.4355 (WinBuild.160101.0800)
User: NT AUTHORITY\SYSTEM
LogonId: '0x3e7'
IntegrityLevel: System
ParentImage: C:\xampp\apache\bin\httpd.exe
UtcTime: 2026-09-15 20:10:57.808
"
2026-09-15T20:10:57.866820+00:00,Suspicious SYSTEM User Process Creation,C:\logs\sysmon_20260919_043610.evtx,1,Microsoft-Windows-Sysmon,1,37547,DESKTOP-JC89B03,"Image: C:\Windows\System32\PING.EXE
RuleName: '-'
Description: TCP/IP Ping Command
OriginalFileName: ping.exe
TerminalSessionId: 0
ParentCommandLine: cmd.exe /s /c ""ping  127.0.0.1 & whoami""
Product: Microsoft® Windows® Operating System
Company: Microsoft Corporation
ParentProcessId: 10132
ParentUser: NT AUTHORITY\SYSTEM
LogonGuid: 50A489D6-5F63-6AA9-E703-000000000000
Hashes: MD5=2F46799D79D22AC72C241EC0322B011D,SHA256=7AF50FA112932EA3284F7821B2EEA2B7582F558DBA897231BB82182003C29F8B,IMPHASH=8C3BE1286CDAD6AC1136D0BB6C83FF41
ParentProcessGuid: 50A489D6-A651-6AA9-8C03-000000001100
ProcessId: 7112
CurrentDirectory: C:\xampp\htdocs\DVWA\vulnerabilities\exec\
ProcessGuid: 50A489D6-A651-6AA9-8E03-000000001100
CommandLine: 'ping   127.0.0.1 '
FileVersion: 10.0.19041.1 (WinBuild.160101.0800)
User: NT AUTHORITY\SYSTEM
LogonId: '0x3e7'
IntegrityLevel: System
ParentImage: C:\Windows\System32\cmd.exe
UtcTime: 2026-09-15 20:10:57.861
"
2026-09-15T20:11:00.942602+00:00,Local Accounts Discovery;Whoami.EXE Execution From Privileged Process,C:\logs\sysmon_20260919_043610.evtx,1,Microsoft-Windows-Sysmon,1,37548,DESKTOP-JC89B03,"Image: C:\Windows\System32\whoami.exe
RuleName: '-'
Description: whoami - displays logged on user information
OriginalFileName: whoami.exe
TerminalSessionId: 0
ParentCommandLine: cmd.exe /s /c ""ping  127.0.0.1 & whoami""
Product: Microsoft® Windows® Operating System
Company: Microsoft Corporation
ParentProcessId: 10132
ParentUser: NT AUTHORITY\SYSTEM
LogonGuid: 50A489D6-5F63-6AA9-E703-000000000000
Hashes: MD5=A4A6924F3EAF97981323703D38FD99C4,SHA256=1D4902A04D99E8CCBFE7085E63155955FEE397449D386453F6C452AE407B8743,IMPHASH=7FF0758B766F747CE57DFAC70743FB88
ParentProcessGuid: 50A489D6-A651-6AA9-8C03-000000001100
ProcessId: 4740
CurrentDirectory: C:\xampp\htdocs\DVWA\vulnerabilities\exec\
ProcessGuid: 50A489D6-A654-6AA9-8F03-000000001100
CommandLine: whoami
FileVersion: 10.0.19041.1 (WinBuild.160101.0800)
User: NT AUTHORITY\SYSTEM
LogonId: '0x3e7'
IntegrityLevel: System
ParentImage: C:\Windows\System32\cmd.exe
UtcTime: 2026-09-15 20:11:00.929
"
2026-09-15T20:13:45.546148+00:00,Non Interactive PowerShell Process Spawned,C:\logs\sysmon_20260919_043610.evtx,1,Microsoft-Windows-Sysmon,1,37557,DESKTOP-JC89B03,"Image: C:\Windows\System32\WindowsPowerShell\v1.0\powershell.exe
RuleName: '-'
Description: Windows PowerShell
OriginalFileName: PowerShell.EXE
TerminalSessionId: 1
ParentCommandLine: C:\Windows\System32\RuntimeBroker.exe -Embedding
Product: Microsoft® Windows® Operating System
Company: Microsoft Corporation
ParentProcessId: 7808
ParentUser: DESKTOP-JC89B03\soc
LogonGuid: 50A489D6-5F89-6AA9-EF51-0A0000000000
Hashes: MD5=2E5A8590CF6848968FC23DE3FA1E25F1,SHA256=9785001B0DCF755EDDB8AF294A373C0B87B2498660F724E76C4D53F9C217C7A3,IMPHASH=3D08F4848535206D772DE145804FF4B6
ParentProcessGuid: 50A489D6-5FA0-6AA9-0701-000000001100
ProcessId: 9980
CurrentDirectory: C:\Windows\system32\
ProcessGuid: 50A489D6-A6F9-6AA9-9803-000000001100
CommandLine: '""C:\Windows\System32\WindowsPowerShell\v1.0\powershell.exe"" '
FileVersion: 10.0.19041.3996 (WinBuild.160101.0800)
User: DESKTOP-JC89B03\soc
LogonId: '0xa51ef'
IntegrityLevel: High
ParentImage: C:\Windows\System32\RuntimeBroker.exe
UtcTime: 2026-09-15 20:13:45.523
"
2026-09-15T21:18:37.078751+00:00,Suspicious Execution of Hostname,C:\logs\sysmon_20260919_043610.evtx,1,Microsoft-Windows-Sysmon,1,37606,DESKTOP-JC89B03,"Image: C:\Windows\System32\HOSTNAME.EXE
RuleName: '-'
Description: Hostname APP
OriginalFileName: hostname.exe
TerminalSessionId: 1
ParentCommandLine: '""C:\Windows\System32\WindowsPowerShell\v1.0\powershell.exe"" '
Product: Microsoft® Windows® Operating System
Company: Microsoft Corporation
ParentProcessId: 9980
ParentUser: DESKTOP-JC89B03\soc
LogonGuid: 50A489D6-5F89-6AA9-EF51-0A0000000000
Hashes: MD5=33AFAA43B84BDEAB12E02F9DBD2B2EE0,SHA256=A90C3FB350A11C6F6A6EFA9607987D924D1DE65E09CA9FAF2E0E0E00531EE335,IMPHASH=5CD891320C666621E9783444DB8CBA78
ParentProcessGuid: 50A489D6-A6F9-6AA9-9803-000000001100
ProcessId: 9928
CurrentDirectory: C:\Windows\system32\
ProcessGuid: 50A489D6-B62D-6AA9-C903-000000001100
CommandLine: '""C:\Windows\system32\HOSTNAME.EXE""'
FileVersion: 10.0.19041.1 (WinBuild.160101.0800)
User: DESKTOP-JC89B03\soc
LogonId: '0xa51ef'
IntegrityLevel: High
ParentImage: C:\Windows\System32\WindowsPowerShell\v1.0\powershell.exe
UtcTime: 2026-09-15 21:18:37.070
"
2026-09-15T23:17:43.036235+00:00,VMToolsd Suspicious Child Process,C:\logs\sysmon_20260919_043610.evtx,1,Microsoft-Windows-Sysmon,1,37716,DESKTOP-JC89B03,"Image: C:\Windows\System32\cmd.exe
RuleName: '-'
Description: Windows Command Processor
OriginalFileName: Cmd.Exe
TerminalSessionId: 0
ParentCommandLine: '""C:\Program Files\VMware\VMware Tools\vmtoolsd.exe""'
Product: Microsoft® Windows® Operating System
Company: Microsoft Corporation
ParentProcessId: 3012
ParentUser: NT AUTHORITY\SYSTEM
LogonGuid: 50A489D6-D217-6AA9-884E-1A0100000000
Hashes: MD5=2B40C98ED0F7A1D3B091A3E8353132DC,SHA256=BADF4752413CB0CBDC03FB95820CA167F0CDC63B597CCDB5EF43111180E088B0,IMPHASH=272245E2988E1E430500B852C4FB5E18
ParentProcessGuid: 50A489D6-5F67-6AA9-4800-000000001100
ProcessId: 2440
CurrentDirectory: C:\Windows\system32\
ProcessGuid: 50A489D6-D217-6AA9-1B04-000000001100
CommandLine: '""C:\Windows\System32\cmd.exe"" ""/c"" ""exit"" '
FileVersion: 10.0.19041.4355 (WinBuild.160101.0800)
User: DESKTOP-JC89B03\soc
LogonId: '0x11a4e88'
IntegrityLevel: High
ParentImage: C:\Program Files\VMware\VMware Tools\vmtoolsd.exe
UtcTime: 2026-09-15 23:17:43.022
"
2026-09-17T00:37:39.506641+00:00,Stop Windows Service Via Net.EXE,C:\logs\sysmon_20260919_043610.evtx,1,Microsoft-Windows-Sysmon,1,38472,DESKTOP-JC89B03,"Image: C:\Windows\SysWOW64\net.exe
RuleName: '-'
Description: Net Command
OriginalFileName: net.exe
TerminalSessionId: 1
ParentCommandLine: '-'
Product: Microsoft® Windows® Operating System
Company: Microsoft Corporation
ParentProcessId: 10852
ParentUser: DESKTOP-JC89B03\soc
LogonGuid: 50A489D6-5F89-6AA9-EF51-0A0000000000
Hashes: MD5=31890A7DE89936F922D44D677F681A7F,SHA256=7C4C7725E266F12ABA8C50FD1598D4001201BCA0E7ACA901508307E365AFFF42,IMPHASH=AC592B83B5CAEB41A6F6DF7DB53F9076
ParentProcessGuid: 50A489D6-3531-6AAB-9B06-000000001100
ProcessId: 7272
CurrentDirectory: C:\Windows\system32\
ProcessGuid: 50A489D6-3653-6AAB-A406-000000001100
CommandLine: '""C:\Windows\SysWOW64\net.exe"" stop ""Apache2.4""'
FileVersion: 10.0.19041.1 (WinBuild.160101.0800)
User: DESKTOP-JC89B03\soc
LogonId: '0xa51ef'
IntegrityLevel: High
ParentImage: C:\xampp\xampp-control.exe
UtcTime: 2026-09-17 00:37:39.496
"
2026-09-17T02:37:25.790227+00:00,Stop Windows Service Via Net.EXE,C:\logs\sysmon_20260919_043610.evtx,1,Microsoft-Windows-Sysmon,1,38656,DESKTOP-JC89B03,"Image: C:\Windows\SysWOW64\net.exe
RuleName: '-'
Description: Net Command
OriginalFileName: net.exe
TerminalSessionId: 1
ParentCommandLine: '""C:\xampp\xampp-control.exe"" '
Product: Microsoft® Windows® Operating System
Company: Microsoft Corporation
ParentProcessId: 2644
ParentUser: DESKTOP-JC89B03\soc
LogonGuid: 50A489D6-5F89-6AA9-EF51-0A0000000000
Hashes: MD5=31890A7DE89936F922D44D677F681A7F,SHA256=7C4C7725E266F12ABA8C50FD1598D4001201BCA0E7ACA901508307E365AFFF42,IMPHASH=AC592B83B5CAEB41A6F6DF7DB53F9076
ParentProcessGuid: 50A489D6-5229-6AAB-5F07-000000001100
ProcessId: 10820
CurrentDirectory: C:\Windows\system32\
ProcessGuid: 50A489D6-5265-6AAB-6307-000000001100
CommandLine: '""C:\Windows\SysWOW64\net.exe"" stop ""Apache2.4""'
FileVersion: 10.0.19041.1 (WinBuild.160101.0800)
User: DESKTOP-JC89B03\soc
LogonId: '0xa51ef'
IntegrityLevel: High
ParentImage: C:\xampp\xampp-control.exe
UtcTime: 2026-09-17 02:37:25.776
"
2026-09-17T02:37:25.898343+00:00,Stop Windows Service Via Net.EXE,C:\logs\sysmon_20260919_043610.evtx,1,Microsoft-Windows-Sysmon,1,38657,DESKTOP-JC89B03,"Image: C:\Windows\SysWOW64\net1.exe
RuleName: '-'
Description: Net Command
OriginalFileName: net1.exe
TerminalSessionId: 1
ParentCommandLine: '""C:\Windows\SysWOW64\net.exe"" stop ""Apache2.4""'
Product: Microsoft® Windows® Operating System
Company: Microsoft Corporation
ParentProcessId: 10820
ParentUser: DESKTOP-JC89B03\soc
LogonGuid: 50A489D6-5F89-6AA9-EF51-0A0000000000
Hashes: MD5=4A26539015F4FDB3AC3C5EB14336C7A7,SHA256=B25CF32B7BB76D5A5121919C63E6AE77262347F4AD7B29EE3C43CBAA61F43957,IMPHASH=D45C7E138CFAD11059C95018C99B7C96
ParentProcessGuid: 50A489D6-5265-6AAB-6307-000000001100
ProcessId: 7868
CurrentDirectory: C:\Windows\system32\
ProcessGuid: 50A489D6-5265-6AAB-6507-000000001100
CommandLine: C:\Windows\system32\net1 stop ""Apache2.4""
FileVersion: 10.0.19041.3636 (WinBuild.160101.0800)
User: DESKTOP-JC89B03\soc
LogonId: '0xa51ef'
IntegrityLevel: High
ParentImage: C:\Windows\SysWOW64\net.exe
UtcTime: 2026-09-17 02:37:25.889
"
2026-09-17T02:37:39.898839+00:00,Start Windows Service Via Net.EXE,C:\logs\sysmon_20260919_043610.evtx,1,Microsoft-Windows-Sysmon,1,38659,DESKTOP-JC89B03,"Image: C:\Windows\SysWOW64\net.exe
RuleName: '-'
Description: Net Command
OriginalFileName: net.exe
TerminalSessionId: 1
ParentCommandLine: '""C:\xampp\xampp-control.exe"" '
Product: Microsoft® Windows® Operating System
Company: Microsoft Corporation
ParentProcessId: 2644
ParentUser: DESKTOP-JC89B03\soc
LogonGuid: 50A489D6-5F89-6AA9-EF51-0A0000000000
Hashes: MD5=31890A7DE89936F922D44D677F681A7F,SHA256=7C4C7725E266F12ABA8C50FD1598D4001201BCA0E7ACA901508307E365AFFF42,IMPHASH=AC592B83B5CAEB41A6F6DF7DB53F9076
ParentProcessGuid: 50A489D6-5229-6AAB-5F07-000000001100
ProcessId: 8472
CurrentDirectory: C:\Windows\system32\
ProcessGuid: 50A489D6-5273-6AAB-6707-000000001100
CommandLine: '""C:\Windows\SysWOW64\net.exe"" start ""Apache2.4""'
FileVersion: 10.0.19041.1 (WinBuild.160101.0800)
User: DESKTOP-JC89B03\soc
LogonId: '0xa51ef'
IntegrityLevel: High
ParentImage: C:\xampp\xampp-control.exe
UtcTime: 2026-09-17 02:37:39.849
"
2026-09-17T02:37:39.993512+00:00,Start Windows Service Via Net.EXE,C:\logs\sysmon_20260919_043610.evtx,1,Microsoft-Windows-Sysmon,1,38660,DESKTOP-JC89B03,"Image: C:\Windows\SysWOW64\net1.exe
RuleName: '-'
Description: Net Command
OriginalFileName: net1.exe
TerminalSessionId: 1
ParentCommandLine: '""C:\Windows\SysWOW64\net.exe"" start ""Apache2.4""'
Product: Microsoft® Windows® Operating System
Company: Microsoft Corporation
ParentProcessId: 8472
ParentUser: DESKTOP-JC89B03\soc
LogonGuid: 50A489D6-5F89-6AA9-EF51-0A0000000000
Hashes: MD5=4A26539015F4FDB3AC3C5EB14336C7A7,SHA256=B25CF32B7BB76D5A5121919C63E6AE77262347F4AD7B29EE3C43CBAA61F43957,IMPHASH=D45C7E138CFAD11059C95018C99B7C96
ParentProcessGuid: 50A489D6-5273-6AAB-6707-000000001100
ProcessId: 6076
CurrentDirectory: C:\Windows\system32\
ProcessGuid: 50A489D6-5273-6AAB-6907-000000001100
CommandLine: C:\Windows\system32\net1 start ""Apache2.4""
FileVersion: 10.0.19041.3636 (WinBuild.160101.0800)
User: DESKTOP-JC89B03\soc
LogonId: '0xa51ef'
IntegrityLevel: High
ParentImage: C:\Windows\SysWOW64\net.exe
UtcTime: 2026-09-17 02:37:39.985
"
2026-09-17T02:38:31.304927+00:00,Stop Windows Service Via Net.EXE,C:\logs\sysmon_20260919_043610.evtx,1,Microsoft-Windows-Sysmon,1,38663,DESKTOP-JC89B03,"Image: C:\Windows\SysWOW64\net.exe
RuleName: '-'
Description: Net Command
OriginalFileName: net.exe
TerminalSessionId: 1
ParentCommandLine: '-'
Product: Microsoft® Windows® Operating System
Company: Microsoft Corporation
ParentProcessId: 6184
ParentUser: DESKTOP-JC89B03\soc
LogonGuid: 50A489D6-5F89-6AA9-EF51-0A0000000000
Hashes: MD5=31890A7DE89936F922D44D677F681A7F,SHA256=7C4C7725E266F12ABA8C50FD1598D4001201BCA0E7ACA901508307E365AFFF42,IMPHASH=AC592B83B5CAEB41A6F6DF7DB53F9076
ParentProcessGuid: 50A489D6-34E5-6AAB-9506-000000001100
ProcessId: 5156
CurrentDirectory: C:\Windows\system32\
ProcessGuid: 50A489D6-52A7-6AAB-6C07-000000001100
CommandLine: '""C:\Windows\SysWOW64\net.exe"" stop ""Apache2.4""'
FileVersion: 10.0.19041.1 (WinBuild.160101.0800)
User: DESKTOP-JC89B03\soc
LogonId: '0xa51ef'
IntegrityLevel: High
ParentImage: C:\xampp\xampp-control.exe
UtcTime: 2026-09-17 02:38:31.259
"
2026-09-17T02:38:42.484803+00:00,Stop Windows Service Via Net.EXE,C:\logs\sysmon_20260919_043610.evtx,1,Microsoft-Windows-Sysmon,1,38666,DESKTOP-JC89B03,"Image: C:\Windows\SysWOW64\net.exe
RuleName: '-'
Description: Net Command
OriginalFileName: net.exe
TerminalSessionId: 1
ParentCommandLine: '""C:\xampp\xampp-control.exe"" '
Product: Microsoft® Windows® Operating System
Company: Microsoft Corporation
ParentProcessId: 4164
ParentUser: DESKTOP-JC89B03\soc
LogonGuid: 50A489D6-5F89-6AA9-EF51-0A0000000000
Hashes: MD5=31890A7DE89936F922D44D677F681A7F,SHA256=7C4C7725E266F12ABA8C50FD1598D4001201BCA0E7ACA901508307E365AFFF42,IMPHASH=AC592B83B5CAEB41A6F6DF7DB53F9076
ParentProcessGuid: 50A489D6-52AF-6AAB-6E07-000000001100
ProcessId: 5772
CurrentDirectory: C:\xampp\
ProcessGuid: 50A489D6-52B2-6AAB-6F07-000000001100
CommandLine: '""C:\Windows\System32\net.exe"" stop ""Apache2.4""'
FileVersion: 10.0.19041.1 (WinBuild.160101.0800)
User: DESKTOP-JC89B03\soc
LogonId: '0xa51ef'
IntegrityLevel: High
ParentImage: C:\xampp\xampp-control.exe
UtcTime: 2026-09-17 02:38:42.475
"
2026-09-17T02:38:42.560961+00:00,Stop Windows Service Via Net.EXE,C:\logs\sysmon_20260919_043610.evtx,1,Microsoft-Windows-Sysmon,1,38667,DESKTOP-JC89B03,"Image: C:\Windows\SysWOW64\net1.exe
RuleName: '-'
Description: Net Command
OriginalFileName: net1.exe
TerminalSessionId: 1
ParentCommandLine: '""C:\Windows\System32\net.exe"" stop ""Apache2.4""'
Product: Microsoft® Windows® Operating System
Company: Microsoft Corporation
ParentProcessId: 5772
ParentUser: DESKTOP-JC89B03\soc
LogonGuid: 50A489D6-5F89-6AA9-EF51-0A0000000000
Hashes: MD5=4A26539015F4FDB3AC3C5EB14336C7A7,SHA256=B25CF32B7BB76D5A5121919C63E6AE77262347F4AD7B29EE3C43CBAA61F43957,IMPHASH=D45C7E138CFAD11059C95018C99B7C96
ParentProcessGuid: 50A489D6-52B2-6AAB-6F07-000000001100
ProcessId: 2388
CurrentDirectory: C:\xampp\
ProcessGuid: 50A489D6-52B2-6AAB-7107-000000001100
CommandLine: C:\Windows\system32\net1 stop ""Apache2.4""
FileVersion: 10.0.19041.3636 (WinBuild.160101.0800)
User: DESKTOP-JC89B03\soc
LogonId: '0xa51ef'
IntegrityLevel: High
ParentImage: C:\Windows\SysWOW64\net.exe
UtcTime: 2026-09-17 02:38:42.555
"
2026-09-17T02:38:54.741107+00:00,Start Windows Service Via Net.EXE,C:\logs\sysmon_20260919_043610.evtx,1,Microsoft-Windows-Sysmon,1,38668,DESKTOP-JC89B03,"Image: C:\Windows\SysWOW64\net.exe
RuleName: '-'
Description: Net Command
OriginalFileName: net.exe
TerminalSessionId: 1
ParentCommandLine: '""C:\xampp\xampp-control.exe"" '
Product: Microsoft® Windows® Operating System
Company: Microsoft Corporation
ParentProcessId: 4164
ParentUser: DESKTOP-JC89B03\soc
LogonGuid: 50A489D6-5F89-6AA9-EF51-0A0000000000
Hashes: MD5=31890A7DE89936F922D44D677F681A7F,SHA256=7C4C7725E266F12ABA8C50FD1598D4001201BCA0E7ACA901508307E365AFFF42,IMPHASH=AC592B83B5CAEB41A6F6DF7DB53F9076
ParentProcessGuid: 50A489D6-52AF-6AAB-6E07-000000001100
ProcessId: 1380
CurrentDirectory: C:\xampp\
ProcessGuid: 50A489D6-52BE-6AAB-7207-000000001100
CommandLine: '""C:\Windows\System32\net.exe"" start ""Apache2.4""'
FileVersion: 10.0.19041.1 (WinBuild.160101.0800)
User: DESKTOP-JC89B03\soc
LogonId: '0xa51ef'
IntegrityLevel: High
ParentImage: C:\xampp\xampp-control.exe
UtcTime: 2026-09-17 02:38:54.731
"
2026-09-17T02:38:54.847135+00:00,Start Windows Service Via Net.EXE,C:\logs\sysmon_20260919_043610.evtx,1,Microsoft-Windows-Sysmon,1,38669,DESKTOP-JC89B03,"Image: C:\Windows\SysWOW64\net1.exe
RuleName: '-'
Description: Net Command
OriginalFileName: net1.exe
TerminalSessionId: 1
ParentCommandLine: '""C:\Windows\System32\net.exe"" start ""Apache2.4""'
Product: Microsoft® Windows® Operating System
Company: Microsoft Corporation
ParentProcessId: 1380
ParentUser: DESKTOP-JC89B03\soc
LogonGuid: 50A489D6-5F89-6AA9-EF51-0A0000000000
Hashes: MD5=4A26539015F4FDB3AC3C5EB14336C7A7,SHA256=B25CF32B7BB76D5A5121919C63E6AE77262347F4AD7B29EE3C43CBAA61F43957,IMPHASH=D45C7E138CFAD11059C95018C99B7C96
ParentProcessGuid: 50A489D6-52BE-6AAB-7207-000000001100
ProcessId: 7080
CurrentDirectory: C:\xampp\
ProcessGuid: 50A489D6-52BE-6AAB-7407-000000001100
CommandLine: C:\Windows\system32\net1 start ""Apache2.4""
FileVersion: 10.0.19041.3636 (WinBuild.160101.0800)
User: DESKTOP-JC89B03\soc
LogonId: '0xa51ef'
IntegrityLevel: High
ParentImage: C:\Windows\SysWOW64\net.exe
UtcTime: 2026-09-17 02:38:54.840
"
2026-09-17T13:50:31.008697+00:00,Non Interactive PowerShell Process Spawned,C:\logs\sysmon_20260919_043610.evtx,1,Microsoft-Windows-Sysmon,1,38781,DESKTOP-JC89B03,"Image: C:\Windows\SysWOW64\WindowsPowerShell\v1.0\powershell.exe
RuleName: '-'
Description: Windows PowerShell
OriginalFileName: PowerShell.EXE
TerminalSessionId: 0
ParentCommandLine: '""C:\Program Files (x86)\ossec-agent\wazuh-agent.exe""'
Product: Microsoft® Windows® Operating System
Company: Microsoft Corporation
ParentProcessId: 3048
ParentUser: NT AUTHORITY\SYSTEM
LogonGuid: 50A489D6-F01C-6AAB-E703-000000000000
Hashes: MD5=6BB54B2D7A3D63578559239A79700EA3,SHA256=870EDA04EA71CC066EC907F005E1D05CE592F04799C60E600E2CB986DC85B5EB,IMPHASH=82E387AE778A57C7A6473B5554B4184E
ParentProcessGuid: 50A489D6-F01F-6AAB-4B00-000000001200
ProcessId: 5004
CurrentDirectory: C:\Program Files (x86)\ossec-agent\
ProcessGuid: 50A489D6-F023-6AAB-5B00-000000001200
CommandLine: powershell secedit /export /cfg $env:TEMP\secpol.cfg; Get-Content $env:TEMP\secpol.cfg | Select-String ""PasswordHistorySize""; Remove-Item $env:TEMP\secpol.cfg
FileVersion: 10.0.19041.3996 (WinBuild.160101.0800)
User: NT AUTHORITY\SYSTEM
LogonId: '0x3e7'
IntegrityLevel: System
ParentImage: C:\Program Files (x86)\ossec-agent\wazuh-agent.exe
UtcTime: 2026-09-17 13:50:27.203
"
2026-09-17T13:50:57.218161+00:00,Non Interactive PowerShell Process Spawned,C:\logs\sysmon_20260919_043610.evtx,1,Microsoft-Windows-Sysmon,1,38902,DESKTOP-JC89B03,"Image: C:\Windows\SysWOW64\WindowsPowerShell\v1.0\powershell.exe
RuleName: '-'
Description: Windows PowerShell
OriginalFileName: PowerShell.EXE
TerminalSessionId: 0
ParentCommandLine: '""C:\Program Files (x86)\ossec-agent\wazuh-agent.exe""'
Product: Microsoft® Windows® Operating System
Company: Microsoft Corporation
ParentProcessId: 3048
ParentUser: NT AUTHORITY\SYSTEM
LogonGuid: 50A489D6-F01C-6AAB-E703-000000000000
Hashes: MD5=6BB54B2D7A3D63578559239A79700EA3,SHA256=870EDA04EA71CC066EC907F005E1D05CE592F04799C60E600E2CB986DC85B5EB,IMPHASH=82E387AE778A57C7A6473B5554B4184E
ParentProcessGuid: 50A489D6-F01F-6AAB-4B00-000000001200
ProcessId: 688
CurrentDirectory: C:\Program Files (x86)\ossec-agent\
ProcessGuid: 50A489D6-F041-6AAB-AE00-000000001200
CommandLine: powershell secedit /export /cfg $env:TEMP\secpol.cfg; Get-Content $env:TEMP\secpol.cfg | Select-String ""MaximumPasswordAge""; Remove-Item $env:TEMP\secpol.cfg
FileVersion: 10.0.19041.3996 (WinBuild.160101.0800)
User: NT AUTHORITY\SYSTEM
LogonId: '0x3e7'
IntegrityLevel: System
ParentImage: C:\Program Files (x86)\ossec-agent\wazuh-agent.exe
UtcTime: 2026-09-17 13:50:57.216
"
2026-09-17T13:51:20.005232+00:00,Potential Suspicious Activity Using SeCEdit,C:\logs\sysmon_20260919_043610.evtx,1,Microsoft-Windows-Sysmon,1,38988,DESKTOP-JC89B03,"Image: C:\Windows\SysWOW64\SecEdit.exe
RuleName: '-'
Description: Windows Security Configuration Editor Command Tool
OriginalFileName: SeCEdit
TerminalSessionId: 0
ParentCommandLine: powershell secedit /export /cfg $env:TEMP\secpol.cfg; Get-Content $env:TEMP\secpol.cfg | Select-String ""MaximumPasswordAge""; Remove-Item $env:TEMP\secpol.cfg
Product: Microsoft® Windows® Operating System
Company: Microsoft Corporation
ParentProcessId: 688
ParentUser: NT AUTHORITY\SYSTEM
LogonGuid: 50A489D6-F01C-6AAB-E703-000000000000
Hashes: MD5=BFC13856291E4B804D33BBAEFC8CB3B5,SHA256=56CB815F0FDA92C4658296692E4F70DEE557137528482FE7A834296BFDB710C0,IMPHASH=615449A6A25801F47AE0D7578EB950B4
ParentProcessGuid: 50A489D6-F041-6AAB-AE00-000000001200
ProcessId: 10924
CurrentDirectory: C:\Program Files (x86)\ossec-agent\
ProcessGuid: 50A489D6-F057-6AAB-E100-000000001200
CommandLine: '""C:\Windows\system32\SecEdit.exe"" /export /cfg C:\Windows\TEMP\secpol.cfg'
FileVersion: 10.0.19041.1 (WinBuild.160101.0800)
User: NT AUTHORITY\SYSTEM
LogonId: '0x3e7'
IntegrityLevel: System
ParentImage: C:\Windows\SysWOW64\WindowsPowerShell\v1.0\powershell.exe
UtcTime: 2026-09-17 13:51:19.996
"
2026-09-17T13:51:22.315682+00:00,Non Interactive PowerShell Process Spawned,C:\logs\sysmon_20260919_043610.evtx,1,Microsoft-Windows-Sysmon,1,38991,DESKTOP-JC89B03,"Image: C:\Windows\SysWOW64\WindowsPowerShell\v1.0\powershell.exe
RuleName: '-'
Description: Windows PowerShell
OriginalFileName: PowerShell.EXE
TerminalSessionId: 0
ParentCommandLine: '""C:\Program Files (x86)\ossec-agent\wazuh-agent.exe""'
Product: Microsoft® Windows® Operating System
Company: Microsoft Corporation
ParentProcessId: 3048
ParentUser: NT AUTHORITY\SYSTEM
LogonGuid: 50A489D6-F01C-6AAB-E703-000000000000
Hashes: MD5=6BB54B2D7A3D63578559239A79700EA3,SHA256=870EDA04EA71CC066EC907F005E1D05CE592F04799C60E600E2CB986DC85B5EB,IMPHASH=82E387AE778A57C7A6473B5554B4184E
ParentProcessGuid: 50A489D6-F01F-6AAB-4B00-000000001200
ProcessId: 11072
CurrentDirectory: C:\Program Files (x86)\ossec-agent\
ProcessGuid: 50A489D6-F05A-6AAB-E400-000000001200
CommandLine: powershell secedit /export /cfg $env:TEMP\secpol.cfg; Get-Content $env:TEMP\secpol.cfg | Select-String ""MaximumPasswordAge""; Remove-Item $env:TEMP\secpol.cfg
FileVersion: 10.0.19041.3996 (WinBuild.160101.0800)
User: NT AUTHORITY\SYSTEM
LogonId: '0x3e7'
IntegrityLevel: System
ParentImage: C:\Program Files (x86)\ossec-agent\wazuh-agent.exe
UtcTime: 2026-09-17 13:51:22.298
"
2026-09-17T13:51:24.388695+00:00,Potential Suspicious Activity Using SeCEdit,C:\logs\sysmon_20260919_043610.evtx,1,Microsoft-Windows-Sysmon,1,38993,DESKTOP-JC89B03,"Image: C:\Windows\SysWOW64\SecEdit.exe
RuleName: '-'
Description: Windows Security Configuration Editor Command Tool
OriginalFileName: SeCEdit
TerminalSessionId: 0
ParentCommandLine: powershell secedit /export /cfg $env:TEMP\secpol.cfg; Get-Content $env:TEMP\secpol.cfg | Select-String ""MaximumPasswordAge""; Remove-Item $env:TEMP\secpol.cfg
Product: Microsoft® Windows® Operating System
Company: Microsoft Corporation
ParentProcessId: 11072
ParentUser: NT AUTHORITY\SYSTEM
LogonGuid: 50A489D6-F01C-6AAB-E703-000000000000
Hashes: MD5=BFC13856291E4B804D33BBAEFC8CB3B5,SHA256=56CB815F0FDA92C4658296692E4F70DEE557137528482FE7A834296BFDB710C0,IMPHASH=615449A6A25801F47AE0D7578EB950B4
ParentProcessGuid: 50A489D6-F05A-6AAB-E400-000000001200
ProcessId: 11192
CurrentDirectory: C:\Program Files (x86)\ossec-agent\
ProcessGuid: 50A489D6-F05C-6AAB-E600-000000001200
CommandLine: '""C:\Windows\system32\SecEdit.exe"" /export /cfg C:\Windows\TEMP\secpol.cfg'
FileVersion: 10.0.19041.1 (WinBuild.160101.0800)
User: NT AUTHORITY\SYSTEM
LogonId: '0x3e7'
IntegrityLevel: System
ParentImage: C:\Windows\SysWOW64\WindowsPowerShell\v1.0\powershell.exe
UtcTime: 2026-09-17 13:51:24.344
"
2026-09-17T13:51:25.476337+00:00,Non Interactive PowerShell Process Spawned,C:\logs\sysmon_20260919_043610.evtx,1,Microsoft-Windows-Sysmon,1,38994,DESKTOP-JC89B03,"Image: C:\Windows\SysWOW64\WindowsPowerShell\v1.0\powershell.exe
RuleName: '-'
Description: Windows PowerShell
OriginalFileName: PowerShell.EXE
TerminalSessionId: 0
ParentCommandLine: '""C:\Program Files (x86)\ossec-agent\wazuh-agent.exe""'
Product: Microsoft® Windows® Operating System
Company: Microsoft Corporation
ParentProcessId: 3048
ParentUser: NT AUTHORITY\SYSTEM
LogonGuid: 50A489D6-F01C-6AAB-E703-000000000000
Hashes: MD5=6BB54B2D7A3D63578559239A79700EA3,SHA256=870EDA04EA71CC066EC907F005E1D05CE592F04799C60E600E2CB986DC85B5EB,IMPHASH=82E387AE778A57C7A6473B5554B4184E
ParentProcessGuid: 50A489D6-F01F-6AAB-4B00-000000001200
ProcessId: 11252
CurrentDirectory: C:\Program Files (x86)\ossec-agent\
ProcessGuid: 50A489D6-F05D-6AAB-E700-000000001200
CommandLine: powershell secedit /export /cfg $env:TEMP\secpol.cfg; Get-Content $env:TEMP\secpol.cfg | Select-String ""MinimumPasswordAge""; Remove-Item $env:TEMP\secpol.cfg
FileVersion: 10.0.19041.3996 (WinBuild.160101.0800)
User: NT AUTHORITY\SYSTEM
LogonId: '0x3e7'
IntegrityLevel: System
ParentImage: C:\Program Files (x86)\ossec-agent\wazuh-agent.exe
UtcTime: 2026-09-17 13:51:25.460
"
2026-09-17T13:51:26.863605+00:00,Potential Suspicious Activity Using SeCEdit,C:\logs\sysmon_20260919_043610.evtx,1,Microsoft-Windows-Sysmon,1,38996,DESKTOP-JC89B03,"Image: C:\Windows\SysWOW64\SecEdit.exe
RuleName: '-'
Description: Windows Security Configuration Editor Command Tool
OriginalFileName: SeCEdit
TerminalSessionId: 0
ParentCommandLine: powershell secedit /export /cfg $env:TEMP\secpol.cfg; Get-Content $env:TEMP\secpol.cfg | Select-String ""MinimumPasswordAge""; Remove-Item $env:TEMP\secpol.cfg
Product: Microsoft® Windows® Operating System
Company: Microsoft Corporation
ParentProcessId: 11252
ParentUser: NT AUTHORITY\SYSTEM
LogonGuid: 50A489D6-F01C-6AAB-E703-000000000000
Hashes: MD5=BFC13856291E4B804D33BBAEFC8CB3B5,SHA256=56CB815F0FDA92C4658296692E4F70DEE557137528482FE7A834296BFDB710C0,IMPHASH=615449A6A25801F47AE0D7578EB950B4
ParentProcessGuid: 50A489D6-F05D-6AAB-E700-000000001200
ProcessId: 6848
CurrentDirectory: C:\Program Files (x86)\ossec-agent\
ProcessGuid: 50A489D6-F05E-6AAB-E900-000000001200
CommandLine: '""C:\Windows\system32\SecEdit.exe"" /export /cfg C:\Windows\TEMP\secpol.cfg'
FileVersion: 10.0.19041.1 (WinBuild.160101.0800)
User: NT AUTHORITY\SYSTEM
LogonId: '0x3e7'
IntegrityLevel: System
ParentImage: C:\Windows\SysWOW64\WindowsPowerShell\v1.0\powershell.exe
UtcTime: 2026-09-17 13:51:26.855
"
2026-09-17T13:51:27.942325+00:00,Non Interactive PowerShell Process Spawned,C:\logs\sysmon_20260919_043610.evtx,1,Microsoft-Windows-Sysmon,1,38997,DESKTOP-JC89B03,"Image: C:\Windows\SysWOW64\WindowsPowerShell\v1.0\powershell.exe
RuleName: '-'
Description: Windows PowerShell
OriginalFileName: PowerShell.EXE
TerminalSessionId: 0
ParentCommandLine: '""C:\Program Files (x86)\ossec-agent\wazuh-agent.exe""'
Product: Microsoft® Windows® Operating System
Company: Microsoft Corporation
ParentProcessId: 3048
ParentUser: NT AUTHORITY\SYSTEM
LogonGuid: 50A489D6-F01C-6AAB-E703-000000000000
Hashes: MD5=6BB54B2D7A3D63578559239A79700EA3,SHA256=870EDA04EA71CC066EC907F005E1D05CE592F04799C60E600E2CB986DC85B5EB,IMPHASH=82E387AE778A57C7A6473B5554B4184E
ParentProcessGuid: 50A489D6-F01F-6AAB-4B00-000000001200
ProcessId: 10560
CurrentDirectory: C:\Program Files (x86)\ossec-agent\
ProcessGuid: 50A489D6-F05F-6AAB-EB00-000000001200
CommandLine: powershell secedit /export /cfg $env:TEMP\secpol.cfg; Get-Content $env:TEMP\secpol.cfg | Select-String ""MinimumPasswordLength""; Remove-Item $env:TEMP\secpol.cfg
FileVersion: 10.0.19041.3996 (WinBuild.160101.0800)
User: NT AUTHORITY\SYSTEM
LogonId: '0x3e7'
IntegrityLevel: System
ParentImage: C:\Program Files (x86)\ossec-agent\wazuh-agent.exe
UtcTime: 2026-09-17 13:51:27.918
"
2026-09-17T13:51:30.889147+00:00,Potential Suspicious Activity Using SeCEdit,C:\logs\sysmon_20260919_043610.evtx,1,Microsoft-Windows-Sysmon,1,39002,DESKTOP-JC89B03,"Image: C:\Windows\SysWOW64\SecEdit.exe
RuleName: '-'
Description: Windows Security Configuration Editor Command Tool
OriginalFileName: SeCEdit
TerminalSessionId: 0
ParentCommandLine: powershell secedit /export /cfg $env:TEMP\secpol.cfg; Get-Content $env:TEMP\secpol.cfg | Select-String ""MinimumPasswordLength""; Remove-Item $env:TEMP\secpol.cfg
Product: Microsoft® Windows® Operating System
Company: Microsoft Corporation
ParentProcessId: 10560
ParentUser: NT AUTHORITY\SYSTEM
LogonGuid: 50A489D6-F01C-6AAB-E703-000000000000
Hashes: MD5=BFC13856291E4B804D33BBAEFC8CB3B5,SHA256=56CB815F0FDA92C4658296692E4F70DEE557137528482FE7A834296BFDB710C0,IMPHASH=615449A6A25801F47AE0D7578EB950B4
ParentProcessGuid: 50A489D6-F05F-6AAB-EB00-000000001200
ProcessId: 1432
CurrentDirectory: C:\Program Files (x86)\ossec-agent\
ProcessGuid: 50A489D6-F062-6AAB-EE00-000000001200
CommandLine: '""C:\Windows\system32\SecEdit.exe"" /export /cfg C:\Windows\TEMP\secpol.cfg'
FileVersion: 10.0.19041.1 (WinBuild.160101.0800)
User: NT AUTHORITY\SYSTEM
LogonId: '0x3e7'
IntegrityLevel: System
ParentImage: C:\Windows\SysWOW64\WindowsPowerShell\v1.0\powershell.exe
UtcTime: 2026-09-17 13:51:30.862
"
2026-09-17T13:51:32.995589+00:00,Non Interactive PowerShell Process Spawned;PUA - Suspicious ActiveDirectory Enumeration Via AdFind.EXE,C:\logs\sysmon_20260919_043610.evtx,1,Microsoft-Windows-Sysmon,1,39007,DESKTOP-JC89B03,"Image: C:\Windows\SysWOW64\WindowsPowerShell\v1.0\powershell.exe
RuleName: '-'
Description: Windows PowerShell
OriginalFileName: PowerShell.EXE
TerminalSessionId: 0
ParentCommandLine: '""C:\Program Files (x86)\ossec-agent\wazuh-agent.exe""'
Product: Microsoft® Windows® Operating System
Company: Microsoft Corporation
ParentProcessId: 3048
ParentUser: NT AUTHORITY\SYSTEM
LogonGuid: 50A489D6-F01C-6AAB-E703-000000000000
Hashes: MD5=6BB54B2D7A3D63578559239A79700EA3,SHA256=870EDA04EA71CC066EC907F005E1D05CE592F04799C60E600E2CB986DC85B5EB,IMPHASH=82E387AE778A57C7A6473B5554B4184E
ParentProcessGuid: 50A489D6-F01F-6AAB-4B00-000000001200
ProcessId: 6896
CurrentDirectory: C:\Program Files (x86)\ossec-agent\
ProcessGuid: 50A489D6-F064-6AAB-F100-000000001200
CommandLine: powershell secedit /export /cfg $env:TEMP\secpol.cfg; Get-Content $env:TEMP\secpol.cfg | Select-String ""LockoutDuration""; Remove-Item $env:TEMP\secpol.cfg
FileVersion: 10.0.19041.3996 (WinBuild.160101.0800)
User: NT AUTHORITY\SYSTEM
LogonId: '0x3e7'
IntegrityLevel: System
ParentImage: C:\Program Files (x86)\ossec-agent\wazuh-agent.exe
UtcTime: 2026-09-17 13:51:32.972
"
