2026-09-02T13:15:20.275563+00:00,VMToolsd Suspicious Child Process,C:\logs\sysmon_20260919_043610.evtx,1,Microsoft-Windows-Sysmon,1,13226,DESKTOP-JC89B03,"Image: C:\Windows\System32\cmd.exe
RuleName: '-'
Description: Windows Command Processor
OriginalFileName: Cmd.Exe
TerminalSessionId: 0
ParentCommandLine: '""C:\Program Files\VMware\VMware Tools\vmtoolsd.exe""'
Product: Microsoft® Windows® Operating System
Company: Microsoft Corporation
ParentProcessId: 3008
ParentUser: NT AUTHORITY\SYSTEM
LogonGuid: 50A489D6-2168-6A98-B50D-D50800000000
Hashes: MD5=CB6CD09F6A25744A8FA6E4B3E4D260C5,SHA256=265B69033CEA7A9F8214A34CD9B17912909AF46C7A47395DD7BB893A24507E59,IMPHASH=272245E2988E1E430500B852C4FB5E18
ParentProcessGuid: 50A489D6-826D-6A4A-4400-000000000200
ProcessId: 10576
CurrentDirectory: C:\Windows\system32\
ProcessGuid: 50A489D6-2168-6A98-731F-000000000200
CommandLine: '""C:\Windows\System32\cmd.exe"" ""/c"" ""exit"" '
FileVersion: 10.0.19041.3636 (WinBuild.160101.0800)
User: DESKTOP-JC89B03\soc
LogonId: '0x8d50db5'
IntegrityLevel: High
ParentImage: C:\Program Files\VMware\VMware Tools\vmtoolsd.exe
UtcTime: 2026-09-02 13:15:20.268
"
2026-09-02T13:20:42.875608+00:00,Suspicious Execution of Systeminfo,C:\logs\sysmon_20260919_043610.evtx,1,Microsoft-Windows-Sysmon,1,13265,DESKTOP-JC89B03,"Image: C:\Windows\System32\systeminfo.exe
RuleName: '-'
Description: Displays system information
OriginalFileName: sysinfo.exe
TerminalSessionId: 1
ParentCommandLine: '""C:\Windows\System32\WindowsPowerShell\v1.0\powershell.exe"" '
Product: Microsoft® Windows® Operating System
Company: Microsoft Corporation
ParentProcessId: 452
ParentUser: DESKTOP-JC89B03\soc
LogonGuid: 50A489D6-8293-6A4A-4D93-060000000000
Hashes: MD5=EE309A9C61511E907D87B10EF226FDCD,SHA256=6F87CAA51BDEA802045BB281FC2686A3C76364C26A3FFE6C2CCAC4AF5F9DB37B,IMPHASH=C7C3DF13F22D7A13802E6509367A5830
ParentProcessGuid: 50A489D6-DC3D-6A8D-6F12-000000000200
ProcessId: 3960
CurrentDirectory: C:\Windows\system32\
ProcessGuid: 50A489D6-22AA-6A98-811F-000000000200
CommandLine: '""C:\Windows\system32\systeminfo.exe""'
FileVersion: 10.0.19041.1 (WinBuild.160101.0800)
User: DESKTOP-JC89B03\soc
LogonId: '0x6934d'
IntegrityLevel: High
ParentImage: C:\Windows\System32\WindowsPowerShell\v1.0\powershell.exe
UtcTime: 2026-09-02 13:20:42.871
"
2026-09-02T13:21:11.897481+00:00,Non Interactive PowerShell Process Spawned;Suspicious Execution of Powershell with Base64,C:\logs\sysmon_20260919_043610.evtx,1,Microsoft-Windows-Sysmon,1,13272,DESKTOP-JC89B03,"Image: C:\Windows\System32\WindowsPowerShell\v1.0\powershell.exe
RuleName: '-'
Description: Windows PowerShell
OriginalFileName: PowerShell.EXE
TerminalSessionId: 1
ParentCommandLine: '""C:\Windows\System32\WindowsPowerShell\v1.0\powershell.exe"" '
Product: Microsoft® Windows® Operating System
Company: Microsoft Corporation
ParentProcessId: 452
ParentUser: DESKTOP-JC89B03\soc
LogonGuid: 50A489D6-8293-6A4A-4D93-060000000000
Hashes: MD5=6726185B70B5ADF05E8A1A1DF82EBF30,SHA256=64DD55E1C2373DEED25C2776F553C632E58C45E56A0E4639DFD54EE97EAB9C19,IMPHASH=E3007C8E0098D06ABF617EEE6F0C5ABD
ParentProcessGuid: 50A489D6-DC3D-6A8D-6F12-000000000200
ProcessId: 3476
CurrentDirectory: C:\Windows\system32\
ProcessGuid: 50A489D6-22C7-6A98-861F-000000000200
CommandLine: '""C:\Windows\System32\WindowsPowerShell\v1.0\powershell.exe"" -EncodedCommand dwBoAG8AYQBtAGkA'
FileVersion: 10.0.19041.3636 (WinBuild.160101.0800)
User: DESKTOP-JC89B03\soc
LogonId: '0x6934d'
IntegrityLevel: High
ParentImage: C:\Windows\System32\WindowsPowerShell\v1.0\powershell.exe
UtcTime: 2026-09-02 13:21:11.893
"
2026-09-02T13:21:12.232937+00:00,Local Accounts Discovery,C:\logs\sysmon_20260919_043610.evtx,1,Microsoft-Windows-Sysmon,1,13274,DESKTOP-JC89B03,"Image: C:\Windows\System32\whoami.exe
RuleName: '-'
Description: whoami - displays logged on user information
OriginalFileName: whoami.exe
TerminalSessionId: 1
ParentCommandLine: '""C:\Windows\System32\WindowsPowerShell\v1.0\powershell.exe"" -EncodedCommand dwBoAG8AYQBtAGkA'
Product: Microsoft® Windows® Operating System
Company: Microsoft Corporation
ParentProcessId: 3476
ParentUser: DESKTOP-JC89B03\soc
LogonGuid: 50A489D6-8293-6A4A-4D93-060000000000
Hashes: MD5=A4A6924F3EAF97981323703D38FD99C4,SHA256=1D4902A04D99E8CCBFE7085E63155955FEE397449D386453F6C452AE407B8743,IMPHASH=7FF0758B766F747CE57DFAC70743FB88
ParentProcessGuid: 50A489D6-22C7-6A98-861F-000000000200
ProcessId: 7448
CurrentDirectory: C:\Windows\system32\
ProcessGuid: 50A489D6-22C8-6A98-871F-000000000200
CommandLine: '""C:\Windows\system32\whoami.exe""'
FileVersion: 10.0.19041.1 (WinBuild.160101.0800)
User: DESKTOP-JC89B03\soc
LogonId: '0x6934d'
IntegrityLevel: High
ParentImage: C:\Windows\System32\WindowsPowerShell\v1.0\powershell.exe
UtcTime: 2026-09-02 13:21:12.223
"
2026-09-02T13:21:36.671838+00:00,Direct Autorun Keys Modification;Potential Persistence Attempt Via Run Keys Using Reg.EXE,C:\logs\sysmon_20260919_043610.evtx,1,Microsoft-Windows-Sysmon,1,13277,DESKTOP-JC89B03,"Image: C:\Windows\System32\reg.exe
RuleName: '-'
Description: Registry Console Tool
OriginalFileName: reg.exe
TerminalSessionId: 1
ParentCommandLine: '""C:\Windows\System32\WindowsPowerShell\v1.0\powershell.exe"" '
Product: Microsoft® Windows® Operating System
Company: Microsoft Corporation
ParentProcessId: 452
ParentUser: DESKTOP-JC89B03\soc
LogonGuid: 50A489D6-8293-6A4A-4D93-060000000000
Hashes: MD5=227F63E1D9008B36BDBCC4B397780BE4,SHA256=C0E25B1F9B22DE445298C1E96DDFCEAD265CA030FA6626F61A4A4786CC4A3B7D,IMPHASH=BE482BE427FE212CFEF2CDA0E61F19AC
ParentProcessGuid: 50A489D6-DC3D-6A8D-6F12-000000000200
ProcessId: 8228
CurrentDirectory: C:\Windows\system32\
ProcessGuid: 50A489D6-22E0-6A98-881F-000000000200
CommandLine: '""C:\Windows\system32\reg.exe"" add HKCU\Software\Microsoft\Windows\CurrentVersion\Run /v TestPersist /t REG_SZ /d calc.exe /f'
FileVersion: 10.0.19041.1 (WinBuild.160101.0800)
User: DESKTOP-JC89B03\soc
LogonId: '0x6934d'
IntegrityLevel: High
ParentImage: C:\Windows\System32\WindowsPowerShell\v1.0\powershell.exe
UtcTime: 2026-09-02 13:21:36.656
"
2026-09-02T13:22:09.135239+00:00,VMToolsd Suspicious Child Process,C:\logs\sysmon_20260919_043610.evtx,1,Microsoft-Windows-Sysmon,1,13284,DESKTOP-JC89B03,"Image: C:\Windows\System32\cmd.exe
RuleName: '-'
Description: Windows Command Processor
OriginalFileName: Cmd.Exe
TerminalSessionId: 0
ParentCommandLine: '""C:\Program Files\VMware\VMware Tools\vmtoolsd.exe""'
Product: Microsoft® Windows® Operating System
Company: Microsoft Corporation
ParentProcessId: 3008
ParentUser: NT AUTHORITY\SYSTEM
LogonGuid: 50A489D6-2301-6A98-4A71-D60800000000
Hashes: MD5=CB6CD09F6A25744A8FA6E4B3E4D260C5,SHA256=265B69033CEA7A9F8214A34CD9B17912909AF46C7A47395DD7BB893A24507E59,IMPHASH=272245E2988E1E430500B852C4FB5E18
ParentProcessGuid: 50A489D6-826D-6A4A-4400-000000000200
ProcessId: 7912
CurrentDirectory: C:\Windows\system32\
ProcessGuid: 50A489D6-2301-6A98-8A1F-000000000200
CommandLine: '""C:\Windows\System32\cmd.exe"" ""/c"" ""exit"" '
FileVersion: 10.0.19041.3636 (WinBuild.160101.0800)
User: DESKTOP-JC89B03\soc
LogonId: '0x8d6714a'
IntegrityLevel: High
ParentImage: C:\Program Files\VMware\VMware Tools\vmtoolsd.exe
UtcTime: 2026-09-02 13:22:09.128
"
2026-09-02T13:23:41.392358+00:00,Scheduled Task Creation Via Schtasks.EXE;Suspicious Schtasks Schedule Types;Windows Shell/Scripting Processes Spawning Suspicious Programs,C:\logs\sysmon_20260919_043610.evtx,1,Microsoft-Windows-Sysmon,1,13298,DESKTOP-JC89B03,"Image: C:\Windows\System32\schtasks.exe
RuleName: '-'
Description: Task Scheduler Configuration Tool
OriginalFileName: schtasks.exe
TerminalSessionId: 1
ParentCommandLine: '""C:\Windows\System32\WindowsPowerShell\v1.0\powershell.exe"" '
Product: Microsoft® Windows® Operating System
Company: Microsoft Corporation
ParentProcessId: 452
ParentUser: DESKTOP-JC89B03\soc
LogonGuid: 50A489D6-8293-6A4A-4D93-060000000000
Hashes: MD5=D4DA03B7BB20B7E4F1B762A365D4DD4F,SHA256=9A80453518078BADF0679B0CF30F50A83163E5264A2665C6052CC27F168C50F2,IMPHASH=ECCE05491F2E8F279F4790BCB1318C05
ParentProcessGuid: 50A489D6-DC3D-6A8D-6F12-000000000200
ProcessId: 436
CurrentDirectory: C:\Windows\system32\
ProcessGuid: 50A489D6-235D-6A98-9A1F-000000000200
CommandLine: '""C:\Windows\system32\schtasks.exe"" /create /tn TestTask_Recon /tr ""cmd.exe /c calc.exe"" /sc onlogon /f'
FileVersion: 10.0.19041.3636 (WinBuild.160101.0800)
User: DESKTOP-JC89B03\soc
LogonId: '0x6934d'
IntegrityLevel: High
ParentImage: C:\Windows\System32\WindowsPowerShell\v1.0\powershell.exe
UtcTime: 2026-09-02 13:23:41.368
"
2026-09-02T13:23:50.180931+00:00,Non Interactive PowerShell Process Spawned;Suspicious Execution of Powershell with Base64,C:\logs\sysmon_20260919_043610.evtx,1,Microsoft-Windows-Sysmon,1,13300,DESKTOP-JC89B03,"Image: C:\Windows\System32\WindowsPowerShell\v1.0\powershell.exe
RuleName: '-'
Description: Windows PowerShell
OriginalFileName: PowerShell.EXE
TerminalSessionId: 1
ParentCommandLine: '""C:\Windows\System32\WindowsPowerShell\v1.0\powershell.exe"" '
Product: Microsoft® Windows® Operating System
Company: Microsoft Corporation
ParentProcessId: 452
ParentUser: DESKTOP-JC89B03\soc
LogonGuid: 50A489D6-8293-6A4A-4D93-060000000000
Hashes: MD5=6726185B70B5ADF05E8A1A1DF82EBF30,SHA256=64DD55E1C2373DEED25C2776F553C632E58C45E56A0E4639DFD54EE97EAB9C19,IMPHASH=E3007C8E0098D06ABF617EEE6F0C5ABD
ParentProcessGuid: 50A489D6-DC3D-6A8D-6F12-000000000200
ProcessId: 7924
CurrentDirectory: C:\Windows\system32\
ProcessGuid: 50A489D6-2366-6A98-9B1F-000000000200
CommandLine: '""C:\Windows\System32\WindowsPowerShell\v1.0\powershell.exe"" -EncodedCommand dwBoAG8AYQBtAGkA'
FileVersion: 10.0.19041.3636 (WinBuild.160101.0800)
User: DESKTOP-JC89B03\soc
LogonId: '0x6934d'
IntegrityLevel: High
ParentImage: C:\Windows\System32\WindowsPowerShell\v1.0\powershell.exe
UtcTime: 2026-09-02 13:23:50.174
"
2026-09-02T13:23:50.498932+00:00,Local Accounts Discovery,C:\logs\sysmon_20260919_043610.evtx,1,Microsoft-Windows-Sysmon,1,13302,DESKTOP-JC89B03,"Image: C:\Windows\System32\whoami.exe
RuleName: '-'
Description: whoami - displays logged on user information
OriginalFileName: whoami.exe
TerminalSessionId: 1
ParentCommandLine: '""C:\Windows\System32\WindowsPowerShell\v1.0\powershell.exe"" -EncodedCommand dwBoAG8AYQBtAGkA'
Product: Microsoft® Windows® Operating System
Company: Microsoft Corporation
ParentProcessId: 7924
ParentUser: DESKTOP-JC89B03\soc
LogonGuid: 50A489D6-8293-6A4A-4D93-060000000000
Hashes: MD5=A4A6924F3EAF97981323703D38FD99C4,SHA256=1D4902A04D99E8CCBFE7085E63155955FEE397449D386453F6C452AE407B8743,IMPHASH=7FF0758B766F747CE57DFAC70743FB88
ParentProcessGuid: 50A489D6-2366-6A98-9B1F-000000000200
ProcessId: 5920
CurrentDirectory: C:\Windows\system32\
ProcessGuid: 50A489D6-2366-6A98-9C1F-000000000200
CommandLine: '""C:\Windows\system32\whoami.exe""'
FileVersion: 10.0.19041.1 (WinBuild.160101.0800)
User: DESKTOP-JC89B03\soc
LogonId: '0x6934d'
IntegrityLevel: High
ParentImage: C:\Windows\System32\WindowsPowerShell\v1.0\powershell.exe
UtcTime: 2026-09-02 13:23:50.491
"
2026-09-02T13:24:10.336343+00:00,VMToolsd Suspicious Child Process,C:\logs\sysmon_20260919_043610.evtx,1,Microsoft-Windows-Sysmon,1,13305,DESKTOP-JC89B03,"Image: C:\Windows\System32\cmd.exe
RuleName: '-'
Description: Windows Command Processor
OriginalFileName: Cmd.Exe
TerminalSessionId: 0
ParentCommandLine: '""C:\Program Files\VMware\VMware Tools\vmtoolsd.exe""'
Product: Microsoft® Windows® Operating System
Company: Microsoft Corporation
ParentProcessId: 3008
ParentUser: NT AUTHORITY\SYSTEM
LogonGuid: 50A489D6-237A-6A98-4A2C-D70800000000
Hashes: MD5=CB6CD09F6A25744A8FA6E4B3E4D260C5,SHA256=265B69033CEA7A9F8214A34CD9B17912909AF46C7A47395DD7BB893A24507E59,IMPHASH=272245E2988E1E430500B852C4FB5E18
ParentProcessGuid: 50A489D6-826D-6A4A-4400-000000000200
ProcessId: 8868
CurrentDirectory: C:\Windows\system32\
ProcessGuid: 50A489D6-237A-6A98-9D1F-000000000200
CommandLine: '""C:\Windows\System32\cmd.exe"" ""/c"" ""exit"" '
FileVersion: 10.0.19041.3636 (WinBuild.160101.0800)
User: DESKTOP-JC89B03\soc
LogonId: '0x8d72c4a'
IntegrityLevel: High
ParentImage: C:\Program Files\VMware\VMware Tools\vmtoolsd.exe
UtcTime: 2026-09-02 13:24:10.331
"
2026-09-02T13:25:55.014630+00:00,New User Created Via Net.EXE,C:\logs\sysmon_20260919_043610.evtx,1,Microsoft-Windows-Sysmon,1,13323,DESKTOP-JC89B03,"Image: C:\Windows\System32\net.exe
RuleName: '-'
Description: Net Command
OriginalFileName: net.exe
TerminalSessionId: 1
ParentCommandLine: '""C:\Windows\System32\WindowsPowerShell\v1.0\powershell.exe"" '
Product: Microsoft® Windows® Operating System
Company: Microsoft Corporation
ParentProcessId: 452
ParentUser: DESKTOP-JC89B03\soc
LogonGuid: 50A489D6-8293-6A4A-4D93-060000000000
Hashes: MD5=0BD94A338EEA5A4E1F2830AE326E6D19,SHA256=9F376759BCBCD705F726460FC4A7E2B07F310F52BAA73CAAAAA124FDDBDF993E,IMPHASH=57F0C47AE2A1A2C06C8B987372AB0B07
ParentProcessGuid: 50A489D6-DC3D-6A8D-6F12-000000000200
ProcessId: 6648
CurrentDirectory: C:\Windows\system32\
ProcessGuid: 50A489D6-23E3-6A98-AD1F-000000000200
CommandLine: '""C:\Windows\system32\net.exe"" user reconTest Test123! /add'
FileVersion: 10.0.19041.1 (WinBuild.160101.0800)
User: DESKTOP-JC89B03\soc
LogonId: '0x6934d'
IntegrityLevel: High
ParentImage: C:\Windows\System32\WindowsPowerShell\v1.0\powershell.exe
UtcTime: 2026-09-02 13:25:55.004
"
2026-09-02T13:25:55.041656+00:00,New User Created Via Net.EXE,C:\logs\sysmon_20260919_043610.evtx,1,Microsoft-Windows-Sysmon,1,13324,DESKTOP-JC89B03,"Image: C:\Windows\System32\net1.exe
RuleName: '-'
Description: Net Command
OriginalFileName: net1.exe
TerminalSessionId: 1
ParentCommandLine: '""C:\Windows\system32\net.exe"" user reconTest Test123! /add'
Product: Microsoft® Windows® Operating System
Company: Microsoft Corporation
ParentProcessId: 6648
ParentUser: DESKTOP-JC89B03\soc
LogonGuid: 50A489D6-8293-6A4A-4D93-060000000000
Hashes: MD5=78E53D5AE8839C58FA40BEA32B775999,SHA256=E62071AA18768DD88ACAF97FA7B1F2FEC9FCCE89736C1EE9A800699328D196EA,IMPHASH=537AEF5B177E3302247DAB07A052B2D8
ParentProcessGuid: 50A489D6-23E3-6A98-AD1F-000000000200
ProcessId: 9272
CurrentDirectory: C:\Windows\system32\
ProcessGuid: 50A489D6-23E3-6A98-AE1F-000000000200
CommandLine: C:\Windows\system32\net1 user reconTest Test123! /add
FileVersion: 10.0.19041.3636 (WinBuild.160101.0800)
User: DESKTOP-JC89B03\soc
LogonId: '0x6934d'
IntegrityLevel: High
ParentImage: C:\Windows\System32\net.exe
UtcTime: 2026-09-02 13:25:55.033
"
2026-09-02T13:27:33.524188+00:00,VMToolsd Suspicious Child Process,C:\logs\sysmon_20260919_043610.evtx,1,Microsoft-Windows-Sysmon,1,13339,DESKTOP-JC89B03,"Image: C:\Windows\System32\cmd.exe
RuleName: '-'
Description: Windows Command Processor
OriginalFileName: Cmd.Exe
TerminalSessionId: 0
ParentCommandLine: '""C:\Program Files\VMware\VMware Tools\vmtoolsd.exe""'
Product: Microsoft® Windows® Operating System
Company: Microsoft Corporation
ParentProcessId: 3008
ParentUser: NT AUTHORITY\SYSTEM
LogonGuid: 50A489D6-2445-6A98-9CFD-D70800000000
Hashes: MD5=CB6CD09F6A25744A8FA6E4B3E4D260C5,SHA256=265B69033CEA7A9F8214A34CD9B17912909AF46C7A47395DD7BB893A24507E59,IMPHASH=272245E2988E1E430500B852C4FB5E18
ParentProcessGuid: 50A489D6-826D-6A4A-4400-000000000200
ProcessId: 10964
CurrentDirectory: C:\Windows\system32\
ProcessGuid: 50A489D6-2445-6A98-B31F-000000000200
CommandLine: '""C:\Windows\System32\cmd.exe"" ""/c"" ""exit"" '
FileVersion: 10.0.19041.3636 (WinBuild.160101.0800)
User: DESKTOP-JC89B03\soc
LogonId: '0x8d7fd9c'
IntegrityLevel: High
ParentImage: C:\Program Files\VMware\VMware Tools\vmtoolsd.exe
UtcTime: 2026-09-02 13:27:33.519
"
2026-09-02T13:28:39.283652+00:00,New User Created Via Net.EXE,C:\logs\sysmon_20260919_043610.evtx,1,Microsoft-Windows-Sysmon,1,13349,DESKTOP-JC89B03,"Image: C:\Windows\System32\net.exe
RuleName: '-'
Description: Net Command
OriginalFileName: net.exe
TerminalSessionId: 1
ParentCommandLine: '""C:\Windows\System32\WindowsPowerShell\v1.0\powershell.exe"" '
Product: Microsoft® Windows® Operating System
Company: Microsoft Corporation
ParentProcessId: 452
ParentUser: DESKTOP-JC89B03\soc
LogonGuid: 50A489D6-8293-6A4A-4D93-060000000000
Hashes: MD5=0BD94A338EEA5A4E1F2830AE326E6D19,SHA256=9F376759BCBCD705F726460FC4A7E2B07F310F52BAA73CAAAAA124FDDBDF993E,IMPHASH=57F0C47AE2A1A2C06C8B987372AB0B07
ParentProcessGuid: 50A489D6-DC3D-6A8D-6F12-000000000200
ProcessId: 4312
CurrentDirectory: C:\Windows\system32\
ProcessGuid: 50A489D6-2487-6A98-C11F-000000000200
CommandLine: '""C:\Windows\system32\net.exe"" user reconTest Test123! /add'
FileVersion: 10.0.19041.1 (WinBuild.160101.0800)
User: DESKTOP-JC89B03\soc
LogonId: '0x6934d'
IntegrityLevel: High
ParentImage: C:\Windows\System32\WindowsPowerShell\v1.0\powershell.exe
UtcTime: 2026-09-02 13:28:39.280
"
2026-09-02T13:28:39.315383+00:00,New User Created Via Net.EXE,C:\logs\sysmon_20260919_043610.evtx,1,Microsoft-Windows-Sysmon,1,13350,DESKTOP-JC89B03,"Image: C:\Windows\System32\net1.exe
RuleName: '-'
Description: Net Command
OriginalFileName: net1.exe
TerminalSessionId: 1
ParentCommandLine: '""C:\Windows\system32\net.exe"" user reconTest Test123! /add'
Product: Microsoft® Windows® Operating System
Company: Microsoft Corporation
ParentProcessId: 4312
ParentUser: DESKTOP-JC89B03\soc
LogonGuid: 50A489D6-8293-6A4A-4D93-060000000000
Hashes: MD5=78E53D5AE8839C58FA40BEA32B775999,SHA256=E62071AA18768DD88ACAF97FA7B1F2FEC9FCCE89736C1EE9A800699328D196EA,IMPHASH=537AEF5B177E3302247DAB07A052B2D8
ParentProcessGuid: 50A489D6-2487-6A98-C11F-000000000200
ProcessId: 4356
CurrentDirectory: C:\Windows\system32\
ProcessGuid: 50A489D6-2487-6A98-C21F-000000000200
CommandLine: C:\Windows\system32\net1 user reconTest Test123! /add
FileVersion: 10.0.19041.3636 (WinBuild.160101.0800)
User: DESKTOP-JC89B03\soc
LogonId: '0x6934d'
IntegrityLevel: High
ParentImage: C:\Windows\System32\net.exe
UtcTime: 2026-09-02 13:28:39.308
"
2026-09-02T13:29:26.885007+00:00,VMToolsd Suspicious Child Process,C:\logs\sysmon_20260919_043610.evtx,1,Microsoft-Windows-Sysmon,1,13357,DESKTOP-JC89B03,"Image: C:\Windows\System32\cmd.exe
RuleName: '-'
Description: Windows Command Processor
OriginalFileName: Cmd.Exe
TerminalSessionId: 0
ParentCommandLine: '""C:\Program Files\VMware\VMware Tools\vmtoolsd.exe""'
Product: Microsoft® Windows® Operating System
Company: Microsoft Corporation
ParentProcessId: 3008
ParentUser: NT AUTHORITY\SYSTEM
LogonGuid: 50A489D6-24B6-6A98-A59A-D80800000000
Hashes: MD5=CB6CD09F6A25744A8FA6E4B3E4D260C5,SHA256=265B69033CEA7A9F8214A34CD9B17912909AF46C7A47395DD7BB893A24507E59,IMPHASH=272245E2988E1E430500B852C4FB5E18
ParentProcessGuid: 50A489D6-826D-6A4A-4400-000000000200
ProcessId: 8164
CurrentDirectory: C:\Windows\system32\
ProcessGuid: 50A489D6-24B6-6A98-C71F-000000000200
CommandLine: '""C:\Windows\System32\cmd.exe"" ""/c"" ""exit"" '
FileVersion: 10.0.19041.3636 (WinBuild.160101.0800)
User: DESKTOP-JC89B03\soc
LogonId: '0x8d89aa5'
IntegrityLevel: High
ParentImage: C:\Program Files\VMware\VMware Tools\vmtoolsd.exe
UtcTime: 2026-09-02 13:29:26.879
"
2026-09-02T13:30:48.383894+00:00,VMToolsd Suspicious Child Process,C:\logs\sysmon_20260919_043610.evtx,1,Microsoft-Windows-Sysmon,1,13367,DESKTOP-JC89B03,"Image: C:\Windows\System32\cmd.exe
RuleName: '-'
Description: Windows Command Processor
OriginalFileName: Cmd.Exe
TerminalSessionId: 0
ParentCommandLine: '""C:\Program Files\VMware\VMware Tools\vmtoolsd.exe""'
Product: Microsoft® Windows® Operating System
Company: Microsoft Corporation
ParentProcessId: 3008
ParentUser: NT AUTHORITY\SYSTEM
LogonGuid: 50A489D6-2508-6A98-C511-D90800000000
Hashes: MD5=CB6CD09F6A25744A8FA6E4B3E4D260C5,SHA256=265B69033CEA7A9F8214A34CD9B17912909AF46C7A47395DD7BB893A24507E59,IMPHASH=272245E2988E1E430500B852C4FB5E18
ParentProcessGuid: 50A489D6-826D-6A4A-4400-000000000200
ProcessId: 8204
CurrentDirectory: C:\Windows\system32\
ProcessGuid: 50A489D6-2508-6A98-D51F-000000000200
CommandLine: '""C:\Windows\System32\cmd.exe"" ""/c"" ""exit"" '
FileVersion: 10.0.19041.3636 (WinBuild.160101.0800)
User: DESKTOP-JC89B03\soc
LogonId: '0x8d911c5'
IntegrityLevel: High
ParentImage: C:\Program Files\VMware\VMware Tools\vmtoolsd.exe
UtcTime: 2026-09-02 13:30:48.377
"
2026-09-02T13:46:17.435603+00:00,VMToolsd Suspicious Child Process,C:\logs\sysmon_20260919_043610.evtx,1,Microsoft-Windows-Sysmon,1,13441,DESKTOP-JC89B03,"Image: C:\Windows\System32\cmd.exe
RuleName: '-'
Description: Windows Command Processor
OriginalFileName: Cmd.Exe
TerminalSessionId: 0
ParentCommandLine: '""C:\Program Files\VMware\VMware Tools\vmtoolsd.exe""'
Product: Microsoft® Windows® Operating System
Company: Microsoft Corporation
ParentProcessId: 3008
ParentUser: NT AUTHORITY\SYSTEM
LogonGuid: 50A489D6-28A9-6A98-3BAF-DD0800000000
Hashes: MD5=CB6CD09F6A25744A8FA6E4B3E4D260C5,SHA256=265B69033CEA7A9F8214A34CD9B17912909AF46C7A47395DD7BB893A24507E59,IMPHASH=272245E2988E1E430500B852C4FB5E18
ParentProcessGuid: 50A489D6-826D-6A4A-4400-000000000200
ProcessId: 7408
CurrentDirectory: C:\Windows\system32\
ProcessGuid: 50A489D6-28A9-6A98-EF1F-000000000200
CommandLine: '""C:\Windows\System32\cmd.exe"" ""/c"" ""exit"" '
FileVersion: 10.0.19041.3636 (WinBuild.160101.0800)
User: DESKTOP-JC89B03\soc
LogonId: '0x8ddaf3b'
IntegrityLevel: High
ParentImage: C:\Program Files\VMware\VMware Tools\vmtoolsd.exe
UtcTime: 2026-09-02 13:46:17.428
"
2026-09-02T13:46:35.945761+00:00,VMToolsd Suspicious Child Process,C:\logs\sysmon_20260919_043610.evtx,1,Microsoft-Windows-Sysmon,1,13447,DESKTOP-JC89B03,"Image: C:\Windows\System32\cmd.exe
RuleName: '-'
Description: Windows Command Processor
OriginalFileName: Cmd.Exe
TerminalSessionId: 0
ParentCommandLine: '""C:\Program Files\VMware\VMware Tools\vmtoolsd.exe""'
Product: Microsoft® Windows® Operating System
Company: Microsoft Corporation
ParentProcessId: 3008
ParentUser: NT AUTHORITY\SYSTEM
LogonGuid: 50A489D6-28BB-6A98-08EF-DD0800000000
Hashes: MD5=CB6CD09F6A25744A8FA6E4B3E4D260C5,SHA256=265B69033CEA7A9F8214A34CD9B17912909AF46C7A47395DD7BB893A24507E59,IMPHASH=272245E2988E1E430500B852C4FB5E18
ParentProcessGuid: 50A489D6-826D-6A4A-4400-000000000200
ProcessId: 2240
CurrentDirectory: C:\Windows\system32\
ProcessGuid: 50A489D6-28BB-6A98-F91F-000000000200
CommandLine: '""C:\Windows\System32\cmd.exe"" ""/c"" ""exit"" '
FileVersion: 10.0.19041.3636 (WinBuild.160101.0800)
User: DESKTOP-JC89B03\soc
LogonId: '0x8ddef08'
IntegrityLevel: High
ParentImage: C:\Program Files\VMware\VMware Tools\vmtoolsd.exe
UtcTime: 2026-09-02 13:46:35.940
"
2026-09-02T13:49:07.126147+00:00,New User Created Via Net.EXE,C:\logs\sysmon_20260919_043610.evtx,1,Microsoft-Windows-Sysmon,1,13473,DESKTOP-JC89B03,"Image: C:\Windows\System32\net.exe
RuleName: '-'
Description: Net Command
OriginalFileName: net.exe
TerminalSessionId: 1
ParentCommandLine: '""C:\Windows\System32\WindowsPowerShell\v1.0\powershell.exe"" '
Product: Microsoft® Windows® Operating System
Company: Microsoft Corporation
ParentProcessId: 452
ParentUser: DESKTOP-JC89B03\soc
LogonGuid: 50A489D6-8293-6A4A-4D93-060000000000
Hashes: MD5=0BD94A338EEA5A4E1F2830AE326E6D19,SHA256=9F376759BCBCD705F726460FC4A7E2B07F310F52BAA73CAAAAA124FDDBDF993E,IMPHASH=57F0C47AE2A1A2C06C8B987372AB0B07
ParentProcessGuid: 50A489D6-DC3D-6A8D-6F12-000000000200
ProcessId: 2076
CurrentDirectory: C:\Windows\system32\
ProcessGuid: 50A489D6-2953-6A98-0C20-000000000200
CommandLine: '""C:\Windows\system32\net.exe"" user reconTest Test123! /add'
FileVersion: 10.0.19041.1 (WinBuild.160101.0800)
User: DESKTOP-JC89B03\soc
LogonId: '0x6934d'
IntegrityLevel: High
ParentImage: C:\Windows\System32\WindowsPowerShell\v1.0\powershell.exe
UtcTime: 2026-09-02 13:49:07.121
"
2026-09-02T13:49:07.152677+00:00,New User Created Via Net.EXE,C:\logs\sysmon_20260919_043610.evtx,1,Microsoft-Windows-Sysmon,1,13474,DESKTOP-JC89B03,"Image: C:\Windows\System32\net1.exe
RuleName: '-'
Description: Net Command
OriginalFileName: net1.exe
TerminalSessionId: 1
ParentCommandLine: '""C:\Windows\system32\net.exe"" user reconTest Test123! /add'
Product: Microsoft® Windows® Operating System
Company: Microsoft Corporation
ParentProcessId: 2076
ParentUser: DESKTOP-JC89B03\soc
LogonGuid: 50A489D6-8293-6A4A-4D93-060000000000
Hashes: MD5=78E53D5AE8839C58FA40BEA32B775999,SHA256=E62071AA18768DD88ACAF97FA7B1F2FEC9FCCE89736C1EE9A800699328D196EA,IMPHASH=537AEF5B177E3302247DAB07A052B2D8
ParentProcessGuid: 50A489D6-2953-6A98-0C20-000000000200
ProcessId: 10924
CurrentDirectory: C:\Windows\system32\
ProcessGuid: 50A489D6-2953-6A98-0D20-000000000200
CommandLine: C:\Windows\system32\net1 user reconTest Test123! /add
FileVersion: 10.0.19041.3636 (WinBuild.160101.0800)
User: DESKTOP-JC89B03\soc
LogonId: '0x6934d'
IntegrityLevel: High
ParentImage: C:\Windows\System32\net.exe
UtcTime: 2026-09-02 13:49:07.146
"
2026-09-02T13:49:56.014080+00:00,VMToolsd Suspicious Child Process,C:\logs\sysmon_20260919_043610.evtx,1,Microsoft-Windows-Sysmon,1,13480,DESKTOP-JC89B03,"Image: C:\Windows\System32\cmd.exe
RuleName: '-'
Description: Windows Command Processor
OriginalFileName: Cmd.Exe
TerminalSessionId: 0
ParentCommandLine: '""C:\Program Files\VMware\VMware Tools\vmtoolsd.exe""'
Product: Microsoft® Windows® Operating System
Company: Microsoft Corporation
ParentProcessId: 3008
ParentUser: NT AUTHORITY\SYSTEM
LogonGuid: 50A489D6-2983-6A98-C9D2-DE0800000000
Hashes: MD5=CB6CD09F6A25744A8FA6E4B3E4D260C5,SHA256=265B69033CEA7A9F8214A34CD9B17912909AF46C7A47395DD7BB893A24507E59,IMPHASH=272245E2988E1E430500B852C4FB5E18
ParentProcessGuid: 50A489D6-826D-6A4A-4400-000000000200
ProcessId: 2696
CurrentDirectory: C:\Windows\system32\
ProcessGuid: 50A489D6-2984-6A98-1120-000000000200
CommandLine: '""C:\Windows\System32\cmd.exe"" ""/c"" ""exit"" '
FileVersion: 10.0.19041.3636 (WinBuild.160101.0800)
User: DESKTOP-JC89B03\soc
LogonId: '0x8ded2c9'
IntegrityLevel: High
ParentImage: C:\Program Files\VMware\VMware Tools\vmtoolsd.exe
UtcTime: 2026-09-02 13:49:56.007
"
2026-09-02T14:01:47.024870+00:00,VMToolsd Suspicious Child Process,C:\logs\sysmon_20260919_043610.evtx,1,Microsoft-Windows-Sysmon,1,13530,DESKTOP-JC89B03,"Image: C:\Windows\System32\cmd.exe
RuleName: '-'
Description: Windows Command Processor
OriginalFileName: Cmd.Exe
TerminalSessionId: 0
ParentCommandLine: '""C:\Program Files\VMware\VMware Tools\vmtoolsd.exe""'
Product: Microsoft® Windows® Operating System
Company: Microsoft Corporation
ParentProcessId: 3008
ParentUser: NT AUTHORITY\SYSTEM
LogonGuid: 50A489D6-2C4A-6A98-1101-E20800000000
Hashes: MD5=CB6CD09F6A25744A8FA6E4B3E4D260C5,SHA256=265B69033CEA7A9F8214A34CD9B17912909AF46C7A47395DD7BB893A24507E59,IMPHASH=272245E2988E1E430500B852C4FB5E18
ParentProcessGuid: 50A489D6-826D-6A4A-4400-000000000200
ProcessId: 11248
CurrentDirectory: C:\Windows\system32\
ProcessGuid: 50A489D6-2C4B-6A98-2A20-000000000200
CommandLine: '""C:\Windows\System32\cmd.exe"" ""/c"" ""exit"" '
FileVersion: 10.0.19041.3636 (WinBuild.160101.0800)
User: DESKTOP-JC89B03\soc
LogonId: '0x8e20111'
IntegrityLevel: High
ParentImage: C:\Program Files\VMware\VMware Tools\vmtoolsd.exe
UtcTime: 2026-09-02 14:01:47.018
"
2026-09-02T14:17:15.353090+00:00,VMToolsd Suspicious Child Process,C:\logs\sysmon_20260919_043610.evtx,1,Microsoft-Windows-Sysmon,1,13597,DESKTOP-JC89B03,"Image: C:\Windows\System32\cmd.exe
RuleName: '-'
Description: Windows Command Processor
OriginalFileName: Cmd.Exe
TerminalSessionId: 0
ParentCommandLine: '""C:\Program Files\VMware\VMware Tools\vmtoolsd.exe""'
Product: Microsoft® Windows® Operating System
Company: Microsoft Corporation
ParentProcessId: 3008
ParentUser: NT AUTHORITY\SYSTEM
LogonGuid: 50A489D6-2FEB-6A98-87C0-E30800000000
Hashes: MD5=CB6CD09F6A25744A8FA6E4B3E4D260C5,SHA256=265B69033CEA7A9F8214A34CD9B17912909AF46C7A47395DD7BB893A24507E59,IMPHASH=272245E2988E1E430500B852C4FB5E18
ParentProcessGuid: 50A489D6-826D-6A4A-4400-000000000200
ProcessId: 10852
CurrentDirectory: C:\Windows\system32\
ProcessGuid: 50A489D6-2FEB-6A98-3E20-000000000200
CommandLine: '""C:\Windows\System32\cmd.exe"" ""/c"" ""exit"" '
FileVersion: 10.0.19041.3636 (WinBuild.160101.0800)
User: DESKTOP-JC89B03\soc
LogonId: '0x8e3c087'
IntegrityLevel: High
ParentImage: C:\Program Files\VMware\VMware Tools\vmtoolsd.exe
UtcTime: 2026-09-02 14:17:15.346
"
2026-09-02T14:33:09.496394+00:00,VMToolsd Suspicious Child Process,C:\logs\sysmon_20260919_043610.evtx,1,Microsoft-Windows-Sysmon,1,13618,DESKTOP-JC89B03,"Image: C:\Windows\System32\cmd.exe
RuleName: '-'
Description: Windows Command Processor
OriginalFileName: Cmd.Exe
TerminalSessionId: 0
ParentCommandLine: '""C:\Program Files\VMware\VMware Tools\vmtoolsd.exe""'
Product: Microsoft® Windows® Operating System
Company: Microsoft Corporation
ParentProcessId: 3008
ParentUser: NT AUTHORITY\SYSTEM
LogonGuid: 50A489D6-33A4-6A98-0AC1-E40800000000
Hashes: MD5=CB6CD09F6A25744A8FA6E4B3E4D260C5,SHA256=265B69033CEA7A9F8214A34CD9B17912909AF46C7A47395DD7BB893A24507E59,IMPHASH=272245E2988E1E430500B852C4FB5E18
ParentProcessGuid: 50A489D6-826D-6A4A-4400-000000000200
ProcessId: 2192
CurrentDirectory: C:\Windows\system32\
ProcessGuid: 50A489D6-33A5-6A98-5420-000000000200
CommandLine: '""C:\Windows\System32\cmd.exe"" ""/c"" ""exit"" '
FileVersion: 10.0.19041.3636 (WinBuild.160101.0800)
User: DESKTOP-JC89B03\soc
LogonId: '0x8e4c10a'
IntegrityLevel: High
ParentImage: C:\Program Files\VMware\VMware Tools\vmtoolsd.exe
UtcTime: 2026-09-02 14:33:09.405
"
2026-09-02T14:48:41.557895+00:00,VMToolsd Suspicious Child Process,C:\logs\sysmon_20260919_043610.evtx,1,Microsoft-Windows-Sysmon,1,13741,DESKTOP-JC89B03,"Image: C:\Windows\System32\cmd.exe
RuleName: '-'
Description: Windows Command Processor
OriginalFileName: Cmd.Exe
TerminalSessionId: 0
ParentCommandLine: '""C:\Program Files\VMware\VMware Tools\vmtoolsd.exe""'
Product: Microsoft® Windows® Operating System
Company: Microsoft Corporation
ParentProcessId: 3008
ParentUser: NT AUTHORITY\SYSTEM
LogonGuid: 50A489D6-3749-6A98-2944-EC0800000000
Hashes: MD5=CB6CD09F6A25744A8FA6E4B3E4D260C5,SHA256=265B69033CEA7A9F8214A34CD9B17912909AF46C7A47395DD7BB893A24507E59,IMPHASH=272245E2988E1E430500B852C4FB5E18
ParentProcessGuid: 50A489D6-826D-6A4A-4400-000000000200
ProcessId: 5876
CurrentDirectory: C:\Windows\system32\
ProcessGuid: 50A489D6-3749-6A98-9A20-000000000200
CommandLine: '""C:\Windows\System32\cmd.exe"" ""/c"" ""exit"" '
FileVersion: 10.0.19041.3636 (WinBuild.160101.0800)
User: DESKTOP-JC89B03\soc
LogonId: '0x8ec4429'
IntegrityLevel: High
ParentImage: C:\Program Files\VMware\VMware Tools\vmtoolsd.exe
UtcTime: 2026-09-02 14:48:41.552
"
2026-09-02T15:04:08.917185+00:00,VMToolsd Suspicious Child Process,C:\logs\sysmon_20260919_043610.evtx,1,Microsoft-Windows-Sysmon,1,13843,DESKTOP-JC89B03,"Image: C:\Windows\System32\cmd.exe
RuleName: '-'
Description: Windows Command Processor
OriginalFileName: Cmd.Exe
TerminalSessionId: 0
ParentCommandLine: '""C:\Program Files\VMware\VMware Tools\vmtoolsd.exe""'
Product: Microsoft® Windows® Operating System
Company: Microsoft Corporation
ParentProcessId: 3008
ParentUser: NT AUTHORITY\SYSTEM
LogonGuid: 50A489D6-3AE8-6A98-FCA7-EF0800000000
Hashes: MD5=CB6CD09F6A25744A8FA6E4B3E4D260C5,SHA256=265B69033CEA7A9F8214A34CD9B17912909AF46C7A47395DD7BB893A24507E59,IMPHASH=272245E2988E1E430500B852C4FB5E18
ParentProcessGuid: 50A489D6-826D-6A4A-4400-000000000200
ProcessId: 5084
CurrentDirectory: C:\Windows\system32\
ProcessGuid: 50A489D6-3AE8-6A98-BA20-000000000200
CommandLine: '""C:\Windows\System32\cmd.exe"" ""/c"" ""exit"" '
FileVersion: 10.0.19041.3636 (WinBuild.160101.0800)
User: DESKTOP-JC89B03\soc
LogonId: '0x8efa7fc'
IntegrityLevel: High
ParentImage: C:\Program Files\VMware\VMware Tools\vmtoolsd.exe
UtcTime: 2026-09-02 15:04:08.910
"
2026-09-02T15:19:36.805993+00:00,VMToolsd Suspicious Child Process,C:\logs\sysmon_20260919_043610.evtx,1,Microsoft-Windows-Sysmon,1,13913,DESKTOP-JC89B03,"Image: C:\Windows\System32\cmd.exe
RuleName: '-'
Description: Windows Command Processor
OriginalFileName: Cmd.Exe
TerminalSessionId: 0
ParentCommandLine: '""C:\Program Files\VMware\VMware Tools\vmtoolsd.exe""'
Product: Microsoft® Windows® Operating System
Company: Microsoft Corporation
ParentProcessId: 3008
ParentUser: NT AUTHORITY\SYSTEM
LogonGuid: 50A489D6-3E88-6A98-5E4B-F10800000000
Hashes: MD5=CB6CD09F6A25744A8FA6E4B3E4D260C5,SHA256=265B69033CEA7A9F8214A34CD9B17912909AF46C7A47395DD7BB893A24507E59,IMPHASH=272245E2988E1E430500B852C4FB5E18
ParentProcessGuid: 50A489D6-826D-6A4A-4400-000000000200
ProcessId: 7432
CurrentDirectory: C:\Windows\system32\
ProcessGuid: 50A489D6-3E88-6A98-CB20-000000000200
CommandLine: '""C:\Windows\System32\cmd.exe"" ""/c"" ""exit"" '
FileVersion: 10.0.19041.3636 (WinBuild.160101.0800)
User: DESKTOP-JC89B03\soc
LogonId: '0x8f14b5e'
IntegrityLevel: High
ParentImage: C:\Program Files\VMware\VMware Tools\vmtoolsd.exe
UtcTime: 2026-09-02 15:19:36.799
"
2026-09-02T15:35:04.776404+00:00,VMToolsd Suspicious Child Process,C:\logs\sysmon_20260919_043610.evtx,1,Microsoft-Windows-Sysmon,1,13974,DESKTOP-JC89B03,"Image: C:\Windows\System32\cmd.exe
RuleName: '-'
Description: Windows Command Processor
OriginalFileName: Cmd.Exe
TerminalSessionId: 0
ParentCommandLine: '""C:\Program Files\VMware\VMware Tools\vmtoolsd.exe""'
Product: Microsoft® Windows® Operating System
Company: Microsoft Corporation
ParentProcessId: 3008
ParentUser: NT AUTHORITY\SYSTEM
LogonGuid: 50A489D6-4228-6A98-8EE7-F20800000000
Hashes: MD5=CB6CD09F6A25744A8FA6E4B3E4D260C5,SHA256=265B69033CEA7A9F8214A34CD9B17912909AF46C7A47395DD7BB893A24507E59,IMPHASH=272245E2988E1E430500B852C4FB5E18
ParentProcessGuid: 50A489D6-826D-6A4A-4400-000000000200
ProcessId: 4120
CurrentDirectory: C:\Windows\system32\
ProcessGuid: 50A489D6-4228-6A98-DC20-000000000200
CommandLine: '""C:\Windows\System32\cmd.exe"" ""/c"" ""exit"" '
FileVersion: 10.0.19041.3636 (WinBuild.160101.0800)
User: DESKTOP-JC89B03\soc
LogonId: '0x8f2e78e'
IntegrityLevel: High
ParentImage: C:\Program Files\VMware\VMware Tools\vmtoolsd.exe
UtcTime: 2026-09-02 15:35:04.770
"
2026-09-02T15:50:32.687919+00:00,VMToolsd Suspicious Child Process,C:\logs\sysmon_20260919_043610.evtx,1,Microsoft-Windows-Sysmon,1,14027,DESKTOP-JC89B03,"Image: C:\Windows\System32\cmd.exe
RuleName: '-'
Description: Windows Command Processor
OriginalFileName: Cmd.Exe
TerminalSessionId: 0
ParentCommandLine: '""C:\Program Files\VMware\VMware Tools\vmtoolsd.exe""'
Product: Microsoft® Windows® Operating System
Company: Microsoft Corporation
ParentProcessId: 3008
ParentUser: NT AUTHORITY\SYSTEM
LogonGuid: 50A489D6-45C8-6A98-7B82-F40800000000
Hashes: MD5=CB6CD09F6A25744A8FA6E4B3E4D260C5,SHA256=265B69033CEA7A9F8214A34CD9B17912909AF46C7A47395DD7BB893A24507E59,IMPHASH=272245E2988E1E430500B852C4FB5E18
ParentProcessGuid: 50A489D6-826D-6A4A-4400-000000000200
ProcessId: 3860
CurrentDirectory: C:\Windows\system32\
ProcessGuid: 50A489D6-45C8-6A98-EC20-000000000200
CommandLine: '""C:\Windows\System32\cmd.exe"" ""/c"" ""exit"" '
FileVersion: 10.0.19041.3636 (WinBuild.160101.0800)
User: DESKTOP-JC89B03\soc
LogonId: '0x8f4827b'
IntegrityLevel: High
ParentImage: C:\Program Files\VMware\VMware Tools\vmtoolsd.exe
UtcTime: 2026-09-02 15:50:32.682
"
2026-09-02T16:06:00.869735+00:00,VMToolsd Suspicious Child Process,C:\logs\sysmon_20260919_043610.evtx,1,Microsoft-Windows-Sysmon,1,14082,DESKTOP-JC89B03,"Image: C:\Windows\System32\cmd.exe
RuleName: '-'
Description: Windows Command Processor
OriginalFileName: Cmd.Exe
TerminalSessionId: 0
ParentCommandLine: '""C:\Program Files\VMware\VMware Tools\vmtoolsd.exe""'
Product: Microsoft® Windows® Operating System
Company: Microsoft Corporation
ParentProcessId: 3008
ParentUser: NT AUTHORITY\SYSTEM
LogonGuid: 50A489D6-4968-6A98-391E-F60800000000
Hashes: MD5=CB6CD09F6A25744A8FA6E4B3E4D260C5,SHA256=265B69033CEA7A9F8214A34CD9B17912909AF46C7A47395DD7BB893A24507E59,IMPHASH=272245E2988E1E430500B852C4FB5E18
ParentProcessGuid: 50A489D6-826D-6A4A-4400-000000000200
ProcessId: 3876
CurrentDirectory: C:\Windows\system32\
ProcessGuid: 50A489D6-4968-6A98-FE20-000000000200
CommandLine: '""C:\Windows\System32\cmd.exe"" ""/c"" ""exit"" '
FileVersion: 10.0.19041.3636 (WinBuild.160101.0800)
User: DESKTOP-JC89B03\soc
LogonId: '0x8f61e39'
IntegrityLevel: High
ParentImage: C:\Program Files\VMware\VMware Tools\vmtoolsd.exe
UtcTime: 2026-09-02 16:06:00.863
"
2026-09-02T16:21:27.903341+00:00,VMToolsd Suspicious Child Process,C:\logs\sysmon_20260919_043610.evtx,1,Microsoft-Windows-Sysmon,1,14132,DESKTOP-JC89B03,"Image: C:\Windows\System32\cmd.exe
RuleName: '-'
Description: Windows Command Processor
OriginalFileName: Cmd.Exe
TerminalSessionId: 0
ParentCommandLine: '""C:\Program Files\VMware\VMware Tools\vmtoolsd.exe""'
Product: Microsoft® Windows® Operating System
Company: Microsoft Corporation
ParentProcessId: 3008
ParentUser: NT AUTHORITY\SYSTEM
LogonGuid: 50A489D6-4D07-6A98-87B3-F70800000000
Hashes: MD5=CB6CD09F6A25744A8FA6E4B3E4D260C5,SHA256=265B69033CEA7A9F8214A34CD9B17912909AF46C7A47395DD7BB893A24507E59,IMPHASH=272245E2988E1E430500B852C4FB5E18
ParentProcessGuid: 50A489D6-826D-6A4A-4400-000000000200
ProcessId: 6496
CurrentDirectory: C:\Windows\system32\
ProcessGuid: 50A489D6-4D07-6A98-0F21-000000000200
CommandLine: '""C:\Windows\System32\cmd.exe"" ""/c"" ""exit"" '
FileVersion: 10.0.19041.3636 (WinBuild.160101.0800)
User: DESKTOP-JC89B03\soc
LogonId: '0x8f7b387'
IntegrityLevel: High
ParentImage: C:\Program Files\VMware\VMware Tools\vmtoolsd.exe
UtcTime: 2026-09-02 16:21:27.897
"
2026-09-02T16:36:55.041269+00:00,VMToolsd Suspicious Child Process,C:\logs\sysmon_20260919_043610.evtx,1,Microsoft-Windows-Sysmon,1,14190,DESKTOP-JC89B03,"Image: C:\Windows\System32\cmd.exe
RuleName: '-'
Description: Windows Command Processor
OriginalFileName: Cmd.Exe
TerminalSessionId: 0
ParentCommandLine: '""C:\Program Files\VMware\VMware Tools\vmtoolsd.exe""'
Product: Microsoft® Windows® Operating System
Company: Microsoft Corporation
ParentProcessId: 3008
ParentUser: NT AUTHORITY\SYSTEM
LogonGuid: 50A489D6-50A7-6A98-B350-F90800000000
Hashes: MD5=CB6CD09F6A25744A8FA6E4B3E4D260C5,SHA256=265B69033CEA7A9F8214A34CD9B17912909AF46C7A47395DD7BB893A24507E59,IMPHASH=272245E2988E1E430500B852C4FB5E18
ParentProcessGuid: 50A489D6-826D-6A4A-4400-000000000200
ProcessId: 8744
CurrentDirectory: C:\Windows\system32\
ProcessGuid: 50A489D6-50A7-6A98-2021-000000000200
CommandLine: '""C:\Windows\System32\cmd.exe"" ""/c"" ""exit"" '
FileVersion: 10.0.19041.3636 (WinBuild.160101.0800)
User: DESKTOP-JC89B03\soc
LogonId: '0x8f950b3'
IntegrityLevel: High
ParentImage: C:\Program Files\VMware\VMware Tools\vmtoolsd.exe
UtcTime: 2026-09-02 16:36:55.035
"
2026-09-02T16:52:23.166175+00:00,VMToolsd Suspicious Child Process,C:\logs\sysmon_20260919_043610.evtx,1,Microsoft-Windows-Sysmon,1,14241,DESKTOP-JC89B03,"Image: C:\Windows\System32\cmd.exe
RuleName: '-'
Description: Windows Command Processor
OriginalFileName: Cmd.Exe
TerminalSessionId: 0
ParentCommandLine: '""C:\Program Files\VMware\VMware Tools\vmtoolsd.exe""'
Product: Microsoft® Windows® Operating System
Company: Microsoft Corporation
ParentProcessId: 3008
ParentUser: NT AUTHORITY\SYSTEM
LogonGuid: 50A489D6-5447-6A98-EBE6-FA0800000000
Hashes: MD5=CB6CD09F6A25744A8FA6E4B3E4D260C5,SHA256=265B69033CEA7A9F8214A34CD9B17912909AF46C7A47395DD7BB893A24507E59,IMPHASH=272245E2988E1E430500B852C4FB5E18
ParentProcessGuid: 50A489D6-826D-6A4A-4400-000000000200
ProcessId: 1356
CurrentDirectory: C:\Windows\system32\
ProcessGuid: 50A489D6-5447-6A98-3021-000000000200
CommandLine: '""C:\Windows\System32\cmd.exe"" ""/c"" ""exit"" '
FileVersion: 10.0.19041.3636 (WinBuild.160101.0800)
User: DESKTOP-JC89B03\soc
LogonId: '0x8fae6eb'
IntegrityLevel: High
ParentImage: C:\Program Files\VMware\VMware Tools\vmtoolsd.exe
UtcTime: 2026-09-02 16:52:23.160
"
2026-09-02T17:07:50.045322+00:00,VMToolsd Suspicious Child Process,C:\logs\sysmon_20260919_043610.evtx,1,Microsoft-Windows-Sysmon,1,14294,DESKTOP-JC89B03,"Image: C:\Windows\System32\cmd.exe
RuleName: '-'
Description: Windows Command Processor
OriginalFileName: Cmd.Exe
TerminalSessionId: 0
ParentCommandLine: '""C:\Program Files\VMware\VMware Tools\vmtoolsd.exe""'
Product: Microsoft® Windows® Operating System
Company: Microsoft Corporation
ParentProcessId: 3008
ParentUser: NT AUTHORITY\SYSTEM
LogonGuid: 50A489D6-57E6-6A98-26C5-FC0800000000
Hashes: MD5=CB6CD09F6A25744A8FA6E4B3E4D260C5,SHA256=265B69033CEA7A9F8214A34CD9B17912909AF46C7A47395DD7BB893A24507E59,IMPHASH=272245E2988E1E430500B852C4FB5E18
ParentProcessGuid: 50A489D6-826D-6A4A-4400-000000000200
ProcessId: 5036
CurrentDirectory: C:\Windows\system32\
ProcessGuid: 50A489D6-57E6-6A98-4421-000000000200
CommandLine: '""C:\Windows\System32\cmd.exe"" ""/c"" ""exit"" '
FileVersion: 10.0.19041.3636 (WinBuild.160101.0800)
User: DESKTOP-JC89B03\soc
LogonId: '0x8fcc526'
IntegrityLevel: High
ParentImage: C:\Program Files\VMware\VMware Tools\vmtoolsd.exe
UtcTime: 2026-09-02 17:07:50.037
"
2026-09-02T17:23:17.025016+00:00,VMToolsd Suspicious Child Process,C:\logs\sysmon_20260919_043610.evtx,1,Microsoft-Windows-Sysmon,1,14345,DESKTOP-JC89B03,"Image: C:\Windows\System32\cmd.exe
RuleName: '-'
Description: Windows Command Processor
OriginalFileName: Cmd.Exe
TerminalSessionId: 0
ParentCommandLine: '""C:\Program Files\VMware\VMware Tools\vmtoolsd.exe""'
Product: Microsoft® Windows® Operating System
Company: Microsoft Corporation
ParentProcessId: 3008
ParentUser: NT AUTHORITY\SYSTEM
LogonGuid: 50A489D6-5B84-6A98-7258-FE0800000000
Hashes: MD5=CB6CD09F6A25744A8FA6E4B3E4D260C5,SHA256=265B69033CEA7A9F8214A34CD9B17912909AF46C7A47395DD7BB893A24507E59,IMPHASH=272245E2988E1E430500B852C4FB5E18
ParentProcessGuid: 50A489D6-826D-6A4A-4400-000000000200
ProcessId: 7996
CurrentDirectory: C:\Windows\system32\
ProcessGuid: 50A489D6-5B85-6A98-5521-000000000200
CommandLine: '""C:\Windows\System32\cmd.exe"" ""/c"" ""exit"" '
FileVersion: 10.0.19041.3636 (WinBuild.160101.0800)
User: DESKTOP-JC89B03\soc
LogonId: '0x8fe5872'
IntegrityLevel: High
ParentImage: C:\Program Files\VMware\VMware Tools\vmtoolsd.exe
UtcTime: 2026-09-02 17:23:17.020
"
2026-09-02T17:38:45.172902+00:00,VMToolsd Suspicious Child Process,C:\logs\sysmon_20260919_043610.evtx,1,Microsoft-Windows-Sysmon,1,14392,DESKTOP-JC89B03,"Image: C:\Windows\System32\cmd.exe
RuleName: '-'
Description: Windows Command Processor
OriginalFileName: Cmd.Exe
TerminalSessionId: 0
ParentCommandLine: '""C:\Program Files\VMware\VMware Tools\vmtoolsd.exe""'
Product: Microsoft® Windows® Operating System
Company: Microsoft Corporation
ParentProcessId: 3008
ParentUser: NT AUTHORITY\SYSTEM
LogonGuid: 50A489D6-5F25-6A98-86EA-FF0800000000
Hashes: MD5=CB6CD09F6A25744A8FA6E4B3E4D260C5,SHA256=265B69033CEA7A9F8214A34CD9B17912909AF46C7A47395DD7BB893A24507E59,IMPHASH=272245E2988E1E430500B852C4FB5E18
ParentProcessGuid: 50A489D6-826D-6A4A-4400-000000000200
ProcessId: 7972
CurrentDirectory: C:\Windows\system32\
ProcessGuid: 50A489D6-5F25-6A98-6521-000000000200
CommandLine: '""C:\Windows\System32\cmd.exe"" ""/c"" ""exit"" '
FileVersion: 10.0.19041.3636 (WinBuild.160101.0800)
User: DESKTOP-JC89B03\soc
LogonId: '0x8ffea86'
IntegrityLevel: High
ParentImage: C:\Program Files\VMware\VMware Tools\vmtoolsd.exe
UtcTime: 2026-09-02 17:38:45.168
"
2026-09-02T17:54:13.166222+00:00,VMToolsd Suspicious Child Process,C:\logs\sysmon_20260919_043610.evtx,1,Microsoft-Windows-Sysmon,1,14443,DESKTOP-JC89B03,"Image: C:\Windows\System32\cmd.exe
RuleName: '-'
Description: Windows Command Processor
OriginalFileName: Cmd.Exe
TerminalSessionId: 0
ParentCommandLine: '""C:\Program Files\VMware\VMware Tools\vmtoolsd.exe""'
Product: Microsoft® Windows® Operating System
Company: Microsoft Corporation
ParentProcessId: 3008
ParentUser: NT AUTHORITY\SYSTEM
LogonGuid: 50A489D6-62C5-6A98-5987-010900000000
Hashes: MD5=CB6CD09F6A25744A8FA6E4B3E4D260C5,SHA256=265B69033CEA7A9F8214A34CD9B17912909AF46C7A47395DD7BB893A24507E59,IMPHASH=272245E2988E1E430500B852C4FB5E18
ParentProcessGuid: 50A489D6-826D-6A4A-4400-000000000200
ProcessId: 8420
CurrentDirectory: C:\Windows\system32\
ProcessGuid: 50A489D6-62C5-6A98-7621-000000000200
CommandLine: '""C:\Windows\System32\cmd.exe"" ""/c"" ""exit"" '
FileVersion: 10.0.19041.3636 (WinBuild.160101.0800)
User: DESKTOP-JC89B03\soc
LogonId: '0x9018759'
IntegrityLevel: High
ParentImage: C:\Program Files\VMware\VMware Tools\vmtoolsd.exe
UtcTime: 2026-09-02 17:54:13.161
"
2026-09-02T18:09:41.289862+00:00,VMToolsd Suspicious Child Process,C:\logs\sysmon_20260919_043610.evtx,1,Microsoft-Windows-Sysmon,1,14503,DESKTOP-JC89B03,"Image: C:\Windows\System32\cmd.exe
RuleName: '-'
Description: Windows Command Processor
OriginalFileName: Cmd.Exe
TerminalSessionId: 0
ParentCommandLine: '""C:\Program Files\VMware\VMware Tools\vmtoolsd.exe""'
Product: Microsoft® Windows® Operating System
Company: Microsoft Corporation
ParentProcessId: 3008
ParentUser: NT AUTHORITY\SYSTEM
LogonGuid: 50A489D6-6665-6A98-F61D-030900000000
Hashes: MD5=CB6CD09F6A25744A8FA6E4B3E4D260C5,SHA256=265B69033CEA7A9F8214A34CD9B17912909AF46C7A47395DD7BB893A24507E59,IMPHASH=272245E2988E1E430500B852C4FB5E18
ParentProcessGuid: 50A489D6-826D-6A4A-4400-000000000200
ProcessId: 7664
CurrentDirectory: C:\Windows\system32\
ProcessGuid: 50A489D6-6665-6A98-8721-000000000200
CommandLine: '""C:\Windows\System32\cmd.exe"" ""/c"" ""exit"" '
FileVersion: 10.0.19041.3636 (WinBuild.160101.0800)
User: DESKTOP-JC89B03\soc
LogonId: '0x9031df6'
IntegrityLevel: High
ParentImage: C:\Program Files\VMware\VMware Tools\vmtoolsd.exe
UtcTime: 2026-09-02 18:09:41.284
"
2026-09-02T18:25:09.496114+00:00,VMToolsd Suspicious Child Process,C:\logs\sysmon_20260919_043610.evtx,1,Microsoft-Windows-Sysmon,1,14552,DESKTOP-JC89B03,"Image: C:\Windows\System32\cmd.exe
RuleName: '-'
Description: Windows Command Processor
OriginalFileName: Cmd.Exe
TerminalSessionId: 0
ParentCommandLine: '""C:\Program Files\VMware\VMware Tools\vmtoolsd.exe""'
Product: Microsoft® Windows® Operating System
Company: Microsoft Corporation
ParentProcessId: 3008
ParentUser: NT AUTHORITY\SYSTEM
LogonGuid: 50A489D6-6A05-6A98-6BAF-040900000000
Hashes: MD5=CB6CD09F6A25744A8FA6E4B3E4D260C5,SHA256=265B69033CEA7A9F8214A34CD9B17912909AF46C7A47395DD7BB893A24507E59,IMPHASH=272245E2988E1E430500B852C4FB5E18
ParentProcessGuid: 50A489D6-826D-6A4A-4400-000000000200
ProcessId: 9944
CurrentDirectory: C:\Windows\system32\
ProcessGuid: 50A489D6-6A05-6A98-9821-000000000200
CommandLine: '""C:\Windows\System32\cmd.exe"" ""/c"" ""exit"" '
FileVersion: 10.0.19041.3636 (WinBuild.160101.0800)
User: DESKTOP-JC89B03\soc
LogonId: '0x904af6b'
IntegrityLevel: High
ParentImage: C:\Program Files\VMware\VMware Tools\vmtoolsd.exe
UtcTime: 2026-09-02 18:25:09.489
"
2026-09-02T18:40:38.418197+00:00,VMToolsd Suspicious Child Process,C:\logs\sysmon_20260919_043610.evtx,1,Microsoft-Windows-Sysmon,1,14602,DESKTOP-JC89B03,"Image: C:\Windows\System32\cmd.exe
RuleName: '-'
Description: Windows Command Processor
OriginalFileName: Cmd.Exe
TerminalSessionId: 0
ParentCommandLine: '""C:\Program Files\VMware\VMware Tools\vmtoolsd.exe""'
Product: Microsoft® Windows® Operating System
Company: Microsoft Corporation
ParentProcessId: 3008
ParentUser: NT AUTHORITY\SYSTEM
LogonGuid: 50A489D6-6DA6-6A98-5451-060900000000
Hashes: MD5=CB6CD09F6A25744A8FA6E4B3E4D260C5,SHA256=265B69033CEA7A9F8214A34CD9B17912909AF46C7A47395DD7BB893A24507E59,IMPHASH=272245E2988E1E430500B852C4FB5E18
ParentProcessGuid: 50A489D6-826D-6A4A-4400-000000000200
ProcessId: 4476
CurrentDirectory: C:\Windows\system32\
ProcessGuid: 50A489D6-6DA6-6A98-A921-000000000200
CommandLine: '""C:\Windows\System32\cmd.exe"" ""/c"" ""exit"" '
FileVersion: 10.0.19041.3636 (WinBuild.160101.0800)
User: DESKTOP-JC89B03\soc
LogonId: '0x9065154'
IntegrityLevel: High
ParentImage: C:\Program Files\VMware\VMware Tools\vmtoolsd.exe
UtcTime: 2026-09-02 18:40:38.413
"
2026-09-02T18:56:06.586404+00:00,VMToolsd Suspicious Child Process,C:\logs\sysmon_20260919_043610.evtx,1,Microsoft-Windows-Sysmon,1,14651,DESKTOP-JC89B03,"Image: C:\Windows\System32\cmd.exe
RuleName: '-'
Description: Windows Command Processor
OriginalFileName: Cmd.Exe
TerminalSessionId: 0
ParentCommandLine: '""C:\Program Files\VMware\VMware Tools\vmtoolsd.exe""'
Product: Microsoft® Windows® Operating System
Company: Microsoft Corporation
ParentProcessId: 3008
ParentUser: NT AUTHORITY\SYSTEM
LogonGuid: 50A489D6-7146-6A98-B5E2-070900000000
Hashes: MD5=CB6CD09F6A25744A8FA6E4B3E4D260C5,SHA256=265B69033CEA7A9F8214A34CD9B17912909AF46C7A47395DD7BB893A24507E59,IMPHASH=272245E2988E1E430500B852C4FB5E18
ParentProcessGuid: 50A489D6-826D-6A4A-4400-000000000200
ProcessId: 4108
CurrentDirectory: C:\Windows\system32\
ProcessGuid: 50A489D6-7146-6A98-BA21-000000000200
CommandLine: '""C:\Windows\System32\cmd.exe"" ""/c"" ""exit"" '
FileVersion: 10.0.19041.3636 (WinBuild.160101.0800)
User: DESKTOP-JC89B03\soc
LogonId: '0x907e2b5'
IntegrityLevel: High
ParentImage: C:\Program Files\VMware\VMware Tools\vmtoolsd.exe
UtcTime: 2026-09-02 18:56:06.580
"
2026-09-02T19:11:34.462491+00:00,VMToolsd Suspicious Child Process,C:\logs\sysmon_20260919_043610.evtx,1,Microsoft-Windows-Sysmon,1,14701,DESKTOP-JC89B03,"Image: C:\Windows\System32\cmd.exe
RuleName: '-'
Description: Windows Command Processor
OriginalFileName: Cmd.Exe
TerminalSessionId: 0
ParentCommandLine: '""C:\Program Files\VMware\VMware Tools\vmtoolsd.exe""'
Product: Microsoft® Windows® Operating System
Company: Microsoft Corporation
ParentProcessId: 3008
ParentUser: NT AUTHORITY\SYSTEM
LogonGuid: 50A489D6-74E6-6A98-0586-090900000000
Hashes: MD5=CB6CD09F6A25744A8FA6E4B3E4D260C5,SHA256=265B69033CEA7A9F8214A34CD9B17912909AF46C7A47395DD7BB893A24507E59,IMPHASH=272245E2988E1E430500B852C4FB5E18
ParentProcessGuid: 50A489D6-826D-6A4A-4400-000000000200
ProcessId: 10500
CurrentDirectory: C:\Windows\system32\
ProcessGuid: 50A489D6-74E6-6A98-CD21-000000000200
CommandLine: '""C:\Windows\System32\cmd.exe"" ""/c"" ""exit"" '
FileVersion: 10.0.19041.3636 (WinBuild.160101.0800)
User: DESKTOP-JC89B03\soc
LogonId: '0x9098605'
IntegrityLevel: High
ParentImage: C:\Program Files\VMware\VMware Tools\vmtoolsd.exe
UtcTime: 2026-09-02 19:11:34.456
"
