2026-09-14T13:22:11.009018+00:00,Suspicious Process By Web Server Process,C:\logs\sysmon_20260919_043610.evtx,1,Microsoft-Windows-Sysmon,1,30585,DESKTOP-JC89B03,"Image: C:\Windows\System32\cmd.exe
RuleName: '-'
Description: Windows Command Processor
OriginalFileName: Cmd.Exe
TerminalSessionId: 1
ParentCommandLine: C:\xampp/php/php.exe  -n -d ""output_buffering=0"" -f install/install.php
Product: Microsoft® Windows® Operating System
Company: Microsoft Corporation
ParentProcessId: 6636
ParentUser: DESKTOP-JC89B03\soc
LogonGuid: 50A489D6-4F44-6AA7-21CB-080000000000
Hashes: MD5=2B40C98ED0F7A1D3B091A3E8353132DC,SHA256=BADF4752413CB0CBDC03FB95820CA167F0CDC63B597CCDB5EF43111180E088B0,IMPHASH=272245E2988E1E430500B852C4FB5E18
ParentProcessGuid: 50A489D6-F501-6AA7-4803-000000000D00
ProcessId: 7996
CurrentDirectory: C:\xampp\
ProcessGuid: 50A489D6-F502-6AA7-7303-000000000D00
CommandLine: cmd.exe /s /c "".\install\awk.exe -v DIR=""C:\\xampp"" -v CONFIG=""C:\\xampp\\perl\\bin\\h2ph.bat"" -v CONFIGNEW=""C:\\xampp\\perl\\bin\\h2ph.battemp""  -v SUBSTIT=""\\\\xampp"" -f .\install\config.awk""
FileVersion: 10.0.19041.4355 (WinBuild.160101.0800)
User: DESKTOP-JC89B03\soc
LogonId: '0x8cb21'
IntegrityLevel: High
ParentImage: C:\xampp\php\php.exe
UtcTime: 2026-09-14 13:22:10.994
"
2026-09-14T13:22:11.071835+00:00,Suspicious Process By Web Server Process,C:\logs\sysmon_20260919_043610.evtx,1,Microsoft-Windows-Sysmon,1,30588,DESKTOP-JC89B03,"Image: C:\Windows\System32\cmd.exe
RuleName: '-'
Description: Windows Command Processor
OriginalFileName: Cmd.Exe
TerminalSessionId: 1
ParentCommandLine: C:\xampp/php/php.exe  -n -d ""output_buffering=0"" -f install/install.php
Product: Microsoft® Windows® Operating System
Company: Microsoft Corporation
ParentProcessId: 6636
ParentUser: DESKTOP-JC89B03\soc
LogonGuid: 50A489D6-4F44-6AA7-21CB-080000000000
Hashes: MD5=2B40C98ED0F7A1D3B091A3E8353132DC,SHA256=BADF4752413CB0CBDC03FB95820CA167F0CDC63B597CCDB5EF43111180E088B0,IMPHASH=272245E2988E1E430500B852C4FB5E18
ParentProcessGuid: 50A489D6-F501-6AA7-4803-000000000D00
ProcessId: 1180
CurrentDirectory: C:\xampp\
ProcessGuid: 50A489D6-F503-6AA7-7503-000000000D00
CommandLine: cmd.exe /s /c "".\install\awk.exe -v DIR=""C:\\xampp"" -v CONFIG=""C:\\xampp\\perl\\bin\\perlbug.bat"" -v CONFIGNEW=""C:\\xampp\\perl\\bin\\perlbug.battemp""  -v SUBSTIT=""\\\\xampp"" -f .\install\config.awk""
FileVersion: 10.0.19041.4355 (WinBuild.160101.0800)
User: DESKTOP-JC89B03\soc
LogonId: '0x8cb21'
IntegrityLevel: High
ParentImage: C:\xampp\php\php.exe
UtcTime: 2026-09-14 13:22:11.057
"
2026-09-14T13:22:11.136169+00:00,Suspicious Process By Web Server Process,C:\logs\sysmon_20260919_043610.evtx,1,Microsoft-Windows-Sysmon,1,30591,DESKTOP-JC89B03,"Image: C:\Windows\System32\cmd.exe
RuleName: '-'
Description: Windows Command Processor
OriginalFileName: Cmd.Exe
TerminalSessionId: 1
ParentCommandLine: C:\xampp/php/php.exe  -n -d ""output_buffering=0"" -f install/install.php
Product: Microsoft® Windows® Operating System
Company: Microsoft Corporation
ParentProcessId: 6636
ParentUser: DESKTOP-JC89B03\soc
LogonGuid: 50A489D6-4F44-6AA7-21CB-080000000000
Hashes: MD5=2B40C98ED0F7A1D3B091A3E8353132DC,SHA256=BADF4752413CB0CBDC03FB95820CA167F0CDC63B597CCDB5EF43111180E088B0,IMPHASH=272245E2988E1E430500B852C4FB5E18
ParentProcessGuid: 50A489D6-F501-6AA7-4803-000000000D00
ProcessId: 7932
CurrentDirectory: C:\xampp\
ProcessGuid: 50A489D6-F503-6AA7-7703-000000000D00
CommandLine: cmd.exe /s /c "".\install\awk.exe -v DIR=""C:\\xampp"" -v CONFIG=""C:\\xampp\\perl\\bin\\h2xs.bat"" -v CONFIGNEW=""C:\\xampp\\perl\\bin\\h2xs.battemp""  -v SUBSTIT=""\\\\xampp"" -f .\install\config.awk""
FileVersion: 10.0.19041.4355 (WinBuild.160101.0800)
User: DESKTOP-JC89B03\soc
LogonId: '0x8cb21'
IntegrityLevel: High
ParentImage: C:\xampp\php\php.exe
UtcTime: 2026-09-14 13:22:11.122
"
2026-09-14T13:22:11.206956+00:00,Suspicious Process By Web Server Process,C:\logs\sysmon_20260919_043610.evtx,1,Microsoft-Windows-Sysmon,1,30594,DESKTOP-JC89B03,"Image: C:\Windows\System32\cmd.exe
RuleName: '-'
Description: Windows Command Processor
OriginalFileName: Cmd.Exe
TerminalSessionId: 1
ParentCommandLine: C:\xampp/php/php.exe  -n -d ""output_buffering=0"" -f install/install.php
Product: Microsoft® Windows® Operating System
Company: Microsoft Corporation
ParentProcessId: 6636
ParentUser: DESKTOP-JC89B03\soc
LogonGuid: 50A489D6-4F44-6AA7-21CB-080000000000
Hashes: MD5=2B40C98ED0F7A1D3B091A3E8353132DC,SHA256=BADF4752413CB0CBDC03FB95820CA167F0CDC63B597CCDB5EF43111180E088B0,IMPHASH=272245E2988E1E430500B852C4FB5E18
ParentProcessGuid: 50A489D6-F501-6AA7-4803-000000000D00
ProcessId: 9204
CurrentDirectory: C:\xampp\
ProcessGuid: 50A489D6-F503-6AA7-7903-000000000D00
CommandLine: cmd.exe /s /c "".\install\awk.exe -v DIR=""C:\\xampp"" -v CONFIG=""C:\\xampp\\perl\\bin\\json_pp.bat"" -v CONFIGNEW=""C:\\xampp\\perl\\bin\\json_pp.battemp""  -v SUBSTIT=""\\\\xampp"" -f .\install\config.awk""
FileVersion: 10.0.19041.4355 (WinBuild.160101.0800)
User: DESKTOP-JC89B03\soc
LogonId: '0x8cb21'
IntegrityLevel: High
ParentImage: C:\xampp\php\php.exe
UtcTime: 2026-09-14 13:22:11.193
"
2026-09-14T13:22:11.252539+00:00,Suspicious Process By Web Server Process,C:\logs\sysmon_20260919_043610.evtx,1,Microsoft-Windows-Sysmon,1,30597,DESKTOP-JC89B03,"Image: C:\Windows\System32\cmd.exe
RuleName: '-'
Description: Windows Command Processor
OriginalFileName: Cmd.Exe
TerminalSessionId: 1
ParentCommandLine: C:\xampp/php/php.exe  -n -d ""output_buffering=0"" -f install/install.php
Product: Microsoft® Windows® Operating System
Company: Microsoft Corporation
ParentProcessId: 6636
ParentUser: DESKTOP-JC89B03\soc
LogonGuid: 50A489D6-4F44-6AA7-21CB-080000000000
Hashes: MD5=2B40C98ED0F7A1D3B091A3E8353132DC,SHA256=BADF4752413CB0CBDC03FB95820CA167F0CDC63B597CCDB5EF43111180E088B0,IMPHASH=272245E2988E1E430500B852C4FB5E18
ParentProcessGuid: 50A489D6-F501-6AA7-4803-000000000D00
ProcessId: 6712
CurrentDirectory: C:\xampp\
ProcessGuid: 50A489D6-F503-6AA7-7B03-000000000D00
CommandLine: cmd.exe /s /c "".\install\awk.exe -v DIR=""C:\\xampp"" -v CONFIG=""C:\\xampp\\perl\\bin\\pod2html.bat"" -v CONFIGNEW=""C:\\xampp\\perl\\bin\\pod2html.battemp""  -v SUBSTIT=""\\\\xampp"" -f .\install\config.awk""
FileVersion: 10.0.19041.4355 (WinBuild.160101.0800)
User: DESKTOP-JC89B03\soc
LogonId: '0x8cb21'
IntegrityLevel: High
ParentImage: C:\xampp\php\php.exe
UtcTime: 2026-09-14 13:22:11.242
"
2026-09-14T13:22:11.303036+00:00,Suspicious Process By Web Server Process,C:\logs\sysmon_20260919_043610.evtx,1,Microsoft-Windows-Sysmon,1,30600,DESKTOP-JC89B03,"Image: C:\Windows\System32\cmd.exe
RuleName: '-'
Description: Windows Command Processor
OriginalFileName: Cmd.Exe
TerminalSessionId: 1
ParentCommandLine: C:\xampp/php/php.exe  -n -d ""output_buffering=0"" -f install/install.php
Product: Microsoft® Windows® Operating System
Company: Microsoft Corporation
ParentProcessId: 6636
ParentUser: DESKTOP-JC89B03\soc
LogonGuid: 50A489D6-4F44-6AA7-21CB-080000000000
Hashes: MD5=2B40C98ED0F7A1D3B091A3E8353132DC,SHA256=BADF4752413CB0CBDC03FB95820CA167F0CDC63B597CCDB5EF43111180E088B0,IMPHASH=272245E2988E1E430500B852C4FB5E18
ParentProcessGuid: 50A489D6-F501-6AA7-4803-000000000D00
ProcessId: 4544
CurrentDirectory: C:\xampp\
ProcessGuid: 50A489D6-F503-6AA7-7D03-000000000D00
CommandLine: cmd.exe /s /c "".\install\awk.exe -v DIR=""C:\\xampp"" -v CONFIG=""C:\\xampp\\perl\\bin\\pod2latex.bat"" -v CONFIGNEW=""C:\\xampp\\perl\\bin\\pod2latex.battemp""  -v SUBSTIT=""\\\\xampp"" -f .\install\config.awk""
FileVersion: 10.0.19041.4355 (WinBuild.160101.0800)
User: DESKTOP-JC89B03\soc
LogonId: '0x8cb21'
IntegrityLevel: High
ParentImage: C:\xampp\php\php.exe
UtcTime: 2026-09-14 13:22:11.292
"
2026-09-14T13:22:11.364088+00:00,Suspicious Process By Web Server Process,C:\logs\sysmon_20260919_043610.evtx,1,Microsoft-Windows-Sysmon,1,30603,DESKTOP-JC89B03,"Image: C:\Windows\System32\cmd.exe
RuleName: '-'
Description: Windows Command Processor
OriginalFileName: Cmd.Exe
TerminalSessionId: 1
ParentCommandLine: C:\xampp/php/php.exe  -n -d ""output_buffering=0"" -f install/install.php
Product: Microsoft® Windows® Operating System
Company: Microsoft Corporation
ParentProcessId: 6636
ParentUser: DESKTOP-JC89B03\soc
LogonGuid: 50A489D6-4F44-6AA7-21CB-080000000000
Hashes: MD5=2B40C98ED0F7A1D3B091A3E8353132DC,SHA256=BADF4752413CB0CBDC03FB95820CA167F0CDC63B597CCDB5EF43111180E088B0,IMPHASH=272245E2988E1E430500B852C4FB5E18
ParentProcessGuid: 50A489D6-F501-6AA7-4803-000000000D00
ProcessId: 9144
CurrentDirectory: C:\xampp\
ProcessGuid: 50A489D6-F503-6AA7-7F03-000000000D00
CommandLine: cmd.exe /s /c "".\install\awk.exe -v DIR=""C:\\xampp"" -v CONFIG=""C:\\xampp\\perl\\bin\\htmltree.bat"" -v CONFIGNEW=""C:\\xampp\\perl\\bin\\htmltree.battemp""  -v SUBSTIT=""\\\\xampp"" -f .\install\config.awk""
FileVersion: 10.0.19041.4355 (WinBuild.160101.0800)
User: DESKTOP-JC89B03\soc
LogonId: '0x8cb21'
IntegrityLevel: High
ParentImage: C:\xampp\php\php.exe
UtcTime: 2026-09-14 13:22:11.343
"
2026-09-14T13:22:11.412972+00:00,Suspicious Process By Web Server Process,C:\logs\sysmon_20260919_043610.evtx,1,Microsoft-Windows-Sysmon,1,30606,DESKTOP-JC89B03,"Image: C:\Windows\System32\cmd.exe
RuleName: '-'
Description: Windows Command Processor
OriginalFileName: Cmd.Exe
TerminalSessionId: 1
ParentCommandLine: C:\xampp/php/php.exe  -n -d ""output_buffering=0"" -f install/install.php
Product: Microsoft® Windows® Operating System
Company: Microsoft Corporation
ParentProcessId: 6636
ParentUser: DESKTOP-JC89B03\soc
LogonGuid: 50A489D6-4F44-6AA7-21CB-080000000000
Hashes: MD5=2B40C98ED0F7A1D3B091A3E8353132DC,SHA256=BADF4752413CB0CBDC03FB95820CA167F0CDC63B597CCDB5EF43111180E088B0,IMPHASH=272245E2988E1E430500B852C4FB5E18
ParentProcessGuid: 50A489D6-F501-6AA7-4803-000000000D00
ProcessId: 7440
CurrentDirectory: C:\xampp\
ProcessGuid: 50A489D6-F503-6AA7-8103-000000000D00
CommandLine: cmd.exe /s /c "".\install\awk.exe -v DIR=""C:\\xampp"" -v CONFIG=""C:\\xampp\\perl\\bin\\perlivp.bat"" -v CONFIGNEW=""C:\\xampp\\perl\\bin\\perlivp.battemp""  -v SUBSTIT=""\\\\xampp"" -f .\install\config.awk""
FileVersion: 10.0.19041.4355 (WinBuild.160101.0800)
User: DESKTOP-JC89B03\soc
LogonId: '0x8cb21'
IntegrityLevel: High
ParentImage: C:\xampp\php\php.exe
UtcTime: 2026-09-14 13:22:11.402
"
2026-09-14T13:22:11.467854+00:00,Suspicious Process By Web Server Process,C:\logs\sysmon_20260919_043610.evtx,1,Microsoft-Windows-Sysmon,1,30609,DESKTOP-JC89B03,"Image: C:\Windows\System32\cmd.exe
RuleName: '-'
Description: Windows Command Processor
OriginalFileName: Cmd.Exe
TerminalSessionId: 1
ParentCommandLine: C:\xampp/php/php.exe  -n -d ""output_buffering=0"" -f install/install.php
Product: Microsoft® Windows® Operating System
Company: Microsoft Corporation
ParentProcessId: 6636
ParentUser: DESKTOP-JC89B03\soc
LogonGuid: 50A489D6-4F44-6AA7-21CB-080000000000
Hashes: MD5=2B40C98ED0F7A1D3B091A3E8353132DC,SHA256=BADF4752413CB0CBDC03FB95820CA167F0CDC63B597CCDB5EF43111180E088B0,IMPHASH=272245E2988E1E430500B852C4FB5E18
ParentProcessGuid: 50A489D6-F501-6AA7-4803-000000000D00
ProcessId: 3288
CurrentDirectory: C:\xampp\
ProcessGuid: 50A489D6-F503-6AA7-8303-000000000D00
CommandLine: cmd.exe /s /c "".\install\awk.exe -v DIR=""C:\\xampp"" -v CONFIG=""C:\\xampp\\perl\\bin\\pl2pm.bat"" -v CONFIGNEW=""C:\\xampp\\perl\\bin\\pl2pm.battemp""  -v SUBSTIT=""\\\\xampp"" -f .\install\config.awk""
FileVersion: 10.0.19041.4355 (WinBuild.160101.0800)
User: DESKTOP-JC89B03\soc
LogonId: '0x8cb21'
IntegrityLevel: High
ParentImage: C:\xampp\php\php.exe
UtcTime: 2026-09-14 13:22:11.453
"
2026-09-14T13:22:11.523714+00:00,Suspicious Process By Web Server Process,C:\logs\sysmon_20260919_043610.evtx,1,Microsoft-Windows-Sysmon,1,30612,DESKTOP-JC89B03,"Image: C:\Windows\System32\cmd.exe
RuleName: '-'
Description: Windows Command Processor
OriginalFileName: Cmd.Exe
TerminalSessionId: 1
ParentCommandLine: C:\xampp/php/php.exe  -n -d ""output_buffering=0"" -f install/install.php
Product: Microsoft® Windows® Operating System
Company: Microsoft Corporation
ParentProcessId: 6636
ParentUser: DESKTOP-JC89B03\soc
LogonGuid: 50A489D6-4F44-6AA7-21CB-080000000000
Hashes: MD5=2B40C98ED0F7A1D3B091A3E8353132DC,SHA256=BADF4752413CB0CBDC03FB95820CA167F0CDC63B597CCDB5EF43111180E088B0,IMPHASH=272245E2988E1E430500B852C4FB5E18
ParentProcessGuid: 50A489D6-F501-6AA7-4803-000000000D00
ProcessId: 1448
CurrentDirectory: C:\xampp\
ProcessGuid: 50A489D6-F503-6AA7-8503-000000000D00
CommandLine: cmd.exe /s /c "".\install\awk.exe -v DIR=""C:\\xampp"" -v CONFIG=""C:\\xampp\\perl\\bin\\pod2latex"" -v CONFIGNEW=""C:\\xampp\\perl\\bin\\pod2latextemp""  -v SUBSTIT=""\\\\xampp"" -f .\install\config.awk""
FileVersion: 10.0.19041.4355 (WinBuild.160101.0800)
User: DESKTOP-JC89B03\soc
LogonId: '0x8cb21'
IntegrityLevel: High
ParentImage: C:\xampp\php\php.exe
UtcTime: 2026-09-14 13:22:11.514
"
2026-09-14T13:22:11.575612+00:00,Suspicious Process By Web Server Process,C:\logs\sysmon_20260919_043610.evtx,1,Microsoft-Windows-Sysmon,1,30614,DESKTOP-JC89B03,"Image: C:\Windows\System32\cmd.exe
RuleName: '-'
Description: Windows Command Processor
OriginalFileName: Cmd.Exe
TerminalSessionId: 1
ParentCommandLine: C:\xampp/php/php.exe  -n -d ""output_buffering=0"" -f install/install.php
Product: Microsoft® Windows® Operating System
Company: Microsoft Corporation
ParentProcessId: 6636
ParentUser: DESKTOP-JC89B03\soc
LogonGuid: 50A489D6-4F44-6AA7-21CB-080000000000
Hashes: MD5=2B40C98ED0F7A1D3B091A3E8353132DC,SHA256=BADF4752413CB0CBDC03FB95820CA167F0CDC63B597CCDB5EF43111180E088B0,IMPHASH=272245E2988E1E430500B852C4FB5E18
ParentProcessGuid: 50A489D6-F501-6AA7-4803-000000000D00
ProcessId: 2848
CurrentDirectory: C:\xampp\
ProcessGuid: 50A489D6-F503-6AA7-8703-000000000D00
CommandLine: cmd.exe /s /c "".\install\awk.exe -v DIR=""C:\\xampp"" -v CONFIG=""C:\\xampp\\perl\\bin\\splain.bat"" -v CONFIGNEW=""C:\\xampp\\perl\\bin\\splain.battemp""  -v SUBSTIT=""\\\\xampp"" -f .\install\config.awk""
FileVersion: 10.0.19041.4355 (WinBuild.160101.0800)
User: DESKTOP-JC89B03\soc
LogonId: '0x8cb21'
IntegrityLevel: High
ParentImage: C:\xampp\php\php.exe
UtcTime: 2026-09-14 13:22:11.563
"
2026-09-14T13:22:11.632092+00:00,Suspicious Process By Web Server Process,C:\logs\sysmon_20260919_043610.evtx,1,Microsoft-Windows-Sysmon,1,30617,DESKTOP-JC89B03,"Image: C:\Windows\System32\cmd.exe
RuleName: '-'
Description: Windows Command Processor
OriginalFileName: Cmd.Exe
TerminalSessionId: 1
ParentCommandLine: C:\xampp/php/php.exe  -n -d ""output_buffering=0"" -f install/install.php
Product: Microsoft® Windows® Operating System
Company: Microsoft Corporation
ParentProcessId: 6636
ParentUser: DESKTOP-JC89B03\soc
LogonGuid: 50A489D6-4F44-6AA7-21CB-080000000000
Hashes: MD5=2B40C98ED0F7A1D3B091A3E8353132DC,SHA256=BADF4752413CB0CBDC03FB95820CA167F0CDC63B597CCDB5EF43111180E088B0,IMPHASH=272245E2988E1E430500B852C4FB5E18
ParentProcessGuid: 50A489D6-F501-6AA7-4803-000000000D00
ProcessId: 5964
CurrentDirectory: C:\xampp\
ProcessGuid: 50A489D6-F503-6AA7-8903-000000000D00
CommandLine: cmd.exe /s /c "".\install\awk.exe -v DIR=""C:\\xampp"" -v CONFIG=""C:\\xampp\\perl\\bin\\config_data.bat"" -v CONFIGNEW=""C:\\xampp\\perl\\bin\\config_data.battemp""  -v SUBSTIT=""\\\\xampp"" -f .\install\config.awk""
FileVersion: 10.0.19041.4355 (WinBuild.160101.0800)
User: DESKTOP-JC89B03\soc
LogonId: '0x8cb21'
IntegrityLevel: High
ParentImage: C:\xampp\php\php.exe
UtcTime: 2026-09-14 13:22:11.618
"
2026-09-14T13:22:11.684347+00:00,Suspicious Process By Web Server Process,C:\logs\sysmon_20260919_043610.evtx,1,Microsoft-Windows-Sysmon,1,30620,DESKTOP-JC89B03,"Image: C:\Windows\System32\cmd.exe
RuleName: '-'
Description: Windows Command Processor
OriginalFileName: Cmd.Exe
TerminalSessionId: 1
ParentCommandLine: C:\xampp/php/php.exe  -n -d ""output_buffering=0"" -f install/install.php
Product: Microsoft® Windows® Operating System
Company: Microsoft Corporation
ParentProcessId: 6636
ParentUser: DESKTOP-JC89B03\soc
LogonGuid: 50A489D6-4F44-6AA7-21CB-080000000000
Hashes: MD5=2B40C98ED0F7A1D3B091A3E8353132DC,SHA256=BADF4752413CB0CBDC03FB95820CA167F0CDC63B597CCDB5EF43111180E088B0,IMPHASH=272245E2988E1E430500B852C4FB5E18
ParentProcessGuid: 50A489D6-F501-6AA7-4803-000000000D00
ProcessId: 7560
CurrentDirectory: C:\xampp\
ProcessGuid: 50A489D6-F503-6AA7-8B03-000000000D00
CommandLine: cmd.exe /s /c "".\install\awk.exe -v DIR=""C:\\xampp"" -v CONFIG=""C:\\xampp\\perl\\bin\\perlthanks.bat"" -v CONFIGNEW=""C:\\xampp\\perl\\bin\\perlthanks.battemp""  -v SUBSTIT=""\\\\xampp"" -f .\install\config.awk""
FileVersion: 10.0.19041.4355 (WinBuild.160101.0800)
User: DESKTOP-JC89B03\soc
LogonId: '0x8cb21'
IntegrityLevel: High
ParentImage: C:\xampp\php\php.exe
UtcTime: 2026-09-14 13:22:11.672
"
2026-09-14T13:22:11.747081+00:00,Suspicious Process By Web Server Process,C:\logs\sysmon_20260919_043610.evtx,1,Microsoft-Windows-Sysmon,1,30623,DESKTOP-JC89B03,"Image: C:\Windows\System32\cmd.exe
RuleName: '-'
Description: Windows Command Processor
OriginalFileName: Cmd.Exe
TerminalSessionId: 1
ParentCommandLine: C:\xampp/php/php.exe  -n -d ""output_buffering=0"" -f install/install.php
Product: Microsoft® Windows® Operating System
Company: Microsoft Corporation
ParentProcessId: 6636
ParentUser: DESKTOP-JC89B03\soc
LogonGuid: 50A489D6-4F44-6AA7-21CB-080000000000
Hashes: MD5=2B40C98ED0F7A1D3B091A3E8353132DC,SHA256=BADF4752413CB0CBDC03FB95820CA167F0CDC63B597CCDB5EF43111180E088B0,IMPHASH=272245E2988E1E430500B852C4FB5E18
ParentProcessGuid: 50A489D6-F501-6AA7-4803-000000000D00
ProcessId: 5796
CurrentDirectory: C:\xampp\
ProcessGuid: 50A489D6-F503-6AA7-8D03-000000000D00
CommandLine: cmd.exe /s /c "".\install\awk.exe -v DIR=""C:\\\\xampp"" -v CONFIG=""C:\\xampp\\perl\\lib\\CPAN\\Config.pm"" -v CONFIGNEW=""C:\\xampp\\perl\\lib\\CPAN\\Config.pmtemp""  -v SUBSTIT=""\\\\\\\\xampp"" -f .\install\config.awk""
FileVersion: 10.0.19041.4355 (WinBuild.160101.0800)
User: DESKTOP-JC89B03\soc
LogonId: '0x8cb21'
IntegrityLevel: High
ParentImage: C:\xampp\php\php.exe
UtcTime: 2026-09-14 13:22:11.733
"
2026-09-14T13:22:11.802945+00:00,Suspicious Process By Web Server Process,C:\logs\sysmon_20260919_043610.evtx,1,Microsoft-Windows-Sysmon,1,30625,DESKTOP-JC89B03,"Image: C:\Windows\System32\cmd.exe
RuleName: '-'
Description: Windows Command Processor
OriginalFileName: Cmd.Exe
TerminalSessionId: 1
ParentCommandLine: C:\xampp/php/php.exe  -n -d ""output_buffering=0"" -f install/install.php
Product: Microsoft® Windows® Operating System
Company: Microsoft Corporation
ParentProcessId: 6636
ParentUser: DESKTOP-JC89B03\soc
LogonGuid: 50A489D6-4F44-6AA7-21CB-080000000000
Hashes: MD5=2B40C98ED0F7A1D3B091A3E8353132DC,SHA256=BADF4752413CB0CBDC03FB95820CA167F0CDC63B597CCDB5EF43111180E088B0,IMPHASH=272245E2988E1E430500B852C4FB5E18
ParentProcessGuid: 50A489D6-F501-6AA7-4803-000000000D00
ProcessId: 2980
CurrentDirectory: C:\xampp\
ProcessGuid: 50A489D6-F503-6AA7-8F03-000000000D00
CommandLine: cmd.exe /s /c "".\install\awk.exe -v DIR=""C:\\\\xampp"" -v CONFIG=""C:\\xampp\\perl\\lib\\CORE\\config.h"" -v CONFIGNEW=""C:\\xampp\\perl\\lib\\CORE\\config.htemp""  -v SUBSTIT=""\\\\\\\\xampp"" -f .\install\config.awk""
FileVersion: 10.0.19041.4355 (WinBuild.160101.0800)
User: DESKTOP-JC89B03\soc
LogonId: '0x8cb21'
IntegrityLevel: High
ParentImage: C:\xampp\php\php.exe
UtcTime: 2026-09-14 13:22:11.793
"
2026-09-14T13:22:11.894805+00:00,Suspicious Process By Web Server Process,C:\logs\sysmon_20260919_043610.evtx,1,Microsoft-Windows-Sysmon,1,30627,DESKTOP-JC89B03,"Image: C:\Windows\System32\cmd.exe
RuleName: '-'
Description: Windows Command Processor
OriginalFileName: Cmd.Exe
TerminalSessionId: 1
ParentCommandLine: C:\xampp/php/php.exe  -n -d ""output_buffering=0"" -f install/install.php
Product: Microsoft® Windows® Operating System
Company: Microsoft Corporation
ParentProcessId: 6636
ParentUser: DESKTOP-JC89B03\soc
LogonGuid: 50A489D6-4F44-6AA7-21CB-080000000000
Hashes: MD5=2B40C98ED0F7A1D3B091A3E8353132DC,SHA256=BADF4752413CB0CBDC03FB95820CA167F0CDC63B597CCDB5EF43111180E088B0,IMPHASH=272245E2988E1E430500B852C4FB5E18
ParentProcessGuid: 50A489D6-F501-6AA7-4803-000000000D00
ProcessId: 3004
CurrentDirectory: C:\xampp\
ProcessGuid: 50A489D6-F503-6AA7-9103-000000000D00
CommandLine: cmd.exe /s /c "".\install\awk.exe -v DIR=""C:\\\\xampp"" -v CONFIG=""C:\\xampp\\perl\\lib\\Config.pm"" -v CONFIGNEW=""C:\\xampp\\perl\\lib\\Config.pmtemp""  -v SUBSTIT=""\\\\\\\\xampp"" -f .\install\config.awk""
FileVersion: 10.0.19041.4355 (WinBuild.160101.0800)
User: DESKTOP-JC89B03\soc
LogonId: '0x8cb21'
IntegrityLevel: High
ParentImage: C:\xampp\php\php.exe
UtcTime: 2026-09-14 13:22:11.879
"
2026-09-14T13:22:11.953865+00:00,Suspicious Process By Web Server Process,C:\logs\sysmon_20260919_043610.evtx,1,Microsoft-Windows-Sysmon,1,30629,DESKTOP-JC89B03,"Image: C:\Windows\System32\cmd.exe
RuleName: '-'
Description: Windows Command Processor
OriginalFileName: Cmd.Exe
TerminalSessionId: 1
ParentCommandLine: C:\xampp/php/php.exe  -n -d ""output_buffering=0"" -f install/install.php
Product: Microsoft® Windows® Operating System
Company: Microsoft Corporation
ParentProcessId: 6636
ParentUser: DESKTOP-JC89B03\soc
LogonGuid: 50A489D6-4F44-6AA7-21CB-080000000000
Hashes: MD5=2B40C98ED0F7A1D3B091A3E8353132DC,SHA256=BADF4752413CB0CBDC03FB95820CA167F0CDC63B597CCDB5EF43111180E088B0,IMPHASH=272245E2988E1E430500B852C4FB5E18
ParentProcessGuid: 50A489D6-F501-6AA7-4803-000000000D00
ProcessId: 11244
CurrentDirectory: C:\xampp\
ProcessGuid: 50A489D6-F503-6AA7-9303-000000000D00
CommandLine: cmd.exe /s /c "".\install\awk.exe -v DIR=""C:/xampp"" -v CONFIG=""C:\\xampp\\mysql\\bin\\my.ini"" -v CONFIGNEW=""C:\\xampp\\mysql\\bin\\my.initemp""  -v SUBSTIT=""/xampp"" -f .\install\config.awk""
FileVersion: 10.0.19041.4355 (WinBuild.160101.0800)
User: DESKTOP-JC89B03\soc
LogonId: '0x8cb21'
IntegrityLevel: High
ParentImage: C:\xampp\php\php.exe
UtcTime: 2026-09-14 13:22:11.943
"
2026-09-14T13:22:12.005902+00:00,Suspicious Process By Web Server Process,C:\logs\sysmon_20260919_043610.evtx,1,Microsoft-Windows-Sysmon,1,30631,DESKTOP-JC89B03,"Image: C:\Windows\System32\cmd.exe
RuleName: '-'
Description: Windows Command Processor
OriginalFileName: Cmd.Exe
TerminalSessionId: 1
ParentCommandLine: C:\xampp/php/php.exe  -n -d ""output_buffering=0"" -f install/install.php
Product: Microsoft® Windows® Operating System
Company: Microsoft Corporation
ParentProcessId: 6636
ParentUser: DESKTOP-JC89B03\soc
LogonGuid: 50A489D6-4F44-6AA7-21CB-080000000000
Hashes: MD5=2B40C98ED0F7A1D3B091A3E8353132DC,SHA256=BADF4752413CB0CBDC03FB95820CA167F0CDC63B597CCDB5EF43111180E088B0,IMPHASH=272245E2988E1E430500B852C4FB5E18
ParentProcessGuid: 50A489D6-F501-6AA7-4803-000000000D00
ProcessId: 3692
CurrentDirectory: C:\xampp\
ProcessGuid: 50A489D6-F503-6AA7-9503-000000000D00
CommandLine: cmd.exe /s /c "".\install\awk.exe -v DIR=""C:/xampp"" -v CONFIG=""C:\\xampp\\apache\\conf\\httpd.conf"" -v CONFIGNEW=""C:\\xampp\\apache\\conf\\httpd.conftemp""  -v SUBSTIT=""/xampp"" -f .\install\config.awk""
FileVersion: 10.0.19041.4355 (WinBuild.160101.0800)
User: DESKTOP-JC89B03\soc
LogonId: '0x8cb21'
IntegrityLevel: High
ParentImage: C:\xampp\php\php.exe
UtcTime: 2026-09-14 13:22:11.994
"
2026-09-14T13:22:12.066294+00:00,Suspicious Process By Web Server Process,C:\logs\sysmon_20260919_043610.evtx,1,Microsoft-Windows-Sysmon,1,30633,DESKTOP-JC89B03,"Image: C:\Windows\System32\cmd.exe
RuleName: '-'
Description: Windows Command Processor
OriginalFileName: Cmd.Exe
TerminalSessionId: 1
ParentCommandLine: C:\xampp/php/php.exe  -n -d ""output_buffering=0"" -f install/install.php
Product: Microsoft® Windows® Operating System
Company: Microsoft Corporation
ParentProcessId: 6636
ParentUser: DESKTOP-JC89B03\soc
LogonGuid: 50A489D6-4F44-6AA7-21CB-080000000000
Hashes: MD5=2B40C98ED0F7A1D3B091A3E8353132DC,SHA256=BADF4752413CB0CBDC03FB95820CA167F0CDC63B597CCDB5EF43111180E088B0,IMPHASH=272245E2988E1E430500B852C4FB5E18
ParentProcessGuid: 50A489D6-F501-6AA7-4803-000000000D00
ProcessId: 3644
CurrentDirectory: C:\xampp\
ProcessGuid: 50A489D6-F504-6AA7-9703-000000000D00
CommandLine: cmd.exe /s /c "".\install\awk.exe -v DIR=""C:/xampp"" -v CONFIG=""C:\\xampp\\apache\\conf\\extra\\httpd-autoindex.conf"" -v CONFIGNEW=""C:\\xampp\\apache\\conf\\extra\\httpd-autoindex.conftemp""  -v SUBSTIT=""/xampp"" -f .\install\config.awk""
FileVersion: 10.0.19041.4355 (WinBuild.160101.0800)
User: DESKTOP-JC89B03\soc
LogonId: '0x8cb21'
IntegrityLevel: High
ParentImage: C:\xampp\php\php.exe
UtcTime: 2026-09-14 13:22:12.051
"
2026-09-14T13:22:12.114796+00:00,Suspicious Process By Web Server Process,C:\logs\sysmon_20260919_043610.evtx,1,Microsoft-Windows-Sysmon,1,30635,DESKTOP-JC89B03,"Image: C:\Windows\System32\cmd.exe
RuleName: '-'
Description: Windows Command Processor
OriginalFileName: Cmd.Exe
TerminalSessionId: 1
ParentCommandLine: C:\xampp/php/php.exe  -n -d ""output_buffering=0"" -f install/install.php
Product: Microsoft® Windows® Operating System
Company: Microsoft Corporation
ParentProcessId: 6636
ParentUser: DESKTOP-JC89B03\soc
LogonGuid: 50A489D6-4F44-6AA7-21CB-080000000000
Hashes: MD5=2B40C98ED0F7A1D3B091A3E8353132DC,SHA256=BADF4752413CB0CBDC03FB95820CA167F0CDC63B597CCDB5EF43111180E088B0,IMPHASH=272245E2988E1E430500B852C4FB5E18
ParentProcessGuid: 50A489D6-F501-6AA7-4803-000000000D00
ProcessId: 1676
CurrentDirectory: C:\xampp\
ProcessGuid: 50A489D6-F504-6AA7-9903-000000000D00
CommandLine: cmd.exe /s /c "".\install\awk.exe -v DIR=""C:/xampp"" -v CONFIG=""C:\\xampp\\apache\\conf\\extra\\httpd-dav.conf"" -v CONFIGNEW=""C:\\xampp\\apache\\conf\\extra\\httpd-dav.conftemp""  -v SUBSTIT=""/xampp"" -f .\install\config.awk""
FileVersion: 10.0.19041.4355 (WinBuild.160101.0800)
User: DESKTOP-JC89B03\soc
LogonId: '0x8cb21'
IntegrityLevel: High
ParentImage: C:\xampp\php\php.exe
UtcTime: 2026-09-14 13:22:12.104
"
2026-09-14T13:22:12.166252+00:00,Suspicious Process By Web Server Process,C:\logs\sysmon_20260919_043610.evtx,1,Microsoft-Windows-Sysmon,1,30637,DESKTOP-JC89B03,"Image: C:\Windows\System32\cmd.exe
RuleName: '-'
Description: Windows Command Processor
OriginalFileName: Cmd.Exe
TerminalSessionId: 1
ParentCommandLine: C:\xampp/php/php.exe  -n -d ""output_buffering=0"" -f install/install.php
Product: Microsoft® Windows® Operating System
Company: Microsoft Corporation
ParentProcessId: 6636
ParentUser: DESKTOP-JC89B03\soc
LogonGuid: 50A489D6-4F44-6AA7-21CB-080000000000
Hashes: MD5=2B40C98ED0F7A1D3B091A3E8353132DC,SHA256=BADF4752413CB0CBDC03FB95820CA167F0CDC63B597CCDB5EF43111180E088B0,IMPHASH=272245E2988E1E430500B852C4FB5E18
ParentProcessGuid: 50A489D6-F501-6AA7-4803-000000000D00
ProcessId: 1368
CurrentDirectory: C:\xampp\
ProcessGuid: 50A489D6-F504-6AA7-9B03-000000000D00
CommandLine: cmd.exe /s /c "".\install\awk.exe -v DIR=""C:/xampp"" -v CONFIG=""C:\\xampp\\apache\\conf\\extra\\httpd-default.conf"" -v CONFIGNEW=""C:\\xampp\\apache\\conf\\extra\\httpd-default.conftemp""  -v SUBSTIT=""/xampp"" -f .\install\config.awk""
FileVersion: 10.0.19041.4355 (WinBuild.160101.0800)
User: DESKTOP-JC89B03\soc
LogonId: '0x8cb21'
IntegrityLevel: High
ParentImage: C:\xampp\php\php.exe
UtcTime: 2026-09-14 13:22:12.154
"
2026-09-14T13:22:12.217610+00:00,Suspicious Process By Web Server Process,C:\logs\sysmon_20260919_043610.evtx,1,Microsoft-Windows-Sysmon,1,30639,DESKTOP-JC89B03,"Image: C:\Windows\System32\cmd.exe
RuleName: '-'
Description: Windows Command Processor
OriginalFileName: Cmd.Exe
TerminalSessionId: 1
ParentCommandLine: C:\xampp/php/php.exe  -n -d ""output_buffering=0"" -f install/install.php
Product: Microsoft® Windows® Operating System
Company: Microsoft Corporation
ParentProcessId: 6636
ParentUser: DESKTOP-JC89B03\soc
LogonGuid: 50A489D6-4F44-6AA7-21CB-080000000000
Hashes: MD5=2B40C98ED0F7A1D3B091A3E8353132DC,SHA256=BADF4752413CB0CBDC03FB95820CA167F0CDC63B597CCDB5EF43111180E088B0,IMPHASH=272245E2988E1E430500B852C4FB5E18
ParentProcessGuid: 50A489D6-F501-6AA7-4803-000000000D00
ProcessId: 6332
CurrentDirectory: C:\xampp\
ProcessGuid: 50A489D6-F504-6AA7-9D03-000000000D00
CommandLine: cmd.exe /s /c "".\install\awk.exe -v DIR=""C:/xampp"" -v CONFIG=""C:\\xampp\\apache\\conf\\extra\\httpd-info.conf"" -v CONFIGNEW=""C:\\xampp\\apache\\conf\\extra\\httpd-info.conftemp""  -v SUBSTIT=""/xampp"" -f .\install\config.awk""
FileVersion: 10.0.19041.4355 (WinBuild.160101.0800)
User: DESKTOP-JC89B03\soc
LogonId: '0x8cb21'
IntegrityLevel: High
ParentImage: C:\xampp\php\php.exe
UtcTime: 2026-09-14 13:22:12.206
"
2026-09-14T13:22:12.265006+00:00,Suspicious Process By Web Server Process,C:\logs\sysmon_20260919_043610.evtx,1,Microsoft-Windows-Sysmon,1,30641,DESKTOP-JC89B03,"Image: C:\Windows\System32\cmd.exe
RuleName: '-'
Description: Windows Command Processor
OriginalFileName: Cmd.Exe
TerminalSessionId: 1
ParentCommandLine: C:\xampp/php/php.exe  -n -d ""output_buffering=0"" -f install/install.php
Product: Microsoft® Windows® Operating System
Company: Microsoft Corporation
ParentProcessId: 6636
ParentUser: DESKTOP-JC89B03\soc
LogonGuid: 50A489D6-4F44-6AA7-21CB-080000000000
Hashes: MD5=2B40C98ED0F7A1D3B091A3E8353132DC,SHA256=BADF4752413CB0CBDC03FB95820CA167F0CDC63B597CCDB5EF43111180E088B0,IMPHASH=272245E2988E1E430500B852C4FB5E18
ParentProcessGuid: 50A489D6-F501-6AA7-4803-000000000D00
ProcessId: 7540
CurrentDirectory: C:\xampp\
ProcessGuid: 50A489D6-F504-6AA7-9F03-000000000D00
CommandLine: cmd.exe /s /c "".\install\awk.exe -v DIR=""C:/xampp"" -v CONFIG=""C:\\xampp\\apache\\conf\\extra\\httpd-languages.conf"" -v CONFIGNEW=""C:\\xampp\\apache\\conf\\extra\\httpd-languages.conftemp""  -v SUBSTIT=""/xampp"" -f .\install\config.awk""
FileVersion: 10.0.19041.4355 (WinBuild.160101.0800)
User: DESKTOP-JC89B03\soc
LogonId: '0x8cb21'
IntegrityLevel: High
ParentImage: C:\xampp\php\php.exe
UtcTime: 2026-09-14 13:22:12.253
"
2026-09-14T13:22:12.315143+00:00,Suspicious Process By Web Server Process,C:\logs\sysmon_20260919_043610.evtx,1,Microsoft-Windows-Sysmon,1,30643,DESKTOP-JC89B03,"Image: C:\Windows\System32\cmd.exe
RuleName: '-'
Description: Windows Command Processor
OriginalFileName: Cmd.Exe
TerminalSessionId: 1
ParentCommandLine: C:\xampp/php/php.exe  -n -d ""output_buffering=0"" -f install/install.php
Product: Microsoft® Windows® Operating System
Company: Microsoft Corporation
ParentProcessId: 6636
ParentUser: DESKTOP-JC89B03\soc
LogonGuid: 50A489D6-4F44-6AA7-21CB-080000000000
Hashes: MD5=2B40C98ED0F7A1D3B091A3E8353132DC,SHA256=BADF4752413CB0CBDC03FB95820CA167F0CDC63B597CCDB5EF43111180E088B0,IMPHASH=272245E2988E1E430500B852C4FB5E18
ParentProcessGuid: 50A489D6-F501-6AA7-4803-000000000D00
ProcessId: 5856
CurrentDirectory: C:\xampp\
ProcessGuid: 50A489D6-F504-6AA7-A103-000000000D00
CommandLine: cmd.exe /s /c "".\install\awk.exe -v DIR=""C:/xampp"" -v CONFIG=""C:\\xampp\\apache\\conf\\extra\\httpd-manual.conf"" -v CONFIGNEW=""C:\\xampp\\apache\\conf\\extra\\httpd-manual.conftemp""  -v SUBSTIT=""/xampp"" -f .\install\config.awk""
FileVersion: 10.0.19041.4355 (WinBuild.160101.0800)
User: DESKTOP-JC89B03\soc
LogonId: '0x8cb21'
IntegrityLevel: High
ParentImage: C:\xampp\php\php.exe
UtcTime: 2026-09-14 13:22:12.304
"
2026-09-14T13:22:12.366445+00:00,Suspicious Process By Web Server Process,C:\logs\sysmon_20260919_043610.evtx,1,Microsoft-Windows-Sysmon,1,30645,DESKTOP-JC89B03,"Image: C:\Windows\System32\cmd.exe
RuleName: '-'
Description: Windows Command Processor
OriginalFileName: Cmd.Exe
TerminalSessionId: 1
ParentCommandLine: C:\xampp/php/php.exe  -n -d ""output_buffering=0"" -f install/install.php
Product: Microsoft® Windows® Operating System
Company: Microsoft Corporation
ParentProcessId: 6636
ParentUser: DESKTOP-JC89B03\soc
LogonGuid: 50A489D6-4F44-6AA7-21CB-080000000000
Hashes: MD5=2B40C98ED0F7A1D3B091A3E8353132DC,SHA256=BADF4752413CB0CBDC03FB95820CA167F0CDC63B597CCDB5EF43111180E088B0,IMPHASH=272245E2988E1E430500B852C4FB5E18
ParentProcessGuid: 50A489D6-F501-6AA7-4803-000000000D00
ProcessId: 6800
CurrentDirectory: C:\xampp\
ProcessGuid: 50A489D6-F504-6AA7-A303-000000000D00
CommandLine: cmd.exe /s /c "".\install\awk.exe -v DIR=""C:/xampp"" -v CONFIG=""C:\\xampp\\apache\\conf\\extra\\httpd-mpm.conf"" -v CONFIGNEW=""C:\\xampp\\apache\\conf\\extra\\httpd-mpm.conftemp""  -v SUBSTIT=""/xampp"" -f .\install\config.awk""
FileVersion: 10.0.19041.4355 (WinBuild.160101.0800)
User: DESKTOP-JC89B03\soc
LogonId: '0x8cb21'
IntegrityLevel: High
ParentImage: C:\xampp\php\php.exe
UtcTime: 2026-09-14 13:22:12.355
"
2026-09-14T13:22:12.417308+00:00,Suspicious Process By Web Server Process,C:\logs\sysmon_20260919_043610.evtx,1,Microsoft-Windows-Sysmon,1,30647,DESKTOP-JC89B03,"Image: C:\Windows\System32\cmd.exe
RuleName: '-'
Description: Windows Command Processor
OriginalFileName: Cmd.Exe
TerminalSessionId: 1
ParentCommandLine: C:\xampp/php/php.exe  -n -d ""output_buffering=0"" -f install/install.php
Product: Microsoft® Windows® Operating System
Company: Microsoft Corporation
ParentProcessId: 6636
ParentUser: DESKTOP-JC89B03\soc
LogonGuid: 50A489D6-4F44-6AA7-21CB-080000000000
Hashes: MD5=2B40C98ED0F7A1D3B091A3E8353132DC,SHA256=BADF4752413CB0CBDC03FB95820CA167F0CDC63B597CCDB5EF43111180E088B0,IMPHASH=272245E2988E1E430500B852C4FB5E18
ParentProcessGuid: 50A489D6-F501-6AA7-4803-000000000D00
ProcessId: 3612
CurrentDirectory: C:\xampp\
ProcessGuid: 50A489D6-F504-6AA7-A503-000000000D00
CommandLine: cmd.exe /s /c "".\install\awk.exe -v DIR=""C:/xampp"" -v CONFIG=""C:\\xampp\\apache\\conf\\extra\\httpd-multilang-errordoc.conf"" -v CONFIGNEW=""C:\\xampp\\apache\\conf\\extra\\httpd-multilang-errordoc.conftemp""  -v SUBSTIT=""/xampp"" -f .\install\config.awk""
FileVersion: 10.0.19041.4355 (WinBuild.160101.0800)
User: DESKTOP-JC89B03\soc
LogonId: '0x8cb21'
IntegrityLevel: High
ParentImage: C:\xampp\php\php.exe
UtcTime: 2026-09-14 13:22:12.404
"
2026-09-14T13:22:12.470892+00:00,Suspicious Process By Web Server Process,C:\logs\sysmon_20260919_043610.evtx,1,Microsoft-Windows-Sysmon,1,30649,DESKTOP-JC89B03,"Image: C:\Windows\System32\cmd.exe
RuleName: '-'
Description: Windows Command Processor
OriginalFileName: Cmd.Exe
TerminalSessionId: 1
ParentCommandLine: C:\xampp/php/php.exe  -n -d ""output_buffering=0"" -f install/install.php
Product: Microsoft® Windows® Operating System
Company: Microsoft Corporation
ParentProcessId: 6636
ParentUser: DESKTOP-JC89B03\soc
LogonGuid: 50A489D6-4F44-6AA7-21CB-080000000000
Hashes: MD5=2B40C98ED0F7A1D3B091A3E8353132DC,SHA256=BADF4752413CB0CBDC03FB95820CA167F0CDC63B597CCDB5EF43111180E088B0,IMPHASH=272245E2988E1E430500B852C4FB5E18
ParentProcessGuid: 50A489D6-F501-6AA7-4803-000000000D00
ProcessId: 4604
CurrentDirectory: C:\xampp\
ProcessGuid: 50A489D6-F504-6AA7-A703-000000000D00
CommandLine: cmd.exe /s /c "".\install\awk.exe -v DIR=""C:/xampp"" -v CONFIG=""C:\\xampp\\apache\\conf\\extra\\httpd-ssl.conf"" -v CONFIGNEW=""C:\\xampp\\apache\\conf\\extra\\httpd-ssl.conftemp""  -v SUBSTIT=""/xampp"" -f .\install\config.awk""
FileVersion: 10.0.19041.4355 (WinBuild.160101.0800)
User: DESKTOP-JC89B03\soc
LogonId: '0x8cb21'
IntegrityLevel: High
ParentImage: C:\xampp\php\php.exe
UtcTime: 2026-09-14 13:22:12.460
"
2026-09-14T13:22:12.526650+00:00,Suspicious Process By Web Server Process,C:\logs\sysmon_20260919_043610.evtx,1,Microsoft-Windows-Sysmon,1,30651,DESKTOP-JC89B03,"Image: C:\Windows\System32\cmd.exe
RuleName: '-'
Description: Windows Command Processor
OriginalFileName: Cmd.Exe
TerminalSessionId: 1
ParentCommandLine: C:\xampp/php/php.exe  -n -d ""output_buffering=0"" -f install/install.php
Product: Microsoft® Windows® Operating System
Company: Microsoft Corporation
ParentProcessId: 6636
ParentUser: DESKTOP-JC89B03\soc
LogonGuid: 50A489D6-4F44-6AA7-21CB-080000000000
Hashes: MD5=2B40C98ED0F7A1D3B091A3E8353132DC,SHA256=BADF4752413CB0CBDC03FB95820CA167F0CDC63B597CCDB5EF43111180E088B0,IMPHASH=272245E2988E1E430500B852C4FB5E18
ParentProcessGuid: 50A489D6-F501-6AA7-4803-000000000D00
ProcessId: 1232
CurrentDirectory: C:\xampp\
ProcessGuid: 50A489D6-F504-6AA7-A903-000000000D00
CommandLine: cmd.exe /s /c "".\install\awk.exe -v DIR=""C:/xampp"" -v CONFIG=""C:\\xampp\\apache\\conf\\extra\\httpd-userdir.conf"" -v CONFIGNEW=""C:\\xampp\\apache\\conf\\extra\\httpd-userdir.conftemp""  -v SUBSTIT=""/xampp"" -f .\install\config.awk""
FileVersion: 10.0.19041.4355 (WinBuild.160101.0800)
User: DESKTOP-JC89B03\soc
LogonId: '0x8cb21'
IntegrityLevel: High
ParentImage: C:\xampp\php\php.exe
UtcTime: 2026-09-14 13:22:12.511
"
2026-09-14T13:22:12.573831+00:00,Suspicious Process By Web Server Process,C:\logs\sysmon_20260919_043610.evtx,1,Microsoft-Windows-Sysmon,1,30653,DESKTOP-JC89B03,"Image: C:\Windows\System32\cmd.exe
RuleName: '-'
Description: Windows Command Processor
OriginalFileName: Cmd.Exe
TerminalSessionId: 1
ParentCommandLine: C:\xampp/php/php.exe  -n -d ""output_buffering=0"" -f install/install.php
Product: Microsoft® Windows® Operating System
Company: Microsoft Corporation
ParentProcessId: 6636
ParentUser: DESKTOP-JC89B03\soc
LogonGuid: 50A489D6-4F44-6AA7-21CB-080000000000
Hashes: MD5=2B40C98ED0F7A1D3B091A3E8353132DC,SHA256=BADF4752413CB0CBDC03FB95820CA167F0CDC63B597CCDB5EF43111180E088B0,IMPHASH=272245E2988E1E430500B852C4FB5E18
ParentProcessGuid: 50A489D6-F501-6AA7-4803-000000000D00
ProcessId: 5584
CurrentDirectory: C:\xampp\
ProcessGuid: 50A489D6-F504-6AA7-AB03-000000000D00
CommandLine: cmd.exe /s /c "".\install\awk.exe -v DIR=""C:/xampp"" -v CONFIG=""C:\\xampp\\apache\\conf\\extra\\httpd-vhosts.conf"" -v CONFIGNEW=""C:\\xampp\\apache\\conf\\extra\\httpd-vhosts.conftemp""  -v SUBSTIT=""/xampp"" -f .\install\config.awk""
FileVersion: 10.0.19041.4355 (WinBuild.160101.0800)
User: DESKTOP-JC89B03\soc
LogonId: '0x8cb21'
IntegrityLevel: High
ParentImage: C:\xampp\php\php.exe
UtcTime: 2026-09-14 13:22:12.560
"
2026-09-14T13:22:12.621721+00:00,Suspicious Process By Web Server Process,C:\logs\sysmon_20260919_043610.evtx,1,Microsoft-Windows-Sysmon,1,30655,DESKTOP-JC89B03,"Image: C:\Windows\System32\cmd.exe
RuleName: '-'
Description: Windows Command Processor
OriginalFileName: Cmd.Exe
TerminalSessionId: 1
ParentCommandLine: C:\xampp/php/php.exe  -n -d ""output_buffering=0"" -f install/install.php
Product: Microsoft® Windows® Operating System
Company: Microsoft Corporation
ParentProcessId: 6636
ParentUser: DESKTOP-JC89B03\soc
LogonGuid: 50A489D6-4F44-6AA7-21CB-080000000000
Hashes: MD5=2B40C98ED0F7A1D3B091A3E8353132DC,SHA256=BADF4752413CB0CBDC03FB95820CA167F0CDC63B597CCDB5EF43111180E088B0,IMPHASH=272245E2988E1E430500B852C4FB5E18
ParentProcessGuid: 50A489D6-F501-6AA7-4803-000000000D00
ProcessId: 1364
CurrentDirectory: C:\xampp\
ProcessGuid: 50A489D6-F504-6AA7-AD03-000000000D00
CommandLine: cmd.exe /s /c "".\install\awk.exe -v DIR=""C:/xampp"" -v CONFIG=""C:\\xampp\\apache\\conf\\extra\\httpd-xampp.conf"" -v CONFIGNEW=""C:\\xampp\\apache\\conf\\extra\\httpd-xampp.conftemp""  -v SUBSTIT=""/xampp"" -f .\install\config.awk""
FileVersion: 10.0.19041.4355 (WinBuild.160101.0800)
User: DESKTOP-JC89B03\soc
LogonId: '0x8cb21'
IntegrityLevel: High
ParentImage: C:\xampp\php\php.exe
UtcTime: 2026-09-14 13:22:12.608
"
2026-09-14T13:22:12.668897+00:00,Suspicious Process By Web Server Process,C:\logs\sysmon_20260919_043610.evtx,1,Microsoft-Windows-Sysmon,1,30657,DESKTOP-JC89B03,"Image: C:\Windows\System32\cmd.exe
RuleName: '-'
Description: Windows Command Processor
OriginalFileName: Cmd.Exe
TerminalSessionId: 1
ParentCommandLine: C:\xampp/php/php.exe  -n -d ""output_buffering=0"" -f install/install.php
Product: Microsoft® Windows® Operating System
Company: Microsoft Corporation
ParentProcessId: 6636
ParentUser: DESKTOP-JC89B03\soc
LogonGuid: 50A489D6-4F44-6AA7-21CB-080000000000
Hashes: MD5=2B40C98ED0F7A1D3B091A3E8353132DC,SHA256=BADF4752413CB0CBDC03FB95820CA167F0CDC63B597CCDB5EF43111180E088B0,IMPHASH=272245E2988E1E430500B852C4FB5E18
ParentProcessGuid: 50A489D6-F501-6AA7-4803-000000000D00
ProcessId: 10428
CurrentDirectory: C:\xampp\
ProcessGuid: 50A489D6-F504-6AA7-AF03-000000000D00
CommandLine: cmd.exe /s /c "".\install\awk.exe -v DIR=""C:/xampp"" -v CONFIG=""C:\\xampp\\perl\\lib\\CPAN\\Config.pm"" -v CONFIGNEW=""C:\\xampp\\perl\\lib\\CPAN\\Config.pmtemp""  -v SUBSTIT=""/xampp"" -f .\install\config.awk""
FileVersion: 10.0.19041.4355 (WinBuild.160101.0800)
User: DESKTOP-JC89B03\soc
LogonId: '0x8cb21'
IntegrityLevel: High
ParentImage: C:\xampp\php\php.exe
UtcTime: 2026-09-14 13:22:12.657
"
2026-09-14T13:22:15.753133+00:00,Stop Windows Service Via Net.EXE,C:\logs\sysmon_20260919_043610.evtx,1,Microsoft-Windows-Sysmon,1,30673,DESKTOP-JC89B03,"Image: C:\Windows\System32\net.exe
RuleName: '-'
Description: Net Command
OriginalFileName: net.exe
TerminalSessionId: 1
ParentCommandLine: C:\Windows\system32\cmd.exe /s /c "" start /MIN net stop ***unknown variable apache_unique_service_name***""
Product: Microsoft® Windows® Operating System
Company: Microsoft Corporation
ParentProcessId: 5384
ParentUser: DESKTOP-JC89B03\soc
LogonGuid: 50A489D6-4F44-6AA7-21CB-080000000000
Hashes: MD5=0BD94A338EEA5A4E1F2830AE326E6D19,SHA256=9F376759BCBCD705F726460FC4A7E2B07F310F52BAA73CAAAAA124FDDBDF993E,IMPHASH=57F0C47AE2A1A2C06C8B987372AB0B07
ParentProcessGuid: 50A489D6-F507-6AA7-BC03-000000000D00
ProcessId: 1968
CurrentDirectory: C:\Users\soc\Downloads\
ProcessGuid: 50A489D6-F507-6AA7-BE03-000000000D00
CommandLine: net  stop ***unknown variable apache_unique_service_name***
FileVersion: 10.0.19041.1 (WinBuild.160101.0800)
User: DESKTOP-JC89B03\soc
LogonId: '0x8cb21'
IntegrityLevel: High
ParentImage: C:\Windows\System32\cmd.exe
UtcTime: 2026-09-14 13:22:15.744
"
2026-09-14T13:22:15.864921+00:00,Stop Windows Service Via Net.EXE,C:\logs\sysmon_20260919_043610.evtx,1,Microsoft-Windows-Sysmon,1,30674,DESKTOP-JC89B03,"Image: C:\Windows\System32\net1.exe
RuleName: '-'
Description: Net Command
OriginalFileName: net1.exe
TerminalSessionId: 1
ParentCommandLine: net  stop ***unknown variable apache_unique_service_name***
Product: Microsoft® Windows® Operating System
Company: Microsoft Corporation
ParentProcessId: 1968
ParentUser: DESKTOP-JC89B03\soc
LogonGuid: 50A489D6-4F44-6AA7-21CB-080000000000
Hashes: MD5=78E53D5AE8839C58FA40BEA32B775999,SHA256=E62071AA18768DD88ACAF97FA7B1F2FEC9FCCE89736C1EE9A800699328D196EA,IMPHASH=537AEF5B177E3302247DAB07A052B2D8
ParentProcessGuid: 50A489D6-F507-6AA7-BE03-000000000D00
ProcessId: 6896
CurrentDirectory: C:\Users\soc\Downloads\
ProcessGuid: 50A489D6-F507-6AA7-C003-000000000D00
CommandLine: C:\Windows\system32\net1  stop ***unknown variable apache_unique_service_name***
FileVersion: 10.0.19041.3636 (WinBuild.160101.0800)
User: DESKTOP-JC89B03\soc
LogonId: '0x8cb21'
IntegrityLevel: High
ParentImage: C:\Windows\System32\net.exe
UtcTime: 2026-09-14 13:22:15.857
"
2026-09-14T14:34:09.375078+00:00,Non Interactive PowerShell Process Spawned,C:\logs\sysmon_20260919_043610.evtx,1,Microsoft-Windows-Sysmon,1,32945,DESKTOP-JC89B03,"Image: C:\Windows\SysWOW64\WindowsPowerShell\v1.0\powershell.exe
RuleName: '-'
Description: Windows PowerShell
OriginalFileName: PowerShell.EXE
TerminalSessionId: 0
ParentCommandLine: '""C:\Program Files (x86)\ossec-agent\wazuh-agent.exe""'
Product: Microsoft® Windows® Operating System
Company: Microsoft Corporation
ParentProcessId: 2204
ParentUser: NT AUTHORITY\SYSTEM
LogonGuid: 50A489D6-05D5-6AA8-E703-000000000000
Hashes: MD5=6BB54B2D7A3D63578559239A79700EA3,SHA256=870EDA04EA71CC066EC907F005E1D05CE592F04799C60E600E2CB986DC85B5EB,IMPHASH=82E387AE778A57C7A6473B5554B4184E
ParentProcessGuid: 50A489D6-05D8-6AA8-4B00-000000000E00
ProcessId: 4344
CurrentDirectory: C:\Program Files (x86)\ossec-agent\
ProcessGuid: 50A489D6-05DC-6AA8-6000-000000000E00
CommandLine: powershell secedit /export /cfg $env:TEMP\secpol.cfg; Get-Content $env:TEMP\secpol.cfg | Select-String ""PasswordHistorySize""; Remove-Item $env:TEMP\secpol.cfg
FileVersion: 10.0.19041.3996 (WinBuild.160101.0800)
User: NT AUTHORITY\SYSTEM
LogonId: '0x3e7'
IntegrityLevel: System
ParentImage: C:\Program Files (x86)\ossec-agent\wazuh-agent.exe
UtcTime: 2026-09-14 14:34:04.124
"
2026-09-14T14:34:35.254083+00:00,Non Interactive PowerShell Process Spawned,C:\logs\sysmon_20260919_043610.evtx,1,Microsoft-Windows-Sysmon,1,33061,DESKTOP-JC89B03,"Image: C:\Windows\SysWOW64\WindowsPowerShell\v1.0\powershell.exe
RuleName: '-'
Description: Windows PowerShell
OriginalFileName: PowerShell.EXE
TerminalSessionId: 0
ParentCommandLine: '""C:\Program Files (x86)\ossec-agent\wazuh-agent.exe""'
Product: Microsoft® Windows® Operating System
Company: Microsoft Corporation
ParentProcessId: 2204
ParentUser: NT AUTHORITY\SYSTEM
LogonGuid: 50A489D6-05D5-6AA8-E703-000000000000
Hashes: MD5=6BB54B2D7A3D63578559239A79700EA3,SHA256=870EDA04EA71CC066EC907F005E1D05CE592F04799C60E600E2CB986DC85B5EB,IMPHASH=82E387AE778A57C7A6473B5554B4184E
ParentProcessGuid: 50A489D6-05D8-6AA8-4B00-000000000E00
ProcessId: 5064
CurrentDirectory: C:\Program Files (x86)\ossec-agent\
ProcessGuid: 50A489D6-05FB-6AA8-B100-000000000E00
CommandLine: powershell secedit /export /cfg $env:TEMP\secpol.cfg; Get-Content $env:TEMP\secpol.cfg | Select-String ""MaximumPasswordAge""; Remove-Item $env:TEMP\secpol.cfg
FileVersion: 10.0.19041.3996 (WinBuild.160101.0800)
User: NT AUTHORITY\SYSTEM
LogonId: '0x3e7'
IntegrityLevel: System
ParentImage: C:\Program Files (x86)\ossec-agent\wazuh-agent.exe
UtcTime: 2026-09-14 14:34:35.172
"
2026-09-14T14:34:37.715235+00:00,Potential Suspicious Activity Using SeCEdit,C:\logs\sysmon_20260919_043610.evtx,1,Microsoft-Windows-Sysmon,1,33064,DESKTOP-JC89B03,"Image: C:\Windows\SysWOW64\SecEdit.exe
RuleName: '-'
Description: Windows Security Configuration Editor Command Tool
OriginalFileName: SeCEdit
TerminalSessionId: 0
ParentCommandLine: powershell secedit /export /cfg $env:TEMP\secpol.cfg; Get-Content $env:TEMP\secpol.cfg | Select-String ""MaximumPasswordAge""; Remove-Item $env:TEMP\secpol.cfg
Product: Microsoft® Windows® Operating System
Company: Microsoft Corporation
ParentProcessId: 5064
ParentUser: NT AUTHORITY\SYSTEM
LogonGuid: 50A489D6-05D5-6AA8-E703-000000000000
Hashes: MD5=BFC13856291E4B804D33BBAEFC8CB3B5,SHA256=56CB815F0FDA92C4658296692E4F70DEE557137528482FE7A834296BFDB710C0,IMPHASH=615449A6A25801F47AE0D7578EB950B4
ParentProcessGuid: 50A489D6-05FB-6AA8-B100-000000000E00
ProcessId: 5580
CurrentDirectory: C:\Program Files (x86)\ossec-agent\
ProcessGuid: 50A489D6-05FD-6AA8-B600-000000000E00
CommandLine: '""C:\Windows\system32\SecEdit.exe"" /export /cfg C:\Windows\TEMP\secpol.cfg'
FileVersion: 10.0.19041.1 (WinBuild.160101.0800)
User: NT AUTHORITY\SYSTEM
LogonId: '0x3e7'
IntegrityLevel: System
ParentImage: C:\Windows\SysWOW64\WindowsPowerShell\v1.0\powershell.exe
UtcTime: 2026-09-14 14:34:37.704
"
2026-09-14T14:34:39.948839+00:00,Non Interactive PowerShell Process Spawned,C:\logs\sysmon_20260919_043610.evtx,1,Microsoft-Windows-Sysmon,1,33067,DESKTOP-JC89B03,"Image: C:\Windows\SysWOW64\WindowsPowerShell\v1.0\powershell.exe
RuleName: '-'
Description: Windows PowerShell
OriginalFileName: PowerShell.EXE
TerminalSessionId: 0
ParentCommandLine: '""C:\Program Files (x86)\ossec-agent\wazuh-agent.exe""'
Product: Microsoft® Windows® Operating System
Company: Microsoft Corporation
ParentProcessId: 2204
ParentUser: NT AUTHORITY\SYSTEM
LogonGuid: 50A489D6-05D5-6AA8-E703-000000000000
Hashes: MD5=6BB54B2D7A3D63578559239A79700EA3,SHA256=870EDA04EA71CC066EC907F005E1D05CE592F04799C60E600E2CB986DC85B5EB,IMPHASH=82E387AE778A57C7A6473B5554B4184E
ParentProcessGuid: 50A489D6-05D8-6AA8-4B00-000000000E00
ProcessId: 4916
CurrentDirectory: C:\Program Files (x86)\ossec-agent\
ProcessGuid: 50A489D6-05FF-6AA8-B900-000000000E00
CommandLine: powershell secedit /export /cfg $env:TEMP\secpol.cfg; Get-Content $env:TEMP\secpol.cfg | Select-String ""MaximumPasswordAge""; Remove-Item $env:TEMP\secpol.cfg
FileVersion: 10.0.19041.3996 (WinBuild.160101.0800)
User: NT AUTHORITY\SYSTEM
LogonId: '0x3e7'
IntegrityLevel: System
ParentImage: C:\Program Files (x86)\ossec-agent\wazuh-agent.exe
UtcTime: 2026-09-14 14:34:39.946
"
2026-09-14T14:34:43.768950+00:00,Potential Suspicious Activity Using SeCEdit,C:\logs\sysmon_20260919_043610.evtx,1,Microsoft-Windows-Sysmon,1,33114,DESKTOP-JC89B03,"Image: C:\Windows\SysWOW64\SecEdit.exe
RuleName: '-'
Description: Windows Security Configuration Editor Command Tool
OriginalFileName: SeCEdit
TerminalSessionId: 0
ParentCommandLine: powershell secedit /export /cfg $env:TEMP\secpol.cfg; Get-Content $env:TEMP\secpol.cfg | Select-String ""MaximumPasswordAge""; Remove-Item $env:TEMP\secpol.cfg
Product: Microsoft® Windows® Operating System
Company: Microsoft Corporation
ParentProcessId: 4916
ParentUser: NT AUTHORITY\SYSTEM
LogonGuid: 50A489D6-05D5-6AA8-E703-000000000000
Hashes: MD5=BFC13856291E4B804D33BBAEFC8CB3B5,SHA256=56CB815F0FDA92C4658296692E4F70DEE557137528482FE7A834296BFDB710C0,IMPHASH=615449A6A25801F47AE0D7578EB950B4
ParentProcessGuid: 50A489D6-05FF-6AA8-B900-000000000E00
ProcessId: 8532
CurrentDirectory: C:\Program Files (x86)\ossec-agent\
ProcessGuid: 50A489D6-0603-6AA8-C000-000000000E00
CommandLine: '""C:\Windows\system32\SecEdit.exe"" /export /cfg C:\Windows\TEMP\secpol.cfg'
FileVersion: 10.0.19041.1 (WinBuild.160101.0800)
User: NT AUTHORITY\SYSTEM
LogonId: '0x3e7'
IntegrityLevel: System
ParentImage: C:\Windows\SysWOW64\WindowsPowerShell\v1.0\powershell.exe
UtcTime: 2026-09-14 14:34:43.745
"
