2026-09-14T01:35:23.389115+00:00,Potential Suspicious Activity Using SeCEdit,C:\logs\sysmon_20260919_043610.evtx,1,Microsoft-Windows-Sysmon,1,28911,DESKTOP-JC89B03,"Image: C:\Windows\SysWOW64\SecEdit.exe
RuleName: '-'
Description: Windows Security Configuration Editor Command Tool
OriginalFileName: SeCEdit
TerminalSessionId: 0
ParentCommandLine: powershell secedit /export /cfg $env:TEMP\secpol.cfg; Get-Content $env:TEMP\secpol.cfg | Select-String ""MaximumPasswordAge""; Remove-Item $env:TEMP\secpol.cfg
Product: Microsoft® Windows® Operating System
Company: Microsoft Corporation
ParentProcessId: 7580
ParentUser: NT AUTHORITY\SYSTEM
LogonGuid: 50A489D6-4F33-6AA7-E703-000000000000
Hashes: MD5=BFC13856291E4B804D33BBAEFC8CB3B5,SHA256=56CB815F0FDA92C4658296692E4F70DEE557137528482FE7A834296BFDB710C0,IMPHASH=615449A6A25801F47AE0D7578EB950B4
ParentProcessGuid: 50A489D6-4F5A-6AA7-C200-000000000D00
ProcessId: 864
CurrentDirectory: C:\Program Files (x86)\ossec-agent\
ProcessGuid: 50A489D6-4F5B-6AA7-C400-000000000D00
CommandLine: '""C:\Windows\system32\SecEdit.exe"" /export /cfg C:\Windows\TEMP\secpol.cfg'
FileVersion: 10.0.19041.1 (WinBuild.160101.0800)
User: NT AUTHORITY\SYSTEM
LogonId: '0x3e7'
IntegrityLevel: System
ParentImage: C:\Windows\SysWOW64\WindowsPowerShell\v1.0\powershell.exe
UtcTime: 2026-09-14 01:35:23.383
"
2026-09-14T01:35:24.669224+00:00,Non Interactive PowerShell Process Spawned,C:\logs\sysmon_20260919_043610.evtx,1,Microsoft-Windows-Sysmon,1,28915,DESKTOP-JC89B03,"Image: C:\Windows\SysWOW64\WindowsPowerShell\v1.0\powershell.exe
RuleName: '-'
Description: Windows PowerShell
OriginalFileName: PowerShell.EXE
TerminalSessionId: 0
ParentCommandLine: '""C:\Program Files (x86)\ossec-agent\wazuh-agent.exe""'
Product: Microsoft® Windows® Operating System
Company: Microsoft Corporation
ParentProcessId: 2096
ParentUser: NT AUTHORITY\SYSTEM
LogonGuid: 50A489D6-4F33-6AA7-E703-000000000000
Hashes: MD5=6BB54B2D7A3D63578559239A79700EA3,SHA256=870EDA04EA71CC066EC907F005E1D05CE592F04799C60E600E2CB986DC85B5EB,IMPHASH=82E387AE778A57C7A6473B5554B4184E
ParentProcessGuid: 50A489D6-4F36-6AA7-4F00-000000000D00
ProcessId: 8660
CurrentDirectory: C:\Program Files (x86)\ossec-agent\
ProcessGuid: 50A489D6-4F5C-6AA7-C800-000000000D00
CommandLine: powershell secedit /export /cfg $env:TEMP\secpol.cfg; Get-Content $env:TEMP\secpol.cfg | Select-String ""MinimumPasswordAge""; Remove-Item $env:TEMP\secpol.cfg
FileVersion: 10.0.19041.3996 (WinBuild.160101.0800)
User: NT AUTHORITY\SYSTEM
LogonId: '0x3e7'
IntegrityLevel: System
ParentImage: C:\Program Files (x86)\ossec-agent\wazuh-agent.exe
UtcTime: 2026-09-14 01:35:24.653
"
2026-09-14T01:35:28.914940+00:00,Potential Suspicious Activity Using SeCEdit,C:\logs\sysmon_20260919_043610.evtx,1,Microsoft-Windows-Sysmon,1,28964,DESKTOP-JC89B03,"Image: C:\Windows\SysWOW64\SecEdit.exe
RuleName: '-'
Description: Windows Security Configuration Editor Command Tool
OriginalFileName: SeCEdit
TerminalSessionId: 0
ParentCommandLine: powershell secedit /export /cfg $env:TEMP\secpol.cfg; Get-Content $env:TEMP\secpol.cfg | Select-String ""MinimumPasswordAge""; Remove-Item $env:TEMP\secpol.cfg
Product: Microsoft® Windows® Operating System
Company: Microsoft Corporation
ParentProcessId: 8660
ParentUser: NT AUTHORITY\SYSTEM
LogonGuid: 50A489D6-4F33-6AA7-E703-000000000000
Hashes: MD5=BFC13856291E4B804D33BBAEFC8CB3B5,SHA256=56CB815F0FDA92C4658296692E4F70DEE557137528482FE7A834296BFDB710C0,IMPHASH=615449A6A25801F47AE0D7578EB950B4
ParentProcessGuid: 50A489D6-4F5C-6AA7-C800-000000000D00
ProcessId: 864
CurrentDirectory: C:\Program Files (x86)\ossec-agent\
ProcessGuid: 50A489D6-4F60-6AA7-CE00-000000000D00
CommandLine: '""C:\Windows\system32\SecEdit.exe"" /export /cfg C:\Windows\TEMP\secpol.cfg'
FileVersion: 10.0.19041.1 (WinBuild.160101.0800)
User: NT AUTHORITY\SYSTEM
LogonId: '0x3e7'
IntegrityLevel: System
ParentImage: C:\Windows\SysWOW64\WindowsPowerShell\v1.0\powershell.exe
UtcTime: 2026-09-14 01:35:28.906
"
2026-09-14T01:35:35.028223+00:00,Non Interactive PowerShell Process Spawned,C:\logs\sysmon_20260919_043610.evtx,1,Microsoft-Windows-Sysmon,1,28979,DESKTOP-JC89B03,"Image: C:\Windows\SysWOW64\WindowsPowerShell\v1.0\powershell.exe
RuleName: '-'
Description: Windows PowerShell
OriginalFileName: PowerShell.EXE
TerminalSessionId: 0
ParentCommandLine: '""C:\Program Files (x86)\ossec-agent\wazuh-agent.exe""'
Product: Microsoft® Windows® Operating System
Company: Microsoft Corporation
ParentProcessId: 2096
ParentUser: NT AUTHORITY\SYSTEM
LogonGuid: 50A489D6-4F33-6AA7-E703-000000000000
Hashes: MD5=6BB54B2D7A3D63578559239A79700EA3,SHA256=870EDA04EA71CC066EC907F005E1D05CE592F04799C60E600E2CB986DC85B5EB,IMPHASH=82E387AE778A57C7A6473B5554B4184E
ParentProcessGuid: 50A489D6-4F36-6AA7-4F00-000000000D00
ProcessId: 9912
CurrentDirectory: C:\Program Files (x86)\ossec-agent\
ProcessGuid: 50A489D6-4F67-6AA7-DD00-000000000D00
CommandLine: powershell secedit /export /cfg $env:TEMP\secpol.cfg; Get-Content $env:TEMP\secpol.cfg | Select-String ""MinimumPasswordLength""; Remove-Item $env:TEMP\secpol.cfg
FileVersion: 10.0.19041.3996 (WinBuild.160101.0800)
User: NT AUTHORITY\SYSTEM
LogonId: '0x3e7'
IntegrityLevel: System
ParentImage: C:\Program Files (x86)\ossec-agent\wazuh-agent.exe
UtcTime: 2026-09-14 01:35:35.005
"
2026-09-14T01:35:42.431355+00:00,Potential Suspicious Activity Using SeCEdit,C:\logs\sysmon_20260919_043610.evtx,1,Microsoft-Windows-Sysmon,1,28995,DESKTOP-JC89B03,"Image: C:\Windows\SysWOW64\SecEdit.exe
RuleName: '-'
Description: Windows Security Configuration Editor Command Tool
OriginalFileName: SeCEdit
TerminalSessionId: 0
ParentCommandLine: powershell secedit /export /cfg $env:TEMP\secpol.cfg; Get-Content $env:TEMP\secpol.cfg | Select-String ""MinimumPasswordLength""; Remove-Item $env:TEMP\secpol.cfg
Product: Microsoft® Windows® Operating System
Company: Microsoft Corporation
ParentProcessId: 9912
ParentUser: NT AUTHORITY\SYSTEM
LogonGuid: 50A489D6-4F33-6AA7-E703-000000000000
Hashes: MD5=BFC13856291E4B804D33BBAEFC8CB3B5,SHA256=56CB815F0FDA92C4658296692E4F70DEE557137528482FE7A834296BFDB710C0,IMPHASH=615449A6A25801F47AE0D7578EB950B4
ParentProcessGuid: 50A489D6-4F67-6AA7-DD00-000000000D00
ProcessId: 10596
CurrentDirectory: C:\Program Files (x86)\ossec-agent\
ProcessGuid: 50A489D6-4F6E-6AA7-EF00-000000000D00
CommandLine: '""C:\Windows\system32\SecEdit.exe"" /export /cfg C:\Windows\TEMP\secpol.cfg'
FileVersion: 10.0.19041.1 (WinBuild.160101.0800)
User: NT AUTHORITY\SYSTEM
LogonId: '0x3e7'
IntegrityLevel: System
ParentImage: C:\Windows\SysWOW64\WindowsPowerShell\v1.0\powershell.exe
UtcTime: 2026-09-14 01:35:42.418
"
2026-09-14T01:35:43.792335+00:00,Non Interactive PowerShell Process Spawned;PUA - Suspicious ActiveDirectory Enumeration Via AdFind.EXE,C:\logs\sysmon_20260919_043610.evtx,1,Microsoft-Windows-Sysmon,1,28996,DESKTOP-JC89B03,"Image: C:\Windows\SysWOW64\WindowsPowerShell\v1.0\powershell.exe
RuleName: '-'
Description: Windows PowerShell
OriginalFileName: PowerShell.EXE
TerminalSessionId: 0
ParentCommandLine: '""C:\Program Files (x86)\ossec-agent\wazuh-agent.exe""'
Product: Microsoft® Windows® Operating System
Company: Microsoft Corporation
ParentProcessId: 2096
ParentUser: NT AUTHORITY\SYSTEM
LogonGuid: 50A489D6-4F33-6AA7-E703-000000000000
Hashes: MD5=6BB54B2D7A3D63578559239A79700EA3,SHA256=870EDA04EA71CC066EC907F005E1D05CE592F04799C60E600E2CB986DC85B5EB,IMPHASH=82E387AE778A57C7A6473B5554B4184E
ParentProcessGuid: 50A489D6-4F36-6AA7-4F00-000000000D00
ProcessId: 10636
CurrentDirectory: C:\Program Files (x86)\ossec-agent\
ProcessGuid: 50A489D6-4F6F-6AA7-F000-000000000D00
CommandLine: powershell secedit /export /cfg $env:TEMP\secpol.cfg; Get-Content $env:TEMP\secpol.cfg | Select-String ""LockoutDuration""; Remove-Item $env:TEMP\secpol.cfg
FileVersion: 10.0.19041.3996 (WinBuild.160101.0800)
User: NT AUTHORITY\SYSTEM
LogonId: '0x3e7'
IntegrityLevel: System
ParentImage: C:\Program Files (x86)\ossec-agent\wazuh-agent.exe
UtcTime: 2026-09-14 01:35:43.771
"
2026-09-14T01:35:45.015248+00:00,Potential Suspicious Activity Using SeCEdit,C:\logs\sysmon_20260919_043610.evtx,1,Microsoft-Windows-Sysmon,1,28998,DESKTOP-JC89B03,"Image: C:\Windows\SysWOW64\SecEdit.exe
RuleName: '-'
Description: Windows Security Configuration Editor Command Tool
OriginalFileName: SeCEdit
TerminalSessionId: 0
ParentCommandLine: powershell secedit /export /cfg $env:TEMP\secpol.cfg; Get-Content $env:TEMP\secpol.cfg | Select-String ""LockoutDuration""; Remove-Item $env:TEMP\secpol.cfg
Product: Microsoft® Windows® Operating System
Company: Microsoft Corporation
ParentProcessId: 10636
ParentUser: NT AUTHORITY\SYSTEM
LogonGuid: 50A489D6-4F33-6AA7-E703-000000000000
Hashes: MD5=BFC13856291E4B804D33BBAEFC8CB3B5,SHA256=56CB815F0FDA92C4658296692E4F70DEE557137528482FE7A834296BFDB710C0,IMPHASH=615449A6A25801F47AE0D7578EB950B4
ParentProcessGuid: 50A489D6-4F6F-6AA7-F000-000000000D00
ProcessId: 10760
CurrentDirectory: C:\Program Files (x86)\ossec-agent\
ProcessGuid: 50A489D6-4F71-6AA7-F200-000000000D00
CommandLine: '""C:\Windows\system32\SecEdit.exe"" /export /cfg C:\Windows\TEMP\secpol.cfg'
FileVersion: 10.0.19041.1 (WinBuild.160101.0800)
User: NT AUTHORITY\SYSTEM
LogonId: '0x3e7'
IntegrityLevel: System
ParentImage: C:\Windows\SysWOW64\WindowsPowerShell\v1.0\powershell.exe
UtcTime: 2026-09-14 01:35:45.007
"
2026-09-14T01:35:47.119335+00:00,Non Interactive PowerShell Process Spawned,C:\logs\sysmon_20260919_043610.evtx,1,Microsoft-Windows-Sysmon,1,29000,DESKTOP-JC89B03,"Image: C:\Windows\SysWOW64\WindowsPowerShell\v1.0\powershell.exe
RuleName: '-'
Description: Windows PowerShell
OriginalFileName: PowerShell.EXE
TerminalSessionId: 0
ParentCommandLine: '""C:\Program Files (x86)\ossec-agent\wazuh-agent.exe""'
Product: Microsoft® Windows® Operating System
Company: Microsoft Corporation
ParentProcessId: 2096
ParentUser: NT AUTHORITY\SYSTEM
LogonGuid: 50A489D6-4F33-6AA7-E703-000000000000
Hashes: MD5=6BB54B2D7A3D63578559239A79700EA3,SHA256=870EDA04EA71CC066EC907F005E1D05CE592F04799C60E600E2CB986DC85B5EB,IMPHASH=82E387AE778A57C7A6473B5554B4184E
ParentProcessGuid: 50A489D6-4F36-6AA7-4F00-000000000D00
ProcessId: 10892
CurrentDirectory: C:\Program Files (x86)\ossec-agent\
ProcessGuid: 50A489D6-4F73-6AA7-F400-000000000D00
CommandLine: powershell secedit /export /cfg $env:TEMP\secpol.cfg; Get-Content $env:TEMP\secpol.cfg | Select-String ""LockoutBadCount""; Remove-Item $env:TEMP\secpol.cfg
FileVersion: 10.0.19041.3996 (WinBuild.160101.0800)
User: NT AUTHORITY\SYSTEM
LogonId: '0x3e7'
IntegrityLevel: System
ParentImage: C:\Program Files (x86)\ossec-agent\wazuh-agent.exe
UtcTime: 2026-09-14 01:35:47.092
"
2026-09-14T01:35:48.293548+00:00,Potential Suspicious Activity Using SeCEdit,C:\logs\sysmon_20260919_043610.evtx,1,Microsoft-Windows-Sysmon,1,29002,DESKTOP-JC89B03,"Image: C:\Windows\SysWOW64\SecEdit.exe
RuleName: '-'
Description: Windows Security Configuration Editor Command Tool
OriginalFileName: SeCEdit
TerminalSessionId: 0
ParentCommandLine: powershell secedit /export /cfg $env:TEMP\secpol.cfg; Get-Content $env:TEMP\secpol.cfg | Select-String ""LockoutBadCount""; Remove-Item $env:TEMP\secpol.cfg
Product: Microsoft® Windows® Operating System
Company: Microsoft Corporation
ParentProcessId: 10892
ParentUser: NT AUTHORITY\SYSTEM
LogonGuid: 50A489D6-4F33-6AA7-E703-000000000000
Hashes: MD5=BFC13856291E4B804D33BBAEFC8CB3B5,SHA256=56CB815F0FDA92C4658296692E4F70DEE557137528482FE7A834296BFDB710C0,IMPHASH=615449A6A25801F47AE0D7578EB950B4
ParentProcessGuid: 50A489D6-4F73-6AA7-F400-000000000D00
ProcessId: 11048
CurrentDirectory: C:\Program Files (x86)\ossec-agent\
ProcessGuid: 50A489D6-4F74-6AA7-F600-000000000D00
CommandLine: '""C:\Windows\system32\SecEdit.exe"" /export /cfg C:\Windows\TEMP\secpol.cfg'
FileVersion: 10.0.19041.1 (WinBuild.160101.0800)
User: NT AUTHORITY\SYSTEM
LogonId: '0x3e7'
IntegrityLevel: System
ParentImage: C:\Windows\SysWOW64\WindowsPowerShell\v1.0\powershell.exe
UtcTime: 2026-09-14 01:35:48.287
"
2026-09-14T01:35:49.141287+00:00,Non Interactive PowerShell Process Spawned,C:\logs\sysmon_20260919_043610.evtx,1,Microsoft-Windows-Sysmon,1,29003,DESKTOP-JC89B03,"Image: C:\Windows\SysWOW64\WindowsPowerShell\v1.0\powershell.exe
RuleName: '-'
Description: Windows PowerShell
OriginalFileName: PowerShell.EXE
TerminalSessionId: 0
ParentCommandLine: '""C:\Program Files (x86)\ossec-agent\wazuh-agent.exe""'
Product: Microsoft® Windows® Operating System
Company: Microsoft Corporation
ParentProcessId: 2096
ParentUser: NT AUTHORITY\SYSTEM
LogonGuid: 50A489D6-4F33-6AA7-E703-000000000000
Hashes: MD5=6BB54B2D7A3D63578559239A79700EA3,SHA256=870EDA04EA71CC066EC907F005E1D05CE592F04799C60E600E2CB986DC85B5EB,IMPHASH=82E387AE778A57C7A6473B5554B4184E
ParentProcessGuid: 50A489D6-4F36-6AA7-4F00-000000000D00
ProcessId: 11088
CurrentDirectory: C:\Program Files (x86)\ossec-agent\
ProcessGuid: 50A489D6-4F75-6AA7-F700-000000000D00
CommandLine: powershell secedit /export /cfg $env:TEMP\secpol.cfg; Get-Content $env:TEMP\secpol.cfg | Select-String ""LockoutBadCount""; Remove-Item $env:TEMP\secpol.cfg
FileVersion: 10.0.19041.3996 (WinBuild.160101.0800)
User: NT AUTHORITY\SYSTEM
LogonId: '0x3e7'
IntegrityLevel: System
ParentImage: C:\Program Files (x86)\ossec-agent\wazuh-agent.exe
UtcTime: 2026-09-14 01:35:49.139
"
2026-09-14T01:35:49.966833+00:00,Potential Suspicious Activity Using SeCEdit,C:\logs\sysmon_20260919_043610.evtx,1,Microsoft-Windows-Sysmon,1,29005,DESKTOP-JC89B03,"Image: C:\Windows\SysWOW64\SecEdit.exe
RuleName: '-'
Description: Windows Security Configuration Editor Command Tool
OriginalFileName: SeCEdit
TerminalSessionId: 0
ParentCommandLine: powershell secedit /export /cfg $env:TEMP\secpol.cfg; Get-Content $env:TEMP\secpol.cfg | Select-String ""LockoutBadCount""; Remove-Item $env:TEMP\secpol.cfg
Product: Microsoft® Windows® Operating System
Company: Microsoft Corporation
ParentProcessId: 11088
ParentUser: NT AUTHORITY\SYSTEM
LogonGuid: 50A489D6-4F33-6AA7-E703-000000000000
Hashes: MD5=BFC13856291E4B804D33BBAEFC8CB3B5,SHA256=56CB815F0FDA92C4658296692E4F70DEE557137528482FE7A834296BFDB710C0,IMPHASH=615449A6A25801F47AE0D7578EB950B4
ParentProcessGuid: 50A489D6-4F75-6AA7-F700-000000000D00
ProcessId: 11212
CurrentDirectory: C:\Program Files (x86)\ossec-agent\
ProcessGuid: 50A489D6-4F75-6AA7-F900-000000000D00
CommandLine: '""C:\Windows\system32\SecEdit.exe"" /export /cfg C:\Windows\TEMP\secpol.cfg'
FileVersion: 10.0.19041.1 (WinBuild.160101.0800)
User: NT AUTHORITY\SYSTEM
LogonId: '0x3e7'
IntegrityLevel: System
ParentImage: C:\Windows\SysWOW64\WindowsPowerShell\v1.0\powershell.exe
UtcTime: 2026-09-14 01:35:49.961
"
2026-09-14T01:35:50.711474+00:00,Non Interactive PowerShell Process Spawned,C:\logs\sysmon_20260919_043610.evtx,1,Microsoft-Windows-Sysmon,1,29006,DESKTOP-JC89B03,"Image: C:\Windows\SysWOW64\WindowsPowerShell\v1.0\powershell.exe
RuleName: '-'
Description: Windows PowerShell
OriginalFileName: PowerShell.EXE
TerminalSessionId: 0
ParentCommandLine: '""C:\Program Files (x86)\ossec-agent\wazuh-agent.exe""'
Product: Microsoft® Windows® Operating System
Company: Microsoft Corporation
ParentProcessId: 2096
ParentUser: NT AUTHORITY\SYSTEM
LogonGuid: 50A489D6-4F33-6AA7-E703-000000000000
Hashes: MD5=6BB54B2D7A3D63578559239A79700EA3,SHA256=870EDA04EA71CC066EC907F005E1D05CE592F04799C60E600E2CB986DC85B5EB,IMPHASH=82E387AE778A57C7A6473B5554B4184E
ParentProcessGuid: 50A489D6-4F36-6AA7-4F00-000000000D00
ProcessId: 11232
CurrentDirectory: C:\Program Files (x86)\ossec-agent\
ProcessGuid: 50A489D6-4F76-6AA7-FA00-000000000D00
CommandLine: powershell secedit /export /cfg $env:TEMP\secpol.cfg; Get-Content $env:TEMP\secpol.cfg | Select-String ""ResetLockoutCount""; Remove-Item $env:TEMP\secpol.cfg
FileVersion: 10.0.19041.3996 (WinBuild.160101.0800)
User: NT AUTHORITY\SYSTEM
LogonId: '0x3e7'
IntegrityLevel: System
ParentImage: C:\Program Files (x86)\ossec-agent\wazuh-agent.exe
UtcTime: 2026-09-14 01:35:50.695
"
2026-09-14T01:35:51.523077+00:00,Potential Suspicious Activity Using SeCEdit,C:\logs\sysmon_20260919_043610.evtx,1,Microsoft-Windows-Sysmon,1,29008,DESKTOP-JC89B03,"Image: C:\Windows\SysWOW64\SecEdit.exe
RuleName: '-'
Description: Windows Security Configuration Editor Command Tool
OriginalFileName: SeCEdit
TerminalSessionId: 0
ParentCommandLine: powershell secedit /export /cfg $env:TEMP\secpol.cfg; Get-Content $env:TEMP\secpol.cfg | Select-String ""ResetLockoutCount""; Remove-Item $env:TEMP\secpol.cfg
Product: Microsoft® Windows® Operating System
Company: Microsoft Corporation
ParentProcessId: 11232
ParentUser: NT AUTHORITY\SYSTEM
LogonGuid: 50A489D6-4F33-6AA7-E703-000000000000
Hashes: MD5=BFC13856291E4B804D33BBAEFC8CB3B5,SHA256=56CB815F0FDA92C4658296692E4F70DEE557137528482FE7A834296BFDB710C0,IMPHASH=615449A6A25801F47AE0D7578EB950B4
ParentProcessGuid: 50A489D6-4F76-6AA7-FA00-000000000D00
ProcessId: 9864
CurrentDirectory: C:\Program Files (x86)\ossec-agent\
ProcessGuid: 50A489D6-4F77-6AA7-FC00-000000000D00
CommandLine: '""C:\Windows\system32\SecEdit.exe"" /export /cfg C:\Windows\TEMP\secpol.cfg'
FileVersion: 10.0.19041.1 (WinBuild.160101.0800)
User: NT AUTHORITY\SYSTEM
LogonId: '0x3e7'
IntegrityLevel: System
ParentImage: C:\Windows\SysWOW64\WindowsPowerShell\v1.0\powershell.exe
UtcTime: 2026-09-14 01:35:51.517
"
2026-09-14T01:35:52.204043+00:00,Local Accounts Discovery,C:\logs\sysmon_20260919_043610.evtx,1,Microsoft-Windows-Sysmon,1,29009,DESKTOP-JC89B03,"Image: C:\Windows\SysWOW64\wbem\WMIC.exe
RuleName: '-'
Description: WMI Commandline Utility
OriginalFileName: wmic.exe
TerminalSessionId: 0
ParentCommandLine: '""C:\Program Files (x86)\ossec-agent\wazuh-agent.exe""'
Product: Microsoft® Windows® Operating System
Company: Microsoft Corporation
ParentProcessId: 2096
ParentUser: NT AUTHORITY\SYSTEM
LogonGuid: 50A489D6-4F33-6AA7-E703-000000000000
Hashes: MD5=3EFD4EDA13BF82CD75A55BC45E45494E,SHA256=D67C419D51D16331073E60087A346519267468BF68C2DC66C94EF6569BF5655E,IMPHASH=036BA8FE9A256E92711941C7CF911EF9
ParentProcessGuid: 50A489D6-4F36-6AA7-4F00-000000000D00
ProcessId: 7580
CurrentDirectory: C:\Program Files (x86)\ossec-agent\
ProcessGuid: 50A489D6-4F78-6AA7-FD00-000000000D00
CommandLine: wmic useraccount where (sid like ""s-1-5-21-%%-501"") get Disabled
FileVersion: 10.0.19041.5794 (WinBuild.160101.0800)
User: NT AUTHORITY\SYSTEM
LogonId: '0x3e7'
IntegrityLevel: System
ParentImage: C:\Program Files (x86)\ossec-agent\wazuh-agent.exe
UtcTime: 2026-09-14 01:35:52.193
"
2026-09-14T01:35:52.363254+00:00,Local Accounts Discovery,C:\logs\sysmon_20260919_043610.evtx,1,Microsoft-Windows-Sysmon,1,29010,DESKTOP-JC89B03,"Image: C:\Windows\SysWOW64\net.exe
RuleName: '-'
Description: Net Command
OriginalFileName: net.exe
TerminalSessionId: 0
ParentCommandLine: '""C:\Program Files (x86)\ossec-agent\wazuh-agent.exe""'
Product: Microsoft® Windows® Operating System
Company: Microsoft Corporation
ParentProcessId: 2096
ParentUser: NT AUTHORITY\SYSTEM
LogonGuid: 50A489D6-4F33-6AA7-E703-000000000000
Hashes: MD5=31890A7DE89936F922D44D677F681A7F,SHA256=7C4C7725E266F12ABA8C50FD1598D4001201BCA0E7ACA901508307E365AFFF42,IMPHASH=AC592B83B5CAEB41A6F6DF7DB53F9076
ParentProcessGuid: 50A489D6-4F36-6AA7-4F00-000000000D00
ProcessId: 8972
CurrentDirectory: C:\Program Files (x86)\ossec-agent\
ProcessGuid: 50A489D6-4F78-6AA7-FF00-000000000D00
CommandLine: net user
FileVersion: 10.0.19041.1 (WinBuild.160101.0800)
User: NT AUTHORITY\SYSTEM
LogonId: '0x3e7'
IntegrityLevel: System
ParentImage: C:\Program Files (x86)\ossec-agent\wazuh-agent.exe
UtcTime: 2026-09-14 01:35:52.355
"
2026-09-14T01:35:52.424851+00:00,Local Accounts Discovery,C:\logs\sysmon_20260919_043610.evtx,1,Microsoft-Windows-Sysmon,1,29011,DESKTOP-JC89B03,"Image: C:\Windows\SysWOW64\net1.exe
RuleName: '-'
Description: Net Command
OriginalFileName: net1.exe
TerminalSessionId: 0
ParentCommandLine: net user
Product: Microsoft® Windows® Operating System
Company: Microsoft Corporation
ParentProcessId: 8972
ParentUser: NT AUTHORITY\SYSTEM
LogonGuid: 50A489D6-4F33-6AA7-E703-000000000000
Hashes: MD5=4A26539015F4FDB3AC3C5EB14336C7A7,SHA256=B25CF32B7BB76D5A5121919C63E6AE77262347F4AD7B29EE3C43CBAA61F43957,IMPHASH=D45C7E138CFAD11059C95018C99B7C96
ParentProcessGuid: 50A489D6-4F78-6AA7-FF00-000000000D00
ProcessId: 10500
CurrentDirectory: C:\Program Files (x86)\ossec-agent\
ProcessGuid: 50A489D6-4F78-6AA7-0101-000000000D00
CommandLine: C:\Windows\system32\net1 user
FileVersion: 10.0.19041.3636 (WinBuild.160101.0800)
User: NT AUTHORITY\SYSTEM
LogonId: '0x3e7'
IntegrityLevel: System
ParentImage: C:\Windows\SysWOW64\net.exe
UtcTime: 2026-09-14 01:35:52.418
"
2026-09-14T01:35:52.458209+00:00,Local Accounts Discovery,C:\logs\sysmon_20260919_043610.evtx,1,Microsoft-Windows-Sysmon,1,29012,DESKTOP-JC89B03,"Image: C:\Windows\SysWOW64\net.exe
RuleName: '-'
Description: Net Command
OriginalFileName: net.exe
TerminalSessionId: 0
ParentCommandLine: '""C:\Program Files (x86)\ossec-agent\wazuh-agent.exe""'
Product: Microsoft® Windows® Operating System
Company: Microsoft Corporation
ParentProcessId: 2096
ParentUser: NT AUTHORITY\SYSTEM
LogonGuid: 50A489D6-4F33-6AA7-E703-000000000000
Hashes: MD5=31890A7DE89936F922D44D677F681A7F,SHA256=7C4C7725E266F12ABA8C50FD1598D4001201BCA0E7ACA901508307E365AFFF42,IMPHASH=AC592B83B5CAEB41A6F6DF7DB53F9076
ParentProcessGuid: 50A489D6-4F36-6AA7-4F00-000000000D00
ProcessId: 10508
CurrentDirectory: C:\Program Files (x86)\ossec-agent\
ProcessGuid: 50A489D6-4F78-6AA7-0201-000000000D00
CommandLine: net user
FileVersion: 10.0.19041.1 (WinBuild.160101.0800)
User: NT AUTHORITY\SYSTEM
LogonId: '0x3e7'
IntegrityLevel: System
ParentImage: C:\Program Files (x86)\ossec-agent\wazuh-agent.exe
UtcTime: 2026-09-14 01:35:52.456
"
2026-09-14T01:35:52.509525+00:00,Local Accounts Discovery,C:\logs\sysmon_20260919_043610.evtx,1,Microsoft-Windows-Sysmon,1,29013,DESKTOP-JC89B03,"Image: C:\Windows\SysWOW64\net1.exe
RuleName: '-'
Description: Net Command
OriginalFileName: net1.exe
TerminalSessionId: 0
ParentCommandLine: net user
Product: Microsoft® Windows® Operating System
Company: Microsoft Corporation
ParentProcessId: 10508
ParentUser: NT AUTHORITY\SYSTEM
LogonGuid: 50A489D6-4F33-6AA7-E703-000000000000
Hashes: MD5=4A26539015F4FDB3AC3C5EB14336C7A7,SHA256=B25CF32B7BB76D5A5121919C63E6AE77262347F4AD7B29EE3C43CBAA61F43957,IMPHASH=D45C7E138CFAD11059C95018C99B7C96
ParentProcessGuid: 50A489D6-4F78-6AA7-0201-000000000D00
ProcessId: 8288
CurrentDirectory: C:\Program Files (x86)\ossec-agent\
ProcessGuid: 50A489D6-4F78-6AA7-0401-000000000D00
CommandLine: C:\Windows\system32\net1 user
FileVersion: 10.0.19041.3636 (WinBuild.160101.0800)
User: NT AUTHORITY\SYSTEM
LogonId: '0x3e7'
IntegrityLevel: System
ParentImage: C:\Windows\SysWOW64\net.exe
UtcTime: 2026-09-14 01:35:52.504
"
2026-09-14T13:22:09.674669+00:00,Suspicious Process By Web Server Process,C:\logs\sysmon_20260919_043610.evtx,1,Microsoft-Windows-Sysmon,1,30529,DESKTOP-JC89B03,"Image: C:\Windows\System32\cmd.exe
RuleName: '-'
Description: Windows Command Processor
OriginalFileName: Cmd.Exe
TerminalSessionId: 1
ParentCommandLine: C:\xampp/php/php.exe  -n -d ""output_buffering=0"" -f install/install.php
Product: Microsoft® Windows® Operating System
Company: Microsoft Corporation
ParentProcessId: 6636
ParentUser: DESKTOP-JC89B03\soc
LogonGuid: 50A489D6-4F44-6AA7-21CB-080000000000
Hashes: MD5=2B40C98ED0F7A1D3B091A3E8353132DC,SHA256=BADF4752413CB0CBDC03FB95820CA167F0CDC63B597CCDB5EF43111180E088B0,IMPHASH=272245E2988E1E430500B852C4FB5E18
ParentProcessGuid: 50A489D6-F501-6AA7-4803-000000000D00
ProcessId: 8412
CurrentDirectory: C:\xampp\
ProcessGuid: 50A489D6-F501-6AA7-4A03-000000000D00
CommandLine: cmd.exe /s /c ""echo '%%os%%'""
FileVersion: 10.0.19041.4355 (WinBuild.160101.0800)
User: DESKTOP-JC89B03\soc
LogonId: '0x8cb21'
IntegrityLevel: High
ParentImage: C:\xampp\php\php.exe
UtcTime: 2026-09-14 13:22:09.659
"
2026-09-14T13:22:09.741320+00:00,Suspicious Process By Web Server Process,C:\logs\sysmon_20260919_043610.evtx,1,Microsoft-Windows-Sysmon,1,30530,DESKTOP-JC89B03,"Image: C:\Windows\System32\cmd.exe
RuleName: '-'
Description: Windows Command Processor
OriginalFileName: Cmd.Exe
TerminalSessionId: 1
ParentCommandLine: C:\xampp/php/php.exe  -n -d ""output_buffering=0"" -f install/install.php
Product: Microsoft® Windows® Operating System
Company: Microsoft Corporation
ParentProcessId: 6636
ParentUser: DESKTOP-JC89B03\soc
LogonGuid: 50A489D6-4F44-6AA7-21CB-080000000000
Hashes: MD5=2B40C98ED0F7A1D3B091A3E8353132DC,SHA256=BADF4752413CB0CBDC03FB95820CA167F0CDC63B597CCDB5EF43111180E088B0,IMPHASH=272245E2988E1E430500B852C4FB5E18
ParentProcessGuid: 50A489D6-F501-6AA7-4803-000000000D00
ProcessId: 8832
CurrentDirectory: C:\xampp\
ProcessGuid: 50A489D6-F501-6AA7-4B03-000000000D00
CommandLine: cmd.exe /s /c "".\install\awk.exe -v DIR=""C:\\xampp"" -v CONFIG=""C:\\xampp\\FileZillaFTP\\FileZilla Server.xml"" -v CONFIGNEW=""C:\\xampp\\FileZillaFTP\\FileZilla Server.xmltemp""  -v SUBSTIT=""\\\\xampp"" -f .\install\config.awk""
FileVersion: 10.0.19041.4355 (WinBuild.160101.0800)
User: DESKTOP-JC89B03\soc
LogonId: '0x8cb21'
IntegrityLevel: High
ParentImage: C:\xampp\php\php.exe
UtcTime: 2026-09-14 13:22:09.721
"
2026-09-14T13:22:09.848399+00:00,Suspicious Process By Web Server Process,C:\logs\sysmon_20260919_043610.evtx,1,Microsoft-Windows-Sysmon,1,30532,DESKTOP-JC89B03,"Image: C:\Windows\System32\cmd.exe
RuleName: '-'
Description: Windows Command Processor
OriginalFileName: Cmd.Exe
TerminalSessionId: 1
ParentCommandLine: C:\xampp/php/php.exe  -n -d ""output_buffering=0"" -f install/install.php
Product: Microsoft® Windows® Operating System
Company: Microsoft Corporation
ParentProcessId: 6636
ParentUser: DESKTOP-JC89B03\soc
LogonGuid: 50A489D6-4F44-6AA7-21CB-080000000000
Hashes: MD5=2B40C98ED0F7A1D3B091A3E8353132DC,SHA256=BADF4752413CB0CBDC03FB95820CA167F0CDC63B597CCDB5EF43111180E088B0,IMPHASH=272245E2988E1E430500B852C4FB5E18
ParentProcessGuid: 50A489D6-F501-6AA7-4803-000000000D00
ProcessId: 1900
CurrentDirectory: C:\xampp\
ProcessGuid: 50A489D6-F501-6AA7-4D03-000000000D00
CommandLine: cmd.exe /s /c "".\install\awk.exe -v DIR=""C:\\xampp"" -v CONFIG=""C:\\xampp\\MercuryMail\\MERCURY.INI"" -v CONFIGNEW=""C:\\xampp\\MercuryMail\\MERCURY.INItemp""  -v SUBSTIT=""\\\\xampp"" -f .\install\config.awk""
FileVersion: 10.0.19041.4355 (WinBuild.160101.0800)
User: DESKTOP-JC89B03\soc
LogonId: '0x8cb21'
IntegrityLevel: High
ParentImage: C:\xampp\php\php.exe
UtcTime: 2026-09-14 13:22:09.835
"
2026-09-14T13:22:09.901829+00:00,Suspicious Process By Web Server Process,C:\logs\sysmon_20260919_043610.evtx,1,Microsoft-Windows-Sysmon,1,30534,DESKTOP-JC89B03,"Image: C:\Windows\System32\cmd.exe
RuleName: '-'
Description: Windows Command Processor
OriginalFileName: Cmd.Exe
TerminalSessionId: 1
ParentCommandLine: C:\xampp/php/php.exe  -n -d ""output_buffering=0"" -f install/install.php
Product: Microsoft® Windows® Operating System
Company: Microsoft Corporation
ParentProcessId: 6636
ParentUser: DESKTOP-JC89B03\soc
LogonGuid: 50A489D6-4F44-6AA7-21CB-080000000000
Hashes: MD5=2B40C98ED0F7A1D3B091A3E8353132DC,SHA256=BADF4752413CB0CBDC03FB95820CA167F0CDC63B597CCDB5EF43111180E088B0,IMPHASH=272245E2988E1E430500B852C4FB5E18
ParentProcessGuid: 50A489D6-F501-6AA7-4803-000000000D00
ProcessId: 7184
CurrentDirectory: C:\xampp\
ProcessGuid: 50A489D6-F501-6AA7-4F03-000000000D00
CommandLine: cmd.exe /s /c "".\install\awk.exe -v DIR=""C:\\xampp"" -v CONFIG=""C:\\xampp\\php\\php.ini"" -v CONFIGNEW=""C:\\xampp\\php\\php.initemp""  -v SUBSTIT=""\\\\xampp"" -f .\install\config.awk""
FileVersion: 10.0.19041.4355 (WinBuild.160101.0800)
User: DESKTOP-JC89B03\soc
LogonId: '0x8cb21'
IntegrityLevel: High
ParentImage: C:\xampp\php\php.exe
UtcTime: 2026-09-14 13:22:09.891
"
2026-09-14T13:22:09.974263+00:00,Suspicious Process By Web Server Process,C:\logs\sysmon_20260919_043610.evtx,1,Microsoft-Windows-Sysmon,1,30544,DESKTOP-JC89B03,"Image: C:\Windows\System32\cmd.exe
RuleName: '-'
Description: Windows Command Processor
OriginalFileName: Cmd.Exe
TerminalSessionId: 1
ParentCommandLine: C:\xampp/php/php.exe  -n -d ""output_buffering=0"" -f install/install.php
Product: Microsoft® Windows® Operating System
Company: Microsoft Corporation
ParentProcessId: 6636
ParentUser: DESKTOP-JC89B03\soc
LogonGuid: 50A489D6-4F44-6AA7-21CB-080000000000
Hashes: MD5=2B40C98ED0F7A1D3B091A3E8353132DC,SHA256=BADF4752413CB0CBDC03FB95820CA167F0CDC63B597CCDB5EF43111180E088B0,IMPHASH=272245E2988E1E430500B852C4FB5E18
ParentProcessGuid: 50A489D6-F501-6AA7-4803-000000000D00
ProcessId: 4844
CurrentDirectory: C:\xampp\
ProcessGuid: 50A489D6-F501-6AA7-5103-000000000D00
CommandLine: cmd.exe /s /c "".\install\awk.exe -v DIR=""C:\\xampp"" -v CONFIG=""C:\\xampp\\php\\phpunit.bat"" -v CONFIGNEW=""C:\\xampp\\php\\phpunit.battemp""  -v SUBSTIT=""\\\\xampp"" -f .\install\config.awk""
FileVersion: 10.0.19041.4355 (WinBuild.160101.0800)
User: DESKTOP-JC89B03\soc
LogonId: '0x8cb21'
IntegrityLevel: High
ParentImage: C:\xampp\php\php.exe
UtcTime: 2026-09-14 13:22:09.961
"
2026-09-14T13:22:10.027927+00:00,Suspicious Process By Web Server Process,C:\logs\sysmon_20260919_043610.evtx,1,Microsoft-Windows-Sysmon,1,30547,DESKTOP-JC89B03,"Image: C:\Windows\System32\cmd.exe
RuleName: '-'
Description: Windows Command Processor
OriginalFileName: Cmd.Exe
TerminalSessionId: 1
ParentCommandLine: C:\xampp/php/php.exe  -n -d ""output_buffering=0"" -f install/install.php
Product: Microsoft® Windows® Operating System
Company: Microsoft Corporation
ParentProcessId: 6636
ParentUser: DESKTOP-JC89B03\soc
LogonGuid: 50A489D6-4F44-6AA7-21CB-080000000000
Hashes: MD5=2B40C98ED0F7A1D3B091A3E8353132DC,SHA256=BADF4752413CB0CBDC03FB95820CA167F0CDC63B597CCDB5EF43111180E088B0,IMPHASH=272245E2988E1E430500B852C4FB5E18
ParentProcessGuid: 50A489D6-F501-6AA7-4803-000000000D00
ProcessId: 3744
CurrentDirectory: C:\xampp\
ProcessGuid: 50A489D6-F502-6AA7-5303-000000000D00
CommandLine: cmd.exe /s /c "".\install\awk.exe -v DIR=""C:\\xampp"" -v CONFIG=""C:\\xampp\\php\\phpunit"" -v CONFIGNEW=""C:\\xampp\\php\\phpunittemp""  -v SUBSTIT=""\\\\xampp"" -f .\install\config.awk""
FileVersion: 10.0.19041.4355 (WinBuild.160101.0800)
User: DESKTOP-JC89B03\soc
LogonId: '0x8cb21'
IntegrityLevel: High
ParentImage: C:\xampp\php\php.exe
UtcTime: 2026-09-14 13:22:10.018
"
2026-09-14T13:22:10.081542+00:00,Suspicious Process By Web Server Process,C:\logs\sysmon_20260919_043610.evtx,1,Microsoft-Windows-Sysmon,1,30549,DESKTOP-JC89B03,"Image: C:\Windows\System32\cmd.exe
RuleName: '-'
Description: Windows Command Processor
OriginalFileName: Cmd.Exe
TerminalSessionId: 1
ParentCommandLine: C:\xampp/php/php.exe  -n -d ""output_buffering=0"" -f install/install.php
Product: Microsoft® Windows® Operating System
Company: Microsoft Corporation
ParentProcessId: 6636
ParentUser: DESKTOP-JC89B03\soc
LogonGuid: 50A489D6-4F44-6AA7-21CB-080000000000
Hashes: MD5=2B40C98ED0F7A1D3B091A3E8353132DC,SHA256=BADF4752413CB0CBDC03FB95820CA167F0CDC63B597CCDB5EF43111180E088B0,IMPHASH=272245E2988E1E430500B852C4FB5E18
ParentProcessGuid: 50A489D6-F501-6AA7-4803-000000000D00
ProcessId: 10844
CurrentDirectory: C:\xampp\
ProcessGuid: 50A489D6-F502-6AA7-5503-000000000D00
CommandLine: cmd.exe /s /c "".\install\awk.exe -v DIR=""C:\\xampp"" -v CONFIG=""C:\\xampp\\php\\pci.bat"" -v CONFIGNEW=""C:\\xampp\\php\\pci.battemp""  -v SUBSTIT=""\\\\xampp"" -f .\install\config.awk""
FileVersion: 10.0.19041.4355 (WinBuild.160101.0800)
User: DESKTOP-JC89B03\soc
LogonId: '0x8cb21'
IntegrityLevel: High
ParentImage: C:\xampp\php\php.exe
UtcTime: 2026-09-14 13:22:10.071
"
2026-09-14T13:22:10.128455+00:00,Suspicious Process By Web Server Process,C:\logs\sysmon_20260919_043610.evtx,1,Microsoft-Windows-Sysmon,1,30552,DESKTOP-JC89B03,"Image: C:\Windows\System32\cmd.exe
RuleName: '-'
Description: Windows Command Processor
OriginalFileName: Cmd.Exe
TerminalSessionId: 1
ParentCommandLine: C:\xampp/php/php.exe  -n -d ""output_buffering=0"" -f install/install.php
Product: Microsoft® Windows® Operating System
Company: Microsoft Corporation
ParentProcessId: 6636
ParentUser: DESKTOP-JC89B03\soc
LogonGuid: 50A489D6-4F44-6AA7-21CB-080000000000
Hashes: MD5=2B40C98ED0F7A1D3B091A3E8353132DC,SHA256=BADF4752413CB0CBDC03FB95820CA167F0CDC63B597CCDB5EF43111180E088B0,IMPHASH=272245E2988E1E430500B852C4FB5E18
ParentProcessGuid: 50A489D6-F501-6AA7-4803-000000000D00
ProcessId: 632
CurrentDirectory: C:\xampp\
ProcessGuid: 50A489D6-F502-6AA7-5703-000000000D00
CommandLine: cmd.exe /s /c "".\install\awk.exe -v DIR=""C:\\xampp"" -v CONFIG=""C:\\xampp\\php\\pci"" -v CONFIGNEW=""C:\\xampp\\php\\pcitemp""  -v SUBSTIT=""\\\\xampp"" -f .\install\config.awk""
FileVersion: 10.0.19041.4355 (WinBuild.160101.0800)
User: DESKTOP-JC89B03\soc
LogonId: '0x8cb21'
IntegrityLevel: High
ParentImage: C:\xampp\php\php.exe
UtcTime: 2026-09-14 13:22:10.119
"
2026-09-14T13:22:10.186731+00:00,Suspicious Process By Web Server Process,C:\logs\sysmon_20260919_043610.evtx,1,Microsoft-Windows-Sysmon,1,30554,DESKTOP-JC89B03,"Image: C:\Windows\System32\cmd.exe
RuleName: '-'
Description: Windows Command Processor
OriginalFileName: Cmd.Exe
TerminalSessionId: 1
ParentCommandLine: C:\xampp/php/php.exe  -n -d ""output_buffering=0"" -f install/install.php
Product: Microsoft® Windows® Operating System
Company: Microsoft Corporation
ParentProcessId: 6636
ParentUser: DESKTOP-JC89B03\soc
LogonGuid: 50A489D6-4F44-6AA7-21CB-080000000000
Hashes: MD5=2B40C98ED0F7A1D3B091A3E8353132DC,SHA256=BADF4752413CB0CBDC03FB95820CA167F0CDC63B597CCDB5EF43111180E088B0,IMPHASH=272245E2988E1E430500B852C4FB5E18
ParentProcessGuid: 50A489D6-F501-6AA7-4803-000000000D00
ProcessId: 784
CurrentDirectory: C:\xampp\
ProcessGuid: 50A489D6-F502-6AA7-5903-000000000D00
CommandLine: cmd.exe /s /c "".\install\awk.exe -v DIR=""C:\\xampp"" -v CONFIG=""C:\\xampp\\php\\pciconf.bat"" -v CONFIGNEW=""C:\\xampp\\php\\pciconf.battemp""  -v SUBSTIT=""\\\\xampp"" -f .\install\config.awk""
FileVersion: 10.0.19041.4355 (WinBuild.160101.0800)
User: DESKTOP-JC89B03\soc
LogonId: '0x8cb21'
IntegrityLevel: High
ParentImage: C:\xampp\php\php.exe
UtcTime: 2026-09-14 13:22:10.176
"
2026-09-14T13:22:10.233778+00:00,Suspicious Process By Web Server Process,C:\logs\sysmon_20260919_043610.evtx,1,Microsoft-Windows-Sysmon,1,30557,DESKTOP-JC89B03,"Image: C:\Windows\System32\cmd.exe
RuleName: '-'
Description: Windows Command Processor
OriginalFileName: Cmd.Exe
TerminalSessionId: 1
ParentCommandLine: C:\xampp/php/php.exe  -n -d ""output_buffering=0"" -f install/install.php
Product: Microsoft® Windows® Operating System
Company: Microsoft Corporation
ParentProcessId: 6636
ParentUser: DESKTOP-JC89B03\soc
LogonGuid: 50A489D6-4F44-6AA7-21CB-080000000000
Hashes: MD5=2B40C98ED0F7A1D3B091A3E8353132DC,SHA256=BADF4752413CB0CBDC03FB95820CA167F0CDC63B597CCDB5EF43111180E088B0,IMPHASH=272245E2988E1E430500B852C4FB5E18
ParentProcessGuid: 50A489D6-F501-6AA7-4803-000000000D00
ProcessId: 6548
CurrentDirectory: C:\xampp\
ProcessGuid: 50A489D6-F502-6AA7-5B03-000000000D00
CommandLine: cmd.exe /s /c "".\install\awk.exe -v DIR=""C:\\xampp"" -v CONFIG=""C:\\xampp\\php\\pciconf"" -v CONFIGNEW=""C:\\xampp\\php\\pciconftemp""  -v SUBSTIT=""\\\\xampp"" -f .\install\config.awk""
FileVersion: 10.0.19041.4355 (WinBuild.160101.0800)
User: DESKTOP-JC89B03\soc
LogonId: '0x8cb21'
IntegrityLevel: High
ParentImage: C:\xampp\php\php.exe
UtcTime: 2026-09-14 13:22:10.224
"
2026-09-14T13:22:10.355061+00:00,Suspicious Process By Web Server Process,C:\logs\sysmon_20260919_043610.evtx,1,Microsoft-Windows-Sysmon,1,30559,DESKTOP-JC89B03,"Image: C:\Windows\System32\cmd.exe
RuleName: '-'
Description: Windows Command Processor
OriginalFileName: Cmd.Exe
TerminalSessionId: 1
ParentCommandLine: C:\xampp/php/php.exe  -n -d ""output_buffering=0"" -f install/install.php
Product: Microsoft® Windows® Operating System
Company: Microsoft Corporation
ParentProcessId: 6636
ParentUser: DESKTOP-JC89B03\soc
LogonGuid: 50A489D6-4F44-6AA7-21CB-080000000000
Hashes: MD5=2B40C98ED0F7A1D3B091A3E8353132DC,SHA256=BADF4752413CB0CBDC03FB95820CA167F0CDC63B597CCDB5EF43111180E088B0,IMPHASH=272245E2988E1E430500B852C4FB5E18
ParentProcessGuid: 50A489D6-F501-6AA7-4803-000000000D00
ProcessId: 7604
CurrentDirectory: C:\xampp\
ProcessGuid: 50A489D6-F502-6AA7-5D03-000000000D00
CommandLine: cmd.exe /s /c "".\install\awk.exe -v DIR=""C:\\xampp"" -v CONFIG=""C:\\xampp\\php\\PEAR\\PHPUnit\\Util\\PHP.php"" -v CONFIGNEW=""C:\\xampp\\php\\PEAR\\PHPUnit\\Util\\PHP.phptemp""  -v SUBSTIT=""\\\\xampp"" -f .\install\config.awk""
FileVersion: 10.0.19041.4355 (WinBuild.160101.0800)
User: DESKTOP-JC89B03\soc
LogonId: '0x8cb21'
IntegrityLevel: High
ParentImage: C:\xampp\php\php.exe
UtcTime: 2026-09-14 13:22:10.338
"
2026-09-14T13:22:10.435373+00:00,Suspicious Process By Web Server Process,C:\logs\sysmon_20260919_043610.evtx,1,Microsoft-Windows-Sysmon,1,30561,DESKTOP-JC89B03,"Image: C:\Windows\System32\cmd.exe
RuleName: '-'
Description: Windows Command Processor
OriginalFileName: Cmd.Exe
TerminalSessionId: 1
ParentCommandLine: C:\xampp/php/php.exe  -n -d ""output_buffering=0"" -f install/install.php
Product: Microsoft® Windows® Operating System
Company: Microsoft Corporation
ParentProcessId: 6636
ParentUser: DESKTOP-JC89B03\soc
LogonGuid: 50A489D6-4F44-6AA7-21CB-080000000000
Hashes: MD5=2B40C98ED0F7A1D3B091A3E8353132DC,SHA256=BADF4752413CB0CBDC03FB95820CA167F0CDC63B597CCDB5EF43111180E088B0,IMPHASH=272245E2988E1E430500B852C4FB5E18
ParentProcessGuid: 50A489D6-F501-6AA7-4803-000000000D00
ProcessId: 1940
CurrentDirectory: C:\xampp\
ProcessGuid: 50A489D6-F502-6AA7-5F03-000000000D00
CommandLine: cmd.exe /s /c "".\install\awk.exe -v DIR=""C:\\xampp"" -v CONFIG=""C:\\xampp\\php\\peardev.bat"" -v CONFIGNEW=""C:\\xampp\\php\\peardev.battemp""  -v SUBSTIT=""\\\\xampp"" -f .\install\config.awk""
FileVersion: 10.0.19041.4355 (WinBuild.160101.0800)
User: DESKTOP-JC89B03\soc
LogonId: '0x8cb21'
IntegrityLevel: High
ParentImage: C:\xampp\php\php.exe
UtcTime: 2026-09-14 13:22:10.419
"
2026-09-14T13:22:10.494159+00:00,Suspicious Process By Web Server Process,C:\logs\sysmon_20260919_043610.evtx,1,Microsoft-Windows-Sysmon,1,30564,DESKTOP-JC89B03,"Image: C:\Windows\System32\cmd.exe
RuleName: '-'
Description: Windows Command Processor
OriginalFileName: Cmd.Exe
TerminalSessionId: 1
ParentCommandLine: C:\xampp/php/php.exe  -n -d ""output_buffering=0"" -f install/install.php
Product: Microsoft® Windows® Operating System
Company: Microsoft Corporation
ParentProcessId: 6636
ParentUser: DESKTOP-JC89B03\soc
LogonGuid: 50A489D6-4F44-6AA7-21CB-080000000000
Hashes: MD5=2B40C98ED0F7A1D3B091A3E8353132DC,SHA256=BADF4752413CB0CBDC03FB95820CA167F0CDC63B597CCDB5EF43111180E088B0,IMPHASH=272245E2988E1E430500B852C4FB5E18
ParentProcessGuid: 50A489D6-F501-6AA7-4803-000000000D00
ProcessId: 7320
CurrentDirectory: C:\xampp\
ProcessGuid: 50A489D6-F502-6AA7-6103-000000000D00
CommandLine: cmd.exe /s /c "".\install\awk.exe -v DIR=""C:\\xampp"" -v CONFIG=""C:\\xampp\\php\\pear\\peclcmd.php"" -v CONFIGNEW=""C:\\xampp\\php\\pear\\peclcmd.phptemp""  -v SUBSTIT=""\\\\xampp"" -f .\install\config.awk""
FileVersion: 10.0.19041.4355 (WinBuild.160101.0800)
User: DESKTOP-JC89B03\soc
LogonId: '0x8cb21'
IntegrityLevel: High
ParentImage: C:\xampp\php\php.exe
UtcTime: 2026-09-14 13:22:10.484
"
2026-09-14T13:22:10.556448+00:00,Suspicious Process By Web Server Process,C:\logs\sysmon_20260919_043610.evtx,1,Microsoft-Windows-Sysmon,1,30566,DESKTOP-JC89B03,"Image: C:\Windows\System32\cmd.exe
RuleName: '-'
Description: Windows Command Processor
OriginalFileName: Cmd.Exe
TerminalSessionId: 1
ParentCommandLine: C:\xampp/php/php.exe  -n -d ""output_buffering=0"" -f install/install.php
Product: Microsoft® Windows® Operating System
Company: Microsoft Corporation
ParentProcessId: 6636
ParentUser: DESKTOP-JC89B03\soc
LogonGuid: 50A489D6-4F44-6AA7-21CB-080000000000
Hashes: MD5=2B40C98ED0F7A1D3B091A3E8353132DC,SHA256=BADF4752413CB0CBDC03FB95820CA167F0CDC63B597CCDB5EF43111180E088B0,IMPHASH=272245E2988E1E430500B852C4FB5E18
ParentProcessGuid: 50A489D6-F501-6AA7-4803-000000000D00
ProcessId: 9984
CurrentDirectory: C:\xampp\
ProcessGuid: 50A489D6-F502-6AA7-6303-000000000D00
CommandLine: cmd.exe /s /c "".\install\awk.exe -v DIR=""C:\\xampp"" -v CONFIG=""C:\\xampp\\php\\pear\\pearcmd.php"" -v CONFIGNEW=""C:\\xampp\\php\\pear\\pearcmd.phptemp""  -v SUBSTIT=""\\\\xampp"" -f .\install\config.awk""
FileVersion: 10.0.19041.4355 (WinBuild.160101.0800)
User: DESKTOP-JC89B03\soc
LogonId: '0x8cb21'
IntegrityLevel: High
ParentImage: C:\xampp\php\php.exe
UtcTime: 2026-09-14 13:22:10.544
"
2026-09-14T13:22:10.624151+00:00,Suspicious Process By Web Server Process,C:\logs\sysmon_20260919_043610.evtx,1,Microsoft-Windows-Sysmon,1,30568,DESKTOP-JC89B03,"Image: C:\Windows\System32\cmd.exe
RuleName: '-'
Description: Windows Command Processor
OriginalFileName: Cmd.Exe
TerminalSessionId: 1
ParentCommandLine: C:\xampp/php/php.exe  -n -d ""output_buffering=0"" -f install/install.php
Product: Microsoft® Windows® Operating System
Company: Microsoft Corporation
ParentProcessId: 6636
ParentUser: DESKTOP-JC89B03\soc
LogonGuid: 50A489D6-4F44-6AA7-21CB-080000000000
Hashes: MD5=2B40C98ED0F7A1D3B091A3E8353132DC,SHA256=BADF4752413CB0CBDC03FB95820CA167F0CDC63B597CCDB5EF43111180E088B0,IMPHASH=272245E2988E1E430500B852C4FB5E18
ParentProcessGuid: 50A489D6-F501-6AA7-4803-000000000D00
ProcessId: 8432
CurrentDirectory: C:\xampp\
ProcessGuid: 50A489D6-F502-6AA7-6503-000000000D00
CommandLine: cmd.exe /s /c "".\install\awk.exe -v DIR=""C:\\xampp"" -v CONFIG=""C:\\xampp\\php\\pecl.bat"" -v CONFIGNEW=""C:\\xampp\\php\\pecl.battemp""  -v SUBSTIT=""\\\\xampp"" -f .\install\config.awk""
FileVersion: 10.0.19041.4355 (WinBuild.160101.0800)
User: DESKTOP-JC89B03\soc
LogonId: '0x8cb21'
IntegrityLevel: High
ParentImage: C:\xampp\php\php.exe
UtcTime: 2026-09-14 13:22:10.607
"
2026-09-14T13:22:10.682528+00:00,Suspicious Process By Web Server Process,C:\logs\sysmon_20260919_043610.evtx,1,Microsoft-Windows-Sysmon,1,30571,DESKTOP-JC89B03,"Image: C:\Windows\System32\cmd.exe
RuleName: '-'
Description: Windows Command Processor
OriginalFileName: Cmd.Exe
TerminalSessionId: 1
ParentCommandLine: C:\xampp/php/php.exe  -n -d ""output_buffering=0"" -f install/install.php
Product: Microsoft® Windows® Operating System
Company: Microsoft Corporation
ParentProcessId: 6636
ParentUser: DESKTOP-JC89B03\soc
LogonGuid: 50A489D6-4F44-6AA7-21CB-080000000000
Hashes: MD5=2B40C98ED0F7A1D3B091A3E8353132DC,SHA256=BADF4752413CB0CBDC03FB95820CA167F0CDC63B597CCDB5EF43111180E088B0,IMPHASH=272245E2988E1E430500B852C4FB5E18
ParentProcessGuid: 50A489D6-F501-6AA7-4803-000000000D00
ProcessId: 9640
CurrentDirectory: C:\xampp\
ProcessGuid: 50A489D6-F502-6AA7-6703-000000000D00
CommandLine: cmd.exe /s /c "".\install\awk.exe -v DIR=""C:\\xampp"" -v CONFIG=""C:\\xampp\\php\\pear.bat"" -v CONFIGNEW=""C:\\xampp\\php\\pear.battemp""  -v SUBSTIT=""\\\\xampp"" -f .\install\config.awk""
FileVersion: 10.0.19041.4355 (WinBuild.160101.0800)
User: DESKTOP-JC89B03\soc
LogonId: '0x8cb21'
IntegrityLevel: High
ParentImage: C:\xampp\php\php.exe
UtcTime: 2026-09-14 13:22:10.670
"
2026-09-14T13:22:10.742158+00:00,Suspicious Process By Web Server Process,C:\logs\sysmon_20260919_043610.evtx,1,Microsoft-Windows-Sysmon,1,30574,DESKTOP-JC89B03,"Image: C:\Windows\System32\cmd.exe
RuleName: '-'
Description: Windows Command Processor
OriginalFileName: Cmd.Exe
TerminalSessionId: 1
ParentCommandLine: C:\xampp/php/php.exe  -n -d ""output_buffering=0"" -f install/install.php
Product: Microsoft® Windows® Operating System
Company: Microsoft Corporation
ParentProcessId: 6636
ParentUser: DESKTOP-JC89B03\soc
LogonGuid: 50A489D6-4F44-6AA7-21CB-080000000000
Hashes: MD5=2B40C98ED0F7A1D3B091A3E8353132DC,SHA256=BADF4752413CB0CBDC03FB95820CA167F0CDC63B597CCDB5EF43111180E088B0,IMPHASH=272245E2988E1E430500B852C4FB5E18
ParentProcessGuid: 50A489D6-F501-6AA7-4803-000000000D00
ProcessId: 9248
CurrentDirectory: C:\xampp\
ProcessGuid: 50A489D6-F502-6AA7-6903-000000000D00
CommandLine: cmd.exe /s /c "".\install\awk.exe -v DIR=""C:\\xampp"" -v CONFIG=""C:\\xampp\\cgi-bin\\cgi.cgi"" -v CONFIGNEW=""C:\\xampp\\cgi-bin\\cgi.cgitemp""  -v SUBSTIT=""\\\\xampp"" -f .\install\config.awk""
FileVersion: 10.0.19041.4355 (WinBuild.160101.0800)
User: DESKTOP-JC89B03\soc
LogonId: '0x8cb21'
IntegrityLevel: High
ParentImage: C:\xampp\php\php.exe
UtcTime: 2026-09-14 13:22:10.731
"
2026-09-14T13:22:10.793995+00:00,Suspicious Process By Web Server Process,C:\logs\sysmon_20260919_043610.evtx,1,Microsoft-Windows-Sysmon,1,30576,DESKTOP-JC89B03,"Image: C:\Windows\System32\cmd.exe
RuleName: '-'
Description: Windows Command Processor
OriginalFileName: Cmd.Exe
TerminalSessionId: 1
ParentCommandLine: C:\xampp/php/php.exe  -n -d ""output_buffering=0"" -f install/install.php
Product: Microsoft® Windows® Operating System
Company: Microsoft Corporation
ParentProcessId: 6636
ParentUser: DESKTOP-JC89B03\soc
LogonGuid: 50A489D6-4F44-6AA7-21CB-080000000000
Hashes: MD5=2B40C98ED0F7A1D3B091A3E8353132DC,SHA256=BADF4752413CB0CBDC03FB95820CA167F0CDC63B597CCDB5EF43111180E088B0,IMPHASH=272245E2988E1E430500B852C4FB5E18
ParentProcessGuid: 50A489D6-F501-6AA7-4803-000000000D00
ProcessId: 7076
CurrentDirectory: C:\xampp\
ProcessGuid: 50A489D6-F502-6AA7-6B03-000000000D00
CommandLine: cmd.exe /s /c "".\install\awk.exe -v DIR=""C:\\xampp"" -v CONFIG=""C:\\xampp\\cgi-bin\\perltest.cgi"" -v CONFIGNEW=""C:\\xampp\\cgi-bin\\perltest.cgitemp""  -v SUBSTIT=""\\\\xampp"" -f .\install\config.awk""
FileVersion: 10.0.19041.4355 (WinBuild.160101.0800)
User: DESKTOP-JC89B03\soc
LogonId: '0x8cb21'
IntegrityLevel: High
ParentImage: C:\xampp\php\php.exe
UtcTime: 2026-09-14 13:22:10.779
"
2026-09-14T13:22:10.841767+00:00,Suspicious Process By Web Server Process,C:\logs\sysmon_20260919_043610.evtx,1,Microsoft-Windows-Sysmon,1,30578,DESKTOP-JC89B03,"Image: C:\Windows\System32\cmd.exe
RuleName: '-'
Description: Windows Command Processor
OriginalFileName: Cmd.Exe
TerminalSessionId: 1
ParentCommandLine: C:\xampp/php/php.exe  -n -d ""output_buffering=0"" -f install/install.php
Product: Microsoft® Windows® Operating System
Company: Microsoft Corporation
ParentProcessId: 6636
ParentUser: DESKTOP-JC89B03\soc
LogonGuid: 50A489D6-4F44-6AA7-21CB-080000000000
Hashes: MD5=2B40C98ED0F7A1D3B091A3E8353132DC,SHA256=BADF4752413CB0CBDC03FB95820CA167F0CDC63B597CCDB5EF43111180E088B0,IMPHASH=272245E2988E1E430500B852C4FB5E18
ParentProcessGuid: 50A489D6-F501-6AA7-4803-000000000D00
ProcessId: 7416
CurrentDirectory: C:\xampp\
ProcessGuid: 50A489D6-F502-6AA7-6D03-000000000D00
CommandLine: cmd.exe /s /c "".\install\awk.exe -v DIR=""C:\\xampp"" -v CONFIG=""C:\\xampp\\cgi-bin\\printenv.pl"" -v CONFIGNEW=""C:\\xampp\\cgi-bin\\printenv.pltemp""  -v SUBSTIT=""\\\\xampp"" -f .\install\config.awk""
FileVersion: 10.0.19041.4355 (WinBuild.160101.0800)
User: DESKTOP-JC89B03\soc
LogonId: '0x8cb21'
IntegrityLevel: High
ParentImage: C:\xampp\php\php.exe
UtcTime: 2026-09-14 13:22:10.831
"
2026-09-14T13:22:10.895528+00:00,Suspicious Process By Web Server Process,C:\logs\sysmon_20260919_043610.evtx,1,Microsoft-Windows-Sysmon,1,30580,DESKTOP-JC89B03,"Image: C:\Windows\System32\cmd.exe
RuleName: '-'
Description: Windows Command Processor
OriginalFileName: Cmd.Exe
TerminalSessionId: 1
ParentCommandLine: C:\xampp/php/php.exe  -n -d ""output_buffering=0"" -f install/install.php
Product: Microsoft® Windows® Operating System
Company: Microsoft Corporation
ParentProcessId: 6636
ParentUser: DESKTOP-JC89B03\soc
LogonGuid: 50A489D6-4F44-6AA7-21CB-080000000000
Hashes: MD5=2B40C98ED0F7A1D3B091A3E8353132DC,SHA256=BADF4752413CB0CBDC03FB95820CA167F0CDC63B597CCDB5EF43111180E088B0,IMPHASH=272245E2988E1E430500B852C4FB5E18
ParentProcessGuid: 50A489D6-F501-6AA7-4803-000000000D00
ProcessId: 4452
CurrentDirectory: C:\xampp\
ProcessGuid: 50A489D6-F502-6AA7-6F03-000000000D00
CommandLine: cmd.exe /s /c "".\install\awk.exe -v DIR=""C:\\xampp"" -v CONFIG=""C:\\xampp\\webalizer\\webalizer.conf"" -v CONFIGNEW=""C:\\xampp\\webalizer\\webalizer.conftemp""  -v SUBSTIT=""\\\\xampp"" -f .\install\config.awk""
FileVersion: 10.0.19041.4355 (WinBuild.160101.0800)
User: DESKTOP-JC89B03\soc
LogonId: '0x8cb21'
IntegrityLevel: High
ParentImage: C:\xampp\php\php.exe
UtcTime: 2026-09-14 13:22:10.885
"
2026-09-14T13:22:10.951246+00:00,Suspicious Process By Web Server Process,C:\logs\sysmon_20260919_043610.evtx,1,Microsoft-Windows-Sysmon,1,30582,DESKTOP-JC89B03,"Image: C:\Windows\System32\cmd.exe
RuleName: '-'
Description: Windows Command Processor
OriginalFileName: Cmd.Exe
TerminalSessionId: 1
ParentCommandLine: C:\xampp/php/php.exe  -n -d ""output_buffering=0"" -f install/install.php
Product: Microsoft® Windows® Operating System
Company: Microsoft Corporation
ParentProcessId: 6636
ParentUser: DESKTOP-JC89B03\soc
LogonGuid: 50A489D6-4F44-6AA7-21CB-080000000000
Hashes: MD5=2B40C98ED0F7A1D3B091A3E8353132DC,SHA256=BADF4752413CB0CBDC03FB95820CA167F0CDC63B597CCDB5EF43111180E088B0,IMPHASH=272245E2988E1E430500B852C4FB5E18
ParentProcessGuid: 50A489D6-F501-6AA7-4803-000000000D00
ProcessId: 5320
CurrentDirectory: C:\xampp\
ProcessGuid: 50A489D6-F502-6AA7-7103-000000000D00
CommandLine: cmd.exe /s /c "".\install\awk.exe -v DIR=""C:\\xampp"" -v CONFIG=""C:\\xampp\\perl\\bin\\libnetcfg.bat"" -v CONFIGNEW=""C:\\xampp\\perl\\bin\\libnetcfg.battemp""  -v SUBSTIT=""\\\\xampp"" -f .\install\config.awk""
FileVersion: 10.0.19041.4355 (WinBuild.160101.0800)
User: DESKTOP-JC89B03\soc
LogonId: '0x8cb21'
IntegrityLevel: High
ParentImage: C:\xampp\php\php.exe
UtcTime: 2026-09-14 13:22:10.941
"
