2026-09-03T10:58:42.475773+00:00,VMToolsd Suspicious Child Process,C:\logs\sysmon_20260919_043610.evtx,1,Microsoft-Windows-Sysmon,1,17026,DESKTOP-JC89B03,"Image: C:\Windows\System32\cmd.exe
RuleName: '-'
Description: Windows Command Processor
OriginalFileName: Cmd.Exe
TerminalSessionId: 0
ParentCommandLine: '""C:\Program Files\VMware\VMware Tools\vmtoolsd.exe""'
Product: Microsoft® Windows® Operating System
Company: Microsoft Corporation
ParentProcessId: 3008
ParentUser: NT AUTHORITY\SYSTEM
LogonGuid: 50A489D6-52E2-6A99-7FE7-6E0900000000
Hashes: MD5=CB6CD09F6A25744A8FA6E4B3E4D260C5,SHA256=265B69033CEA7A9F8214A34CD9B17912909AF46C7A47395DD7BB893A24507E59,IMPHASH=272245E2988E1E430500B852C4FB5E18
ParentProcessGuid: 50A489D6-826D-6A4A-4400-000000000200
ProcessId: 6072
CurrentDirectory: C:\Windows\system32\
ProcessGuid: 50A489D6-52E2-6A99-6D25-000000000200
CommandLine: '""C:\Windows\System32\cmd.exe"" ""/c"" ""exit"" '
FileVersion: 10.0.19041.3636 (WinBuild.160101.0800)
User: DESKTOP-JC89B03\soc
LogonId: '0x96ee77f'
IntegrityLevel: High
ParentImage: C:\Program Files\VMware\VMware Tools\vmtoolsd.exe
UtcTime: 2026-09-03 10:58:42.470
"
2026-09-03T11:14:13.195971+00:00,VMToolsd Suspicious Child Process,C:\logs\sysmon_20260919_043610.evtx,1,Microsoft-Windows-Sysmon,1,17080,DESKTOP-JC89B03,"Image: C:\Windows\System32\cmd.exe
RuleName: '-'
Description: Windows Command Processor
OriginalFileName: Cmd.Exe
TerminalSessionId: 0
ParentCommandLine: '""C:\Program Files\VMware\VMware Tools\vmtoolsd.exe""'
Product: Microsoft® Windows® Operating System
Company: Microsoft Corporation
ParentProcessId: 3008
ParentUser: NT AUTHORITY\SYSTEM
LogonGuid: 50A489D6-5685-6A99-9EA4-700900000000
Hashes: MD5=CB6CD09F6A25744A8FA6E4B3E4D260C5,SHA256=265B69033CEA7A9F8214A34CD9B17912909AF46C7A47395DD7BB893A24507E59,IMPHASH=272245E2988E1E430500B852C4FB5E18
ParentProcessGuid: 50A489D6-826D-6A4A-4400-000000000200
ProcessId: 8672
CurrentDirectory: C:\Windows\system32\
ProcessGuid: 50A489D6-5685-6A99-8225-000000000200
CommandLine: '""C:\Windows\System32\cmd.exe"" ""/c"" ""exit"" '
FileVersion: 10.0.19041.3636 (WinBuild.160101.0800)
User: DESKTOP-JC89B03\soc
LogonId: '0x970a49e'
IntegrityLevel: High
ParentImage: C:\Program Files\VMware\VMware Tools\vmtoolsd.exe
UtcTime: 2026-09-03 11:14:13.190
"
2026-09-03T11:29:43.584513+00:00,VMToolsd Suspicious Child Process,C:\logs\sysmon_20260919_043610.evtx,1,Microsoft-Windows-Sysmon,1,17132,DESKTOP-JC89B03,"Image: C:\Windows\System32\cmd.exe
RuleName: '-'
Description: Windows Command Processor
OriginalFileName: Cmd.Exe
TerminalSessionId: 0
ParentCommandLine: '""C:\Program Files\VMware\VMware Tools\vmtoolsd.exe""'
Product: Microsoft® Windows® Operating System
Company: Microsoft Corporation
ParentProcessId: 3008
ParentUser: NT AUTHORITY\SYSTEM
LogonGuid: 50A489D6-5A27-6A99-7F58-720900000000
Hashes: MD5=CB6CD09F6A25744A8FA6E4B3E4D260C5,SHA256=265B69033CEA7A9F8214A34CD9B17912909AF46C7A47395DD7BB893A24507E59,IMPHASH=272245E2988E1E430500B852C4FB5E18
ParentProcessGuid: 50A489D6-826D-6A4A-4400-000000000200
ProcessId: 3064
CurrentDirectory: C:\Windows\system32\
ProcessGuid: 50A489D6-5A27-6A99-9525-000000000200
CommandLine: '""C:\Windows\System32\cmd.exe"" ""/c"" ""exit"" '
FileVersion: 10.0.19041.3636 (WinBuild.160101.0800)
User: DESKTOP-JC89B03\soc
LogonId: '0x972587f'
IntegrityLevel: High
ParentImage: C:\Program Files\VMware\VMware Tools\vmtoolsd.exe
UtcTime: 2026-09-03 11:29:43.579
"
2026-09-03T11:45:14.962703+00:00,VMToolsd Suspicious Child Process,C:\logs\sysmon_20260919_043610.evtx,1,Microsoft-Windows-Sysmon,1,17191,DESKTOP-JC89B03,"Image: C:\Windows\System32\cmd.exe
RuleName: '-'
Description: Windows Command Processor
OriginalFileName: Cmd.Exe
TerminalSessionId: 0
ParentCommandLine: '""C:\Program Files\VMware\VMware Tools\vmtoolsd.exe""'
Product: Microsoft® Windows® Operating System
Company: Microsoft Corporation
ParentProcessId: 3008
ParentUser: NT AUTHORITY\SYSTEM
LogonGuid: 50A489D6-5DCA-6A99-0604-740900000000
Hashes: MD5=CB6CD09F6A25744A8FA6E4B3E4D260C5,SHA256=265B69033CEA7A9F8214A34CD9B17912909AF46C7A47395DD7BB893A24507E59,IMPHASH=272245E2988E1E430500B852C4FB5E18
ParentProcessGuid: 50A489D6-826D-6A4A-4400-000000000200
ProcessId: 7504
CurrentDirectory: C:\Windows\system32\
ProcessGuid: 50A489D6-5DCA-6A99-A725-000000000200
CommandLine: '""C:\Windows\System32\cmd.exe"" ""/c"" ""exit"" '
FileVersion: 10.0.19041.3636 (WinBuild.160101.0800)
User: DESKTOP-JC89B03\soc
LogonId: '0x9740406'
IntegrityLevel: High
ParentImage: C:\Program Files\VMware\VMware Tools\vmtoolsd.exe
UtcTime: 2026-09-03 11:45:14.955
"
2026-09-03T12:00:47.178584+00:00,VMToolsd Suspicious Child Process,C:\logs\sysmon_20260919_043610.evtx,1,Microsoft-Windows-Sysmon,1,17242,DESKTOP-JC89B03,"Image: C:\Windows\System32\cmd.exe
RuleName: '-'
Description: Windows Command Processor
OriginalFileName: Cmd.Exe
TerminalSessionId: 0
ParentCommandLine: '""C:\Program Files\VMware\VMware Tools\vmtoolsd.exe""'
Product: Microsoft® Windows® Operating System
Company: Microsoft Corporation
ParentProcessId: 3008
ParentUser: NT AUTHORITY\SYSTEM
LogonGuid: 50A489D6-616F-6A99-61B6-750900000000
Hashes: MD5=CB6CD09F6A25744A8FA6E4B3E4D260C5,SHA256=265B69033CEA7A9F8214A34CD9B17912909AF46C7A47395DD7BB893A24507E59,IMPHASH=272245E2988E1E430500B852C4FB5E18
ParentProcessGuid: 50A489D6-826D-6A4A-4400-000000000200
ProcessId: 10400
CurrentDirectory: C:\Windows\system32\
ProcessGuid: 50A489D6-616F-6A99-B725-000000000200
CommandLine: '""C:\Windows\System32\cmd.exe"" ""/c"" ""exit"" '
FileVersion: 10.0.19041.3636 (WinBuild.160101.0800)
User: DESKTOP-JC89B03\soc
LogonId: '0x975b661'
IntegrityLevel: High
ParentImage: C:\Program Files\VMware\VMware Tools\vmtoolsd.exe
UtcTime: 2026-09-03 12:00:47.174
"
2026-09-03T12:16:20.913961+00:00,VMToolsd Suspicious Child Process,C:\logs\sysmon_20260919_043610.evtx,1,Microsoft-Windows-Sysmon,1,17297,DESKTOP-JC89B03,"Image: C:\Windows\System32\cmd.exe
RuleName: '-'
Description: Windows Command Processor
OriginalFileName: Cmd.Exe
TerminalSessionId: 0
ParentCommandLine: '""C:\Program Files\VMware\VMware Tools\vmtoolsd.exe""'
Product: Microsoft® Windows® Operating System
Company: Microsoft Corporation
ParentProcessId: 3008
ParentUser: NT AUTHORITY\SYSTEM
LogonGuid: 50A489D6-6514-6A99-31E1-770900000000
Hashes: MD5=CB6CD09F6A25744A8FA6E4B3E4D260C5,SHA256=265B69033CEA7A9F8214A34CD9B17912909AF46C7A47395DD7BB893A24507E59,IMPHASH=272245E2988E1E430500B852C4FB5E18
ParentProcessGuid: 50A489D6-826D-6A4A-4400-000000000200
ProcessId: 8536
CurrentDirectory: C:\Windows\system32\
ProcessGuid: 50A489D6-6514-6A99-CC25-000000000200
CommandLine: '""C:\Windows\System32\cmd.exe"" ""/c"" ""exit"" '
FileVersion: 10.0.19041.3636 (WinBuild.160101.0800)
User: DESKTOP-JC89B03\soc
LogonId: '0x977e131'
IntegrityLevel: High
ParentImage: C:\Program Files\VMware\VMware Tools\vmtoolsd.exe
UtcTime: 2026-09-03 12:16:20.909
"
2026-09-03T12:31:52.442917+00:00,VMToolsd Suspicious Child Process,C:\logs\sysmon_20260919_043610.evtx,1,Microsoft-Windows-Sysmon,1,17346,DESKTOP-JC89B03,"Image: C:\Windows\System32\cmd.exe
RuleName: '-'
Description: Windows Command Processor
OriginalFileName: Cmd.Exe
TerminalSessionId: 0
ParentCommandLine: '""C:\Program Files\VMware\VMware Tools\vmtoolsd.exe""'
Product: Microsoft® Windows® Operating System
Company: Microsoft Corporation
ParentProcessId: 3008
ParentUser: NT AUTHORITY\SYSTEM
LogonGuid: 50A489D6-68B8-6A99-2269-790900000000
Hashes: MD5=CB6CD09F6A25744A8FA6E4B3E4D260C5,SHA256=265B69033CEA7A9F8214A34CD9B17912909AF46C7A47395DD7BB893A24507E59,IMPHASH=272245E2988E1E430500B852C4FB5E18
ParentProcessGuid: 50A489D6-826D-6A4A-4400-000000000200
ProcessId: 4576
CurrentDirectory: C:\Windows\system32\
ProcessGuid: 50A489D6-68B8-6A99-DC25-000000000200
CommandLine: '""C:\Windows\System32\cmd.exe"" ""/c"" ""exit"" '
FileVersion: 10.0.19041.3636 (WinBuild.160101.0800)
User: DESKTOP-JC89B03\soc
LogonId: '0x9796922'
IntegrityLevel: High
ParentImage: C:\Program Files\VMware\VMware Tools\vmtoolsd.exe
UtcTime: 2026-09-03 12:31:52.437
"
2026-09-03T12:47:24.896953+00:00,VMToolsd Suspicious Child Process,C:\logs\sysmon_20260919_043610.evtx,1,Microsoft-Windows-Sysmon,1,17395,DESKTOP-JC89B03,"Image: C:\Windows\System32\cmd.exe
RuleName: '-'
Description: Windows Command Processor
OriginalFileName: Cmd.Exe
TerminalSessionId: 0
ParentCommandLine: '""C:\Program Files\VMware\VMware Tools\vmtoolsd.exe""'
Product: Microsoft® Windows® Operating System
Company: Microsoft Corporation
ParentProcessId: 3008
ParentUser: NT AUTHORITY\SYSTEM
LogonGuid: 50A489D6-6C5C-6A99-B300-7B0900000000
Hashes: MD5=CB6CD09F6A25744A8FA6E4B3E4D260C5,SHA256=265B69033CEA7A9F8214A34CD9B17912909AF46C7A47395DD7BB893A24507E59,IMPHASH=272245E2988E1E430500B852C4FB5E18
ParentProcessGuid: 50A489D6-826D-6A4A-4400-000000000200
ProcessId: 9340
CurrentDirectory: C:\Windows\system32\
ProcessGuid: 50A489D6-6C5C-6A99-ED25-000000000200
CommandLine: '""C:\Windows\System32\cmd.exe"" ""/c"" ""exit"" '
FileVersion: 10.0.19041.3636 (WinBuild.160101.0800)
User: DESKTOP-JC89B03\soc
LogonId: '0x97b00b3'
IntegrityLevel: High
ParentImage: C:\Program Files\VMware\VMware Tools\vmtoolsd.exe
UtcTime: 2026-09-03 12:47:24.891
"
2026-09-03T13:02:56.490187+00:00,VMToolsd Suspicious Child Process,C:\logs\sysmon_20260919_043610.evtx,1,Microsoft-Windows-Sysmon,1,17452,DESKTOP-JC89B03,"Image: C:\Windows\System32\cmd.exe
RuleName: '-'
Description: Windows Command Processor
OriginalFileName: Cmd.Exe
TerminalSessionId: 0
ParentCommandLine: '""C:\Program Files\VMware\VMware Tools\vmtoolsd.exe""'
Product: Microsoft® Windows® Operating System
Company: Microsoft Corporation
ParentProcessId: 3008
ParentUser: NT AUTHORITY\SYSTEM
LogonGuid: 50A489D6-7000-6A99-21F8-7C0900000000
Hashes: MD5=CB6CD09F6A25744A8FA6E4B3E4D260C5,SHA256=265B69033CEA7A9F8214A34CD9B17912909AF46C7A47395DD7BB893A24507E59,IMPHASH=272245E2988E1E430500B852C4FB5E18
ParentProcessGuid: 50A489D6-826D-6A4A-4400-000000000200
ProcessId: 6560
CurrentDirectory: C:\Windows\system32\
ProcessGuid: 50A489D6-7000-6A99-0726-000000000200
CommandLine: '""C:\Windows\System32\cmd.exe"" ""/c"" ""exit"" '
FileVersion: 10.0.19041.3636 (WinBuild.160101.0800)
User: DESKTOP-JC89B03\soc
LogonId: '0x97cf821'
IntegrityLevel: High
ParentImage: C:\Program Files\VMware\VMware Tools\vmtoolsd.exe
UtcTime: 2026-09-03 13:02:56.485
"
2026-09-03T13:18:28.960050+00:00,VMToolsd Suspicious Child Process,C:\logs\sysmon_20260919_043610.evtx,1,Microsoft-Windows-Sysmon,1,17504,DESKTOP-JC89B03,"Image: C:\Windows\System32\cmd.exe
RuleName: '-'
Description: Windows Command Processor
OriginalFileName: Cmd.Exe
TerminalSessionId: 0
ParentCommandLine: '""C:\Program Files\VMware\VMware Tools\vmtoolsd.exe""'
Product: Microsoft® Windows® Operating System
Company: Microsoft Corporation
ParentProcessId: 3008
ParentUser: NT AUTHORITY\SYSTEM
LogonGuid: 50A489D6-73A4-6A99-EEA4-7E0900000000
Hashes: MD5=CB6CD09F6A25744A8FA6E4B3E4D260C5,SHA256=265B69033CEA7A9F8214A34CD9B17912909AF46C7A47395DD7BB893A24507E59,IMPHASH=272245E2988E1E430500B852C4FB5E18
ParentProcessGuid: 50A489D6-826D-6A4A-4400-000000000200
ProcessId: 10216
CurrentDirectory: C:\Windows\system32\
ProcessGuid: 50A489D6-73A4-6A99-1A26-000000000200
CommandLine: '""C:\Windows\System32\cmd.exe"" ""/c"" ""exit"" '
FileVersion: 10.0.19041.3636 (WinBuild.160101.0800)
User: DESKTOP-JC89B03\soc
LogonId: '0x97ea4ee'
IntegrityLevel: High
ParentImage: C:\Program Files\VMware\VMware Tools\vmtoolsd.exe
UtcTime: 2026-09-03 13:18:28.954
"
2026-09-03T13:34:00.615759+00:00,VMToolsd Suspicious Child Process,C:\logs\sysmon_20260919_043610.evtx,1,Microsoft-Windows-Sysmon,1,17556,DESKTOP-JC89B03,"Image: C:\Windows\System32\cmd.exe
RuleName: '-'
Description: Windows Command Processor
OriginalFileName: Cmd.Exe
TerminalSessionId: 0
ParentCommandLine: '""C:\Program Files\VMware\VMware Tools\vmtoolsd.exe""'
Product: Microsoft® Windows® Operating System
Company: Microsoft Corporation
ParentProcessId: 3008
ParentUser: NT AUTHORITY\SYSTEM
LogonGuid: 50A489D6-7748-6A99-0C38-800900000000
Hashes: MD5=CB6CD09F6A25744A8FA6E4B3E4D260C5,SHA256=265B69033CEA7A9F8214A34CD9B17912909AF46C7A47395DD7BB893A24507E59,IMPHASH=272245E2988E1E430500B852C4FB5E18
ParentProcessGuid: 50A489D6-826D-6A4A-4400-000000000200
ProcessId: 10416
CurrentDirectory: C:\Windows\system32\
ProcessGuid: 50A489D6-7748-6A99-2C26-000000000200
CommandLine: '""C:\Windows\System32\cmd.exe"" ""/c"" ""exit"" '
FileVersion: 10.0.19041.3636 (WinBuild.160101.0800)
User: DESKTOP-JC89B03\soc
LogonId: '0x980380c'
IntegrityLevel: High
ParentImage: C:\Program Files\VMware\VMware Tools\vmtoolsd.exe
UtcTime: 2026-09-03 13:34:00.611
"
2026-09-03T13:49:32.198758+00:00,VMToolsd Suspicious Child Process,C:\logs\sysmon_20260919_043610.evtx,1,Microsoft-Windows-Sysmon,1,17605,DESKTOP-JC89B03,"Image: C:\Windows\System32\cmd.exe
RuleName: '-'
Description: Windows Command Processor
OriginalFileName: Cmd.Exe
TerminalSessionId: 0
ParentCommandLine: '""C:\Program Files\VMware\VMware Tools\vmtoolsd.exe""'
Product: Microsoft® Windows® Operating System
Company: Microsoft Corporation
ParentProcessId: 3008
ParentUser: NT AUTHORITY\SYSTEM
LogonGuid: 50A489D6-7AEC-6A99-DBD0-810900000000
Hashes: MD5=CB6CD09F6A25744A8FA6E4B3E4D260C5,SHA256=265B69033CEA7A9F8214A34CD9B17912909AF46C7A47395DD7BB893A24507E59,IMPHASH=272245E2988E1E430500B852C4FB5E18
ParentProcessGuid: 50A489D6-826D-6A4A-4400-000000000200
ProcessId: 8312
CurrentDirectory: C:\Windows\system32\
ProcessGuid: 50A489D6-7AEC-6A99-3C26-000000000200
CommandLine: '""C:\Windows\System32\cmd.exe"" ""/c"" ""exit"" '
FileVersion: 10.0.19041.3636 (WinBuild.160101.0800)
User: DESKTOP-JC89B03\soc
LogonId: '0x981d0db'
IntegrityLevel: High
ParentImage: C:\Program Files\VMware\VMware Tools\vmtoolsd.exe
UtcTime: 2026-09-03 13:49:32.193
"
2026-09-03T14:05:03.849814+00:00,VMToolsd Suspicious Child Process,C:\logs\sysmon_20260919_043610.evtx,1,Microsoft-Windows-Sysmon,1,17661,DESKTOP-JC89B03,"Image: C:\Windows\System32\cmd.exe
RuleName: '-'
Description: Windows Command Processor
OriginalFileName: Cmd.Exe
TerminalSessionId: 0
ParentCommandLine: '""C:\Program Files\VMware\VMware Tools\vmtoolsd.exe""'
Product: Microsoft® Windows® Operating System
Company: Microsoft Corporation
ParentProcessId: 3008
ParentUser: NT AUTHORITY\SYSTEM
LogonGuid: 50A489D6-7E8F-6A99-2789-830900000000
Hashes: MD5=CB6CD09F6A25744A8FA6E4B3E4D260C5,SHA256=265B69033CEA7A9F8214A34CD9B17912909AF46C7A47395DD7BB893A24507E59,IMPHASH=272245E2988E1E430500B852C4FB5E18
ParentProcessGuid: 50A489D6-826D-6A4A-4400-000000000200
ProcessId: 332
CurrentDirectory: C:\Windows\system32\
ProcessGuid: 50A489D6-7E8F-6A99-5026-000000000200
CommandLine: '""C:\Windows\System32\cmd.exe"" ""/c"" ""exit"" '
FileVersion: 10.0.19041.3636 (WinBuild.160101.0800)
User: DESKTOP-JC89B03\soc
LogonId: '0x9838927'
IntegrityLevel: High
ParentImage: C:\Program Files\VMware\VMware Tools\vmtoolsd.exe
UtcTime: 2026-09-03 14:05:03.844
"
2026-09-03T14:20:36.208546+00:00,VMToolsd Suspicious Child Process,C:\logs\sysmon_20260919_043610.evtx,1,Microsoft-Windows-Sysmon,1,17710,DESKTOP-JC89B03,"Image: C:\Windows\System32\cmd.exe
RuleName: '-'
Description: Windows Command Processor
OriginalFileName: Cmd.Exe
TerminalSessionId: 0
ParentCommandLine: '""C:\Program Files\VMware\VMware Tools\vmtoolsd.exe""'
Product: Microsoft® Windows® Operating System
Company: Microsoft Corporation
ParentProcessId: 3008
ParentUser: NT AUTHORITY\SYSTEM
LogonGuid: 50A489D6-8234-6A99-F51E-850900000000
Hashes: MD5=CB6CD09F6A25744A8FA6E4B3E4D260C5,SHA256=265B69033CEA7A9F8214A34CD9B17912909AF46C7A47395DD7BB893A24507E59,IMPHASH=272245E2988E1E430500B852C4FB5E18
ParentProcessGuid: 50A489D6-826D-6A4A-4400-000000000200
ProcessId: 10764
CurrentDirectory: C:\Windows\system32\
ProcessGuid: 50A489D6-8234-6A99-6126-000000000200
CommandLine: '""C:\Windows\System32\cmd.exe"" ""/c"" ""exit"" '
FileVersion: 10.0.19041.3636 (WinBuild.160101.0800)
User: DESKTOP-JC89B03\soc
LogonId: '0x9851ef5'
IntegrityLevel: High
ParentImage: C:\Program Files\VMware\VMware Tools\vmtoolsd.exe
UtcTime: 2026-09-03 14:20:36.203
"
2026-09-03T14:36:07.613848+00:00,VMToolsd Suspicious Child Process,C:\logs\sysmon_20260919_043610.evtx,1,Microsoft-Windows-Sysmon,1,17775,DESKTOP-JC89B03,"Image: C:\Windows\System32\cmd.exe
RuleName: '-'
Description: Windows Command Processor
OriginalFileName: Cmd.Exe
TerminalSessionId: 0
ParentCommandLine: '""C:\Program Files\VMware\VMware Tools\vmtoolsd.exe""'
Product: Microsoft® Windows® Operating System
Company: Microsoft Corporation
ParentProcessId: 3008
ParentUser: NT AUTHORITY\SYSTEM
LogonGuid: 50A489D6-85D7-6A99-521D-870900000000
Hashes: MD5=CB6CD09F6A25744A8FA6E4B3E4D260C5,SHA256=265B69033CEA7A9F8214A34CD9B17912909AF46C7A47395DD7BB893A24507E59,IMPHASH=272245E2988E1E430500B852C4FB5E18
ParentProcessGuid: 50A489D6-826D-6A4A-4400-000000000200
ProcessId: 7684
CurrentDirectory: C:\Windows\system32\
ProcessGuid: 50A489D6-85D7-6A99-7726-000000000200
CommandLine: '""C:\Windows\System32\cmd.exe"" ""/c"" ""exit"" '
FileVersion: 10.0.19041.3636 (WinBuild.160101.0800)
User: DESKTOP-JC89B03\soc
LogonId: '0x9871d52'
IntegrityLevel: High
ParentImage: C:\Program Files\VMware\VMware Tools\vmtoolsd.exe
UtcTime: 2026-09-03 14:36:07.608
"
2026-09-03T14:51:41.134647+00:00,VMToolsd Suspicious Child Process,C:\logs\sysmon_20260919_043610.evtx,1,Microsoft-Windows-Sysmon,1,17872,DESKTOP-JC89B03,"Image: C:\Windows\System32\cmd.exe
RuleName: '-'
Description: Windows Command Processor
OriginalFileName: Cmd.Exe
TerminalSessionId: 0
ParentCommandLine: '""C:\Program Files\VMware\VMware Tools\vmtoolsd.exe""'
Product: Microsoft® Windows® Operating System
Company: Microsoft Corporation
ParentProcessId: 3008
ParentUser: NT AUTHORITY\SYSTEM
LogonGuid: 50A489D6-897D-6A99-38E5-880900000000
Hashes: MD5=CB6CD09F6A25744A8FA6E4B3E4D260C5,SHA256=265B69033CEA7A9F8214A34CD9B17912909AF46C7A47395DD7BB893A24507E59,IMPHASH=272245E2988E1E430500B852C4FB5E18
ParentProcessGuid: 50A489D6-826D-6A4A-4400-000000000200
ProcessId: 8256
CurrentDirectory: C:\Windows\system32\
ProcessGuid: 50A489D6-897D-6A99-8726-000000000200
CommandLine: '""C:\Windows\System32\cmd.exe"" ""/c"" ""exit"" '
FileVersion: 10.0.19041.3636 (WinBuild.160101.0800)
User: DESKTOP-JC89B03\soc
LogonId: '0x988e538'
IntegrityLevel: High
ParentImage: C:\Program Files\VMware\VMware Tools\vmtoolsd.exe
UtcTime: 2026-09-03 14:51:41.129
"
2026-09-03T15:07:12.788273+00:00,VMToolsd Suspicious Child Process,C:\logs\sysmon_20260919_043610.evtx,1,Microsoft-Windows-Sysmon,1,17946,DESKTOP-JC89B03,"Image: C:\Windows\System32\cmd.exe
RuleName: '-'
Description: Windows Command Processor
OriginalFileName: Cmd.Exe
TerminalSessionId: 0
ParentCommandLine: '""C:\Program Files\VMware\VMware Tools\vmtoolsd.exe""'
Product: Microsoft® Windows® Operating System
Company: Microsoft Corporation
ParentProcessId: 3008
ParentUser: NT AUTHORITY\SYSTEM
LogonGuid: 50A489D6-8D20-6A99-EFAB-8A0900000000
Hashes: MD5=CB6CD09F6A25744A8FA6E4B3E4D260C5,SHA256=265B69033CEA7A9F8214A34CD9B17912909AF46C7A47395DD7BB893A24507E59,IMPHASH=272245E2988E1E430500B852C4FB5E18
ParentProcessGuid: 50A489D6-826D-6A4A-4400-000000000200
ProcessId: 6080
CurrentDirectory: C:\Windows\system32\
ProcessGuid: 50A489D6-8D20-6A99-9A26-000000000200
CommandLine: '""C:\Windows\System32\cmd.exe"" ""/c"" ""exit"" '
FileVersion: 10.0.19041.3636 (WinBuild.160101.0800)
User: DESKTOP-JC89B03\soc
LogonId: '0x98aabef'
IntegrityLevel: High
ParentImage: C:\Program Files\VMware\VMware Tools\vmtoolsd.exe
UtcTime: 2026-09-03 15:07:12.782
"
2026-09-03T15:22:44.289561+00:00,VMToolsd Suspicious Child Process,C:\logs\sysmon_20260919_043610.evtx,1,Microsoft-Windows-Sysmon,1,18008,DESKTOP-JC89B03,"Image: C:\Windows\System32\cmd.exe
RuleName: '-'
Description: Windows Command Processor
OriginalFileName: Cmd.Exe
TerminalSessionId: 0
ParentCommandLine: '""C:\Program Files\VMware\VMware Tools\vmtoolsd.exe""'
Product: Microsoft® Windows® Operating System
Company: Microsoft Corporation
ParentProcessId: 3008
ParentUser: NT AUTHORITY\SYSTEM
LogonGuid: 50A489D6-90C4-6A99-E151-8C0900000000
Hashes: MD5=CB6CD09F6A25744A8FA6E4B3E4D260C5,SHA256=265B69033CEA7A9F8214A34CD9B17912909AF46C7A47395DD7BB893A24507E59,IMPHASH=272245E2988E1E430500B852C4FB5E18
ParentProcessGuid: 50A489D6-826D-6A4A-4400-000000000200
ProcessId: 1716
CurrentDirectory: C:\Windows\system32\
ProcessGuid: 50A489D6-90C4-6A99-AB26-000000000200
CommandLine: '""C:\Windows\System32\cmd.exe"" ""/c"" ""exit"" '
FileVersion: 10.0.19041.3636 (WinBuild.160101.0800)
User: DESKTOP-JC89B03\soc
LogonId: '0x98c51e1'
IntegrityLevel: High
ParentImage: C:\Program Files\VMware\VMware Tools\vmtoolsd.exe
UtcTime: 2026-09-03 15:22:44.284
"
2026-09-03T15:38:17.006208+00:00,VMToolsd Suspicious Child Process,C:\logs\sysmon_20260919_043610.evtx,1,Microsoft-Windows-Sysmon,1,18064,DESKTOP-JC89B03,"Image: C:\Windows\System32\cmd.exe
RuleName: '-'
Description: Windows Command Processor
OriginalFileName: Cmd.Exe
TerminalSessionId: 0
ParentCommandLine: '""C:\Program Files\VMware\VMware Tools\vmtoolsd.exe""'
Product: Microsoft® Windows® Operating System
Company: Microsoft Corporation
ParentProcessId: 3008
ParentUser: NT AUTHORITY\SYSTEM
LogonGuid: 50A489D6-9468-6A99-5BF2-8D0900000000
Hashes: MD5=CB6CD09F6A25744A8FA6E4B3E4D260C5,SHA256=265B69033CEA7A9F8214A34CD9B17912909AF46C7A47395DD7BB893A24507E59,IMPHASH=272245E2988E1E430500B852C4FB5E18
ParentProcessGuid: 50A489D6-826D-6A4A-4400-000000000200
ProcessId: 3428
CurrentDirectory: C:\Windows\system32\
ProcessGuid: 50A489D6-9469-6A99-BC26-000000000200
CommandLine: '""C:\Windows\System32\cmd.exe"" ""/c"" ""exit"" '
FileVersion: 10.0.19041.3636 (WinBuild.160101.0800)
User: DESKTOP-JC89B03\soc
LogonId: '0x98df25b'
IntegrityLevel: High
ParentImage: C:\Program Files\VMware\VMware Tools\vmtoolsd.exe
UtcTime: 2026-09-03 15:38:17.000
"
2026-09-03T15:53:49.318587+00:00,VMToolsd Suspicious Child Process,C:\logs\sysmon_20260919_043610.evtx,1,Microsoft-Windows-Sysmon,1,18124,DESKTOP-JC89B03,"Image: C:\Windows\System32\cmd.exe
RuleName: '-'
Description: Windows Command Processor
OriginalFileName: Cmd.Exe
TerminalSessionId: 0
ParentCommandLine: '""C:\Program Files\VMware\VMware Tools\vmtoolsd.exe""'
Product: Microsoft® Windows® Operating System
Company: Microsoft Corporation
ParentProcessId: 3008
ParentUser: NT AUTHORITY\SYSTEM
LogonGuid: 50A489D6-980D-6A99-B1A0-8F0900000000
Hashes: MD5=CB6CD09F6A25744A8FA6E4B3E4D260C5,SHA256=265B69033CEA7A9F8214A34CD9B17912909AF46C7A47395DD7BB893A24507E59,IMPHASH=272245E2988E1E430500B852C4FB5E18
ParentProcessGuid: 50A489D6-826D-6A4A-4400-000000000200
ProcessId: 6392
CurrentDirectory: C:\Windows\system32\
ProcessGuid: 50A489D6-980D-6A99-CF26-000000000200
CommandLine: '""C:\Windows\System32\cmd.exe"" ""/c"" ""exit"" '
FileVersion: 10.0.19041.3636 (WinBuild.160101.0800)
User: DESKTOP-JC89B03\soc
LogonId: '0x98fa0b1'
IntegrityLevel: High
ParentImage: C:\Program Files\VMware\VMware Tools\vmtoolsd.exe
UtcTime: 2026-09-03 15:53:49.312
"
2026-09-03T16:09:22.725564+00:00,VMToolsd Suspicious Child Process,C:\logs\sysmon_20260919_043610.evtx,1,Microsoft-Windows-Sysmon,1,18175,DESKTOP-JC89B03,"Image: C:\Windows\System32\cmd.exe
RuleName: '-'
Description: Windows Command Processor
OriginalFileName: Cmd.Exe
TerminalSessionId: 0
ParentCommandLine: '""C:\Program Files\VMware\VMware Tools\vmtoolsd.exe""'
Product: Microsoft® Windows® Operating System
Company: Microsoft Corporation
ParentProcessId: 3008
ParentUser: NT AUTHORITY\SYSTEM
LogonGuid: 50A489D6-9BB2-6A99-1D51-910900000000
Hashes: MD5=CB6CD09F6A25744A8FA6E4B3E4D260C5,SHA256=265B69033CEA7A9F8214A34CD9B17912909AF46C7A47395DD7BB893A24507E59,IMPHASH=272245E2988E1E430500B852C4FB5E18
ParentProcessGuid: 50A489D6-826D-6A4A-4400-000000000200
ProcessId: 6788
CurrentDirectory: C:\Windows\system32\
ProcessGuid: 50A489D6-9BB2-6A99-E226-000000000200
CommandLine: '""C:\Windows\System32\cmd.exe"" ""/c"" ""exit"" '
FileVersion: 10.0.19041.3636 (WinBuild.160101.0800)
User: DESKTOP-JC89B03\soc
LogonId: '0x991511d'
IntegrityLevel: High
ParentImage: C:\Program Files\VMware\VMware Tools\vmtoolsd.exe
UtcTime: 2026-09-03 16:09:22.720
"
2026-09-03T16:24:55.209022+00:00,VMToolsd Suspicious Child Process,C:\logs\sysmon_20260919_043610.evtx,1,Microsoft-Windows-Sysmon,1,18235,DESKTOP-JC89B03,"Image: C:\Windows\System32\cmd.exe
RuleName: '-'
Description: Windows Command Processor
OriginalFileName: Cmd.Exe
TerminalSessionId: 0
ParentCommandLine: '""C:\Program Files\VMware\VMware Tools\vmtoolsd.exe""'
Product: Microsoft® Windows® Operating System
Company: Microsoft Corporation
ParentProcessId: 3008
ParentUser: NT AUTHORITY\SYSTEM
LogonGuid: 50A489D6-9F57-6A99-1DF9-920900000000
Hashes: MD5=CB6CD09F6A25744A8FA6E4B3E4D260C5,SHA256=265B69033CEA7A9F8214A34CD9B17912909AF46C7A47395DD7BB893A24507E59,IMPHASH=272245E2988E1E430500B852C4FB5E18
ParentProcessGuid: 50A489D6-826D-6A4A-4400-000000000200
ProcessId: 5056
CurrentDirectory: C:\Windows\system32\
ProcessGuid: 50A489D6-9F57-6A99-F426-000000000200
CommandLine: '""C:\Windows\System32\cmd.exe"" ""/c"" ""exit"" '
FileVersion: 10.0.19041.3636 (WinBuild.160101.0800)
User: DESKTOP-JC89B03\soc
LogonId: '0x992f91d'
IntegrityLevel: High
ParentImage: C:\Program Files\VMware\VMware Tools\vmtoolsd.exe
UtcTime: 2026-09-03 16:24:55.203
"
2026-09-03T16:40:28.006250+00:00,VMToolsd Suspicious Child Process,C:\logs\sysmon_20260919_043610.evtx,1,Microsoft-Windows-Sysmon,1,18287,DESKTOP-JC89B03,"Image: C:\Windows\System32\cmd.exe
RuleName: '-'
Description: Windows Command Processor
OriginalFileName: Cmd.Exe
TerminalSessionId: 0
ParentCommandLine: '""C:\Program Files\VMware\VMware Tools\vmtoolsd.exe""'
Product: Microsoft® Windows® Operating System
Company: Microsoft Corporation
ParentProcessId: 3008
ParentUser: NT AUTHORITY\SYSTEM
LogonGuid: 50A489D6-A2FB-6A99-4EFA-940900000000
Hashes: MD5=CB6CD09F6A25744A8FA6E4B3E4D260C5,SHA256=265B69033CEA7A9F8214A34CD9B17912909AF46C7A47395DD7BB893A24507E59,IMPHASH=272245E2988E1E430500B852C4FB5E18
ParentProcessGuid: 50A489D6-826D-6A4A-4400-000000000200
ProcessId: 2844
CurrentDirectory: C:\Windows\system32\
ProcessGuid: 50A489D6-A2FC-6A99-0627-000000000200
CommandLine: '""C:\Windows\System32\cmd.exe"" ""/c"" ""exit"" '
FileVersion: 10.0.19041.3636 (WinBuild.160101.0800)
User: DESKTOP-JC89B03\soc
LogonId: '0x994fa4e'
IntegrityLevel: High
ParentImage: C:\Program Files\VMware\VMware Tools\vmtoolsd.exe
UtcTime: 2026-09-03 16:40:28.001
"
2026-09-03T16:56:00.863030+00:00,VMToolsd Suspicious Child Process,C:\logs\sysmon_20260919_043610.evtx,1,Microsoft-Windows-Sysmon,1,18338,DESKTOP-JC89B03,"Image: C:\Windows\System32\cmd.exe
RuleName: '-'
Description: Windows Command Processor
OriginalFileName: Cmd.Exe
TerminalSessionId: 0
ParentCommandLine: '""C:\Program Files\VMware\VMware Tools\vmtoolsd.exe""'
Product: Microsoft® Windows® Operating System
Company: Microsoft Corporation
ParentProcessId: 3008
ParentUser: NT AUTHORITY\SYSTEM
LogonGuid: 50A489D6-A6A0-6A99-E8A6-960900000000
Hashes: MD5=CB6CD09F6A25744A8FA6E4B3E4D260C5,SHA256=265B69033CEA7A9F8214A34CD9B17912909AF46C7A47395DD7BB893A24507E59,IMPHASH=272245E2988E1E430500B852C4FB5E18
ParentProcessGuid: 50A489D6-826D-6A4A-4400-000000000200
ProcessId: 8416
CurrentDirectory: C:\Windows\system32\
ProcessGuid: 50A489D6-A6A0-6A99-1827-000000000200
CommandLine: '""C:\Windows\System32\cmd.exe"" ""/c"" ""exit"" '
FileVersion: 10.0.19041.3636 (WinBuild.160101.0800)
User: DESKTOP-JC89B03\soc
LogonId: '0x996a6e8'
IntegrityLevel: High
ParentImage: C:\Program Files\VMware\VMware Tools\vmtoolsd.exe
UtcTime: 2026-09-03 16:56:00.857
"
2026-09-03T17:11:33.739240+00:00,VMToolsd Suspicious Child Process,C:\logs\sysmon_20260919_043610.evtx,1,Microsoft-Windows-Sysmon,1,18389,DESKTOP-JC89B03,"Image: C:\Windows\System32\cmd.exe
RuleName: '-'
Description: Windows Command Processor
OriginalFileName: Cmd.Exe
TerminalSessionId: 0
ParentCommandLine: '""C:\Program Files\VMware\VMware Tools\vmtoolsd.exe""'
Product: Microsoft® Windows® Operating System
Company: Microsoft Corporation
ParentProcessId: 3008
ParentUser: NT AUTHORITY\SYSTEM
LogonGuid: 50A489D6-AA45-6A99-653D-980900000000
Hashes: MD5=CB6CD09F6A25744A8FA6E4B3E4D260C5,SHA256=265B69033CEA7A9F8214A34CD9B17912909AF46C7A47395DD7BB893A24507E59,IMPHASH=272245E2988E1E430500B852C4FB5E18
ParentProcessGuid: 50A489D6-826D-6A4A-4400-000000000200
ProcessId: 8724
CurrentDirectory: C:\Windows\system32\
ProcessGuid: 50A489D6-AA45-6A99-2A27-000000000200
CommandLine: '""C:\Windows\System32\cmd.exe"" ""/c"" ""exit"" '
FileVersion: 10.0.19041.3636 (WinBuild.160101.0800)
User: DESKTOP-JC89B03\soc
LogonId: '0x9983d65'
IntegrityLevel: High
ParentImage: C:\Program Files\VMware\VMware Tools\vmtoolsd.exe
UtcTime: 2026-09-03 17:11:33.734
"
2026-09-03T17:27:05.363930+00:00,VMToolsd Suspicious Child Process,C:\logs\sysmon_20260919_043610.evtx,1,Microsoft-Windows-Sysmon,1,18440,DESKTOP-JC89B03,"Image: C:\Windows\System32\cmd.exe
RuleName: '-'
Description: Windows Command Processor
OriginalFileName: Cmd.Exe
TerminalSessionId: 0
ParentCommandLine: '""C:\Program Files\VMware\VMware Tools\vmtoolsd.exe""'
Product: Microsoft® Windows® Operating System
Company: Microsoft Corporation
ParentProcessId: 3008
ParentUser: NT AUTHORITY\SYSTEM
LogonGuid: 50A489D6-ADE9-6A99-2CDC-990900000000
Hashes: MD5=CB6CD09F6A25744A8FA6E4B3E4D260C5,SHA256=265B69033CEA7A9F8214A34CD9B17912909AF46C7A47395DD7BB893A24507E59,IMPHASH=272245E2988E1E430500B852C4FB5E18
ParentProcessGuid: 50A489D6-826D-6A4A-4400-000000000200
ProcessId: 9828
CurrentDirectory: C:\Windows\system32\
ProcessGuid: 50A489D6-ADE9-6A99-3C27-000000000200
CommandLine: '""C:\Windows\System32\cmd.exe"" ""/c"" ""exit"" '
FileVersion: 10.0.19041.3636 (WinBuild.160101.0800)
User: DESKTOP-JC89B03\soc
LogonId: '0x999dc2c'
IntegrityLevel: High
ParentImage: C:\Program Files\VMware\VMware Tools\vmtoolsd.exe
UtcTime: 2026-09-03 17:27:05.358
"
2026-09-03T17:42:36.225025+00:00,VMToolsd Suspicious Child Process,C:\logs\sysmon_20260919_043610.evtx,1,Microsoft-Windows-Sysmon,1,18488,DESKTOP-JC89B03,"Image: C:\Windows\System32\cmd.exe
RuleName: '-'
Description: Windows Command Processor
OriginalFileName: Cmd.Exe
TerminalSessionId: 0
ParentCommandLine: '""C:\Program Files\VMware\VMware Tools\vmtoolsd.exe""'
Product: Microsoft® Windows® Operating System
Company: Microsoft Corporation
ParentProcessId: 3008
ParentUser: NT AUTHORITY\SYSTEM
LogonGuid: 50A489D6-B18C-6A99-D77A-9B0900000000
Hashes: MD5=CB6CD09F6A25744A8FA6E4B3E4D260C5,SHA256=265B69033CEA7A9F8214A34CD9B17912909AF46C7A47395DD7BB893A24507E59,IMPHASH=272245E2988E1E430500B852C4FB5E18
ParentProcessGuid: 50A489D6-826D-6A4A-4400-000000000200
ProcessId: 10716
CurrentDirectory: C:\Windows\system32\
ProcessGuid: 50A489D6-B18C-6A99-4E27-000000000200
CommandLine: '""C:\Windows\System32\cmd.exe"" ""/c"" ""exit"" '
FileVersion: 10.0.19041.3636 (WinBuild.160101.0800)
User: DESKTOP-JC89B03\soc
LogonId: '0x99b7ad7'
IntegrityLevel: High
ParentImage: C:\Program Files\VMware\VMware Tools\vmtoolsd.exe
UtcTime: 2026-09-03 17:42:36.219
"
2026-09-03T17:58:06.864637+00:00,VMToolsd Suspicious Child Process,C:\logs\sysmon_20260919_043610.evtx,1,Microsoft-Windows-Sysmon,1,18550,DESKTOP-JC89B03,"Image: C:\Windows\System32\cmd.exe
RuleName: '-'
Description: Windows Command Processor
OriginalFileName: Cmd.Exe
TerminalSessionId: 0
ParentCommandLine: '""C:\Program Files\VMware\VMware Tools\vmtoolsd.exe""'
Product: Microsoft® Windows® Operating System
Company: Microsoft Corporation
ParentProcessId: 3008
ParentUser: NT AUTHORITY\SYSTEM
LogonGuid: 50A489D6-B52E-6A99-2A41-9D0900000000
Hashes: MD5=CB6CD09F6A25744A8FA6E4B3E4D260C5,SHA256=265B69033CEA7A9F8214A34CD9B17912909AF46C7A47395DD7BB893A24507E59,IMPHASH=272245E2988E1E430500B852C4FB5E18
ParentProcessGuid: 50A489D6-826D-6A4A-4400-000000000200
ProcessId: 11020
CurrentDirectory: C:\Windows\system32\
ProcessGuid: 50A489D6-B52E-6A99-6027-000000000200
CommandLine: '""C:\Windows\System32\cmd.exe"" ""/c"" ""exit"" '
FileVersion: 10.0.19041.3636 (WinBuild.160101.0800)
User: DESKTOP-JC89B03\soc
LogonId: '0x99d412a'
IntegrityLevel: High
ParentImage: C:\Program Files\VMware\VMware Tools\vmtoolsd.exe
UtcTime: 2026-09-03 17:58:06.859
"
2026-09-03T18:13:37.457569+00:00,VMToolsd Suspicious Child Process,C:\logs\sysmon_20260919_043610.evtx,1,Microsoft-Windows-Sysmon,1,18600,DESKTOP-JC89B03,"Image: C:\Windows\System32\cmd.exe
RuleName: '-'
Description: Windows Command Processor
OriginalFileName: Cmd.Exe
TerminalSessionId: 0
ParentCommandLine: '""C:\Program Files\VMware\VMware Tools\vmtoolsd.exe""'
Product: Microsoft® Windows® Operating System
Company: Microsoft Corporation
ParentProcessId: 3008
ParentUser: NT AUTHORITY\SYSTEM
LogonGuid: 50A489D6-B8D1-6A99-9BDF-9E0900000000
Hashes: MD5=CB6CD09F6A25744A8FA6E4B3E4D260C5,SHA256=265B69033CEA7A9F8214A34CD9B17912909AF46C7A47395DD7BB893A24507E59,IMPHASH=272245E2988E1E430500B852C4FB5E18
ParentProcessGuid: 50A489D6-826D-6A4A-4400-000000000200
ProcessId: 2936
CurrentDirectory: C:\Windows\system32\
ProcessGuid: 50A489D6-B8D1-6A99-7227-000000000200
CommandLine: '""C:\Windows\System32\cmd.exe"" ""/c"" ""exit"" '
FileVersion: 10.0.19041.3636 (WinBuild.160101.0800)
User: DESKTOP-JC89B03\soc
LogonId: '0x99edf9b'
IntegrityLevel: High
ParentImage: C:\Program Files\VMware\VMware Tools\vmtoolsd.exe
UtcTime: 2026-09-03 18:13:37.453
"
2026-09-06T19:38:27.547816+00:00,Non Interactive PowerShell Process Spawned,C:\logs\sysmon_20260919_043610.evtx,1,Microsoft-Windows-Sysmon,1,11969,DESKTOP-JC89B03,"Image: C:\Windows\System32\WindowsPowerShell\v1.0\powershell.exe
RuleName: '-'
Description: Windows PowerShell
OriginalFileName: PowerShell.EXE
TerminalSessionId: 0
ParentCommandLine: '-'
Product: Microsoft® Windows® Operating System
Company: Microsoft Corporation
ParentProcessId: 9044
ParentUser: '-'
LogonGuid: 50A489D6-8269-6A4A-E703-000000000000
Hashes: MD5=6726185B70B5ADF05E8A1A1DF82EBF30,SHA256=64DD55E1C2373DEED25C2776F553C632E58C45E56A0E4639DFD54EE97EAB9C19,IMPHASH=E3007C8E0098D06ABF617EEE6F0C5ABD
ParentProcessGuid: 00000000-0000-0000-0000-000000000000
ProcessId: 9108
CurrentDirectory: C:\Windows\system32\
ProcessGuid: 50A489D6-C133-6A9D-321C-000000000200
CommandLine: 'powershell.exe -ExecutionPolicy Restricted -Command Write-Host ''Final result: 1'';'
FileVersion: 10.0.19041.3636 (WinBuild.160101.0800)
User: NT AUTHORITY\SYSTEM
LogonId: '0x3e7'
IntegrityLevel: System
ParentImage: '-'
UtcTime: 2026-09-06 19:38:27.533
"
2026-09-06T20:58:37.343973+00:00,VMToolsd Suspicious Child Process,C:\logs\sysmon_20260919_043610.evtx,1,Microsoft-Windows-Sysmon,1,12121,DESKTOP-JC89B03,"Image: C:\Windows\System32\cmd.exe
RuleName: '-'
Description: Windows Command Processor
OriginalFileName: Cmd.Exe
TerminalSessionId: 0
ParentCommandLine: '""C:\Program Files\VMware\VMware Tools\vmtoolsd.exe""'
Product: Microsoft® Windows® Operating System
Company: Microsoft Corporation
ParentProcessId: 3008
ParentUser: NT AUTHORITY\SYSTEM
LogonGuid: 50A489D6-D3FD-6A9D-E8D9-800800000000
Hashes: MD5=CB6CD09F6A25744A8FA6E4B3E4D260C5,SHA256=265B69033CEA7A9F8214A34CD9B17912909AF46C7A47395DD7BB893A24507E59,IMPHASH=272245E2988E1E430500B852C4FB5E18
ParentProcessGuid: 50A489D6-826D-6A4A-4400-000000000200
ProcessId: 2204
CurrentDirectory: C:\Windows\system32\
ProcessGuid: 50A489D6-D3FD-6A9D-AF1C-000000000200
CommandLine: '""C:\Windows\System32\cmd.exe"" ""/c"" ""exit"" '
FileVersion: 10.0.19041.3636 (WinBuild.160101.0800)
User: DESKTOP-JC89B03\soc
LogonId: '0x880d9e8'
IntegrityLevel: High
ParentImage: C:\Program Files\VMware\VMware Tools\vmtoolsd.exe
UtcTime: 2026-09-06 20:58:37.315
"
2026-09-06T20:59:39.055325+00:00,VMToolsd Suspicious Child Process,C:\logs\sysmon_20260919_043610.evtx,1,Microsoft-Windows-Sysmon,1,12134,DESKTOP-JC89B03,"Image: C:\Windows\System32\cmd.exe
RuleName: '-'
Description: Windows Command Processor
OriginalFileName: Cmd.Exe
TerminalSessionId: 0
ParentCommandLine: '""C:\Program Files\VMware\VMware Tools\vmtoolsd.exe""'
Product: Microsoft® Windows® Operating System
Company: Microsoft Corporation
ParentProcessId: 3008
ParentUser: NT AUTHORITY\SYSTEM
LogonGuid: 50A489D6-D43A-6A9D-A86B-810800000000
Hashes: MD5=CB6CD09F6A25744A8FA6E4B3E4D260C5,SHA256=265B69033CEA7A9F8214A34CD9B17912909AF46C7A47395DD7BB893A24507E59,IMPHASH=272245E2988E1E430500B852C4FB5E18
ParentProcessGuid: 50A489D6-826D-6A4A-4400-000000000200
ProcessId: 11064
CurrentDirectory: C:\Windows\system32\
ProcessGuid: 50A489D6-D43B-6A9D-BF1C-000000000200
CommandLine: '""C:\Windows\System32\cmd.exe"" ""/c"" ""exit"" '
FileVersion: 10.0.19041.3636 (WinBuild.160101.0800)
User: DESKTOP-JC89B03\soc
LogonId: '0x8816ba8'
IntegrityLevel: High
ParentImage: C:\Program Files\VMware\VMware Tools\vmtoolsd.exe
UtcTime: 2026-09-06 20:59:39.047
"
2026-09-06T20:59:41.140904+00:00,VMToolsd Suspicious Child Process,C:\logs\sysmon_20260919_043610.evtx,1,Microsoft-Windows-Sysmon,1,12135,DESKTOP-JC89B03,"Image: C:\Windows\System32\cmd.exe
RuleName: '-'
Description: Windows Command Processor
OriginalFileName: Cmd.Exe
TerminalSessionId: 0
ParentCommandLine: '""C:\Program Files\VMware\VMware Tools\vmtoolsd.exe""'
Product: Microsoft® Windows® Operating System
Company: Microsoft Corporation
ParentProcessId: 3008
ParentUser: NT AUTHORITY\SYSTEM
LogonGuid: 50A489D6-D43D-6A9D-2D72-810800000000
Hashes: MD5=CB6CD09F6A25744A8FA6E4B3E4D260C5,SHA256=265B69033CEA7A9F8214A34CD9B17912909AF46C7A47395DD7BB893A24507E59,IMPHASH=272245E2988E1E430500B852C4FB5E18
ParentProcessGuid: 50A489D6-826D-6A4A-4400-000000000200
ProcessId: 2064
CurrentDirectory: C:\Windows\system32\
ProcessGuid: 50A489D6-D43D-6A9D-C11C-000000000200
CommandLine: '""C:\Windows\System32\cmd.exe"" ""/c"" ""exit"" '
FileVersion: 10.0.19041.3636 (WinBuild.160101.0800)
User: DESKTOP-JC89B03\soc
LogonId: '0x881722d'
IntegrityLevel: High
ParentImage: C:\Program Files\VMware\VMware Tools\vmtoolsd.exe
UtcTime: 2026-09-06 20:59:41.134
"
2026-09-06T21:09:16.109815+00:00,PUA - Suspicious ActiveDirectory Enumeration Via AdFind.EXE,C:\logs\sysmon_20260919_043610.evtx,1,Microsoft-Windows-Sysmon,1,12170,DESKTOP-JC89B03,"Image: C:\Windows\System32\net.exe
RuleName: '-'
Description: Net Command
OriginalFileName: net.exe
TerminalSessionId: 1
ParentCommandLine: '""C:\Windows\System32\WindowsPowerShell\v1.0\powershell.exe"" '
Product: Microsoft® Windows® Operating System
Company: Microsoft Corporation
ParentProcessId: 452
ParentUser: DESKTOP-JC89B03\soc
LogonGuid: 50A489D6-8293-6A4A-4D93-060000000000
Hashes: MD5=0BD94A338EEA5A4E1F2830AE326E6D19,SHA256=9F376759BCBCD705F726460FC4A7E2B07F310F52BAA73CAAAAA124FDDBDF993E,IMPHASH=57F0C47AE2A1A2C06C8B987372AB0B07
ParentProcessGuid: 50A489D6-DC3D-6A8D-6F12-000000000200
ProcessId: 10400
CurrentDirectory: C:\Windows\system32\
ProcessGuid: 50A489D6-D67C-6A9D-F01C-000000000200
CommandLine: '""C:\Windows\system32\net.exe"" accounts /lockoutthreshold:0'
FileVersion: 10.0.19041.1 (WinBuild.160101.0800)
User: DESKTOP-JC89B03\soc
LogonId: '0x6934d'
IntegrityLevel: High
ParentImage: C:\Windows\System32\WindowsPowerShell\v1.0\powershell.exe
UtcTime: 2026-09-06 21:09:16.081
"
2026-09-06T21:09:16.183830+00:00,PUA - Suspicious ActiveDirectory Enumeration Via AdFind.EXE,C:\logs\sysmon_20260919_043610.evtx,1,Microsoft-Windows-Sysmon,1,12171,DESKTOP-JC89B03,"Image: C:\Windows\System32\net1.exe
RuleName: '-'
Description: Net Command
OriginalFileName: net1.exe
TerminalSessionId: 1
ParentCommandLine: '""C:\Windows\system32\net.exe"" accounts /lockoutthreshold:0'
Product: Microsoft® Windows® Operating System
Company: Microsoft Corporation
ParentProcessId: 10400
ParentUser: DESKTOP-JC89B03\soc
LogonGuid: 50A489D6-8293-6A4A-4D93-060000000000
Hashes: MD5=78E53D5AE8839C58FA40BEA32B775999,SHA256=E62071AA18768DD88ACAF97FA7B1F2FEC9FCCE89736C1EE9A800699328D196EA,IMPHASH=537AEF5B177E3302247DAB07A052B2D8
ParentProcessGuid: 50A489D6-D67C-6A9D-F01C-000000000200
ProcessId: 10056
CurrentDirectory: C:\Windows\system32\
ProcessGuid: 50A489D6-D67C-6A9D-F11C-000000000200
CommandLine: C:\Windows\system32\net1 accounts /lockoutthreshold:0
FileVersion: 10.0.19041.3636 (WinBuild.160101.0800)
User: DESKTOP-JC89B03\soc
LogonId: '0x6934d'
IntegrityLevel: High
ParentImage: C:\Windows\System32\net.exe
UtcTime: 2026-09-06 21:09:16.158
"
2026-09-06T21:15:14.881624+00:00,VMToolsd Suspicious Child Process,C:\logs\sysmon_20260919_043610.evtx,1,Microsoft-Windows-Sysmon,1,12179,DESKTOP-JC89B03,"Image: C:\Windows\System32\cmd.exe
RuleName: '-'
Description: Windows Command Processor
OriginalFileName: Cmd.Exe
TerminalSessionId: 0
ParentCommandLine: '""C:\Program Files\VMware\VMware Tools\vmtoolsd.exe""'
Product: Microsoft® Windows® Operating System
Company: Microsoft Corporation
ParentProcessId: 3008
ParentUser: NT AUTHORITY\SYSTEM
LogonGuid: 50A489D6-D7E2-6A9D-2819-890800000000
Hashes: MD5=CB6CD09F6A25744A8FA6E4B3E4D260C5,SHA256=265B69033CEA7A9F8214A34CD9B17912909AF46C7A47395DD7BB893A24507E59,IMPHASH=272245E2988E1E430500B852C4FB5E18
ParentProcessGuid: 50A489D6-826D-6A4A-4400-000000000200
ProcessId: 8808
CurrentDirectory: C:\Windows\system32\
ProcessGuid: 50A489D6-D7E2-6A9D-F81C-000000000200
CommandLine: '""C:\Windows\System32\cmd.exe"" ""/c"" ""exit"" '
FileVersion: 10.0.19041.3636 (WinBuild.160101.0800)
User: DESKTOP-JC89B03\soc
LogonId: '0x8891928'
IntegrityLevel: High
ParentImage: C:\Program Files\VMware\VMware Tools\vmtoolsd.exe
UtcTime: 2026-09-06 21:15:14.855
"
2026-09-10T19:36:22.770198+00:00,VMToolsd Suspicious Child Process,C:\logs\sysmon_20260919_043610.evtx,1,Microsoft-Windows-Sysmon,1,16275,DESKTOP-JC89B03,"Image: C:\Windows\System32\cmd.exe
RuleName: '-'
Description: Windows Command Processor
OriginalFileName: Cmd.Exe
TerminalSessionId: 0
ParentCommandLine: '""C:\Program Files\VMware\VMware Tools\vmtoolsd.exe""'
Product: Microsoft® Windows® Operating System
Company: Microsoft Corporation
ParentProcessId: 3008
ParentUser: NT AUTHORITY\SYSTEM
LogonGuid: 50A489D6-06B6-6AA3-6660-4B0900000000
Hashes: MD5=CB6CD09F6A25744A8FA6E4B3E4D260C5,SHA256=265B69033CEA7A9F8214A34CD9B17912909AF46C7A47395DD7BB893A24507E59,IMPHASH=272245E2988E1E430500B852C4FB5E18
ParentProcessGuid: 50A489D6-826D-6A4A-4400-000000000200
ProcessId: 10184
CurrentDirectory: C:\Windows\system32\
ProcessGuid: 50A489D6-06B6-6AA3-4724-000000000200
CommandLine: '""C:\Windows\System32\cmd.exe"" ""/c"" ""exit"" '
FileVersion: 10.0.19041.3636 (WinBuild.160101.0800)
User: DESKTOP-JC89B03\soc
LogonId: '0x94b6066'
IntegrityLevel: High
ParentImage: C:\Program Files\VMware\VMware Tools\vmtoolsd.exe
UtcTime: 2026-09-10 19:36:22.764
"
2026-09-11T10:33:50.051638+00:00,Non Interactive PowerShell Process Spawned,C:\logs\sysmon_20260919_043610.evtx,1,Microsoft-Windows-Sysmon,1,18785,DESKTOP-JC89B03,"Image: C:\Windows\SysWOW64\WindowsPowerShell\v1.0\powershell.exe
RuleName: '-'
Description: Windows PowerShell
OriginalFileName: PowerShell.EXE
TerminalSessionId: 0
ParentCommandLine: '""C:\Program Files (x86)\ossec-agent\wazuh-agent.exe""'
Product: Microsoft® Windows® Operating System
Company: Microsoft Corporation
ParentProcessId: 3116
ParentUser: NT AUTHORITY\SYSTEM
LogonGuid: 50A489D6-FE6B-6A99-E703-000000000000
Hashes: MD5=6BB54B2D7A3D63578559239A79700EA3,SHA256=870EDA04EA71CC066EC907F005E1D05CE592F04799C60E600E2CB986DC85B5EB,IMPHASH=82E387AE778A57C7A6473B5554B4184E
ParentProcessGuid: 50A489D6-FE72-6A99-4D00-000000000400
ProcessId: 5116
CurrentDirectory: C:\Program Files (x86)\ossec-agent\
ProcessGuid: 50A489D6-D90E-6AA3-7F00-000000000400
CommandLine: powershell secedit /export /cfg $env:TEMP\secpol.cfg; Get-Content $env:TEMP\secpol.cfg | Select-String ""PasswordHistorySize""; Remove-Item $env:TEMP\secpol.cfg
FileVersion: 10.0.19041.3996 (WinBuild.160101.0800)
User: NT AUTHORITY\SYSTEM
LogonId: '0x3e7'
IntegrityLevel: System
ParentImage: C:\Program Files (x86)\ossec-agent\wazuh-agent.exe
UtcTime: 2026-09-11 10:33:50.041
"
2026-09-11T10:34:20.101796+00:00,Non Interactive PowerShell Process Spawned,C:\logs\sysmon_20260919_043610.evtx,1,Microsoft-Windows-Sysmon,1,18905,DESKTOP-JC89B03,"Image: C:\Windows\SysWOW64\WindowsPowerShell\v1.0\powershell.exe
RuleName: '-'
Description: Windows PowerShell
OriginalFileName: PowerShell.EXE
TerminalSessionId: 0
ParentCommandLine: '""C:\Program Files (x86)\ossec-agent\wazuh-agent.exe""'
Product: Microsoft® Windows® Operating System
Company: Microsoft Corporation
ParentProcessId: 3116
ParentUser: NT AUTHORITY\SYSTEM
LogonGuid: 50A489D6-FE6B-6A99-E703-000000000000
Hashes: MD5=6BB54B2D7A3D63578559239A79700EA3,SHA256=870EDA04EA71CC066EC907F005E1D05CE592F04799C60E600E2CB986DC85B5EB,IMPHASH=82E387AE778A57C7A6473B5554B4184E
ParentProcessGuid: 50A489D6-FE72-6A99-4D00-000000000400
ProcessId: 6076
CurrentDirectory: C:\Program Files (x86)\ossec-agent\
ProcessGuid: 50A489D6-D92C-6AA3-9A00-000000000400
CommandLine: powershell secedit /export /cfg $env:TEMP\secpol.cfg; Get-Content $env:TEMP\secpol.cfg | Select-String ""MaximumPasswordAge""; Remove-Item $env:TEMP\secpol.cfg
FileVersion: 10.0.19041.3996 (WinBuild.160101.0800)
User: NT AUTHORITY\SYSTEM
LogonId: '0x3e7'
IntegrityLevel: System
ParentImage: C:\Program Files (x86)\ossec-agent\wazuh-agent.exe
UtcTime: 2026-09-11 10:34:20.094
"
2026-09-11T10:34:50.293461+00:00,Non Interactive PowerShell Process Spawned,C:\logs\sysmon_20260919_043610.evtx,1,Microsoft-Windows-Sysmon,1,19203,DESKTOP-JC89B03,"Image: C:\Windows\SysWOW64\WindowsPowerShell\v1.0\powershell.exe
RuleName: '-'
Description: Windows PowerShell
OriginalFileName: PowerShell.EXE
TerminalSessionId: 0
ParentCommandLine: '""C:\Program Files (x86)\ossec-agent\wazuh-agent.exe""'
Product: Microsoft® Windows® Operating System
Company: Microsoft Corporation
ParentProcessId: 3116
ParentUser: NT AUTHORITY\SYSTEM
LogonGuid: 50A489D6-FE6B-6A99-E703-000000000000
Hashes: MD5=6BB54B2D7A3D63578559239A79700EA3,SHA256=870EDA04EA71CC066EC907F005E1D05CE592F04799C60E600E2CB986DC85B5EB,IMPHASH=82E387AE778A57C7A6473B5554B4184E
ParentProcessGuid: 50A489D6-FE72-6A99-4D00-000000000400
ProcessId: 6496
CurrentDirectory: C:\Program Files (x86)\ossec-agent\
ProcessGuid: 50A489D6-D94A-6AA3-AF00-000000000400
CommandLine: powershell secedit /export /cfg $env:TEMP\secpol.cfg; Get-Content $env:TEMP\secpol.cfg | Select-String ""MaximumPasswordAge""; Remove-Item $env:TEMP\secpol.cfg
FileVersion: 10.0.19041.3996 (WinBuild.160101.0800)
User: NT AUTHORITY\SYSTEM
LogonId: '0x3e7'
IntegrityLevel: System
ParentImage: C:\Program Files (x86)\ossec-agent\wazuh-agent.exe
UtcTime: 2026-09-11 10:34:50.217
"
2026-09-11T10:35:21.429270+00:00,Non Interactive PowerShell Process Spawned,C:\logs\sysmon_20260919_043610.evtx,1,Microsoft-Windows-Sysmon,1,19320,DESKTOP-JC89B03,"Image: C:\Windows\SysWOW64\WindowsPowerShell\v1.0\powershell.exe
RuleName: '-'
Description: Windows PowerShell
OriginalFileName: PowerShell.EXE
TerminalSessionId: 0
ParentCommandLine: '""C:\Program Files (x86)\ossec-agent\wazuh-agent.exe""'
Product: Microsoft® Windows® Operating System
Company: Microsoft Corporation
ParentProcessId: 3116
ParentUser: NT AUTHORITY\SYSTEM
LogonGuid: 50A489D6-FE6B-6A99-E703-000000000000
Hashes: MD5=6BB54B2D7A3D63578559239A79700EA3,SHA256=870EDA04EA71CC066EC907F005E1D05CE592F04799C60E600E2CB986DC85B5EB,IMPHASH=82E387AE778A57C7A6473B5554B4184E
ParentProcessGuid: 50A489D6-FE72-6A99-4D00-000000000400
ProcessId: 7108
CurrentDirectory: C:\Program Files (x86)\ossec-agent\
ProcessGuid: 50A489D6-D969-6AA3-B700-000000000400
CommandLine: powershell secedit /export /cfg $env:TEMP\secpol.cfg; Get-Content $env:TEMP\secpol.cfg | Select-String ""MinimumPasswordAge""; Remove-Item $env:TEMP\secpol.cfg
FileVersion: 10.0.19041.3996 (WinBuild.160101.0800)
User: NT AUTHORITY\SYSTEM
LogonId: '0x3e7'
IntegrityLevel: System
ParentImage: C:\Program Files (x86)\ossec-agent\wazuh-agent.exe
UtcTime: 2026-09-11 10:35:21.352
"
2026-09-11T10:35:51.696232+00:00,Non Interactive PowerShell Process Spawned,C:\logs\sysmon_20260919_043610.evtx,1,Microsoft-Windows-Sysmon,1,19327,DESKTOP-JC89B03,"Image: C:\Windows\SysWOW64\WindowsPowerShell\v1.0\powershell.exe
RuleName: '-'
Description: Windows PowerShell
OriginalFileName: PowerShell.EXE
TerminalSessionId: 0
ParentCommandLine: '""C:\Program Files (x86)\ossec-agent\wazuh-agent.exe""'
Product: Microsoft® Windows® Operating System
Company: Microsoft Corporation
ParentProcessId: 3116
ParentUser: NT AUTHORITY\SYSTEM
LogonGuid: 50A489D6-FE6B-6A99-E703-000000000000
Hashes: MD5=6BB54B2D7A3D63578559239A79700EA3,SHA256=870EDA04EA71CC066EC907F005E1D05CE592F04799C60E600E2CB986DC85B5EB,IMPHASH=82E387AE778A57C7A6473B5554B4184E
ParentProcessGuid: 50A489D6-FE72-6A99-4D00-000000000400
ProcessId: 6644
CurrentDirectory: C:\Program Files (x86)\ossec-agent\
ProcessGuid: 50A489D6-D987-6AA3-C200-000000000400
CommandLine: powershell secedit /export /cfg $env:TEMP\secpol.cfg; Get-Content $env:TEMP\secpol.cfg | Select-String ""MinimumPasswordLength""; Remove-Item $env:TEMP\secpol.cfg
FileVersion: 10.0.19041.3996 (WinBuild.160101.0800)
User: NT AUTHORITY\SYSTEM
LogonId: '0x3e7'
IntegrityLevel: System
ParentImage: C:\Program Files (x86)\ossec-agent\wazuh-agent.exe
UtcTime: 2026-09-11 10:35:51.487
"
