2026-09-02T19:27:02.822945+00:00,VMToolsd Suspicious Child Process,C:\logs\sysmon_20260919_043610.evtx,1,Microsoft-Windows-Sysmon,1,14751,DESKTOP-JC89B03,"Image: C:\Windows\System32\cmd.exe
RuleName: '-'
Description: Windows Command Processor
OriginalFileName: Cmd.Exe
TerminalSessionId: 0
ParentCommandLine: '""C:\Program Files\VMware\VMware Tools\vmtoolsd.exe""'
Product: Microsoft® Windows® Operating System
Company: Microsoft Corporation
ParentProcessId: 3008
ParentUser: NT AUTHORITY\SYSTEM
LogonGuid: 50A489D6-7886-6A98-1A18-0B0900000000
Hashes: MD5=CB6CD09F6A25744A8FA6E4B3E4D260C5,SHA256=265B69033CEA7A9F8214A34CD9B17912909AF46C7A47395DD7BB893A24507E59,IMPHASH=272245E2988E1E430500B852C4FB5E18
ParentProcessGuid: 50A489D6-826D-6A4A-4400-000000000200
ProcessId: 5392
CurrentDirectory: C:\Windows\system32\
ProcessGuid: 50A489D6-7886-6A98-DE21-000000000200
CommandLine: '""C:\Windows\System32\cmd.exe"" ""/c"" ""exit"" '
FileVersion: 10.0.19041.3636 (WinBuild.160101.0800)
User: DESKTOP-JC89B03\soc
LogonId: '0x90b181a'
IntegrityLevel: High
ParentImage: C:\Program Files\VMware\VMware Tools\vmtoolsd.exe
UtcTime: 2026-09-02 19:27:02.818
"
2026-09-02T19:42:30.774450+00:00,VMToolsd Suspicious Child Process,C:\logs\sysmon_20260919_043610.evtx,1,Microsoft-Windows-Sysmon,1,14800,DESKTOP-JC89B03,"Image: C:\Windows\System32\cmd.exe
RuleName: '-'
Description: Windows Command Processor
OriginalFileName: Cmd.Exe
TerminalSessionId: 0
ParentCommandLine: '""C:\Program Files\VMware\VMware Tools\vmtoolsd.exe""'
Product: Microsoft® Windows® Operating System
Company: Microsoft Corporation
ParentProcessId: 3008
ParentUser: NT AUTHORITY\SYSTEM
LogonGuid: 50A489D6-7C26-6A98-46B0-0C0900000000
Hashes: MD5=CB6CD09F6A25744A8FA6E4B3E4D260C5,SHA256=265B69033CEA7A9F8214A34CD9B17912909AF46C7A47395DD7BB893A24507E59,IMPHASH=272245E2988E1E430500B852C4FB5E18
ParentProcessGuid: 50A489D6-826D-6A4A-4400-000000000200
ProcessId: 6688
CurrentDirectory: C:\Windows\system32\
ProcessGuid: 50A489D6-7C26-6A98-EE21-000000000200
CommandLine: '""C:\Windows\System32\cmd.exe"" ""/c"" ""exit"" '
FileVersion: 10.0.19041.3636 (WinBuild.160101.0800)
User: DESKTOP-JC89B03\soc
LogonId: '0x90cb046'
IntegrityLevel: High
ParentImage: C:\Program Files\VMware\VMware Tools\vmtoolsd.exe
UtcTime: 2026-09-02 19:42:30.769
"
2026-09-02T19:57:58.900668+00:00,VMToolsd Suspicious Child Process,C:\logs\sysmon_20260919_043610.evtx,1,Microsoft-Windows-Sysmon,1,14849,DESKTOP-JC89B03,"Image: C:\Windows\System32\cmd.exe
RuleName: '-'
Description: Windows Command Processor
OriginalFileName: Cmd.Exe
TerminalSessionId: 0
ParentCommandLine: '""C:\Program Files\VMware\VMware Tools\vmtoolsd.exe""'
Product: Microsoft® Windows® Operating System
Company: Microsoft Corporation
ParentProcessId: 3008
ParentUser: NT AUTHORITY\SYSTEM
LogonGuid: 50A489D6-7FC6-6A98-7944-0E0900000000
Hashes: MD5=CB6CD09F6A25744A8FA6E4B3E4D260C5,SHA256=265B69033CEA7A9F8214A34CD9B17912909AF46C7A47395DD7BB893A24507E59,IMPHASH=272245E2988E1E430500B852C4FB5E18
ParentProcessGuid: 50A489D6-826D-6A4A-4400-000000000200
ProcessId: 10360
CurrentDirectory: C:\Windows\system32\
ProcessGuid: 50A489D6-7FC6-6A98-FF21-000000000200
CommandLine: '""C:\Windows\System32\cmd.exe"" ""/c"" ""exit"" '
FileVersion: 10.0.19041.3636 (WinBuild.160101.0800)
User: DESKTOP-JC89B03\soc
LogonId: '0x90e4479'
IntegrityLevel: High
ParentImage: C:\Program Files\VMware\VMware Tools\vmtoolsd.exe
UtcTime: 2026-09-02 19:57:58.895
"
2026-09-02T20:13:26.791075+00:00,VMToolsd Suspicious Child Process,C:\logs\sysmon_20260919_043610.evtx,1,Microsoft-Windows-Sysmon,1,14900,DESKTOP-JC89B03,"Image: C:\Windows\System32\cmd.exe
RuleName: '-'
Description: Windows Command Processor
OriginalFileName: Cmd.Exe
TerminalSessionId: 0
ParentCommandLine: '""C:\Program Files\VMware\VMware Tools\vmtoolsd.exe""'
Product: Microsoft® Windows® Operating System
Company: Microsoft Corporation
ParentProcessId: 3008
ParentUser: NT AUTHORITY\SYSTEM
LogonGuid: 50A489D6-8366-6A98-D7E5-0F0900000000
Hashes: MD5=CB6CD09F6A25744A8FA6E4B3E4D260C5,SHA256=265B69033CEA7A9F8214A34CD9B17912909AF46C7A47395DD7BB893A24507E59,IMPHASH=272245E2988E1E430500B852C4FB5E18
ParentProcessGuid: 50A489D6-826D-6A4A-4400-000000000200
ProcessId: 8236
CurrentDirectory: C:\Windows\system32\
ProcessGuid: 50A489D6-8366-6A98-1222-000000000200
CommandLine: '""C:\Windows\System32\cmd.exe"" ""/c"" ""exit"" '
FileVersion: 10.0.19041.3636 (WinBuild.160101.0800)
User: DESKTOP-JC89B03\soc
LogonId: '0x90fe5d7'
IntegrityLevel: High
ParentImage: C:\Program Files\VMware\VMware Tools\vmtoolsd.exe
UtcTime: 2026-09-02 20:13:26.784
"
2026-09-02T20:28:54.993069+00:00,VMToolsd Suspicious Child Process,C:\logs\sysmon_20260919_043610.evtx,1,Microsoft-Windows-Sysmon,1,14950,DESKTOP-JC89B03,"Image: C:\Windows\System32\cmd.exe
RuleName: '-'
Description: Windows Command Processor
OriginalFileName: Cmd.Exe
TerminalSessionId: 0
ParentCommandLine: '""C:\Program Files\VMware\VMware Tools\vmtoolsd.exe""'
Product: Microsoft® Windows® Operating System
Company: Microsoft Corporation
ParentProcessId: 3008
ParentUser: NT AUTHORITY\SYSTEM
LogonGuid: 50A489D6-8706-6A98-6271-110900000000
Hashes: MD5=CB6CD09F6A25744A8FA6E4B3E4D260C5,SHA256=265B69033CEA7A9F8214A34CD9B17912909AF46C7A47395DD7BB893A24507E59,IMPHASH=272245E2988E1E430500B852C4FB5E18
ParentProcessGuid: 50A489D6-826D-6A4A-4400-000000000200
ProcessId: 10056
CurrentDirectory: C:\Windows\system32\
ProcessGuid: 50A489D6-8706-6A98-2222-000000000200
CommandLine: '""C:\Windows\System32\cmd.exe"" ""/c"" ""exit"" '
FileVersion: 10.0.19041.3636 (WinBuild.160101.0800)
User: DESKTOP-JC89B03\soc
LogonId: '0x9117162'
IntegrityLevel: High
ParentImage: C:\Program Files\VMware\VMware Tools\vmtoolsd.exe
UtcTime: 2026-09-02 20:28:54.987
"
2026-09-02T20:44:23.884657+00:00,VMToolsd Suspicious Child Process,C:\logs\sysmon_20260919_043610.evtx,1,Microsoft-Windows-Sysmon,1,15000,DESKTOP-JC89B03,"Image: C:\Windows\System32\cmd.exe
RuleName: '-'
Description: Windows Command Processor
OriginalFileName: Cmd.Exe
TerminalSessionId: 0
ParentCommandLine: '""C:\Program Files\VMware\VMware Tools\vmtoolsd.exe""'
Product: Microsoft® Windows® Operating System
Company: Microsoft Corporation
ParentProcessId: 3008
ParentUser: NT AUTHORITY\SYSTEM
LogonGuid: 50A489D6-8AA7-6A98-ED2F-130900000000
Hashes: MD5=CB6CD09F6A25744A8FA6E4B3E4D260C5,SHA256=265B69033CEA7A9F8214A34CD9B17912909AF46C7A47395DD7BB893A24507E59,IMPHASH=272245E2988E1E430500B852C4FB5E18
ParentProcessGuid: 50A489D6-826D-6A4A-4400-000000000200
ProcessId: 4972
CurrentDirectory: C:\Windows\system32\
ProcessGuid: 50A489D6-8AA7-6A98-3322-000000000200
CommandLine: '""C:\Windows\System32\cmd.exe"" ""/c"" ""exit"" '
FileVersion: 10.0.19041.3636 (WinBuild.160101.0800)
User: DESKTOP-JC89B03\soc
LogonId: '0x9132fed'
IntegrityLevel: High
ParentImage: C:\Program Files\VMware\VMware Tools\vmtoolsd.exe
UtcTime: 2026-09-02 20:44:23.879
"
2026-09-02T20:59:52.134740+00:00,VMToolsd Suspicious Child Process,C:\logs\sysmon_20260919_043610.evtx,1,Microsoft-Windows-Sysmon,1,15059,DESKTOP-JC89B03,"Image: C:\Windows\System32\cmd.exe
RuleName: '-'
Description: Windows Command Processor
OriginalFileName: Cmd.Exe
TerminalSessionId: 0
ParentCommandLine: '""C:\Program Files\VMware\VMware Tools\vmtoolsd.exe""'
Product: Microsoft® Windows® Operating System
Company: Microsoft Corporation
ParentProcessId: 3008
ParentUser: NT AUTHORITY\SYSTEM
LogonGuid: 50A489D6-8E48-6A98-93F5-140900000000
Hashes: MD5=CB6CD09F6A25744A8FA6E4B3E4D260C5,SHA256=265B69033CEA7A9F8214A34CD9B17912909AF46C7A47395DD7BB893A24507E59,IMPHASH=272245E2988E1E430500B852C4FB5E18
ParentProcessGuid: 50A489D6-826D-6A4A-4400-000000000200
ProcessId: 10700
CurrentDirectory: C:\Windows\system32\
ProcessGuid: 50A489D6-8E48-6A98-4422-000000000200
CommandLine: '""C:\Windows\System32\cmd.exe"" ""/c"" ""exit"" '
FileVersion: 10.0.19041.3636 (WinBuild.160101.0800)
User: DESKTOP-JC89B03\soc
LogonId: '0x914f593'
IntegrityLevel: High
ParentImage: C:\Program Files\VMware\VMware Tools\vmtoolsd.exe
UtcTime: 2026-09-02 20:59:52.129
"
2026-09-02T21:15:21.383797+00:00,VMToolsd Suspicious Child Process,C:\logs\sysmon_20260919_043610.evtx,1,Microsoft-Windows-Sysmon,1,15110,DESKTOP-JC89B03,"Image: C:\Windows\System32\cmd.exe
RuleName: '-'
Description: Windows Command Processor
OriginalFileName: Cmd.Exe
TerminalSessionId: 0
ParentCommandLine: '""C:\Program Files\VMware\VMware Tools\vmtoolsd.exe""'
Product: Microsoft® Windows® Operating System
Company: Microsoft Corporation
ParentProcessId: 3008
ParentUser: NT AUTHORITY\SYSTEM
LogonGuid: 50A489D6-91E9-6A98-56A6-160900000000
Hashes: MD5=CB6CD09F6A25744A8FA6E4B3E4D260C5,SHA256=265B69033CEA7A9F8214A34CD9B17912909AF46C7A47395DD7BB893A24507E59,IMPHASH=272245E2988E1E430500B852C4FB5E18
ParentProcessGuid: 50A489D6-826D-6A4A-4400-000000000200
ProcessId: 5584
CurrentDirectory: C:\Windows\system32\
ProcessGuid: 50A489D6-91E9-6A98-5822-000000000200
CommandLine: '""C:\Windows\System32\cmd.exe"" ""/c"" ""exit"" '
FileVersion: 10.0.19041.3636 (WinBuild.160101.0800)
User: DESKTOP-JC89B03\soc
LogonId: '0x916a656'
IntegrityLevel: High
ParentImage: C:\Program Files\VMware\VMware Tools\vmtoolsd.exe
UtcTime: 2026-09-02 21:15:21.378
"
2026-09-02T21:30:50.663395+00:00,VMToolsd Suspicious Child Process,C:\logs\sysmon_20260919_043610.evtx,1,Microsoft-Windows-Sysmon,1,15159,DESKTOP-JC89B03,"Image: C:\Windows\System32\cmd.exe
RuleName: '-'
Description: Windows Command Processor
OriginalFileName: Cmd.Exe
TerminalSessionId: 0
ParentCommandLine: '""C:\Program Files\VMware\VMware Tools\vmtoolsd.exe""'
Product: Microsoft® Windows® Operating System
Company: Microsoft Corporation
ParentProcessId: 3008
ParentUser: NT AUTHORITY\SYSTEM
LogonGuid: 50A489D6-958A-6A98-3332-180900000000
Hashes: MD5=CB6CD09F6A25744A8FA6E4B3E4D260C5,SHA256=265B69033CEA7A9F8214A34CD9B17912909AF46C7A47395DD7BB893A24507E59,IMPHASH=272245E2988E1E430500B852C4FB5E18
ParentProcessGuid: 50A489D6-826D-6A4A-4400-000000000200
ProcessId: 7696
CurrentDirectory: C:\Windows\system32\
ProcessGuid: 50A489D6-958A-6A98-6822-000000000200
CommandLine: '""C:\Windows\System32\cmd.exe"" ""/c"" ""exit"" '
FileVersion: 10.0.19041.3636 (WinBuild.160101.0800)
User: DESKTOP-JC89B03\soc
LogonId: '0x9183233'
IntegrityLevel: High
ParentImage: C:\Program Files\VMware\VMware Tools\vmtoolsd.exe
UtcTime: 2026-09-02 21:30:50.658
"
2026-09-02T21:46:19.650477+00:00,VMToolsd Suspicious Child Process,C:\logs\sysmon_20260919_043610.evtx,1,Microsoft-Windows-Sysmon,1,15208,DESKTOP-JC89B03,"Image: C:\Windows\System32\cmd.exe
RuleName: '-'
Description: Windows Command Processor
OriginalFileName: Cmd.Exe
TerminalSessionId: 0
ParentCommandLine: '""C:\Program Files\VMware\VMware Tools\vmtoolsd.exe""'
Product: Microsoft® Windows® Operating System
Company: Microsoft Corporation
ParentProcessId: 3008
ParentUser: NT AUTHORITY\SYSTEM
LogonGuid: 50A489D6-992B-6A98-08E5-190900000000
Hashes: MD5=CB6CD09F6A25744A8FA6E4B3E4D260C5,SHA256=265B69033CEA7A9F8214A34CD9B17912909AF46C7A47395DD7BB893A24507E59,IMPHASH=272245E2988E1E430500B852C4FB5E18
ParentProcessGuid: 50A489D6-826D-6A4A-4400-000000000200
ProcessId: 5776
CurrentDirectory: C:\Windows\system32\
ProcessGuid: 50A489D6-992B-6A98-7922-000000000200
CommandLine: '""C:\Windows\System32\cmd.exe"" ""/c"" ""exit"" '
FileVersion: 10.0.19041.3636 (WinBuild.160101.0800)
User: DESKTOP-JC89B03\soc
LogonId: '0x919e508'
IntegrityLevel: High
ParentImage: C:\Program Files\VMware\VMware Tools\vmtoolsd.exe
UtcTime: 2026-09-02 21:46:19.644
"
2026-09-02T22:01:47.383437+00:00,VMToolsd Suspicious Child Process,C:\logs\sysmon_20260919_043610.evtx,1,Microsoft-Windows-Sysmon,1,15257,DESKTOP-JC89B03,"Image: C:\Windows\System32\cmd.exe
RuleName: '-'
Description: Windows Command Processor
OriginalFileName: Cmd.Exe
TerminalSessionId: 0
ParentCommandLine: '""C:\Program Files\VMware\VMware Tools\vmtoolsd.exe""'
Product: Microsoft® Windows® Operating System
Company: Microsoft Corporation
ParentProcessId: 3008
ParentUser: NT AUTHORITY\SYSTEM
LogonGuid: 50A489D6-9CCB-6A98-E76A-1B0900000000
Hashes: MD5=CB6CD09F6A25744A8FA6E4B3E4D260C5,SHA256=265B69033CEA7A9F8214A34CD9B17912909AF46C7A47395DD7BB893A24507E59,IMPHASH=272245E2988E1E430500B852C4FB5E18
ParentProcessGuid: 50A489D6-826D-6A4A-4400-000000000200
ProcessId: 7140
CurrentDirectory: C:\Windows\system32\
ProcessGuid: 50A489D6-9CCB-6A98-8922-000000000200
CommandLine: '""C:\Windows\System32\cmd.exe"" ""/c"" ""exit"" '
FileVersion: 10.0.19041.3636 (WinBuild.160101.0800)
User: DESKTOP-JC89B03\soc
LogonId: '0x91b6ae7'
IntegrityLevel: High
ParentImage: C:\Program Files\VMware\VMware Tools\vmtoolsd.exe
UtcTime: 2026-09-02 22:01:47.378
"
2026-09-02T22:17:16.528539+00:00,VMToolsd Suspicious Child Process,C:\logs\sysmon_20260919_043610.evtx,1,Microsoft-Windows-Sysmon,1,15309,DESKTOP-JC89B03,"Image: C:\Windows\System32\cmd.exe
RuleName: '-'
Description: Windows Command Processor
OriginalFileName: Cmd.Exe
TerminalSessionId: 0
ParentCommandLine: '""C:\Program Files\VMware\VMware Tools\vmtoolsd.exe""'
Product: Microsoft® Windows® Operating System
Company: Microsoft Corporation
ParentProcessId: 3008
ParentUser: NT AUTHORITY\SYSTEM
LogonGuid: 50A489D6-A06C-6A98-8809-1D0900000000
Hashes: MD5=CB6CD09F6A25744A8FA6E4B3E4D260C5,SHA256=265B69033CEA7A9F8214A34CD9B17912909AF46C7A47395DD7BB893A24507E59,IMPHASH=272245E2988E1E430500B852C4FB5E18
ParentProcessGuid: 50A489D6-826D-6A4A-4400-000000000200
ProcessId: 8008
CurrentDirectory: C:\Windows\system32\
ProcessGuid: 50A489D6-A06C-6A98-9B22-000000000200
CommandLine: '""C:\Windows\System32\cmd.exe"" ""/c"" ""exit"" '
FileVersion: 10.0.19041.3636 (WinBuild.160101.0800)
User: DESKTOP-JC89B03\soc
LogonId: '0x91d0988'
IntegrityLevel: High
ParentImage: C:\Program Files\VMware\VMware Tools\vmtoolsd.exe
UtcTime: 2026-09-02 22:17:16.523
"
2026-09-02T22:32:45.571512+00:00,VMToolsd Suspicious Child Process,C:\logs\sysmon_20260919_043610.evtx,1,Microsoft-Windows-Sysmon,1,15358,DESKTOP-JC89B03,"Image: C:\Windows\System32\cmd.exe
RuleName: '-'
Description: Windows Command Processor
OriginalFileName: Cmd.Exe
TerminalSessionId: 0
ParentCommandLine: '""C:\Program Files\VMware\VMware Tools\vmtoolsd.exe""'
Product: Microsoft® Windows® Operating System
Company: Microsoft Corporation
ParentProcessId: 3008
ParentUser: NT AUTHORITY\SYSTEM
LogonGuid: 50A489D6-A40D-6A98-B890-1E0900000000
Hashes: MD5=CB6CD09F6A25744A8FA6E4B3E4D260C5,SHA256=265B69033CEA7A9F8214A34CD9B17912909AF46C7A47395DD7BB893A24507E59,IMPHASH=272245E2988E1E430500B852C4FB5E18
ParentProcessGuid: 50A489D6-826D-6A4A-4400-000000000200
ProcessId: 6392
CurrentDirectory: C:\Windows\system32\
ProcessGuid: 50A489D6-A40D-6A98-AB22-000000000200
CommandLine: '""C:\Windows\System32\cmd.exe"" ""/c"" ""exit"" '
FileVersion: 10.0.19041.3636 (WinBuild.160101.0800)
User: DESKTOP-JC89B03\soc
LogonId: '0x91e90b8'
IntegrityLevel: High
ParentImage: C:\Program Files\VMware\VMware Tools\vmtoolsd.exe
UtcTime: 2026-09-02 22:32:45.566
"
2026-09-02T22:48:14.571456+00:00,VMToolsd Suspicious Child Process,C:\logs\sysmon_20260919_043610.evtx,1,Microsoft-Windows-Sysmon,1,15410,DESKTOP-JC89B03,"Image: C:\Windows\System32\cmd.exe
RuleName: '-'
Description: Windows Command Processor
OriginalFileName: Cmd.Exe
TerminalSessionId: 0
ParentCommandLine: '""C:\Program Files\VMware\VMware Tools\vmtoolsd.exe""'
Product: Microsoft® Windows® Operating System
Company: Microsoft Corporation
ParentProcessId: 3008
ParentUser: NT AUTHORITY\SYSTEM
LogonGuid: 50A489D6-A7AE-6A98-EA66-200900000000
Hashes: MD5=CB6CD09F6A25744A8FA6E4B3E4D260C5,SHA256=265B69033CEA7A9F8214A34CD9B17912909AF46C7A47395DD7BB893A24507E59,IMPHASH=272245E2988E1E430500B852C4FB5E18
ParentProcessGuid: 50A489D6-826D-6A4A-4400-000000000200
ProcessId: 4352
CurrentDirectory: C:\Windows\system32\
ProcessGuid: 50A489D6-A7AE-6A98-C022-000000000200
CommandLine: '""C:\Windows\System32\cmd.exe"" ""/c"" ""exit"" '
FileVersion: 10.0.19041.3636 (WinBuild.160101.0800)
User: DESKTOP-JC89B03\soc
LogonId: '0x92066ea'
IntegrityLevel: High
ParentImage: C:\Program Files\VMware\VMware Tools\vmtoolsd.exe
UtcTime: 2026-09-02 22:48:14.566
"
2026-09-02T23:03:43.633945+00:00,VMToolsd Suspicious Child Process,C:\logs\sysmon_20260919_043610.evtx,1,Microsoft-Windows-Sysmon,1,15461,DESKTOP-JC89B03,"Image: C:\Windows\System32\cmd.exe
RuleName: '-'
Description: Windows Command Processor
OriginalFileName: Cmd.Exe
TerminalSessionId: 0
ParentCommandLine: '""C:\Program Files\VMware\VMware Tools\vmtoolsd.exe""'
Product: Microsoft® Windows® Operating System
Company: Microsoft Corporation
ParentProcessId: 3008
ParentUser: NT AUTHORITY\SYSTEM
LogonGuid: 50A489D6-AB4F-6A98-F3FA-210900000000
Hashes: MD5=CB6CD09F6A25744A8FA6E4B3E4D260C5,SHA256=265B69033CEA7A9F8214A34CD9B17912909AF46C7A47395DD7BB893A24507E59,IMPHASH=272245E2988E1E430500B852C4FB5E18
ParentProcessGuid: 50A489D6-826D-6A4A-4400-000000000200
ProcessId: 332
CurrentDirectory: C:\Windows\system32\
ProcessGuid: 50A489D6-AB4F-6A98-D222-000000000200
CommandLine: '""C:\Windows\System32\cmd.exe"" ""/c"" ""exit"" '
FileVersion: 10.0.19041.3636 (WinBuild.160101.0800)
User: DESKTOP-JC89B03\soc
LogonId: '0x921faf3'
IntegrityLevel: High
ParentImage: C:\Program Files\VMware\VMware Tools\vmtoolsd.exe
UtcTime: 2026-09-02 23:03:43.628
"
2026-09-02T23:19:12.539657+00:00,VMToolsd Suspicious Child Process,C:\logs\sysmon_20260919_043610.evtx,1,Microsoft-Windows-Sysmon,1,15513,DESKTOP-JC89B03,"Image: C:\Windows\System32\cmd.exe
RuleName: '-'
Description: Windows Command Processor
OriginalFileName: Cmd.Exe
TerminalSessionId: 0
ParentCommandLine: '""C:\Program Files\VMware\VMware Tools\vmtoolsd.exe""'
Product: Microsoft® Windows® Operating System
Company: Microsoft Corporation
ParentProcessId: 3008
ParentUser: NT AUTHORITY\SYSTEM
LogonGuid: 50A489D6-AEF0-6A98-4BAE-230900000000
Hashes: MD5=CB6CD09F6A25744A8FA6E4B3E4D260C5,SHA256=265B69033CEA7A9F8214A34CD9B17912909AF46C7A47395DD7BB893A24507E59,IMPHASH=272245E2988E1E430500B852C4FB5E18
ParentProcessGuid: 50A489D6-826D-6A4A-4400-000000000200
ProcessId: 9084
CurrentDirectory: C:\Windows\system32\
ProcessGuid: 50A489D6-AEF0-6A98-E522-000000000200
CommandLine: '""C:\Windows\System32\cmd.exe"" ""/c"" ""exit"" '
FileVersion: 10.0.19041.3636 (WinBuild.160101.0800)
User: DESKTOP-JC89B03\soc
LogonId: '0x923ae4b'
IntegrityLevel: High
ParentImage: C:\Program Files\VMware\VMware Tools\vmtoolsd.exe
UtcTime: 2026-09-02 23:19:12.534
"
2026-09-02T23:34:41.524515+00:00,VMToolsd Suspicious Child Process,C:\logs\sysmon_20260919_043610.evtx,1,Microsoft-Windows-Sysmon,1,15564,DESKTOP-JC89B03,"Image: C:\Windows\System32\cmd.exe
RuleName: '-'
Description: Windows Command Processor
OriginalFileName: Cmd.Exe
TerminalSessionId: 0
ParentCommandLine: '""C:\Program Files\VMware\VMware Tools\vmtoolsd.exe""'
Product: Microsoft® Windows® Operating System
Company: Microsoft Corporation
ParentProcessId: 3008
ParentUser: NT AUTHORITY\SYSTEM
LogonGuid: 50A489D6-B291-6A98-FF45-250900000000
Hashes: MD5=CB6CD09F6A25744A8FA6E4B3E4D260C5,SHA256=265B69033CEA7A9F8214A34CD9B17912909AF46C7A47395DD7BB893A24507E59,IMPHASH=272245E2988E1E430500B852C4FB5E18
ParentProcessGuid: 50A489D6-826D-6A4A-4400-000000000200
ProcessId: 1880
CurrentDirectory: C:\Windows\system32\
ProcessGuid: 50A489D6-B291-6A98-F622-000000000200
CommandLine: '""C:\Windows\System32\cmd.exe"" ""/c"" ""exit"" '
FileVersion: 10.0.19041.3636 (WinBuild.160101.0800)
User: DESKTOP-JC89B03\soc
LogonId: '0x92545ff'
IntegrityLevel: High
ParentImage: C:\Program Files\VMware\VMware Tools\vmtoolsd.exe
UtcTime: 2026-09-02 23:34:41.519
"
2026-09-02T23:50:10.853310+00:00,VMToolsd Suspicious Child Process,C:\logs\sysmon_20260919_043610.evtx,1,Microsoft-Windows-Sysmon,1,15611,DESKTOP-JC89B03,"Image: C:\Windows\System32\cmd.exe
RuleName: '-'
Description: Windows Command Processor
OriginalFileName: Cmd.Exe
TerminalSessionId: 0
ParentCommandLine: '""C:\Program Files\VMware\VMware Tools\vmtoolsd.exe""'
Product: Microsoft® Windows® Operating System
Company: Microsoft Corporation
ParentProcessId: 3008
ParentUser: NT AUTHORITY\SYSTEM
LogonGuid: 50A489D6-B632-6A98-79DA-260900000000
Hashes: MD5=CB6CD09F6A25744A8FA6E4B3E4D260C5,SHA256=265B69033CEA7A9F8214A34CD9B17912909AF46C7A47395DD7BB893A24507E59,IMPHASH=272245E2988E1E430500B852C4FB5E18
ParentProcessGuid: 50A489D6-826D-6A4A-4400-000000000200
ProcessId: 9408
CurrentDirectory: C:\Windows\system32\
ProcessGuid: 50A489D6-B632-6A98-0623-000000000200
CommandLine: '""C:\Windows\System32\cmd.exe"" ""/c"" ""exit"" '
FileVersion: 10.0.19041.3636 (WinBuild.160101.0800)
User: DESKTOP-JC89B03\soc
LogonId: '0x926da79'
IntegrityLevel: High
ParentImage: C:\Program Files\VMware\VMware Tools\vmtoolsd.exe
UtcTime: 2026-09-02 23:50:10.847
"
2026-09-03T00:05:40.274295+00:00,VMToolsd Suspicious Child Process,C:\logs\sysmon_20260919_043610.evtx,1,Microsoft-Windows-Sysmon,1,15662,DESKTOP-JC89B03,"Image: C:\Windows\System32\cmd.exe
RuleName: '-'
Description: Windows Command Processor
OriginalFileName: Cmd.Exe
TerminalSessionId: 0
ParentCommandLine: '""C:\Program Files\VMware\VMware Tools\vmtoolsd.exe""'
Product: Microsoft® Windows® Operating System
Company: Microsoft Corporation
ParentProcessId: 3008
ParentUser: NT AUTHORITY\SYSTEM
LogonGuid: 50A489D6-B9D4-6A98-5372-280900000000
Hashes: MD5=CB6CD09F6A25744A8FA6E4B3E4D260C5,SHA256=265B69033CEA7A9F8214A34CD9B17912909AF46C7A47395DD7BB893A24507E59,IMPHASH=272245E2988E1E430500B852C4FB5E18
ParentProcessGuid: 50A489D6-826D-6A4A-4400-000000000200
ProcessId: 10928
CurrentDirectory: C:\Windows\system32\
ProcessGuid: 50A489D6-B9D4-6A98-1823-000000000200
CommandLine: '""C:\Windows\System32\cmd.exe"" ""/c"" ""exit"" '
FileVersion: 10.0.19041.3636 (WinBuild.160101.0800)
User: DESKTOP-JC89B03\soc
LogonId: '0x9287253'
IntegrityLevel: High
ParentImage: C:\Program Files\VMware\VMware Tools\vmtoolsd.exe
UtcTime: 2026-09-03 00:05:40.268
"
2026-09-03T00:21:09.274654+00:00,VMToolsd Suspicious Child Process,C:\logs\sysmon_20260919_043610.evtx,1,Microsoft-Windows-Sysmon,1,15715,DESKTOP-JC89B03,"Image: C:\Windows\System32\cmd.exe
RuleName: '-'
Description: Windows Command Processor
OriginalFileName: Cmd.Exe
TerminalSessionId: 0
ParentCommandLine: '""C:\Program Files\VMware\VMware Tools\vmtoolsd.exe""'
Product: Microsoft® Windows® Operating System
Company: Microsoft Corporation
ParentProcessId: 3008
ParentUser: NT AUTHORITY\SYSTEM
LogonGuid: 50A489D6-BD75-6A98-8B5D-2A0900000000
Hashes: MD5=CB6CD09F6A25744A8FA6E4B3E4D260C5,SHA256=265B69033CEA7A9F8214A34CD9B17912909AF46C7A47395DD7BB893A24507E59,IMPHASH=272245E2988E1E430500B852C4FB5E18
ParentProcessGuid: 50A489D6-826D-6A4A-4400-000000000200
ProcessId: 3492
CurrentDirectory: C:\Windows\system32\
ProcessGuid: 50A489D6-BD75-6A98-2C23-000000000200
CommandLine: '""C:\Windows\System32\cmd.exe"" ""/c"" ""exit"" '
FileVersion: 10.0.19041.3636 (WinBuild.160101.0800)
User: DESKTOP-JC89B03\soc
LogonId: '0x92a5d8b'
IntegrityLevel: High
ParentImage: C:\Program Files\VMware\VMware Tools\vmtoolsd.exe
UtcTime: 2026-09-03 00:21:09.270
"
2026-09-03T00:36:38.541770+00:00,VMToolsd Suspicious Child Process,C:\logs\sysmon_20260919_043610.evtx,1,Microsoft-Windows-Sysmon,1,15766,DESKTOP-JC89B03,"Image: C:\Windows\System32\cmd.exe
RuleName: '-'
Description: Windows Command Processor
OriginalFileName: Cmd.Exe
TerminalSessionId: 0
ParentCommandLine: '""C:\Program Files\VMware\VMware Tools\vmtoolsd.exe""'
Product: Microsoft® Windows® Operating System
Company: Microsoft Corporation
ParentProcessId: 3008
ParentUser: NT AUTHORITY\SYSTEM
LogonGuid: 50A489D6-C116-6A98-EEF3-2B0900000000
Hashes: MD5=CB6CD09F6A25744A8FA6E4B3E4D260C5,SHA256=265B69033CEA7A9F8214A34CD9B17912909AF46C7A47395DD7BB893A24507E59,IMPHASH=272245E2988E1E430500B852C4FB5E18
ParentProcessGuid: 50A489D6-826D-6A4A-4400-000000000200
ProcessId: 6840
CurrentDirectory: C:\Windows\system32\
ProcessGuid: 50A489D6-C116-6A98-3D23-000000000200
CommandLine: '""C:\Windows\System32\cmd.exe"" ""/c"" ""exit"" '
FileVersion: 10.0.19041.3636 (WinBuild.160101.0800)
User: DESKTOP-JC89B03\soc
LogonId: '0x92bf3ee'
IntegrityLevel: High
ParentImage: C:\Program Files\VMware\VMware Tools\vmtoolsd.exe
UtcTime: 2026-09-03 00:36:38.536
"
2026-09-03T00:52:07.690815+00:00,VMToolsd Suspicious Child Process,C:\logs\sysmon_20260919_043610.evtx,1,Microsoft-Windows-Sysmon,1,15815,DESKTOP-JC89B03,"Image: C:\Windows\System32\cmd.exe
RuleName: '-'
Description: Windows Command Processor
OriginalFileName: Cmd.Exe
TerminalSessionId: 0
ParentCommandLine: '""C:\Program Files\VMware\VMware Tools\vmtoolsd.exe""'
Product: Microsoft® Windows® Operating System
Company: Microsoft Corporation
ParentProcessId: 3008
ParentUser: NT AUTHORITY\SYSTEM
LogonGuid: 50A489D6-C4B7-6A98-418A-2D0900000000
Hashes: MD5=CB6CD09F6A25744A8FA6E4B3E4D260C5,SHA256=265B69033CEA7A9F8214A34CD9B17912909AF46C7A47395DD7BB893A24507E59,IMPHASH=272245E2988E1E430500B852C4FB5E18
ParentProcessGuid: 50A489D6-826D-6A4A-4400-000000000200
ProcessId: 3672
CurrentDirectory: C:\Windows\system32\
ProcessGuid: 50A489D6-C4B7-6A98-4D23-000000000200
CommandLine: '""C:\Windows\System32\cmd.exe"" ""/c"" ""exit"" '
FileVersion: 10.0.19041.3636 (WinBuild.160101.0800)
User: DESKTOP-JC89B03\soc
LogonId: '0x92d8a41'
IntegrityLevel: High
ParentImage: C:\Program Files\VMware\VMware Tools\vmtoolsd.exe
UtcTime: 2026-09-03 00:52:07.685
"
2026-09-03T01:07:36.664604+00:00,VMToolsd Suspicious Child Process,C:\logs\sysmon_20260919_043610.evtx,1,Microsoft-Windows-Sysmon,1,15867,DESKTOP-JC89B03,"Image: C:\Windows\System32\cmd.exe
RuleName: '-'
Description: Windows Command Processor
OriginalFileName: Cmd.Exe
TerminalSessionId: 0
ParentCommandLine: '""C:\Program Files\VMware\VMware Tools\vmtoolsd.exe""'
Product: Microsoft® Windows® Operating System
Company: Microsoft Corporation
ParentProcessId: 3008
ParentUser: NT AUTHORITY\SYSTEM
LogonGuid: 50A489D6-C858-6A98-BC3D-2F0900000000
Hashes: MD5=CB6CD09F6A25744A8FA6E4B3E4D260C5,SHA256=265B69033CEA7A9F8214A34CD9B17912909AF46C7A47395DD7BB893A24507E59,IMPHASH=272245E2988E1E430500B852C4FB5E18
ParentProcessGuid: 50A489D6-826D-6A4A-4400-000000000200
ProcessId: 7196
CurrentDirectory: C:\Windows\system32\
ProcessGuid: 50A489D6-C858-6A98-6123-000000000200
CommandLine: '""C:\Windows\System32\cmd.exe"" ""/c"" ""exit"" '
FileVersion: 10.0.19041.3636 (WinBuild.160101.0800)
User: DESKTOP-JC89B03\soc
LogonId: '0x92f3dbc'
IntegrityLevel: High
ParentImage: C:\Program Files\VMware\VMware Tools\vmtoolsd.exe
UtcTime: 2026-09-03 01:07:36.659
"
2026-09-03T01:23:06.948646+00:00,VMToolsd Suspicious Child Process,C:\logs\sysmon_20260919_043610.evtx,1,Microsoft-Windows-Sysmon,1,15923,DESKTOP-JC89B03,"Image: C:\Windows\System32\cmd.exe
RuleName: '-'
Description: Windows Command Processor
OriginalFileName: Cmd.Exe
TerminalSessionId: 0
ParentCommandLine: '""C:\Program Files\VMware\VMware Tools\vmtoolsd.exe""'
Product: Microsoft® Windows® Operating System
Company: Microsoft Corporation
ParentProcessId: 3008
ParentUser: NT AUTHORITY\SYSTEM
LogonGuid: 50A489D6-CBFA-6A98-1FF8-330900000000
Hashes: MD5=CB6CD09F6A25744A8FA6E4B3E4D260C5,SHA256=265B69033CEA7A9F8214A34CD9B17912909AF46C7A47395DD7BB893A24507E59,IMPHASH=272245E2988E1E430500B852C4FB5E18
ParentProcessGuid: 50A489D6-826D-6A4A-4400-000000000200
ProcessId: 7780
CurrentDirectory: C:\Windows\system32\
ProcessGuid: 50A489D6-CBFA-6A98-7B23-000000000200
CommandLine: '""C:\Windows\System32\cmd.exe"" ""/c"" ""exit"" '
FileVersion: 10.0.19041.3636 (WinBuild.160101.0800)
User: DESKTOP-JC89B03\soc
LogonId: '0x933f81f'
IntegrityLevel: High
ParentImage: C:\Program Files\VMware\VMware Tools\vmtoolsd.exe
UtcTime: 2026-09-03 01:23:06.941
"
2026-09-03T01:38:37.224805+00:00,VMToolsd Suspicious Child Process,C:\logs\sysmon_20260919_043610.evtx,1,Microsoft-Windows-Sysmon,1,15976,DESKTOP-JC89B03,"Image: C:\Windows\System32\cmd.exe
RuleName: '-'
Description: Windows Command Processor
OriginalFileName: Cmd.Exe
TerminalSessionId: 0
ParentCommandLine: '""C:\Program Files\VMware\VMware Tools\vmtoolsd.exe""'
Product: Microsoft® Windows® Operating System
Company: Microsoft Corporation
ParentProcessId: 3008
ParentUser: NT AUTHORITY\SYSTEM
LogonGuid: 50A489D6-CF9D-6A98-43B9-350900000000
Hashes: MD5=CB6CD09F6A25744A8FA6E4B3E4D260C5,SHA256=265B69033CEA7A9F8214A34CD9B17912909AF46C7A47395DD7BB893A24507E59,IMPHASH=272245E2988E1E430500B852C4FB5E18
ParentProcessGuid: 50A489D6-826D-6A4A-4400-000000000200
ProcessId: 10924
CurrentDirectory: C:\Windows\system32\
ProcessGuid: 50A489D6-CF9D-6A98-9123-000000000200
CommandLine: '""C:\Windows\System32\cmd.exe"" ""/c"" ""exit"" '
FileVersion: 10.0.19041.3636 (WinBuild.160101.0800)
User: DESKTOP-JC89B03\soc
LogonId: '0x935b943'
IntegrityLevel: High
ParentImage: C:\Program Files\VMware\VMware Tools\vmtoolsd.exe
UtcTime: 2026-09-03 01:38:37.215
"
2026-09-03T03:55:08.769858+00:00,VMToolsd Suspicious Child Process,C:\logs\sysmon_20260919_043610.evtx,1,Microsoft-Windows-Sysmon,1,16073,DESKTOP-JC89B03,"Image: C:\Windows\System32\cmd.exe
RuleName: '-'
Description: Windows Command Processor
OriginalFileName: Cmd.Exe
TerminalSessionId: 0
ParentCommandLine: '""C:\Program Files\VMware\VMware Tools\vmtoolsd.exe""'
Product: Microsoft® Windows® Operating System
Company: Microsoft Corporation
ParentProcessId: 3008
ParentUser: NT AUTHORITY\SYSTEM
LogonGuid: 50A489D6-EF9C-6A98-F8C3-410900000000
Hashes: MD5=CB6CD09F6A25744A8FA6E4B3E4D260C5,SHA256=265B69033CEA7A9F8214A34CD9B17912909AF46C7A47395DD7BB893A24507E59,IMPHASH=272245E2988E1E430500B852C4FB5E18
ParentProcessGuid: 50A489D6-826D-6A4A-4400-000000000200
ProcessId: 4480
CurrentDirectory: C:\Windows\system32\
ProcessGuid: 50A489D6-EF9C-6A98-E523-000000000200
CommandLine: '""C:\Windows\System32\cmd.exe"" ""/c"" ""exit"" '
FileVersion: 10.0.19041.3636 (WinBuild.160101.0800)
User: DESKTOP-JC89B03\soc
LogonId: '0x941c3f8'
IntegrityLevel: High
ParentImage: C:\Program Files\VMware\VMware Tools\vmtoolsd.exe
UtcTime: 2026-09-03 03:55:08.763
"
2026-09-03T04:10:37.861554+00:00,VMToolsd Suspicious Child Process,C:\logs\sysmon_20260919_043610.evtx,1,Microsoft-Windows-Sysmon,1,16189,DESKTOP-JC89B03,"Image: C:\Windows\System32\cmd.exe
RuleName: '-'
Description: Windows Command Processor
OriginalFileName: Cmd.Exe
TerminalSessionId: 0
ParentCommandLine: '""C:\Program Files\VMware\VMware Tools\vmtoolsd.exe""'
Product: Microsoft® Windows® Operating System
Company: Microsoft Corporation
ParentProcessId: 3008
ParentUser: NT AUTHORITY\SYSTEM
LogonGuid: 50A489D6-F33D-6A98-99E5-460900000000
Hashes: MD5=CB6CD09F6A25744A8FA6E4B3E4D260C5,SHA256=265B69033CEA7A9F8214A34CD9B17912909AF46C7A47395DD7BB893A24507E59,IMPHASH=272245E2988E1E430500B852C4FB5E18
ParentProcessGuid: 50A489D6-826D-6A4A-4400-000000000200
ProcessId: 10952
CurrentDirectory: C:\Windows\system32\
ProcessGuid: 50A489D6-F33D-6A98-1C24-000000000200
CommandLine: '""C:\Windows\System32\cmd.exe"" ""/c"" ""exit"" '
FileVersion: 10.0.19041.3636 (WinBuild.160101.0800)
User: DESKTOP-JC89B03\soc
LogonId: '0x946e599'
IntegrityLevel: High
ParentImage: C:\Program Files\VMware\VMware Tools\vmtoolsd.exe
UtcTime: 2026-09-03 04:10:37.855
"
2026-09-03T08:16:19.034796+00:00,New User Created Via Net.EXE,C:\logs\sysmon_20260919_043610.evtx,1,Microsoft-Windows-Sysmon,1,16315,DESKTOP-JC89B03,"Image: C:\Windows\System32\net.exe
RuleName: '-'
Description: Net Command
OriginalFileName: net.exe
TerminalSessionId: 1
ParentCommandLine: '""C:\Windows\System32\WindowsPowerShell\v1.0\powershell.exe"" '
Product: Microsoft® Windows® Operating System
Company: Microsoft Corporation
ParentProcessId: 452
ParentUser: DESKTOP-JC89B03\soc
LogonGuid: 50A489D6-8293-6A4A-4D93-060000000000
Hashes: MD5=0BD94A338EEA5A4E1F2830AE326E6D19,SHA256=9F376759BCBCD705F726460FC4A7E2B07F310F52BAA73CAAAAA124FDDBDF993E,IMPHASH=57F0C47AE2A1A2C06C8B987372AB0B07
ParentProcessGuid: 50A489D6-DC3D-6A8D-6F12-000000000200
ProcessId: 7648
CurrentDirectory: C:\Windows\system32\
ProcessGuid: 50A489D6-2CD3-6A99-7324-000000000200
CommandLine: '""C:\Windows\system32\net.exe"" user reconTest 1234! /add'
FileVersion: 10.0.19041.1 (WinBuild.160101.0800)
User: DESKTOP-JC89B03\soc
LogonId: '0x6934d'
IntegrityLevel: High
ParentImage: C:\Windows\System32\WindowsPowerShell\v1.0\powershell.exe
UtcTime: 2026-09-03 08:16:19.022
"
2026-09-03T08:16:19.064684+00:00,New User Created Via Net.EXE,C:\logs\sysmon_20260919_043610.evtx,1,Microsoft-Windows-Sysmon,1,16316,DESKTOP-JC89B03,"Image: C:\Windows\System32\net1.exe
RuleName: '-'
Description: Net Command
OriginalFileName: net1.exe
TerminalSessionId: 1
ParentCommandLine: '""C:\Windows\system32\net.exe"" user reconTest 1234! /add'
Product: Microsoft® Windows® Operating System
Company: Microsoft Corporation
ParentProcessId: 7648
ParentUser: DESKTOP-JC89B03\soc
LogonGuid: 50A489D6-8293-6A4A-4D93-060000000000
Hashes: MD5=78E53D5AE8839C58FA40BEA32B775999,SHA256=E62071AA18768DD88ACAF97FA7B1F2FEC9FCCE89736C1EE9A800699328D196EA,IMPHASH=537AEF5B177E3302247DAB07A052B2D8
ParentProcessGuid: 50A489D6-2CD3-6A99-7324-000000000200
ProcessId: 8140
CurrentDirectory: C:\Windows\system32\
ProcessGuid: 50A489D6-2CD3-6A99-7424-000000000200
CommandLine: C:\Windows\system32\net1 user reconTest 1234! /add
FileVersion: 10.0.19041.3636 (WinBuild.160101.0800)
User: DESKTOP-JC89B03\soc
LogonId: '0x6934d'
IntegrityLevel: High
ParentImage: C:\Windows\System32\net.exe
UtcTime: 2026-09-03 08:16:19.057
"
2026-09-03T08:18:08.275759+00:00,VMToolsd Suspicious Child Process,C:\logs\sysmon_20260919_043610.evtx,1,Microsoft-Windows-Sysmon,1,16328,DESKTOP-JC89B03,"Image: C:\Windows\System32\cmd.exe
RuleName: '-'
Description: Windows Command Processor
OriginalFileName: Cmd.Exe
TerminalSessionId: 0
ParentCommandLine: '""C:\Program Files\VMware\VMware Tools\vmtoolsd.exe""'
Product: Microsoft® Windows® Operating System
Company: Microsoft Corporation
ParentProcessId: 3008
ParentUser: NT AUTHORITY\SYSTEM
LogonGuid: 50A489D6-2D40-6A99-1384-530900000000
Hashes: MD5=CB6CD09F6A25744A8FA6E4B3E4D260C5,SHA256=265B69033CEA7A9F8214A34CD9B17912909AF46C7A47395DD7BB893A24507E59,IMPHASH=272245E2988E1E430500B852C4FB5E18
ParentProcessGuid: 50A489D6-826D-6A4A-4400-000000000200
ProcessId: 9160
CurrentDirectory: C:\Windows\system32\
ProcessGuid: 50A489D6-2D40-6A99-7A24-000000000200
CommandLine: '""C:\Windows\System32\cmd.exe"" ""/c"" ""exit"" '
FileVersion: 10.0.19041.3636 (WinBuild.160101.0800)
User: DESKTOP-JC89B03\soc
LogonId: '0x9538413'
IntegrityLevel: High
ParentImage: C:\Program Files\VMware\VMware Tools\vmtoolsd.exe
UtcTime: 2026-09-03 08:18:08.268
"
2026-09-03T08:23:09.887950+00:00,Scheduled Task Creation Via Schtasks.EXE;Suspicious Schtasks Schedule Types;Windows Shell/Scripting Processes Spawning Suspicious Programs,C:\logs\sysmon_20260919_043610.evtx,1,Microsoft-Windows-Sysmon,1,16369,DESKTOP-JC89B03,"Image: C:\Windows\System32\schtasks.exe
RuleName: '-'
Description: Task Scheduler Configuration Tool
OriginalFileName: schtasks.exe
TerminalSessionId: 1
ParentCommandLine: '""C:\Windows\System32\WindowsPowerShell\v1.0\powershell.exe"" '
Product: Microsoft® Windows® Operating System
Company: Microsoft Corporation
ParentProcessId: 452
ParentUser: DESKTOP-JC89B03\soc
LogonGuid: 50A489D6-8293-6A4A-4D93-060000000000
Hashes: MD5=D4DA03B7BB20B7E4F1B762A365D4DD4F,SHA256=9A80453518078BADF0679B0CF30F50A83163E5264A2665C6052CC27F168C50F2,IMPHASH=ECCE05491F2E8F279F4790BCB1318C05
ParentProcessGuid: 50A489D6-DC3D-6A8D-6F12-000000000200
ProcessId: 4724
CurrentDirectory: C:\Windows\system32\
ProcessGuid: 50A489D6-2E6D-6A99-8E24-000000000200
CommandLine: '""C:\Windows\system32\schtasks.exe"" /create /tn TestTask_Recon /tr ""cmd.exe /c calc.exe"" /sc onlogon /f'
FileVersion: 10.0.19041.3636 (WinBuild.160101.0800)
User: DESKTOP-JC89B03\soc
LogonId: '0x6934d'
IntegrityLevel: High
ParentImage: C:\Windows\System32\WindowsPowerShell\v1.0\powershell.exe
UtcTime: 2026-09-03 08:23:09.884
"
2026-09-03T08:23:29.727950+00:00,VMToolsd Suspicious Child Process,C:\logs\sysmon_20260919_043610.evtx,1,Microsoft-Windows-Sysmon,1,16377,DESKTOP-JC89B03,"Image: C:\Windows\System32\cmd.exe
RuleName: '-'
Description: Windows Command Processor
OriginalFileName: Cmd.Exe
TerminalSessionId: 0
ParentCommandLine: '""C:\Program Files\VMware\VMware Tools\vmtoolsd.exe""'
Product: Microsoft® Windows® Operating System
Company: Microsoft Corporation
ParentProcessId: 3008
ParentUser: NT AUTHORITY\SYSTEM
LogonGuid: 50A489D6-2E81-6A99-898A-570900000000
Hashes: MD5=CB6CD09F6A25744A8FA6E4B3E4D260C5,SHA256=265B69033CEA7A9F8214A34CD9B17912909AF46C7A47395DD7BB893A24507E59,IMPHASH=272245E2988E1E430500B852C4FB5E18
ParentProcessGuid: 50A489D6-826D-6A4A-4400-000000000200
ProcessId: 9888
CurrentDirectory: C:\Windows\system32\
ProcessGuid: 50A489D6-2E81-6A99-9624-000000000200
CommandLine: '""C:\Windows\System32\cmd.exe"" ""/c"" ""exit"" '
FileVersion: 10.0.19041.3636 (WinBuild.160101.0800)
User: DESKTOP-JC89B03\soc
LogonId: '0x9578a89'
IntegrityLevel: High
ParentImage: C:\Program Files\VMware\VMware Tools\vmtoolsd.exe
UtcTime: 2026-09-03 08:23:29.722
"
2026-09-03T08:23:31.631790+00:00,VMToolsd Suspicious Child Process,C:\logs\sysmon_20260919_043610.evtx,1,Microsoft-Windows-Sysmon,1,16378,DESKTOP-JC89B03,"Image: C:\Windows\System32\cmd.exe
RuleName: '-'
Description: Windows Command Processor
OriginalFileName: Cmd.Exe
TerminalSessionId: 0
ParentCommandLine: '""C:\Program Files\VMware\VMware Tools\vmtoolsd.exe""'
Product: Microsoft® Windows® Operating System
Company: Microsoft Corporation
ParentProcessId: 3008
ParentUser: NT AUTHORITY\SYSTEM
LogonGuid: 50A489D6-2E83-6A99-2691-570900000000
Hashes: MD5=CB6CD09F6A25744A8FA6E4B3E4D260C5,SHA256=265B69033CEA7A9F8214A34CD9B17912909AF46C7A47395DD7BB893A24507E59,IMPHASH=272245E2988E1E430500B852C4FB5E18
ParentProcessGuid: 50A489D6-826D-6A4A-4400-000000000200
ProcessId: 6384
CurrentDirectory: C:\Windows\system32\
ProcessGuid: 50A489D6-2E83-6A99-9824-000000000200
CommandLine: '""C:\Windows\System32\cmd.exe"" ""/c"" ""exit"" '
FileVersion: 10.0.19041.3636 (WinBuild.160101.0800)
User: DESKTOP-JC89B03\soc
LogonId: '0x9579126'
IntegrityLevel: High
ParentImage: C:\Program Files\VMware\VMware Tools\vmtoolsd.exe
UtcTime: 2026-09-03 08:23:31.625
"
2026-09-03T08:23:48.846772+00:00,VMToolsd Suspicious Child Process,C:\logs\sysmon_20260919_043610.evtx,1,Microsoft-Windows-Sysmon,1,16384,DESKTOP-JC89B03,"Image: C:\Windows\System32\cmd.exe
RuleName: '-'
Description: Windows Command Processor
OriginalFileName: Cmd.Exe
TerminalSessionId: 0
ParentCommandLine: '""C:\Program Files\VMware\VMware Tools\vmtoolsd.exe""'
Product: Microsoft® Windows® Operating System
Company: Microsoft Corporation
ParentProcessId: 3008
ParentUser: NT AUTHORITY\SYSTEM
LogonGuid: 50A489D6-2E94-6A99-5ACF-570900000000
Hashes: MD5=CB6CD09F6A25744A8FA6E4B3E4D260C5,SHA256=265B69033CEA7A9F8214A34CD9B17912909AF46C7A47395DD7BB893A24507E59,IMPHASH=272245E2988E1E430500B852C4FB5E18
ParentProcessGuid: 50A489D6-826D-6A4A-4400-000000000200
ProcessId: 7508
CurrentDirectory: C:\Windows\system32\
ProcessGuid: 50A489D6-2E94-6A99-A224-000000000200
CommandLine: '""C:\Windows\System32\cmd.exe"" ""/c"" ""exit"" '
FileVersion: 10.0.19041.3636 (WinBuild.160101.0800)
User: DESKTOP-JC89B03\soc
LogonId: '0x957cf5a'
IntegrityLevel: High
ParentImage: C:\Program Files\VMware\VMware Tools\vmtoolsd.exe
UtcTime: 2026-09-03 08:23:48.824
"
2026-09-03T08:39:05.400701+00:00,VMToolsd Suspicious Child Process,C:\logs\sysmon_20260919_043610.evtx,1,Microsoft-Windows-Sysmon,1,16496,DESKTOP-JC89B03,"Image: C:\Windows\System32\cmd.exe
RuleName: '-'
Description: Windows Command Processor
OriginalFileName: Cmd.Exe
TerminalSessionId: 0
ParentCommandLine: '""C:\Program Files\VMware\VMware Tools\vmtoolsd.exe""'
Product: Microsoft® Windows® Operating System
Company: Microsoft Corporation
ParentProcessId: 3008
ParentUser: NT AUTHORITY\SYSTEM
LogonGuid: 50A489D6-3229-6A99-871B-5D0900000000
Hashes: MD5=CB6CD09F6A25744A8FA6E4B3E4D260C5,SHA256=265B69033CEA7A9F8214A34CD9B17912909AF46C7A47395DD7BB893A24507E59,IMPHASH=272245E2988E1E430500B852C4FB5E18
ParentProcessGuid: 50A489D6-826D-6A4A-4400-000000000200
ProcessId: 8432
CurrentDirectory: C:\Windows\system32\
ProcessGuid: 50A489D6-3229-6A99-C924-000000000200
CommandLine: '""C:\Windows\System32\cmd.exe"" ""/c"" ""exit"" '
FileVersion: 10.0.19041.3636 (WinBuild.160101.0800)
User: DESKTOP-JC89B03\soc
LogonId: '0x95d1b87'
IntegrityLevel: High
ParentImage: C:\Program Files\VMware\VMware Tools\vmtoolsd.exe
UtcTime: 2026-09-03 08:39:05.394
"
2026-09-03T08:54:35.944799+00:00,VMToolsd Suspicious Child Process,C:\logs\sysmon_20260919_043610.evtx,1,Microsoft-Windows-Sysmon,1,16584,DESKTOP-JC89B03,"Image: C:\Windows\System32\cmd.exe
RuleName: '-'
Description: Windows Command Processor
OriginalFileName: Cmd.Exe
TerminalSessionId: 0
ParentCommandLine: '""C:\Program Files\VMware\VMware Tools\vmtoolsd.exe""'
Product: Microsoft® Windows® Operating System
Company: Microsoft Corporation
ParentProcessId: 3008
ParentUser: NT AUTHORITY\SYSTEM
LogonGuid: 50A489D6-35CB-6A99-A3D0-610900000000
Hashes: MD5=CB6CD09F6A25744A8FA6E4B3E4D260C5,SHA256=265B69033CEA7A9F8214A34CD9B17912909AF46C7A47395DD7BB893A24507E59,IMPHASH=272245E2988E1E430500B852C4FB5E18
ParentProcessGuid: 50A489D6-826D-6A4A-4400-000000000200
ProcessId: 2664
CurrentDirectory: C:\Windows\system32\
ProcessGuid: 50A489D6-35CB-6A99-E224-000000000200
CommandLine: '""C:\Windows\System32\cmd.exe"" ""/c"" ""exit"" '
FileVersion: 10.0.19041.3636 (WinBuild.160101.0800)
User: DESKTOP-JC89B03\soc
LogonId: '0x961d0a3'
IntegrityLevel: High
ParentImage: C:\Program Files\VMware\VMware Tools\vmtoolsd.exe
UtcTime: 2026-09-03 08:54:35.938
"
2026-09-03T09:10:07.696205+00:00,VMToolsd Suspicious Child Process,C:\logs\sysmon_20260919_043610.evtx,1,Microsoft-Windows-Sysmon,1,16649,DESKTOP-JC89B03,"Image: C:\Windows\System32\cmd.exe
RuleName: '-'
Description: Windows Command Processor
OriginalFileName: Cmd.Exe
TerminalSessionId: 0
ParentCommandLine: '""C:\Program Files\VMware\VMware Tools\vmtoolsd.exe""'
Product: Microsoft® Windows® Operating System
Company: Microsoft Corporation
ParentProcessId: 3008
ParentUser: NT AUTHORITY\SYSTEM
LogonGuid: 50A489D6-396F-6A99-BD7A-630900000000
Hashes: MD5=CB6CD09F6A25744A8FA6E4B3E4D260C5,SHA256=265B69033CEA7A9F8214A34CD9B17912909AF46C7A47395DD7BB893A24507E59,IMPHASH=272245E2988E1E430500B852C4FB5E18
ParentProcessGuid: 50A489D6-826D-6A4A-4400-000000000200
ProcessId: 8800
CurrentDirectory: C:\Windows\system32\
ProcessGuid: 50A489D6-396F-6A99-F324-000000000200
CommandLine: '""C:\Windows\System32\cmd.exe"" ""/c"" ""exit"" '
FileVersion: 10.0.19041.3636 (WinBuild.160101.0800)
User: DESKTOP-JC89B03\soc
LogonId: '0x9637abd'
IntegrityLevel: High
ParentImage: C:\Program Files\VMware\VMware Tools\vmtoolsd.exe
UtcTime: 2026-09-03 09:10:07.690
"
2026-09-03T09:25:37.009516+00:00,VMToolsd Suspicious Child Process,C:\logs\sysmon_20260919_043610.evtx,1,Microsoft-Windows-Sysmon,1,16701,DESKTOP-JC89B03,"Image: C:\Windows\System32\cmd.exe
RuleName: '-'
Description: Windows Command Processor
OriginalFileName: Cmd.Exe
TerminalSessionId: 0
ParentCommandLine: '""C:\Program Files\VMware\VMware Tools\vmtoolsd.exe""'
Product: Microsoft® Windows® Operating System
Company: Microsoft Corporation
ParentProcessId: 3008
ParentUser: NT AUTHORITY\SYSTEM
LogonGuid: 50A489D6-3D10-6A99-4525-650900000000
Hashes: MD5=CB6CD09F6A25744A8FA6E4B3E4D260C5,SHA256=265B69033CEA7A9F8214A34CD9B17912909AF46C7A47395DD7BB893A24507E59,IMPHASH=272245E2988E1E430500B852C4FB5E18
ParentProcessGuid: 50A489D6-826D-6A4A-4400-000000000200
ProcessId: 8900
CurrentDirectory: C:\Windows\system32\
ProcessGuid: 50A489D6-3D11-6A99-0525-000000000200
CommandLine: '""C:\Windows\System32\cmd.exe"" ""/c"" ""exit"" '
FileVersion: 10.0.19041.3636 (WinBuild.160101.0800)
User: DESKTOP-JC89B03\soc
LogonId: '0x9652545'
IntegrityLevel: High
ParentImage: C:\Program Files\VMware\VMware Tools\vmtoolsd.exe
UtcTime: 2026-09-03 09:25:37.002
"
2026-09-03T09:41:07.585547+00:00,VMToolsd Suspicious Child Process,C:\logs\sysmon_20260919_043610.evtx,1,Microsoft-Windows-Sysmon,1,16760,DESKTOP-JC89B03,"Image: C:\Windows\System32\cmd.exe
RuleName: '-'
Description: Windows Command Processor
OriginalFileName: Cmd.Exe
TerminalSessionId: 0
ParentCommandLine: '""C:\Program Files\VMware\VMware Tools\vmtoolsd.exe""'
Product: Microsoft® Windows® Operating System
Company: Microsoft Corporation
ParentProcessId: 3008
ParentUser: NT AUTHORITY\SYSTEM
LogonGuid: 50A489D6-40B3-6A99-C9B3-660900000000
Hashes: MD5=CB6CD09F6A25744A8FA6E4B3E4D260C5,SHA256=265B69033CEA7A9F8214A34CD9B17912909AF46C7A47395DD7BB893A24507E59,IMPHASH=272245E2988E1E430500B852C4FB5E18
ParentProcessGuid: 50A489D6-826D-6A4A-4400-000000000200
ProcessId: 5084
CurrentDirectory: C:\Windows\system32\
ProcessGuid: 50A489D6-40B3-6A99-1525-000000000200
CommandLine: '""C:\Windows\System32\cmd.exe"" ""/c"" ""exit"" '
FileVersion: 10.0.19041.3636 (WinBuild.160101.0800)
User: DESKTOP-JC89B03\soc
LogonId: '0x966b3c9'
IntegrityLevel: High
ParentImage: C:\Program Files\VMware\VMware Tools\vmtoolsd.exe
UtcTime: 2026-09-03 09:41:07.580
"
2026-09-03T09:56:38.060369+00:00,VMToolsd Suspicious Child Process,C:\logs\sysmon_20260919_043610.evtx,1,Microsoft-Windows-Sysmon,1,16811,DESKTOP-JC89B03,"Image: C:\Windows\System32\cmd.exe
RuleName: '-'
Description: Windows Command Processor
OriginalFileName: Cmd.Exe
TerminalSessionId: 0
ParentCommandLine: '""C:\Program Files\VMware\VMware Tools\vmtoolsd.exe""'
Product: Microsoft® Windows® Operating System
Company: Microsoft Corporation
ParentProcessId: 3008
ParentUser: NT AUTHORITY\SYSTEM
LogonGuid: 50A489D6-4456-6A99-185A-680900000000
Hashes: MD5=CB6CD09F6A25744A8FA6E4B3E4D260C5,SHA256=265B69033CEA7A9F8214A34CD9B17912909AF46C7A47395DD7BB893A24507E59,IMPHASH=272245E2988E1E430500B852C4FB5E18
ParentProcessGuid: 50A489D6-826D-6A4A-4400-000000000200
ProcessId: 4732
CurrentDirectory: C:\Windows\system32\
ProcessGuid: 50A489D6-4456-6A99-2625-000000000200
CommandLine: '""C:\Windows\System32\cmd.exe"" ""/c"" ""exit"" '
FileVersion: 10.0.19041.3636 (WinBuild.160101.0800)
User: DESKTOP-JC89B03\soc
LogonId: '0x9685a18'
IntegrityLevel: High
ParentImage: C:\Program Files\VMware\VMware Tools\vmtoolsd.exe
UtcTime: 2026-09-03 09:56:38.055
"
2026-09-03T10:12:08.191095+00:00,VMToolsd Suspicious Child Process,C:\logs\sysmon_20260919_043610.evtx,1,Microsoft-Windows-Sysmon,1,16864,DESKTOP-JC89B03,"Image: C:\Windows\System32\cmd.exe
RuleName: '-'
Description: Windows Command Processor
OriginalFileName: Cmd.Exe
TerminalSessionId: 0
ParentCommandLine: '""C:\Program Files\VMware\VMware Tools\vmtoolsd.exe""'
Product: Microsoft® Windows® Operating System
Company: Microsoft Corporation
ParentProcessId: 3008
ParentUser: NT AUTHORITY\SYSTEM
LogonGuid: 50A489D6-47F8-6A99-0A12-6A0900000000
Hashes: MD5=CB6CD09F6A25744A8FA6E4B3E4D260C5,SHA256=265B69033CEA7A9F8214A34CD9B17912909AF46C7A47395DD7BB893A24507E59,IMPHASH=272245E2988E1E430500B852C4FB5E18
ParentProcessGuid: 50A489D6-826D-6A4A-4400-000000000200
ProcessId: 10992
CurrentDirectory: C:\Windows\system32\
ProcessGuid: 50A489D6-47F8-6A99-3A25-000000000200
CommandLine: '""C:\Windows\System32\cmd.exe"" ""/c"" ""exit"" '
FileVersion: 10.0.19041.3636 (WinBuild.160101.0800)
User: DESKTOP-JC89B03\soc
LogonId: '0x96a120a'
IntegrityLevel: High
ParentImage: C:\Program Files\VMware\VMware Tools\vmtoolsd.exe
UtcTime: 2026-09-03 10:12:08.186
"
2026-09-03T10:27:38.966239+00:00,VMToolsd Suspicious Child Process,C:\logs\sysmon_20260919_043610.evtx,1,Microsoft-Windows-Sysmon,1,16927,DESKTOP-JC89B03,"Image: C:\Windows\System32\cmd.exe
RuleName: '-'
Description: Windows Command Processor
OriginalFileName: Cmd.Exe
TerminalSessionId: 0
ParentCommandLine: '""C:\Program Files\VMware\VMware Tools\vmtoolsd.exe""'
Product: Microsoft® Windows® Operating System
Company: Microsoft Corporation
ParentProcessId: 3008
ParentUser: NT AUTHORITY\SYSTEM
LogonGuid: 50A489D6-4B9A-6A99-64BB-6B0900000000
Hashes: MD5=CB6CD09F6A25744A8FA6E4B3E4D260C5,SHA256=265B69033CEA7A9F8214A34CD9B17912909AF46C7A47395DD7BB893A24507E59,IMPHASH=272245E2988E1E430500B852C4FB5E18
ParentProcessGuid: 50A489D6-826D-6A4A-4400-000000000200
ProcessId: 9960
CurrentDirectory: C:\Windows\system32\
ProcessGuid: 50A489D6-4B9A-6A99-4C25-000000000200
CommandLine: '""C:\Windows\System32\cmd.exe"" ""/c"" ""exit"" '
FileVersion: 10.0.19041.3636 (WinBuild.160101.0800)
User: DESKTOP-JC89B03\soc
LogonId: '0x96bbb64'
IntegrityLevel: High
ParentImage: C:\Program Files\VMware\VMware Tools\vmtoolsd.exe
UtcTime: 2026-09-03 10:27:38.961
"
2026-09-03T10:43:10.771946+00:00,VMToolsd Suspicious Child Process,C:\logs\sysmon_20260919_043610.evtx,1,Microsoft-Windows-Sysmon,1,16977,DESKTOP-JC89B03,"Image: C:\Windows\System32\cmd.exe
RuleName: '-'
Description: Windows Command Processor
OriginalFileName: Cmd.Exe
TerminalSessionId: 0
ParentCommandLine: '""C:\Program Files\VMware\VMware Tools\vmtoolsd.exe""'
Product: Microsoft® Windows® Operating System
Company: Microsoft Corporation
ParentProcessId: 3008
ParentUser: NT AUTHORITY\SYSTEM
LogonGuid: 50A489D6-4F3E-6A99-4B4C-6D0900000000
Hashes: MD5=CB6CD09F6A25744A8FA6E4B3E4D260C5,SHA256=265B69033CEA7A9F8214A34CD9B17912909AF46C7A47395DD7BB893A24507E59,IMPHASH=272245E2988E1E430500B852C4FB5E18
ParentProcessGuid: 50A489D6-826D-6A4A-4400-000000000200
ProcessId: 2568
CurrentDirectory: C:\Windows\system32\
ProcessGuid: 50A489D6-4F3E-6A99-5C25-000000000200
CommandLine: '""C:\Windows\System32\cmd.exe"" ""/c"" ""exit"" '
FileVersion: 10.0.19041.3636 (WinBuild.160101.0800)
User: DESKTOP-JC89B03\soc
LogonId: '0x96d4c4b'
IntegrityLevel: High
ParentImage: C:\Program Files\VMware\VMware Tools\vmtoolsd.exe
UtcTime: 2026-09-03 10:43:10.766
"
