2026-08-19T19:57:00.591873+00:00,Suspicious Eventlog Clearing or Configuration Change Activity,C:\logs\sysmon_20260919_043610.evtx,1,Microsoft-Windows-Sysmon,1,9175,DESKTOP-JC89B03,"Image: C:\Windows\System32\wevtutil.exe
RuleName: '-'
Description: Eventing Command Line Utility
OriginalFileName: wevtutil.exe
TerminalSessionId: 1
ParentCommandLine: '-'
Product: Microsoft® Windows® Operating System
Company: Microsoft Corporation
ParentProcessId: 452
ParentUser: '-'
LogonGuid: 50A489D6-8293-6A4A-4D93-060000000000
Hashes: MD5=1F970DDF2061B33C148E72604D2170FB,SHA256=5293A95BE8F320A3AF6D8C1D5E937F13D0EE2925B9B13538487DEC0181EF5432,IMPHASH=D3310B6271278C48FE7AE9F4AD5259B6
ParentProcessGuid: 00000000-0000-0000-0000-000000000000
ProcessId: 4888
CurrentDirectory: C:\Windows\system32\
ProcessGuid: 50A489D6-0A8C-6A86-5314-000000000200
CommandLine: '""C:\Windows\system32\wevtutil.exe"" cl Security'
FileVersion: 10.0.19041.3636 (WinBuild.160101.0800)
User: DESKTOP-JC89B03\soc
LogonId: '0x6934d'
IntegrityLevel: High
ParentImage: '-'
UtcTime: 2026-08-19 19:57:00.579
"
2026-08-19T20:07:25.783979+00:00,Suspicious Eventlog Clearing or Configuration Change Activity,C:\logs\sysmon_20260919_043610.evtx,1,Microsoft-Windows-Sysmon,1,9212,DESKTOP-JC89B03,"Image: C:\Windows\System32\wevtutil.exe
RuleName: '-'
Description: Eventing Command Line Utility
OriginalFileName: wevtutil.exe
TerminalSessionId: 1
ParentCommandLine: '-'
Product: Microsoft® Windows® Operating System
Company: Microsoft Corporation
ParentProcessId: 452
ParentUser: '-'
LogonGuid: 50A489D6-8293-6A4A-4D93-060000000000
Hashes: MD5=1F970DDF2061B33C148E72604D2170FB,SHA256=5293A95BE8F320A3AF6D8C1D5E937F13D0EE2925B9B13538487DEC0181EF5432,IMPHASH=D3310B6271278C48FE7AE9F4AD5259B6
ParentProcessGuid: 00000000-0000-0000-0000-000000000000
ProcessId: 9904
CurrentDirectory: C:\Windows\system32\
ProcessGuid: 50A489D6-0CFD-6A86-7714-000000000200
CommandLine: '""C:\Windows\system32\wevtutil.exe"" cl Security'
FileVersion: 10.0.19041.3636 (WinBuild.160101.0800)
User: DESKTOP-JC89B03\soc
LogonId: '0x6934d'
IntegrityLevel: High
ParentImage: '-'
UtcTime: 2026-08-19 20:07:25.779
"
2026-08-19T22:41:02.587465+00:00,Suspicious Execution of Systeminfo,C:\logs\sysmon_20260919_043610.evtx,1,Microsoft-Windows-Sysmon,1,9532,DESKTOP-JC89B03,"Image: C:\Windows\System32\systeminfo.exe
RuleName: '-'
Description: Displays system information
OriginalFileName: sysinfo.exe
TerminalSessionId: 1
ParentCommandLine: '-'
Product: Microsoft® Windows® Operating System
Company: Microsoft Corporation
ParentProcessId: 452
ParentUser: '-'
LogonGuid: 50A489D6-8293-6A4A-4D93-060000000000
Hashes: MD5=EE309A9C61511E907D87B10EF226FDCD,SHA256=6F87CAA51BDEA802045BB281FC2686A3C76364C26A3FFE6C2CCAC4AF5F9DB37B,IMPHASH=C7C3DF13F22D7A13802E6509367A5830
ParentProcessGuid: 00000000-0000-0000-0000-000000000000
ProcessId: 5180
CurrentDirectory: C:\Windows\system32\
ProcessGuid: 50A489D6-30FE-6A86-1A15-000000000200
CommandLine: '""C:\Windows\system32\systeminfo.exe""'
FileVersion: 10.0.19041.1 (WinBuild.160101.0800)
User: DESKTOP-JC89B03\soc
LogonId: '0x6934d'
IntegrityLevel: High
ParentImage: '-'
UtcTime: 2026-08-19 22:41:02.578
"
2026-08-19T22:42:59.642620+00:00,Non Interactive PowerShell Process Spawned;Suspicious Execution of Powershell with Base64,C:\logs\sysmon_20260919_043610.evtx,1,Microsoft-Windows-Sysmon,1,9542,DESKTOP-JC89B03,"Image: C:\Windows\System32\WindowsPowerShell\v1.0\powershell.exe
RuleName: '-'
Description: Windows PowerShell
OriginalFileName: PowerShell.EXE
TerminalSessionId: 1
ParentCommandLine: '-'
Product: Microsoft® Windows® Operating System
Company: Microsoft Corporation
ParentProcessId: 452
ParentUser: '-'
LogonGuid: 50A489D6-8293-6A4A-4D93-060000000000
Hashes: MD5=6726185B70B5ADF05E8A1A1DF82EBF30,SHA256=64DD55E1C2373DEED25C2776F553C632E58C45E56A0E4639DFD54EE97EAB9C19,IMPHASH=E3007C8E0098D06ABF617EEE6F0C5ABD
ParentProcessGuid: 00000000-0000-0000-0000-000000000000
ProcessId: 7032
CurrentDirectory: C:\Windows\system32\
ProcessGuid: 50A489D6-3173-6A86-2115-000000000200
CommandLine: '""C:\Windows\System32\WindowsPowerShell\v1.0\powershell.exe"" -EncodedCommand dwBoAG8AYQBtAGkA'
FileVersion: 10.0.19041.3636 (WinBuild.160101.0800)
User: DESKTOP-JC89B03\soc
LogonId: '0x6934d'
IntegrityLevel: High
ParentImage: '-'
UtcTime: 2026-08-19 22:42:59.639
"
2026-08-19T22:42:59.968673+00:00,Local Accounts Discovery,C:\logs\sysmon_20260919_043610.evtx,1,Microsoft-Windows-Sysmon,1,9544,DESKTOP-JC89B03,"Image: C:\Windows\System32\whoami.exe
RuleName: '-'
Description: whoami - displays logged on user information
OriginalFileName: whoami.exe
TerminalSessionId: 1
ParentCommandLine: '""C:\Windows\System32\WindowsPowerShell\v1.0\powershell.exe"" -EncodedCommand dwBoAG8AYQBtAGkA'
Product: Microsoft® Windows® Operating System
Company: Microsoft Corporation
ParentProcessId: 7032
ParentUser: DESKTOP-JC89B03\soc
LogonGuid: 50A489D6-8293-6A4A-4D93-060000000000
Hashes: MD5=A4A6924F3EAF97981323703D38FD99C4,SHA256=1D4902A04D99E8CCBFE7085E63155955FEE397449D386453F6C452AE407B8743,IMPHASH=7FF0758B766F747CE57DFAC70743FB88
ParentProcessGuid: 50A489D6-3173-6A86-2115-000000000200
ProcessId: 8648
CurrentDirectory: C:\Windows\system32\
ProcessGuid: 50A489D6-3173-6A86-2215-000000000200
CommandLine: '""C:\Windows\system32\whoami.exe""'
FileVersion: 10.0.19041.1 (WinBuild.160101.0800)
User: DESKTOP-JC89B03\soc
LogonId: '0x6934d'
IntegrityLevel: High
ParentImage: C:\Windows\System32\WindowsPowerShell\v1.0\powershell.exe
UtcTime: 2026-08-19 22:42:59.959
"
2026-08-21T22:15:13.638350+00:00,Local Accounts Discovery;Whoami.EXE Execution Anomaly,C:\logs\sysmon_20260919_043610.evtx,1,Microsoft-Windows-Sysmon,1,9709,DESKTOP-JC89B03,"Image: C:\Windows\System32\whoami.exe
RuleName: '-'
Description: whoami - displays logged on user information
OriginalFileName: whoami.exe
TerminalSessionId: 0
ParentCommandLine: '""C:\Program Files\VMware\VMware Tools\vmtoolsd.exe""'
Product: Microsoft® Windows® Operating System
Company: Microsoft Corporation
ParentProcessId: 3008
ParentUser: NT AUTHORITY\SYSTEM
LogonGuid: 50A489D6-CDF1-6A88-2BED-5D0700000000
Hashes: MD5=A4A6924F3EAF97981323703D38FD99C4,SHA256=1D4902A04D99E8CCBFE7085E63155955FEE397449D386453F6C452AE407B8743,IMPHASH=7FF0758B766F747CE57DFAC70743FB88
ParentProcessGuid: 50A489D6-826D-6A4A-4400-000000000200
ProcessId: 8816
CurrentDirectory: C:\Windows\system32\
ProcessGuid: 50A489D6-CDF1-6A88-A615-000000000200
CommandLine: '""C:\Windows\System32\whoami.exe""'
FileVersion: 10.0.19041.1 (WinBuild.160101.0800)
User: DESKTOP-JC89B03\soc
LogonId: '0x75ded2b'
IntegrityLevel: High
ParentImage: C:\Program Files\VMware\VMware Tools\vmtoolsd.exe
UtcTime: 2026-08-21 22:15:13.619
"
2026-08-22T21:50:46.781191+00:00,Suspicious Execution of Systeminfo,C:\logs\sysmon_20260919_043610.evtx,1,Microsoft-Windows-Sysmon,1,10148,DESKTOP-JC89B03,"Image: C:\Windows\System32\systeminfo.exe
RuleName: '-'
Description: Displays system information
OriginalFileName: sysinfo.exe
TerminalSessionId: 1
ParentCommandLine: '-'
Product: Microsoft® Windows® Operating System
Company: Microsoft Corporation
ParentProcessId: 452
ParentUser: '-'
LogonGuid: 50A489D6-8293-6A4A-4D93-060000000000
Hashes: MD5=EE309A9C61511E907D87B10EF226FDCD,SHA256=6F87CAA51BDEA802045BB281FC2686A3C76364C26A3FFE6C2CCAC4AF5F9DB37B,IMPHASH=C7C3DF13F22D7A13802E6509367A5830
ParentProcessGuid: 00000000-0000-0000-0000-000000000000
ProcessId: 4720
CurrentDirectory: C:\Windows\system32\
ProcessGuid: 50A489D6-19B6-6A8A-D716-000000000200
CommandLine: '""C:\Windows\system32\systeminfo.exe""'
FileVersion: 10.0.19041.1 (WinBuild.160101.0800)
User: DESKTOP-JC89B03\soc
LogonId: '0x6934d'
IntegrityLevel: High
ParentImage: '-'
UtcTime: 2026-08-22 21:50:46.775
"
2026-08-23T20:16:39.067943+00:00,Suspicious Execution of Systeminfo,C:\logs\sysmon_20260919_043610.evtx,1,Microsoft-Windows-Sysmon,1,10302,DESKTOP-JC89B03,"Image: C:\Windows\System32\systeminfo.exe
RuleName: '-'
Description: Displays system information
OriginalFileName: sysinfo.exe
TerminalSessionId: 1
ParentCommandLine: '-'
Product: Microsoft® Windows® Operating System
Company: Microsoft Corporation
ParentProcessId: 452
ParentUser: '-'
LogonGuid: 50A489D6-8293-6A4A-4D93-060000000000
Hashes: MD5=EE309A9C61511E907D87B10EF226FDCD,SHA256=6F87CAA51BDEA802045BB281FC2686A3C76364C26A3FFE6C2CCAC4AF5F9DB37B,IMPHASH=C7C3DF13F22D7A13802E6509367A5830
ParentProcessGuid: 00000000-0000-0000-0000-000000000000
ProcessId: 10596
CurrentDirectory: C:\Windows\system32\
ProcessGuid: 50A489D6-5527-6A8B-6317-000000000200
CommandLine: '""C:\Windows\system32\systeminfo.exe""'
FileVersion: 10.0.19041.1 (WinBuild.160101.0800)
User: DESKTOP-JC89B03\soc
LogonId: '0x6934d'
IntegrityLevel: High
ParentImage: '-'
UtcTime: 2026-08-23 20:16:39.058
"
2026-08-23T20:20:55.614929+00:00,Non Interactive PowerShell Process Spawned,C:\logs\sysmon_20260919_043610.evtx,1,Microsoft-Windows-Sysmon,1,10318,DESKTOP-JC89B03,"Image: C:\Windows\System32\WindowsPowerShell\v1.0\powershell.exe
RuleName: '-'
Description: Windows PowerShell
OriginalFileName: PowerShell.EXE
TerminalSessionId: 0
ParentCommandLine: '-'
Product: Microsoft® Windows® Operating System
Company: Microsoft Corporation
ParentProcessId: 6664
ParentUser: '-'
LogonGuid: 50A489D6-8269-6A4A-E703-000000000000
Hashes: MD5=6726185B70B5ADF05E8A1A1DF82EBF30,SHA256=64DD55E1C2373DEED25C2776F553C632E58C45E56A0E4639DFD54EE97EAB9C19,IMPHASH=E3007C8E0098D06ABF617EEE6F0C5ABD
ParentProcessGuid: 00000000-0000-0000-0000-000000000000
ProcessId: 7680
CurrentDirectory: C:\Windows\system32\
ProcessGuid: 50A489D6-5627-6A8B-6917-000000000200
CommandLine: ""powershell.exe -ExecutionPolicy Restricted -Command \n                        $Res = 0\n                        $InboxIMEs = (@(\n                          '{0000897b-83df-4b96-be07-0fb58b01c4a4}','{03b5835f-f03c-411b-9ce2-aa23e1171e36}',\n                          '{531fdebf-9b4c-4a43-a2aa-960e8fcdc732}','{6a498709-e00b-4c45-a018-8f9e4081ae40}',\n                          '{7c472071-36a7-4709-88cc-859513e583a9}','{81d4e9c9-1d3b-41bc-9e6c-4b40bf79e35e}',\n                          '{81ea0a17-aa39-455b-ba20-ea79a8f98966}','{8613e14c-d0c0-4161-ac0f-1dd2563286bc}',\n                          '{a028ae76-01b1-46c2-99c4-acd9858ae02f}','{a1e2b86b-924a-4d43-80f6-8a820df7190f}',\n                          '{b115690a-ea02-48d5-a231-e3578d2fdf80}','{c2cb2cf0-af47-413e-9780-8bc3a3c16068}',\n                          '{dcbd6fa8-032f-11d3-b5b1-00c04fc324a1}','{e429b25a-e5d3-4d1f-9be3-0c608477e3a1}',\n                          '{f25e9f57-2fc8-4eb3-a41a-cce5f08541e6}','{fa445657-9379-11d6-b41a-00065b83ee53}'\n                        ) | ForEach-Object { [regex]::Escape($_) }) -join '|'\n                        $InboxPattern = 'TIP\\\\(?:' + $InboxIMEs + ')'\n                        $LanguageProfiles = Get-Item 'HKLM:\\SOFTWARE\\Microsoft\\CTF\\TIP\\{????????-????-????-????-????????????}\\LanguageProfile\\0x*\\{????????-????-????-????-????????????}' -EA SilentlyContinue\n                        foreach ($prof in @($LanguageProfiles)) {\n                          if ($prof.PSPath -match $InboxPattern) { continue }\n                          $pp = Get-ItemProperty $prof.PSPath -EA SilentlyContinue\n                          $hasEnable = ($pp.PSObject.Properties.Name -contains 'Enable')\n                          if ((-not $hasEnable) -or ($pp.Enable -eq 1)) {\n                            $Res = 1\n                            break\n                          }\n                        }\n                        Write-Host 'Final result:',$Res\n                    ""
FileVersion: 10.0.19041.3636 (WinBuild.160101.0800)
User: NT AUTHORITY\SYSTEM
LogonId: '0x3e7'
IntegrityLevel: System
ParentImage: '-'
UtcTime: 2026-08-23 20:20:55.597
"
2026-08-23T20:20:59.375971+00:00,Non Interactive PowerShell Process Spawned,C:\logs\sysmon_20260919_043610.evtx,1,Microsoft-Windows-Sysmon,1,10321,DESKTOP-JC89B03,"Image: C:\Windows\System32\WindowsPowerShell\v1.0\powershell.exe
RuleName: '-'
Description: Windows PowerShell
OriginalFileName: PowerShell.EXE
TerminalSessionId: 0
ParentCommandLine: '-'
Product: Microsoft® Windows® Operating System
Company: Microsoft Corporation
ParentProcessId: 6664
ParentUser: '-'
LogonGuid: 50A489D6-8269-6A4A-E703-000000000000
Hashes: MD5=6726185B70B5ADF05E8A1A1DF82EBF30,SHA256=64DD55E1C2373DEED25C2776F553C632E58C45E56A0E4639DFD54EE97EAB9C19,IMPHASH=E3007C8E0098D06ABF617EEE6F0C5ABD
ParentProcessGuid: 00000000-0000-0000-0000-000000000000
ProcessId: 10476
CurrentDirectory: C:\Windows\system32\
ProcessGuid: 50A489D6-562B-6A8B-6B17-000000000200
CommandLine: 'powershell.exe -ExecutionPolicy Restricted -Command Write-Host ''Final result: 1'';'
FileVersion: 10.0.19041.3636 (WinBuild.160101.0800)
User: NT AUTHORITY\SYSTEM
LogonId: '0x3e7'
IntegrityLevel: System
ParentImage: '-'
UtcTime: 2026-08-23 20:20:59.361
"
2026-08-25T18:17:34.030484+00:00,Non Interactive PowerShell Process Spawned,C:\logs\sysmon_20260919_043610.evtx,1,Microsoft-Windows-Sysmon,1,8623,DESKTOP-JC89B03,"Image: C:\Windows\System32\WindowsPowerShell\v1.0\powershell.exe
RuleName: '-'
Description: Windows PowerShell
OriginalFileName: PowerShell.EXE
TerminalSessionId: 1
ParentCommandLine: C:\Windows\System32\RuntimeBroker.exe -Embedding
Product: Microsoft® Windows® Operating System
Company: Microsoft Corporation
ParentProcessId: 6704
ParentUser: DESKTOP-JC89B03\soc
LogonGuid: 50A489D6-8293-6A4A-4D93-060000000000
Hashes: MD5=6726185B70B5ADF05E8A1A1DF82EBF30,SHA256=64DD55E1C2373DEED25C2776F553C632E58C45E56A0E4639DFD54EE97EAB9C19,IMPHASH=E3007C8E0098D06ABF617EEE6F0C5ABD
ParentProcessGuid: 50A489D6-82A0-6A4A-8400-000000000200
ProcessId: 452
CurrentDirectory: C:\Windows\system32\
ProcessGuid: 50A489D6-DC3D-6A8D-6F12-000000000200
CommandLine: '""C:\Windows\System32\WindowsPowerShell\v1.0\powershell.exe"" '
FileVersion: 10.0.19041.3636 (WinBuild.160101.0800)
User: DESKTOP-JC89B03\soc
LogonId: '0x6934d'
IntegrityLevel: High
ParentImage: C:\Windows\System32\RuntimeBroker.exe
UtcTime: 2026-08-25 18:17:33.943
"
2026-08-25T21:59:52.163638+00:00,Suspicious Execution of Systeminfo,C:\logs\sysmon_20260919_043610.evtx,1,Microsoft-Windows-Sysmon,1,10691,DESKTOP-JC89B03,"Image: C:\Windows\System32\systeminfo.exe
RuleName: '-'
Description: Displays system information
OriginalFileName: sysinfo.exe
TerminalSessionId: 1
ParentCommandLine: '-'
Product: Microsoft® Windows® Operating System
Company: Microsoft Corporation
ParentProcessId: 452
ParentUser: '-'
LogonGuid: 50A489D6-8293-6A4A-4D93-060000000000
Hashes: MD5=EE309A9C61511E907D87B10EF226FDCD,SHA256=6F87CAA51BDEA802045BB281FC2686A3C76364C26A3FFE6C2CCAC4AF5F9DB37B,IMPHASH=C7C3DF13F22D7A13802E6509367A5830
ParentProcessGuid: 00000000-0000-0000-0000-000000000000
ProcessId: 4360
CurrentDirectory: C:\Windows\system32\
ProcessGuid: 50A489D6-1058-6A8E-6418-000000000200
CommandLine: '""C:\Windows\system32\systeminfo.exe""'
FileVersion: 10.0.19041.1 (WinBuild.160101.0800)
User: DESKTOP-JC89B03\soc
LogonId: '0x6934d'
IntegrityLevel: High
ParentImage: '-'
UtcTime: 2026-08-25 21:59:52.160
"
2026-08-25T22:00:04.029883+00:00,Non Interactive PowerShell Process Spawned;Suspicious Execution of Powershell with Base64,C:\logs\sysmon_20260919_043610.evtx,1,Microsoft-Windows-Sysmon,1,10694,DESKTOP-JC89B03,"Image: C:\Windows\System32\WindowsPowerShell\v1.0\powershell.exe
RuleName: '-'
Description: Windows PowerShell
OriginalFileName: PowerShell.EXE
TerminalSessionId: 1
ParentCommandLine: '-'
Product: Microsoft® Windows® Operating System
Company: Microsoft Corporation
ParentProcessId: 452
ParentUser: '-'
LogonGuid: 50A489D6-8293-6A4A-4D93-060000000000
Hashes: MD5=6726185B70B5ADF05E8A1A1DF82EBF30,SHA256=64DD55E1C2373DEED25C2776F553C632E58C45E56A0E4639DFD54EE97EAB9C19,IMPHASH=E3007C8E0098D06ABF617EEE6F0C5ABD
ParentProcessGuid: 00000000-0000-0000-0000-000000000000
ProcessId: 344
CurrentDirectory: C:\Windows\system32\
ProcessGuid: 50A489D6-1064-6A8E-6718-000000000200
CommandLine: '""C:\Windows\System32\WindowsPowerShell\v1.0\powershell.exe"" -EncodedCommand dwBoAG8AYQBtAGkA'
FileVersion: 10.0.19041.3636 (WinBuild.160101.0800)
User: DESKTOP-JC89B03\soc
LogonId: '0x6934d'
IntegrityLevel: High
ParentImage: '-'
UtcTime: 2026-08-25 22:00:04.026
"
2026-08-25T22:00:04.610486+00:00,Local Accounts Discovery,C:\logs\sysmon_20260919_043610.evtx,1,Microsoft-Windows-Sysmon,1,10696,DESKTOP-JC89B03,"Image: C:\Windows\System32\whoami.exe
RuleName: '-'
Description: whoami - displays logged on user information
OriginalFileName: whoami.exe
TerminalSessionId: 1
ParentCommandLine: '""C:\Windows\System32\WindowsPowerShell\v1.0\powershell.exe"" -EncodedCommand dwBoAG8AYQBtAGkA'
Product: Microsoft® Windows® Operating System
Company: Microsoft Corporation
ParentProcessId: 344
ParentUser: DESKTOP-JC89B03\soc
LogonGuid: 50A489D6-8293-6A4A-4D93-060000000000
Hashes: MD5=A4A6924F3EAF97981323703D38FD99C4,SHA256=1D4902A04D99E8CCBFE7085E63155955FEE397449D386453F6C452AE407B8743,IMPHASH=7FF0758B766F747CE57DFAC70743FB88
ParentProcessGuid: 50A489D6-1064-6A8E-6718-000000000200
ProcessId: 2064
CurrentDirectory: C:\Windows\system32\
ProcessGuid: 50A489D6-1064-6A8E-6818-000000000200
CommandLine: '""C:\Windows\system32\whoami.exe""'
FileVersion: 10.0.19041.1 (WinBuild.160101.0800)
User: DESKTOP-JC89B03\soc
LogonId: '0x6934d'
IntegrityLevel: High
ParentImage: C:\Windows\System32\WindowsPowerShell\v1.0\powershell.exe
UtcTime: 2026-08-25 22:00:04.601
"
2026-08-26T00:51:14.726675+00:00,Non Interactive PowerShell Process Spawned;Suspicious Execution of Powershell with Base64,C:\logs\sysmon_20260919_043610.evtx,1,Microsoft-Windows-Sysmon,1,9045,DESKTOP-JC89B03,"Image: C:\Windows\System32\WindowsPowerShell\v1.0\powershell.exe
RuleName: '-'
Description: Windows PowerShell
OriginalFileName: PowerShell.EXE
TerminalSessionId: 1
ParentCommandLine: '""C:\Windows\System32\WindowsPowerShell\v1.0\powershell.exe"" '
Product: Microsoft® Windows® Operating System
Company: Microsoft Corporation
ParentProcessId: 452
ParentUser: DESKTOP-JC89B03\soc
LogonGuid: 50A489D6-8293-6A4A-4D93-060000000000
Hashes: MD5=6726185B70B5ADF05E8A1A1DF82EBF30,SHA256=64DD55E1C2373DEED25C2776F553C632E58C45E56A0E4639DFD54EE97EAB9C19,IMPHASH=E3007C8E0098D06ABF617EEE6F0C5ABD
ParentProcessGuid: 50A489D6-DC3D-6A8D-6F12-000000000200
ProcessId: 6140
CurrentDirectory: C:\Windows\system32\
ProcessGuid: 50A489D6-3882-6A8E-D913-000000000200
CommandLine: '""C:\Windows\System32\WindowsPowerShell\v1.0\powershell.exe"" -EncodedCommand dwBoAG8AYQBtAGkA'
FileVersion: 10.0.19041.3636 (WinBuild.160101.0800)
User: DESKTOP-JC89B03\soc
LogonId: '0x6934d'
IntegrityLevel: High
ParentImage: C:\Windows\System32\WindowsPowerShell\v1.0\powershell.exe
UtcTime: 2026-08-26 00:51:14.687
"
2026-08-26T00:51:15.240050+00:00,Local Accounts Discovery,C:\logs\sysmon_20260919_043610.evtx,1,Microsoft-Windows-Sysmon,1,9047,DESKTOP-JC89B03,"Image: C:\Windows\System32\whoami.exe
RuleName: '-'
Description: whoami - displays logged on user information
OriginalFileName: whoami.exe
TerminalSessionId: 1
ParentCommandLine: '""C:\Windows\System32\WindowsPowerShell\v1.0\powershell.exe"" -EncodedCommand dwBoAG8AYQBtAGkA'
Product: Microsoft® Windows® Operating System
Company: Microsoft Corporation
ParentProcessId: 6140
ParentUser: DESKTOP-JC89B03\soc
LogonGuid: 50A489D6-8293-6A4A-4D93-060000000000
Hashes: MD5=A4A6924F3EAF97981323703D38FD99C4,SHA256=1D4902A04D99E8CCBFE7085E63155955FEE397449D386453F6C452AE407B8743,IMPHASH=7FF0758B766F747CE57DFAC70743FB88
ParentProcessGuid: 50A489D6-3882-6A8E-D913-000000000200
ProcessId: 7224
CurrentDirectory: C:\Windows\system32\
ProcessGuid: 50A489D6-3883-6A8E-DA13-000000000200
CommandLine: '""C:\Windows\system32\whoami.exe""'
FileVersion: 10.0.19041.1 (WinBuild.160101.0800)
User: DESKTOP-JC89B03\soc
LogonId: '0x6934d'
IntegrityLevel: High
ParentImage: C:\Windows\System32\WindowsPowerShell\v1.0\powershell.exe
UtcTime: 2026-08-26 00:51:15.231
"
2026-08-26T05:30:55.774300+00:00,Non Interactive PowerShell Process Spawned;Suspicious Execution of Powershell with Base64,C:\logs\sysmon_20260919_043610.evtx,1,Microsoft-Windows-Sysmon,1,10892,DESKTOP-JC89B03,"Image: C:\Windows\System32\WindowsPowerShell\v1.0\powershell.exe
RuleName: '-'
Description: Windows PowerShell
OriginalFileName: PowerShell.EXE
TerminalSessionId: 1
ParentCommandLine: '-'
Product: Microsoft® Windows® Operating System
Company: Microsoft Corporation
ParentProcessId: 452
ParentUser: '-'
LogonGuid: 50A489D6-8293-6A4A-4D93-060000000000
Hashes: MD5=6726185B70B5ADF05E8A1A1DF82EBF30,SHA256=64DD55E1C2373DEED25C2776F553C632E58C45E56A0E4639DFD54EE97EAB9C19,IMPHASH=E3007C8E0098D06ABF617EEE6F0C5ABD
ParentProcessGuid: 00000000-0000-0000-0000-000000000000
ProcessId: 9828
CurrentDirectory: C:\Windows\system32\
ProcessGuid: 50A489D6-7A0F-6A8E-0F19-000000000200
CommandLine: '""C:\Windows\System32\WindowsPowerShell\v1.0\powershell.exe"" -EncodedCommand dwBoAG8AYQBtAGkA'
FileVersion: 10.0.19041.3636 (WinBuild.160101.0800)
User: DESKTOP-JC89B03\soc
LogonId: '0x6934d'
IntegrityLevel: High
ParentImage: '-'
UtcTime: 2026-08-26 05:30:55.771
"
2026-08-26T05:30:56.276800+00:00,Local Accounts Discovery,C:\logs\sysmon_20260919_043610.evtx,1,Microsoft-Windows-Sysmon,1,10894,DESKTOP-JC89B03,"Image: C:\Windows\System32\whoami.exe
RuleName: '-'
Description: whoami - displays logged on user information
OriginalFileName: whoami.exe
TerminalSessionId: 1
ParentCommandLine: '""C:\Windows\System32\WindowsPowerShell\v1.0\powershell.exe"" -EncodedCommand dwBoAG8AYQBtAGkA'
Product: Microsoft® Windows® Operating System
Company: Microsoft Corporation
ParentProcessId: 9828
ParentUser: DESKTOP-JC89B03\soc
LogonGuid: 50A489D6-8293-6A4A-4D93-060000000000
Hashes: MD5=A4A6924F3EAF97981323703D38FD99C4,SHA256=1D4902A04D99E8CCBFE7085E63155955FEE397449D386453F6C452AE407B8743,IMPHASH=7FF0758B766F747CE57DFAC70743FB88
ParentProcessGuid: 50A489D6-7A0F-6A8E-0F19-000000000200
ProcessId: 10944
CurrentDirectory: C:\Windows\system32\
ProcessGuid: 50A489D6-7A10-6A8E-1019-000000000200
CommandLine: '""C:\Windows\system32\whoami.exe""'
FileVersion: 10.0.19041.1 (WinBuild.160101.0800)
User: DESKTOP-JC89B03\soc
LogonId: '0x6934d'
IntegrityLevel: High
ParentImage: C:\Windows\System32\WindowsPowerShell\v1.0\powershell.exe
UtcTime: 2026-08-26 05:30:56.267
"
2026-08-26T05:30:59.634718+00:00,Suspicious Execution of Systeminfo,C:\logs\sysmon_20260919_043610.evtx,1,Microsoft-Windows-Sysmon,1,10895,DESKTOP-JC89B03,"Image: C:\Windows\System32\systeminfo.exe
RuleName: '-'
Description: Displays system information
OriginalFileName: sysinfo.exe
TerminalSessionId: 1
ParentCommandLine: '-'
Product: Microsoft® Windows® Operating System
Company: Microsoft Corporation
ParentProcessId: 452
ParentUser: '-'
LogonGuid: 50A489D6-8293-6A4A-4D93-060000000000
Hashes: MD5=EE309A9C61511E907D87B10EF226FDCD,SHA256=6F87CAA51BDEA802045BB281FC2686A3C76364C26A3FFE6C2CCAC4AF5F9DB37B,IMPHASH=C7C3DF13F22D7A13802E6509367A5830
ParentProcessGuid: 00000000-0000-0000-0000-000000000000
ProcessId: 3860
CurrentDirectory: C:\Windows\system32\
ProcessGuid: 50A489D6-7A13-6A8E-1119-000000000200
CommandLine: '""C:\Windows\system32\systeminfo.exe""'
FileVersion: 10.0.19041.1 (WinBuild.160101.0800)
User: DESKTOP-JC89B03\soc
LogonId: '0x6934d'
IntegrityLevel: High
ParentImage: '-'
UtcTime: 2026-08-26 05:30:59.631
"
2026-08-26T05:38:32.191642+00:00,Non Interactive PowerShell Process Spawned;Suspicious Execution of Powershell with Base64,C:\logs\sysmon_20260919_043610.evtx,1,Microsoft-Windows-Sysmon,1,10935,DESKTOP-JC89B03,"Image: C:\Windows\System32\WindowsPowerShell\v1.0\powershell.exe
RuleName: '-'
Description: Windows PowerShell
OriginalFileName: PowerShell.EXE
TerminalSessionId: 1
ParentCommandLine: '-'
Product: Microsoft® Windows® Operating System
Company: Microsoft Corporation
ParentProcessId: 452
ParentUser: '-'
LogonGuid: 50A489D6-8293-6A4A-4D93-060000000000
Hashes: MD5=6726185B70B5ADF05E8A1A1DF82EBF30,SHA256=64DD55E1C2373DEED25C2776F553C632E58C45E56A0E4639DFD54EE97EAB9C19,IMPHASH=E3007C8E0098D06ABF617EEE6F0C5ABD
ParentProcessGuid: 00000000-0000-0000-0000-000000000000
ProcessId: 11084
CurrentDirectory: C:\Windows\system32\
ProcessGuid: 50A489D6-7BD8-6A8E-2F19-000000000200
CommandLine: '""C:\Windows\System32\WindowsPowerShell\v1.0\powershell.exe"" -EncodedCommand dwBoAG8AYQBtAGkA'
FileVersion: 10.0.19041.3636 (WinBuild.160101.0800)
User: DESKTOP-JC89B03\soc
LogonId: '0x6934d'
IntegrityLevel: High
ParentImage: '-'
UtcTime: 2026-08-26 05:38:32.188
"
2026-08-26T05:38:32.555721+00:00,Local Accounts Discovery,C:\logs\sysmon_20260919_043610.evtx,1,Microsoft-Windows-Sysmon,1,10937,DESKTOP-JC89B03,"Image: C:\Windows\System32\whoami.exe
RuleName: '-'
Description: whoami - displays logged on user information
OriginalFileName: whoami.exe
TerminalSessionId: 1
ParentCommandLine: '""C:\Windows\System32\WindowsPowerShell\v1.0\powershell.exe"" -EncodedCommand dwBoAG8AYQBtAGkA'
Product: Microsoft® Windows® Operating System
Company: Microsoft Corporation
ParentProcessId: 11084
ParentUser: DESKTOP-JC89B03\soc
LogonGuid: 50A489D6-8293-6A4A-4D93-060000000000
Hashes: MD5=A4A6924F3EAF97981323703D38FD99C4,SHA256=1D4902A04D99E8CCBFE7085E63155955FEE397449D386453F6C452AE407B8743,IMPHASH=7FF0758B766F747CE57DFAC70743FB88
ParentProcessGuid: 50A489D6-7BD8-6A8E-2F19-000000000200
ProcessId: 9564
CurrentDirectory: C:\Windows\system32\
ProcessGuid: 50A489D6-7BD8-6A8E-3019-000000000200
CommandLine: '""C:\Windows\system32\whoami.exe""'
FileVersion: 10.0.19041.1 (WinBuild.160101.0800)
User: DESKTOP-JC89B03\soc
LogonId: '0x6934d'
IntegrityLevel: High
ParentImage: C:\Windows\System32\WindowsPowerShell\v1.0\powershell.exe
UtcTime: 2026-08-26 05:38:32.546
"
2026-08-26T05:38:44.259697+00:00,Direct Autorun Keys Modification;Potential Persistence Attempt Via Run Keys Using Reg.EXE,C:\logs\sysmon_20260919_043610.evtx,1,Microsoft-Windows-Sysmon,1,10941,DESKTOP-JC89B03,"Image: C:\Windows\System32\reg.exe
RuleName: '-'
Description: Registry Console Tool
OriginalFileName: reg.exe
TerminalSessionId: 1
ParentCommandLine: '-'
Product: Microsoft® Windows® Operating System
Company: Microsoft Corporation
ParentProcessId: 452
ParentUser: '-'
LogonGuid: 50A489D6-8293-6A4A-4D93-060000000000
Hashes: MD5=227F63E1D9008B36BDBCC4B397780BE4,SHA256=C0E25B1F9B22DE445298C1E96DDFCEAD265CA030FA6626F61A4A4786CC4A3B7D,IMPHASH=BE482BE427FE212CFEF2CDA0E61F19AC
ParentProcessGuid: 00000000-0000-0000-0000-000000000000
ProcessId: 10368
CurrentDirectory: C:\Windows\system32\
ProcessGuid: 50A489D6-7BE4-6A8E-3219-000000000200
CommandLine: '""C:\Windows\system32\reg.exe"" add HKCU\SOFTWARE\Microsoft\Windows\CurrentVersion\Run /v TestPersist /t REG_SZ /d C:\test.exe /f'
FileVersion: 10.0.19041.1 (WinBuild.160101.0800)
User: DESKTOP-JC89B03\soc
LogonId: '0x6934d'
IntegrityLevel: High
ParentImage: '-'
UtcTime: 2026-08-26 05:38:44.244
"
2026-08-26T05:39:24.734039+00:00,Non Interactive PowerShell Process Spawned;Suspicious Execution of Powershell with Base64,C:\logs\sysmon_20260919_043610.evtx,1,Microsoft-Windows-Sysmon,1,10949,DESKTOP-JC89B03,"Image: C:\Windows\System32\WindowsPowerShell\v1.0\powershell.exe
RuleName: '-'
Description: Windows PowerShell
OriginalFileName: PowerShell.EXE
TerminalSessionId: 1
ParentCommandLine: '-'
Product: Microsoft® Windows® Operating System
Company: Microsoft Corporation
ParentProcessId: 452
ParentUser: '-'
LogonGuid: 50A489D6-8293-6A4A-4D93-060000000000
Hashes: MD5=6726185B70B5ADF05E8A1A1DF82EBF30,SHA256=64DD55E1C2373DEED25C2776F553C632E58C45E56A0E4639DFD54EE97EAB9C19,IMPHASH=E3007C8E0098D06ABF617EEE6F0C5ABD
ParentProcessGuid: 00000000-0000-0000-0000-000000000000
ProcessId: 1708
CurrentDirectory: C:\Windows\system32\
ProcessGuid: 50A489D6-7C0C-6A8E-3C19-000000000200
CommandLine: '""C:\Windows\System32\WindowsPowerShell\v1.0\powershell.exe"" -EncodedCommand dwBoAG8AYQBtAGkA'
FileVersion: 10.0.19041.3636 (WinBuild.160101.0800)
User: DESKTOP-JC89B03\soc
LogonId: '0x6934d'
IntegrityLevel: High
ParentImage: '-'
UtcTime: 2026-08-26 05:39:24.731
"
2026-08-26T05:39:25.075548+00:00,Local Accounts Discovery,C:\logs\sysmon_20260919_043610.evtx,1,Microsoft-Windows-Sysmon,1,10951,DESKTOP-JC89B03,"Image: C:\Windows\System32\whoami.exe
RuleName: '-'
Description: whoami - displays logged on user information
OriginalFileName: whoami.exe
TerminalSessionId: 1
ParentCommandLine: '""C:\Windows\System32\WindowsPowerShell\v1.0\powershell.exe"" -EncodedCommand dwBoAG8AYQBtAGkA'
Product: Microsoft® Windows® Operating System
Company: Microsoft Corporation
ParentProcessId: 1708
ParentUser: DESKTOP-JC89B03\soc
LogonGuid: 50A489D6-8293-6A4A-4D93-060000000000
Hashes: MD5=A4A6924F3EAF97981323703D38FD99C4,SHA256=1D4902A04D99E8CCBFE7085E63155955FEE397449D386453F6C452AE407B8743,IMPHASH=7FF0758B766F747CE57DFAC70743FB88
ParentProcessGuid: 50A489D6-7C0C-6A8E-3C19-000000000200
ProcessId: 8588
CurrentDirectory: C:\Windows\system32\
ProcessGuid: 50A489D6-7C0D-6A8E-3D19-000000000200
CommandLine: '""C:\Windows\system32\whoami.exe""'
FileVersion: 10.0.19041.1 (WinBuild.160101.0800)
User: DESKTOP-JC89B03\soc
LogonId: '0x6934d'
IntegrityLevel: High
ParentImage: C:\Windows\System32\WindowsPowerShell\v1.0\powershell.exe
UtcTime: 2026-08-26 05:39:25.068
"
2026-08-26T05:39:36.755315+00:00,Direct Autorun Keys Modification;Potential Persistence Attempt Via Run Keys Using Reg.EXE,C:\logs\sysmon_20260919_043610.evtx,1,Microsoft-Windows-Sysmon,1,10953,DESKTOP-JC89B03,"Image: C:\Windows\System32\reg.exe
RuleName: '-'
Description: Registry Console Tool
OriginalFileName: reg.exe
TerminalSessionId: 1
ParentCommandLine: '-'
Product: Microsoft® Windows® Operating System
Company: Microsoft Corporation
ParentProcessId: 452
ParentUser: '-'
LogonGuid: 50A489D6-8293-6A4A-4D93-060000000000
Hashes: MD5=227F63E1D9008B36BDBCC4B397780BE4,SHA256=C0E25B1F9B22DE445298C1E96DDFCEAD265CA030FA6626F61A4A4786CC4A3B7D,IMPHASH=BE482BE427FE212CFEF2CDA0E61F19AC
ParentProcessGuid: 00000000-0000-0000-0000-000000000000
ProcessId: 4040
CurrentDirectory: C:\Windows\system32\
ProcessGuid: 50A489D6-7C18-6A8E-3E19-000000000200
CommandLine: '""C:\Windows\system32\reg.exe"" add HKCU\SOFTWARE\Microsoft\Windows\CurrentVersion\Run /v TestPersist /t REG_SZ /d C:\test.exe /f'
FileVersion: 10.0.19041.1 (WinBuild.160101.0800)
User: DESKTOP-JC89B03\soc
LogonId: '0x6934d'
IntegrityLevel: High
ParentImage: '-'
UtcTime: 2026-08-26 05:39:36.751
"
2026-08-27T03:23:48.607822+00:00,Non Interactive PowerShell Process Spawned;Suspicious Execution of Powershell with Base64,C:\logs\sysmon_20260919_043610.evtx,1,Microsoft-Windows-Sysmon,1,11099,DESKTOP-JC89B03,"Image: C:\Windows\System32\WindowsPowerShell\v1.0\powershell.exe
RuleName: '-'
Description: Windows PowerShell
OriginalFileName: PowerShell.EXE
TerminalSessionId: 1
ParentCommandLine: '-'
Product: Microsoft® Windows® Operating System
Company: Microsoft Corporation
ParentProcessId: 452
ParentUser: '-'
LogonGuid: 50A489D6-8293-6A4A-4D93-060000000000
Hashes: MD5=6726185B70B5ADF05E8A1A1DF82EBF30,SHA256=64DD55E1C2373DEED25C2776F553C632E58C45E56A0E4639DFD54EE97EAB9C19,IMPHASH=E3007C8E0098D06ABF617EEE6F0C5ABD
ParentProcessGuid: 00000000-0000-0000-0000-000000000000
ProcessId: 7628
CurrentDirectory: C:\Windows\system32\
ProcessGuid: 50A489D6-ADC4-6A8F-9519-000000000200
CommandLine: '""C:\Windows\System32\WindowsPowerShell\v1.0\powershell.exe"" -EncodedCommand dwBoAG8AYQBtAGkA'
FileVersion: 10.0.19041.3636 (WinBuild.160101.0800)
User: DESKTOP-JC89B03\soc
LogonId: '0x6934d'
IntegrityLevel: High
ParentImage: '-'
UtcTime: 2026-08-27 03:23:48.604
"
2026-08-27T03:23:49.072924+00:00,Local Accounts Discovery,C:\logs\sysmon_20260919_043610.evtx,1,Microsoft-Windows-Sysmon,1,11101,DESKTOP-JC89B03,"Image: C:\Windows\System32\whoami.exe
RuleName: '-'
Description: whoami - displays logged on user information
OriginalFileName: whoami.exe
TerminalSessionId: 1
ParentCommandLine: '""C:\Windows\System32\WindowsPowerShell\v1.0\powershell.exe"" -EncodedCommand dwBoAG8AYQBtAGkA'
Product: Microsoft® Windows® Operating System
Company: Microsoft Corporation
ParentProcessId: 7628
ParentUser: DESKTOP-JC89B03\soc
LogonGuid: 50A489D6-8293-6A4A-4D93-060000000000
Hashes: MD5=A4A6924F3EAF97981323703D38FD99C4,SHA256=1D4902A04D99E8CCBFE7085E63155955FEE397449D386453F6C452AE407B8743,IMPHASH=7FF0758B766F747CE57DFAC70743FB88
ParentProcessGuid: 50A489D6-ADC4-6A8F-9519-000000000200
ProcessId: 876
CurrentDirectory: C:\Windows\system32\
ProcessGuid: 50A489D6-ADC5-6A8F-9619-000000000200
CommandLine: '""C:\Windows\system32\whoami.exe""'
FileVersion: 10.0.19041.1 (WinBuild.160101.0800)
User: DESKTOP-JC89B03\soc
LogonId: '0x6934d'
IntegrityLevel: High
ParentImage: C:\Windows\System32\WindowsPowerShell\v1.0\powershell.exe
UtcTime: 2026-08-27 03:23:49.061
"
2026-08-27T03:24:02.901165+00:00,Direct Autorun Keys Modification;Potential Persistence Attempt Via Run Keys Using Reg.EXE,C:\logs\sysmon_20260919_043610.evtx,1,Microsoft-Windows-Sysmon,1,11103,DESKTOP-JC89B03,"Image: C:\Windows\System32\reg.exe
RuleName: '-'
Description: Registry Console Tool
OriginalFileName: reg.exe
TerminalSessionId: 1
ParentCommandLine: '-'
Product: Microsoft® Windows® Operating System
Company: Microsoft Corporation
ParentProcessId: 452
ParentUser: '-'
LogonGuid: 50A489D6-8293-6A4A-4D93-060000000000
Hashes: MD5=227F63E1D9008B36BDBCC4B397780BE4,SHA256=C0E25B1F9B22DE445298C1E96DDFCEAD265CA030FA6626F61A4A4786CC4A3B7D,IMPHASH=BE482BE427FE212CFEF2CDA0E61F19AC
ParentProcessGuid: 00000000-0000-0000-0000-000000000000
ProcessId: 7384
CurrentDirectory: C:\Windows\system32\
ProcessGuid: 50A489D6-ADD2-6A8F-9719-000000000200
CommandLine: '""C:\Windows\system32\reg.exe"" add HKCU\SOFTWARE\Microsoft\Windows\CurrentVersion\Run /v TestPersist /t REG_SZ /d C:\test.exe /f'
FileVersion: 10.0.19041.1 (WinBuild.160101.0800)
User: DESKTOP-JC89B03\soc
LogonId: '0x6934d'
IntegrityLevel: High
ParentImage: '-'
UtcTime: 2026-08-27 03:24:02.896
"
2026-09-01T23:48:37.002812+00:00,VMToolsd Suspicious Child Process,C:\logs\sysmon_20260919_043610.evtx,1,Microsoft-Windows-Sysmon,1,12275,DESKTOP-JC89B03,"Image: C:\Windows\System32\cmd.exe
RuleName: '-'
Description: Windows Command Processor
OriginalFileName: Cmd.Exe
TerminalSessionId: 0
ParentCommandLine: '""C:\Program Files\VMware\VMware Tools\vmtoolsd.exe""'
Product: Microsoft® Windows® Operating System
Company: Microsoft Corporation
ParentProcessId: 3008
ParentUser: NT AUTHORITY\SYSTEM
LogonGuid: 50A489D6-6454-6A97-5D0D-970800000000
Hashes: MD5=CB6CD09F6A25744A8FA6E4B3E4D260C5,SHA256=265B69033CEA7A9F8214A34CD9B17912909AF46C7A47395DD7BB893A24507E59,IMPHASH=272245E2988E1E430500B852C4FB5E18
ParentProcessGuid: 50A489D6-826D-6A4A-4400-000000000200
ProcessId: 8160
CurrentDirectory: C:\Windows\system32\
ProcessGuid: 50A489D6-6454-6A97-561D-000000000200
CommandLine: '""C:\Windows\System32\cmd.exe"" ""/c"" ""exit"" '
FileVersion: 10.0.19041.3636 (WinBuild.160101.0800)
User: DESKTOP-JC89B03\soc
LogonId: '0x8970d5d'
IntegrityLevel: High
ParentImage: C:\Program Files\VMware\VMware Tools\vmtoolsd.exe
UtcTime: 2026-09-01 23:48:36.997
"
2026-09-01T23:51:19.277465+00:00,VMToolsd Suspicious Child Process,C:\logs\sysmon_20260919_043610.evtx,1,Microsoft-Windows-Sysmon,1,12313,DESKTOP-JC89B03,"Image: C:\Windows\System32\cmd.exe
RuleName: '-'
Description: Windows Command Processor
OriginalFileName: Cmd.Exe
TerminalSessionId: 0
ParentCommandLine: '""C:\Program Files\VMware\VMware Tools\vmtoolsd.exe""'
Product: Microsoft® Windows® Operating System
Company: Microsoft Corporation
ParentProcessId: 3008
ParentUser: NT AUTHORITY\SYSTEM
LogonGuid: 50A489D6-64F7-6A97-938B-9D0800000000
Hashes: MD5=CB6CD09F6A25744A8FA6E4B3E4D260C5,SHA256=265B69033CEA7A9F8214A34CD9B17912909AF46C7A47395DD7BB893A24507E59,IMPHASH=272245E2988E1E430500B852C4FB5E18
ParentProcessGuid: 50A489D6-826D-6A4A-4400-000000000200
ProcessId: 5144
CurrentDirectory: C:\Windows\system32\
ProcessGuid: 50A489D6-64F7-6A97-8C1D-000000000200
CommandLine: '""C:\Windows\System32\cmd.exe"" ""/c"" ""exit"" '
FileVersion: 10.0.19041.3636 (WinBuild.160101.0800)
User: DESKTOP-JC89B03\soc
LogonId: '0x89d8b93'
IntegrityLevel: High
ParentImage: C:\Program Files\VMware\VMware Tools\vmtoolsd.exe
UtcTime: 2026-09-01 23:51:19.272
"
2026-09-01T23:51:21.182706+00:00,VMToolsd Suspicious Child Process,C:\logs\sysmon_20260919_043610.evtx,1,Microsoft-Windows-Sysmon,1,12314,DESKTOP-JC89B03,"Image: C:\Windows\System32\cmd.exe
RuleName: '-'
Description: Windows Command Processor
OriginalFileName: Cmd.Exe
TerminalSessionId: 0
ParentCommandLine: '""C:\Program Files\VMware\VMware Tools\vmtoolsd.exe""'
Product: Microsoft® Windows® Operating System
Company: Microsoft Corporation
ParentProcessId: 3008
ParentUser: NT AUTHORITY\SYSTEM
LogonGuid: 50A489D6-64F9-6A97-8E92-9D0800000000
Hashes: MD5=CB6CD09F6A25744A8FA6E4B3E4D260C5,SHA256=265B69033CEA7A9F8214A34CD9B17912909AF46C7A47395DD7BB893A24507E59,IMPHASH=272245E2988E1E430500B852C4FB5E18
ParentProcessGuid: 50A489D6-826D-6A4A-4400-000000000200
ProcessId: 7788
CurrentDirectory: C:\Windows\system32\
ProcessGuid: 50A489D6-64F9-6A97-8E1D-000000000200
CommandLine: '""C:\Windows\System32\cmd.exe"" ""/c"" ""exit"" '
FileVersion: 10.0.19041.3636 (WinBuild.160101.0800)
User: DESKTOP-JC89B03\soc
LogonId: '0x89d928e'
IntegrityLevel: High
ParentImage: C:\Program Files\VMware\VMware Tools\vmtoolsd.exe
UtcTime: 2026-09-01 23:51:21.178
"
2026-09-02T00:06:49.249043+00:00,VMToolsd Suspicious Child Process,C:\logs\sysmon_20260919_043610.evtx,1,Microsoft-Windows-Sysmon,1,12402,DESKTOP-JC89B03,"Image: C:\Windows\System32\cmd.exe
RuleName: '-'
Description: Windows Command Processor
OriginalFileName: Cmd.Exe
TerminalSessionId: 0
ParentCommandLine: '""C:\Program Files\VMware\VMware Tools\vmtoolsd.exe""'
Product: Microsoft® Windows® Operating System
Company: Microsoft Corporation
ParentProcessId: 3008
ParentUser: NT AUTHORITY\SYSTEM
LogonGuid: 50A489D6-6899-6A97-B3A5-A30800000000
Hashes: MD5=CB6CD09F6A25744A8FA6E4B3E4D260C5,SHA256=265B69033CEA7A9F8214A34CD9B17912909AF46C7A47395DD7BB893A24507E59,IMPHASH=272245E2988E1E430500B852C4FB5E18
ParentProcessGuid: 50A489D6-826D-6A4A-4400-000000000200
ProcessId: 5408
CurrentDirectory: C:\Windows\system32\
ProcessGuid: 50A489D6-6899-6A97-C81D-000000000200
CommandLine: '""C:\Windows\System32\cmd.exe"" ""/c"" ""exit"" '
FileVersion: 10.0.19041.3636 (WinBuild.160101.0800)
User: DESKTOP-JC89B03\soc
LogonId: '0x8a3a5b3'
IntegrityLevel: High
ParentImage: C:\Program Files\VMware\VMware Tools\vmtoolsd.exe
UtcTime: 2026-09-02 00:06:49.244
"
2026-09-02T05:03:46.632707+00:00,VMToolsd Suspicious Child Process,C:\logs\sysmon_20260919_043610.evtx,1,Microsoft-Windows-Sysmon,1,12504,DESKTOP-JC89B03,"Image: C:\Windows\System32\cmd.exe
RuleName: '-'
Description: Windows Command Processor
OriginalFileName: Cmd.Exe
TerminalSessionId: 0
ParentCommandLine: '""C:\Program Files\VMware\VMware Tools\vmtoolsd.exe""'
Product: Microsoft® Windows® Operating System
Company: Microsoft Corporation
ParentProcessId: 3008
ParentUser: NT AUTHORITY\SYSTEM
LogonGuid: 50A489D6-AE32-6A97-CB31-A80800000000
Hashes: MD5=CB6CD09F6A25744A8FA6E4B3E4D260C5,SHA256=265B69033CEA7A9F8214A34CD9B17912909AF46C7A47395DD7BB893A24507E59,IMPHASH=272245E2988E1E430500B852C4FB5E18
ParentProcessGuid: 50A489D6-826D-6A4A-4400-000000000200
ProcessId: 5368
CurrentDirectory: C:\Windows\system32\
ProcessGuid: 50A489D6-AE32-6A97-F71D-000000000200
CommandLine: '""C:\Windows\System32\cmd.exe"" ""/c"" ""exit"" '
FileVersion: 10.0.19041.3636 (WinBuild.160101.0800)
User: DESKTOP-JC89B03\soc
LogonId: '0x8a831cb'
IntegrityLevel: High
ParentImage: C:\Program Files\VMware\VMware Tools\vmtoolsd.exe
UtcTime: 2026-09-02 05:03:46.628
"
2026-09-02T05:09:44.559322+00:00,VMToolsd Suspicious Child Process,C:\logs\sysmon_20260919_043610.evtx,1,Microsoft-Windows-Sysmon,1,12562,DESKTOP-JC89B03,"Image: C:\Windows\System32\cmd.exe
RuleName: '-'
Description: Windows Command Processor
OriginalFileName: Cmd.Exe
TerminalSessionId: 0
ParentCommandLine: '""C:\Program Files\VMware\VMware Tools\vmtoolsd.exe""'
Product: Microsoft® Windows® Operating System
Company: Microsoft Corporation
ParentProcessId: 3008
ParentUser: NT AUTHORITY\SYSTEM
LogonGuid: 50A489D6-AF98-6A97-D44C-AF0800000000
Hashes: MD5=CB6CD09F6A25744A8FA6E4B3E4D260C5,SHA256=265B69033CEA7A9F8214A34CD9B17912909AF46C7A47395DD7BB893A24507E59,IMPHASH=272245E2988E1E430500B852C4FB5E18
ParentProcessGuid: 50A489D6-826D-6A4A-4400-000000000200
ProcessId: 5612
CurrentDirectory: C:\Windows\system32\
ProcessGuid: 50A489D6-AF98-6A97-281E-000000000200
CommandLine: '""C:\Windows\System32\cmd.exe"" ""/c"" ""exit"" '
FileVersion: 10.0.19041.3636 (WinBuild.160101.0800)
User: DESKTOP-JC89B03\soc
LogonId: '0x8af4cd4'
IntegrityLevel: High
ParentImage: C:\Program Files\VMware\VMware Tools\vmtoolsd.exe
UtcTime: 2026-09-02 05:09:44.552
"
2026-09-02T05:25:10.404080+00:00,VMToolsd Suspicious Child Process,C:\logs\sysmon_20260919_043610.evtx,1,Microsoft-Windows-Sysmon,1,12689,DESKTOP-JC89B03,"Image: C:\Windows\System32\cmd.exe
RuleName: '-'
Description: Windows Command Processor
OriginalFileName: Cmd.Exe
TerminalSessionId: 0
ParentCommandLine: '""C:\Program Files\VMware\VMware Tools\vmtoolsd.exe""'
Product: Microsoft® Windows® Operating System
Company: Microsoft Corporation
ParentProcessId: 3008
ParentUser: NT AUTHORITY\SYSTEM
LogonGuid: 50A489D6-B336-6A97-5167-B30800000000
Hashes: MD5=CB6CD09F6A25744A8FA6E4B3E4D260C5,SHA256=265B69033CEA7A9F8214A34CD9B17912909AF46C7A47395DD7BB893A24507E59,IMPHASH=272245E2988E1E430500B852C4FB5E18
ParentProcessGuid: 50A489D6-826D-6A4A-4400-000000000200
ProcessId: 9892
CurrentDirectory: C:\Windows\system32\
ProcessGuid: 50A489D6-B336-6A97-541E-000000000200
CommandLine: '""C:\Windows\System32\cmd.exe"" ""/c"" ""exit"" '
FileVersion: 10.0.19041.3636 (WinBuild.160101.0800)
User: DESKTOP-JC89B03\soc
LogonId: '0x8b36751'
IntegrityLevel: High
ParentImage: C:\Program Files\VMware\VMware Tools\vmtoolsd.exe
UtcTime: 2026-09-02 05:25:10.397
"
2026-09-02T12:13:48.849221+00:00,VMToolsd Suspicious Child Process,C:\logs\sysmon_20260919_043610.evtx,1,Microsoft-Windows-Sysmon,1,12875,DESKTOP-JC89B03,"Image: C:\Windows\System32\cmd.exe
RuleName: '-'
Description: Windows Command Processor
OriginalFileName: Cmd.Exe
TerminalSessionId: 0
ParentCommandLine: '""C:\Program Files\VMware\VMware Tools\vmtoolsd.exe""'
Product: Microsoft® Windows® Operating System
Company: Microsoft Corporation
ParentProcessId: 3008
ParentUser: NT AUTHORITY\SYSTEM
LogonGuid: 50A489D6-12FC-6A98-AF9C-C00800000000
Hashes: MD5=CB6CD09F6A25744A8FA6E4B3E4D260C5,SHA256=265B69033CEA7A9F8214A34CD9B17912909AF46C7A47395DD7BB893A24507E59,IMPHASH=272245E2988E1E430500B852C4FB5E18
ParentProcessGuid: 50A489D6-826D-6A4A-4400-000000000200
ProcessId: 8516
CurrentDirectory: C:\Windows\system32\
ProcessGuid: 50A489D6-12FC-6A98-AF1E-000000000200
CommandLine: '""C:\Windows\System32\cmd.exe"" ""/c"" ""exit"" '
FileVersion: 10.0.19041.3636 (WinBuild.160101.0800)
User: DESKTOP-JC89B03\soc
LogonId: '0x8c09caf'
IntegrityLevel: High
ParentImage: C:\Program Files\VMware\VMware Tools\vmtoolsd.exe
UtcTime: 2026-09-02 12:13:48.842
"
2026-09-02T12:29:17.768393+00:00,VMToolsd Suspicious Child Process,C:\logs\sysmon_20260919_043610.evtx,1,Microsoft-Windows-Sysmon,1,12980,DESKTOP-JC89B03,"Image: C:\Windows\System32\cmd.exe
RuleName: '-'
Description: Windows Command Processor
OriginalFileName: Cmd.Exe
TerminalSessionId: 0
ParentCommandLine: '""C:\Program Files\VMware\VMware Tools\vmtoolsd.exe""'
Product: Microsoft® Windows® Operating System
Company: Microsoft Corporation
ParentProcessId: 3008
ParentUser: NT AUTHORITY\SYSTEM
LogonGuid: 50A489D6-169D-6A98-C7F7-C30800000000
Hashes: MD5=CB6CD09F6A25744A8FA6E4B3E4D260C5,SHA256=265B69033CEA7A9F8214A34CD9B17912909AF46C7A47395DD7BB893A24507E59,IMPHASH=272245E2988E1E430500B852C4FB5E18
ParentProcessGuid: 50A489D6-826D-6A4A-4400-000000000200
ProcessId: 2052
CurrentDirectory: C:\Windows\system32\
ProcessGuid: 50A489D6-169D-6A98-CB1E-000000000200
CommandLine: '""C:\Windows\System32\cmd.exe"" ""/c"" ""exit"" '
FileVersion: 10.0.19041.3636 (WinBuild.160101.0800)
User: DESKTOP-JC89B03\soc
LogonId: '0x8c3f7c7'
IntegrityLevel: High
ParentImage: C:\Program Files\VMware\VMware Tools\vmtoolsd.exe
UtcTime: 2026-09-02 12:29:17.760
"
2026-09-02T12:53:50.651272+00:00,VMToolsd Suspicious Child Process,C:\logs\sysmon_20260919_043610.evtx,1,Microsoft-Windows-Sysmon,1,13020,DESKTOP-JC89B03,"Image: C:\Windows\System32\cmd.exe
RuleName: '-'
Description: Windows Command Processor
OriginalFileName: Cmd.Exe
TerminalSessionId: 0
ParentCommandLine: '""C:\Program Files\VMware\VMware Tools\vmtoolsd.exe""'
Product: Microsoft® Windows® Operating System
Company: Microsoft Corporation
ParentProcessId: 3008
ParentUser: NT AUTHORITY\SYSTEM
LogonGuid: 50A489D6-1C5E-6A98-273C-C70800000000
Hashes: MD5=CB6CD09F6A25744A8FA6E4B3E4D260C5,SHA256=265B69033CEA7A9F8214A34CD9B17912909AF46C7A47395DD7BB893A24507E59,IMPHASH=272245E2988E1E430500B852C4FB5E18
ParentProcessGuid: 50A489D6-826D-6A4A-4400-000000000200
ProcessId: 260
CurrentDirectory: C:\Windows\system32\
ProcessGuid: 50A489D6-1C5E-6A98-F21E-000000000200
CommandLine: '""C:\Windows\System32\cmd.exe"" ""/c"" ""exit"" '
FileVersion: 10.0.19041.3636 (WinBuild.160101.0800)
User: DESKTOP-JC89B03\soc
LogonId: '0x8c73c27'
IntegrityLevel: High
ParentImage: C:\Program Files\VMware\VMware Tools\vmtoolsd.exe
UtcTime: 2026-09-02 12:53:50.648
"
2026-09-02T12:55:54.489380+00:00,Suspicious Execution of Systeminfo,C:\logs\sysmon_20260919_043610.evtx,1,Microsoft-Windows-Sysmon,1,13044,DESKTOP-JC89B03,"Image: C:\Windows\System32\systeminfo.exe
RuleName: '-'
Description: Displays system information
OriginalFileName: sysinfo.exe
TerminalSessionId: 1
ParentCommandLine: '""C:\Windows\System32\WindowsPowerShell\v1.0\powershell.exe"" '
Product: Microsoft® Windows® Operating System
Company: Microsoft Corporation
ParentProcessId: 452
ParentUser: DESKTOP-JC89B03\soc
LogonGuid: 50A489D6-8293-6A4A-4D93-060000000000
Hashes: MD5=EE309A9C61511E907D87B10EF226FDCD,SHA256=6F87CAA51BDEA802045BB281FC2686A3C76364C26A3FFE6C2CCAC4AF5F9DB37B,IMPHASH=C7C3DF13F22D7A13802E6509367A5830
ParentProcessGuid: 50A489D6-DC3D-6A8D-6F12-000000000200
ProcessId: 7252
CurrentDirectory: C:\Windows\system32\
ProcessGuid: 50A489D6-1CDA-6A98-041F-000000000200
CommandLine: '""C:\Windows\system32\systeminfo.exe""'
FileVersion: 10.0.19041.1 (WinBuild.160101.0800)
User: DESKTOP-JC89B03\soc
LogonId: '0x6934d'
IntegrityLevel: High
ParentImage: C:\Windows\System32\WindowsPowerShell\v1.0\powershell.exe
UtcTime: 2026-09-02 12:55:54.484
"
2026-09-02T12:59:52.401319+00:00,VMToolsd Suspicious Child Process,C:\logs\sysmon_20260919_043610.evtx,1,Microsoft-Windows-Sysmon,1,13079,DESKTOP-JC89B03,"Image: C:\Windows\System32\cmd.exe
RuleName: '-'
Description: Windows Command Processor
OriginalFileName: Cmd.Exe
TerminalSessionId: 0
ParentCommandLine: '""C:\Program Files\VMware\VMware Tools\vmtoolsd.exe""'
Product: Microsoft® Windows® Operating System
Company: Microsoft Corporation
ParentProcessId: 3008
ParentUser: NT AUTHORITY\SYSTEM
LogonGuid: 50A489D6-1DC8-6A98-C853-CD0800000000
Hashes: MD5=CB6CD09F6A25744A8FA6E4B3E4D260C5,SHA256=265B69033CEA7A9F8214A34CD9B17912909AF46C7A47395DD7BB893A24507E59,IMPHASH=272245E2988E1E430500B852C4FB5E18
ParentProcessGuid: 50A489D6-826D-6A4A-4400-000000000200
ProcessId: 10928
CurrentDirectory: C:\Windows\system32\
ProcessGuid: 50A489D6-1DC8-6A98-2A1F-000000000200
CommandLine: '""C:\Windows\System32\cmd.exe"" ""/c"" ""exit"" '
FileVersion: 10.0.19041.3636 (WinBuild.160101.0800)
User: DESKTOP-JC89B03\soc
LogonId: '0x8cd53c8'
IntegrityLevel: High
ParentImage: C:\Program Files\VMware\VMware Tools\vmtoolsd.exe
UtcTime: 2026-09-02 12:59:52.394
"
2026-09-02T13:03:09.712589+00:00,VMToolsd Suspicious Child Process,C:\logs\sysmon_20260919_043610.evtx,1,Microsoft-Windows-Sysmon,1,13112,DESKTOP-JC89B03,"Image: C:\Windows\System32\cmd.exe
RuleName: '-'
Description: Windows Command Processor
OriginalFileName: Cmd.Exe
TerminalSessionId: 0
ParentCommandLine: '""C:\Program Files\VMware\VMware Tools\vmtoolsd.exe""'
Product: Microsoft® Windows® Operating System
Company: Microsoft Corporation
ParentProcessId: 3008
ParentUser: NT AUTHORITY\SYSTEM
LogonGuid: 50A489D6-1E8D-6A98-3533-CE0800000000
Hashes: MD5=CB6CD09F6A25744A8FA6E4B3E4D260C5,SHA256=265B69033CEA7A9F8214A34CD9B17912909AF46C7A47395DD7BB893A24507E59,IMPHASH=272245E2988E1E430500B852C4FB5E18
ParentProcessGuid: 50A489D6-826D-6A4A-4400-000000000200
ProcessId: 7428
CurrentDirectory: C:\Windows\system32\
ProcessGuid: 50A489D6-1E8D-6A98-3C1F-000000000200
CommandLine: '""C:\Windows\System32\cmd.exe"" ""/c"" ""exit"" '
FileVersion: 10.0.19041.3636 (WinBuild.160101.0800)
User: DESKTOP-JC89B03\soc
LogonId: '0x8ce3335'
IntegrityLevel: High
ParentImage: C:\Program Files\VMware\VMware Tools\vmtoolsd.exe
UtcTime: 2026-09-02 13:03:09.707
"
2026-09-02T13:03:54.822843+00:00,Suspicious Execution of Systeminfo,C:\logs\sysmon_20260919_043610.evtx,1,Microsoft-Windows-Sysmon,1,13130,DESKTOP-JC89B03,"Image: C:\Windows\System32\systeminfo.exe
RuleName: '-'
Description: Displays system information
OriginalFileName: sysinfo.exe
TerminalSessionId: 1
ParentCommandLine: '""C:\Windows\System32\WindowsPowerShell\v1.0\powershell.exe"" '
Product: Microsoft® Windows® Operating System
Company: Microsoft Corporation
ParentProcessId: 452
ParentUser: DESKTOP-JC89B03\soc
LogonGuid: 50A489D6-8293-6A4A-4D93-060000000000
Hashes: MD5=EE309A9C61511E907D87B10EF226FDCD,SHA256=6F87CAA51BDEA802045BB281FC2686A3C76364C26A3FFE6C2CCAC4AF5F9DB37B,IMPHASH=C7C3DF13F22D7A13802E6509367A5830
ParentProcessGuid: 50A489D6-DC3D-6A8D-6F12-000000000200
ProcessId: 4352
CurrentDirectory: C:\Windows\system32\
ProcessGuid: 50A489D6-1EBA-6A98-521F-000000000200
CommandLine: '""C:\Windows\system32\systeminfo.exe""'
FileVersion: 10.0.19041.1 (WinBuild.160101.0800)
User: DESKTOP-JC89B03\soc
LogonId: '0x6934d'
IntegrityLevel: High
ParentImage: C:\Windows\System32\WindowsPowerShell\v1.0\powershell.exe
UtcTime: 2026-09-02 13:03:54.815
"
