2026-09-13T15:27:06.735603+00:00,Local Accounts Discovery,C:\logs\sysmon_20260919_043610.evtx,1,Microsoft-Windows-Sysmon,1,27026,DESKTOP-JC89B03,"Image: C:\Windows\SysWOW64\net.exe
RuleName: '-'
Description: Net Command
OriginalFileName: net.exe
TerminalSessionId: 0
ParentCommandLine: '""C:\Program Files (x86)\ossec-agent\wazuh-agent.exe""'
Product: Microsoft® Windows® Operating System
Company: Microsoft Corporation
ParentProcessId: 3004
ParentUser: NT AUTHORITY\SYSTEM
LogonGuid: 50A489D6-C07D-6AA6-E703-000000000000
Hashes: MD5=31890A7DE89936F922D44D677F681A7F,SHA256=7C4C7725E266F12ABA8C50FD1598D4001201BCA0E7ACA901508307E365AFFF42,IMPHASH=AC592B83B5CAEB41A6F6DF7DB53F9076
ParentProcessGuid: 50A489D6-C081-6AA6-4B00-000000000900
ProcessId: 3544
CurrentDirectory: C:\Program Files (x86)\ossec-agent\
ProcessGuid: 50A489D6-C0CA-6AA6-A400-000000000900
CommandLine: net user
FileVersion: 10.0.19041.1 (WinBuild.160101.0800)
User: NT AUTHORITY\SYSTEM
LogonId: '0x3e7'
IntegrityLevel: System
ParentImage: C:\Program Files (x86)\ossec-agent\wazuh-agent.exe
UtcTime: 2026-09-13 15:27:06.724
"
2026-09-13T15:27:06.920944+00:00,Local Accounts Discovery,C:\logs\sysmon_20260919_043610.evtx,1,Microsoft-Windows-Sysmon,1,27027,DESKTOP-JC89B03,"Image: C:\Windows\SysWOW64\net1.exe
RuleName: '-'
Description: Net Command
OriginalFileName: net1.exe
TerminalSessionId: 0
ParentCommandLine: net user
Product: Microsoft® Windows® Operating System
Company: Microsoft Corporation
ParentProcessId: 3544
ParentUser: NT AUTHORITY\SYSTEM
LogonGuid: 50A489D6-C07D-6AA6-E703-000000000000
Hashes: MD5=4A26539015F4FDB3AC3C5EB14336C7A7,SHA256=B25CF32B7BB76D5A5121919C63E6AE77262347F4AD7B29EE3C43CBAA61F43957,IMPHASH=D45C7E138CFAD11059C95018C99B7C96
ParentProcessGuid: 50A489D6-C0CA-6AA6-A400-000000000900
ProcessId: 636
CurrentDirectory: C:\Program Files (x86)\ossec-agent\
ProcessGuid: 50A489D6-C0CA-6AA6-A600-000000000900
CommandLine: C:\Windows\system32\net1 user
FileVersion: 10.0.19041.3636 (WinBuild.160101.0800)
User: NT AUTHORITY\SYSTEM
LogonId: '0x3e7'
IntegrityLevel: System
ParentImage: C:\Windows\SysWOW64\net.exe
UtcTime: 2026-09-13 15:27:06.909
"
2026-09-13T15:27:07.071145+00:00,Local Accounts Discovery,C:\logs\sysmon_20260919_043610.evtx,1,Microsoft-Windows-Sysmon,1,27028,DESKTOP-JC89B03,"Image: C:\Windows\SysWOW64\net.exe
RuleName: '-'
Description: Net Command
OriginalFileName: net.exe
TerminalSessionId: 0
ParentCommandLine: '""C:\Program Files (x86)\ossec-agent\wazuh-agent.exe""'
Product: Microsoft® Windows® Operating System
Company: Microsoft Corporation
ParentProcessId: 3004
ParentUser: NT AUTHORITY\SYSTEM
LogonGuid: 50A489D6-C07D-6AA6-E703-000000000000
Hashes: MD5=31890A7DE89936F922D44D677F681A7F,SHA256=7C4C7725E266F12ABA8C50FD1598D4001201BCA0E7ACA901508307E365AFFF42,IMPHASH=AC592B83B5CAEB41A6F6DF7DB53F9076
ParentProcessGuid: 50A489D6-C081-6AA6-4B00-000000000900
ProcessId: 5852
CurrentDirectory: C:\Program Files (x86)\ossec-agent\
ProcessGuid: 50A489D6-C0CB-6AA6-A700-000000000900
CommandLine: net user
FileVersion: 10.0.19041.1 (WinBuild.160101.0800)
User: NT AUTHORITY\SYSTEM
LogonId: '0x3e7'
IntegrityLevel: System
ParentImage: C:\Program Files (x86)\ossec-agent\wazuh-agent.exe
UtcTime: 2026-09-13 15:27:07.066
"
2026-09-13T15:27:07.185041+00:00,Local Accounts Discovery,C:\logs\sysmon_20260919_043610.evtx,1,Microsoft-Windows-Sysmon,1,27029,DESKTOP-JC89B03,"Image: C:\Windows\SysWOW64\net1.exe
RuleName: '-'
Description: Net Command
OriginalFileName: net1.exe
TerminalSessionId: 0
ParentCommandLine: net user
Product: Microsoft® Windows® Operating System
Company: Microsoft Corporation
ParentProcessId: 5852
ParentUser: NT AUTHORITY\SYSTEM
LogonGuid: 50A489D6-C07D-6AA6-E703-000000000000
Hashes: MD5=4A26539015F4FDB3AC3C5EB14336C7A7,SHA256=B25CF32B7BB76D5A5121919C63E6AE77262347F4AD7B29EE3C43CBAA61F43957,IMPHASH=D45C7E138CFAD11059C95018C99B7C96
ParentProcessGuid: 50A489D6-C0CB-6AA6-A700-000000000900
ProcessId: 4292
CurrentDirectory: C:\Program Files (x86)\ossec-agent\
ProcessGuid: 50A489D6-C0CB-6AA6-A900-000000000900
CommandLine: C:\Windows\system32\net1 user
FileVersion: 10.0.19041.3636 (WinBuild.160101.0800)
User: NT AUTHORITY\SYSTEM
LogonId: '0x3e7'
IntegrityLevel: System
ParentImage: C:\Windows\SysWOW64\net.exe
UtcTime: 2026-09-13 15:27:07.175
"
2026-09-13T15:28:55.437182+00:00,Directory Removal Via Rmdir,C:\logs\sysmon_20260919_043610.evtx,1,Microsoft-Windows-Sysmon,1,27222,DESKTOP-JC89B03,"Image: C:\Windows\System32\cmd.exe
RuleName: '-'
Description: Windows Command Processor
OriginalFileName: Cmd.Exe
TerminalSessionId: 1
ParentCommandLine: C:\Windows\Explorer.EXE
Product: Microsoft® Windows® Operating System
Company: Microsoft Corporation
ParentProcessId: 2532
ParentUser: DESKTOP-JC89B03\soc
LogonGuid: 50A489D6-C112-6AA6-6E44-190000000000
Hashes: MD5=2B40C98ED0F7A1D3B091A3E8353132DC,SHA256=BADF4752413CB0CBDC03FB95820CA167F0CDC63B597CCDB5EF43111180E088B0,IMPHASH=272245E2988E1E430500B852C4FB5E18
ParentProcessGuid: 50A489D6-C115-6AA6-0601-000000000900
ProcessId: 5524
CurrentDirectory: C:\Windows\system32\
ProcessGuid: 50A489D6-C137-6AA6-3501-000000000900
CommandLine: '""C:\Windows\System32\cmd.exe"" /q /c rmdir /s /q ""C:\Users\soc\AppData\Local\Microsoft\OneDrive\26.153.0809.0004""'
FileVersion: 10.0.19041.4355 (WinBuild.160101.0800)
User: DESKTOP-JC89B03\soc
LogonId: '0x19446e'
IntegrityLevel: Medium
ParentImage: C:\Windows\explorer.exe
UtcTime: 2026-09-13 15:28:55.416
"
2026-09-13T16:59:40.841789+00:00,Non Interactive PowerShell Process Spawned,C:\logs\sysmon_20260919_043610.evtx,1,Microsoft-Windows-Sysmon,1,27558,DESKTOP-JC89B03,"Image: C:\Windows\SysWOW64\WindowsPowerShell\v1.0\powershell.exe
RuleName: '-'
Description: Windows PowerShell
OriginalFileName: PowerShell.EXE
TerminalSessionId: 0
ParentCommandLine: '""C:\Program Files (x86)\ossec-agent\wazuh-agent.exe""'
Product: Microsoft® Windows® Operating System
Company: Microsoft Corporation
ParentProcessId: 2940
ParentUser: NT AUTHORITY\SYSTEM
LogonGuid: 50A489D6-D66E-6AA6-E703-000000000000
Hashes: MD5=6BB54B2D7A3D63578559239A79700EA3,SHA256=870EDA04EA71CC066EC907F005E1D05CE592F04799C60E600E2CB986DC85B5EB,IMPHASH=82E387AE778A57C7A6473B5554B4184E
ParentProcessGuid: 50A489D6-D673-6AA6-4800-000000000A00
ProcessId: 1048
CurrentDirectory: C:\Program Files (x86)\ossec-agent\
ProcessGuid: 50A489D6-D677-6AA6-5A00-000000000A00
CommandLine: powershell secedit /export /cfg $env:TEMP\secpol.cfg; Get-Content $env:TEMP\secpol.cfg | Select-String ""PasswordHistorySize""; Remove-Item $env:TEMP\secpol.cfg
FileVersion: 10.0.19041.3996 (WinBuild.160101.0800)
User: NT AUTHORITY\SYSTEM
LogonId: '0x3e7'
IntegrityLevel: System
ParentImage: C:\Program Files (x86)\ossec-agent\wazuh-agent.exe
UtcTime: 2026-09-13 16:59:35.164
"
2026-09-13T16:59:49.304333+00:00,Potential Suspicious Activity Using SeCEdit,C:\logs\sysmon_20260919_043610.evtx,1,Microsoft-Windows-Sysmon,1,27616,DESKTOP-JC89B03,"Image: C:\Windows\SysWOW64\SecEdit.exe
RuleName: '-'
Description: Windows Security Configuration Editor Command Tool
OriginalFileName: SeCEdit
TerminalSessionId: 0
ParentCommandLine: powershell secedit /export /cfg $env:TEMP\secpol.cfg; Get-Content $env:TEMP\secpol.cfg | Select-String ""PasswordHistorySize""; Remove-Item $env:TEMP\secpol.cfg
Product: Microsoft® Windows® Operating System
Company: Microsoft Corporation
ParentProcessId: 1048
ParentUser: NT AUTHORITY\SYSTEM
LogonGuid: 50A489D6-D66E-6AA6-E703-000000000000
Hashes: MD5=BFC13856291E4B804D33BBAEFC8CB3B5,SHA256=56CB815F0FDA92C4658296692E4F70DEE557137528482FE7A834296BFDB710C0,IMPHASH=615449A6A25801F47AE0D7578EB950B4
ParentProcessGuid: 50A489D6-D677-6AA6-5A00-000000000A00
ProcessId: 5176
CurrentDirectory: C:\Program Files (x86)\ossec-agent\
ProcessGuid: 50A489D6-D685-6AA6-8700-000000000A00
CommandLine: '""C:\Windows\system32\SecEdit.exe"" /export /cfg C:\Windows\TEMP\secpol.cfg'
FileVersion: 10.0.19041.1 (WinBuild.160101.0800)
User: NT AUTHORITY\SYSTEM
LogonId: '0x3e7'
IntegrityLevel: System
ParentImage: C:\Windows\SysWOW64\WindowsPowerShell\v1.0\powershell.exe
UtcTime: 2026-09-13 16:59:49.288
"
2026-09-13T16:59:51.091763+00:00,Non Interactive PowerShell Process Spawned,C:\logs\sysmon_20260919_043610.evtx,1,Microsoft-Windows-Sysmon,1,27617,DESKTOP-JC89B03,"Image: C:\Windows\SysWOW64\WindowsPowerShell\v1.0\powershell.exe
RuleName: '-'
Description: Windows PowerShell
OriginalFileName: PowerShell.EXE
TerminalSessionId: 0
ParentCommandLine: '""C:\Program Files (x86)\ossec-agent\wazuh-agent.exe""'
Product: Microsoft® Windows® Operating System
Company: Microsoft Corporation
ParentProcessId: 2940
ParentUser: NT AUTHORITY\SYSTEM
LogonGuid: 50A489D6-D66E-6AA6-E703-000000000000
Hashes: MD5=6BB54B2D7A3D63578559239A79700EA3,SHA256=870EDA04EA71CC066EC907F005E1D05CE592F04799C60E600E2CB986DC85B5EB,IMPHASH=82E387AE778A57C7A6473B5554B4184E
ParentProcessGuid: 50A489D6-D673-6AA6-4800-000000000A00
ProcessId: 5196
CurrentDirectory: C:\Program Files (x86)\ossec-agent\
ProcessGuid: 50A489D6-D687-6AA6-8800-000000000A00
CommandLine: powershell secedit /export /cfg $env:TEMP\secpol.cfg; Get-Content $env:TEMP\secpol.cfg | Select-String ""MaximumPasswordAge""; Remove-Item $env:TEMP\secpol.cfg
FileVersion: 10.0.19041.3996 (WinBuild.160101.0800)
User: NT AUTHORITY\SYSTEM
LogonId: '0x3e7'
IntegrityLevel: System
ParentImage: C:\Program Files (x86)\ossec-agent\wazuh-agent.exe
UtcTime: 2026-09-13 16:59:51.089
"
2026-09-13T16:59:53.956146+00:00,Potential Suspicious Activity Using SeCEdit,C:\logs\sysmon_20260919_043610.evtx,1,Microsoft-Windows-Sysmon,1,27620,DESKTOP-JC89B03,"Image: C:\Windows\SysWOW64\SecEdit.exe
RuleName: '-'
Description: Windows Security Configuration Editor Command Tool
OriginalFileName: SeCEdit
TerminalSessionId: 0
ParentCommandLine: powershell secedit /export /cfg $env:TEMP\secpol.cfg; Get-Content $env:TEMP\secpol.cfg | Select-String ""MaximumPasswordAge""; Remove-Item $env:TEMP\secpol.cfg
Product: Microsoft® Windows® Operating System
Company: Microsoft Corporation
ParentProcessId: 5196
ParentUser: NT AUTHORITY\SYSTEM
LogonGuid: 50A489D6-D66E-6AA6-E703-000000000000
Hashes: MD5=BFC13856291E4B804D33BBAEFC8CB3B5,SHA256=56CB815F0FDA92C4658296692E4F70DEE557137528482FE7A834296BFDB710C0,IMPHASH=615449A6A25801F47AE0D7578EB950B4
ParentProcessGuid: 50A489D6-D687-6AA6-8800-000000000A00
ProcessId: 5440
CurrentDirectory: C:\Program Files (x86)\ossec-agent\
ProcessGuid: 50A489D6-D689-6AA6-8C00-000000000A00
CommandLine: '""C:\Windows\system32\SecEdit.exe"" /export /cfg C:\Windows\TEMP\secpol.cfg'
FileVersion: 10.0.19041.1 (WinBuild.160101.0800)
User: NT AUTHORITY\SYSTEM
LogonId: '0x3e7'
IntegrityLevel: System
ParentImage: C:\Windows\SysWOW64\WindowsPowerShell\v1.0\powershell.exe
UtcTime: 2026-09-13 16:59:53.929
"
2026-09-13T16:59:55.279138+00:00,Non Interactive PowerShell Process Spawned,C:\logs\sysmon_20260919_043610.evtx,1,Microsoft-Windows-Sysmon,1,27621,DESKTOP-JC89B03,"Image: C:\Windows\SysWOW64\WindowsPowerShell\v1.0\powershell.exe
RuleName: '-'
Description: Windows PowerShell
OriginalFileName: PowerShell.EXE
TerminalSessionId: 0
ParentCommandLine: '""C:\Program Files (x86)\ossec-agent\wazuh-agent.exe""'
Product: Microsoft® Windows® Operating System
Company: Microsoft Corporation
ParentProcessId: 2940
ParentUser: NT AUTHORITY\SYSTEM
LogonGuid: 50A489D6-D66E-6AA6-E703-000000000000
Hashes: MD5=6BB54B2D7A3D63578559239A79700EA3,SHA256=870EDA04EA71CC066EC907F005E1D05CE592F04799C60E600E2CB986DC85B5EB,IMPHASH=82E387AE778A57C7A6473B5554B4184E
ParentProcessGuid: 50A489D6-D673-6AA6-4800-000000000A00
ProcessId: 5488
CurrentDirectory: C:\Program Files (x86)\ossec-agent\
ProcessGuid: 50A489D6-D68B-6AA6-8D00-000000000A00
CommandLine: powershell secedit /export /cfg $env:TEMP\secpol.cfg; Get-Content $env:TEMP\secpol.cfg | Select-String ""MaximumPasswordAge""; Remove-Item $env:TEMP\secpol.cfg
FileVersion: 10.0.19041.3996 (WinBuild.160101.0800)
User: NT AUTHORITY\SYSTEM
LogonId: '0x3e7'
IntegrityLevel: System
ParentImage: C:\Program Files (x86)\ossec-agent\wazuh-agent.exe
UtcTime: 2026-09-13 16:59:55.277
"
2026-09-13T16:59:56.705014+00:00,Potential Suspicious Activity Using SeCEdit,C:\logs\sysmon_20260919_043610.evtx,1,Microsoft-Windows-Sysmon,1,27623,DESKTOP-JC89B03,"Image: C:\Windows\SysWOW64\SecEdit.exe
RuleName: '-'
Description: Windows Security Configuration Editor Command Tool
OriginalFileName: SeCEdit
TerminalSessionId: 0
ParentCommandLine: powershell secedit /export /cfg $env:TEMP\secpol.cfg; Get-Content $env:TEMP\secpol.cfg | Select-String ""MaximumPasswordAge""; Remove-Item $env:TEMP\secpol.cfg
Product: Microsoft® Windows® Operating System
Company: Microsoft Corporation
ParentProcessId: 5488
ParentUser: NT AUTHORITY\SYSTEM
LogonGuid: 50A489D6-D66E-6AA6-E703-000000000000
Hashes: MD5=BFC13856291E4B804D33BBAEFC8CB3B5,SHA256=56CB815F0FDA92C4658296692E4F70DEE557137528482FE7A834296BFDB710C0,IMPHASH=615449A6A25801F47AE0D7578EB950B4
ParentProcessGuid: 50A489D6-D68B-6AA6-8D00-000000000A00
ProcessId: 5604
CurrentDirectory: C:\Program Files (x86)\ossec-agent\
ProcessGuid: 50A489D6-D68C-6AA6-8F00-000000000A00
CommandLine: '""C:\Windows\system32\SecEdit.exe"" /export /cfg C:\Windows\TEMP\secpol.cfg'
FileVersion: 10.0.19041.1 (WinBuild.160101.0800)
User: NT AUTHORITY\SYSTEM
LogonId: '0x3e7'
IntegrityLevel: System
ParentImage: C:\Windows\SysWOW64\WindowsPowerShell\v1.0\powershell.exe
UtcTime: 2026-09-13 16:59:56.703
"
2026-09-13T16:59:59.096661+00:00,Non Interactive PowerShell Process Spawned,C:\logs\sysmon_20260919_043610.evtx,1,Microsoft-Windows-Sysmon,1,27630,DESKTOP-JC89B03,"Image: C:\Windows\SysWOW64\WindowsPowerShell\v1.0\powershell.exe
RuleName: '-'
Description: Windows PowerShell
OriginalFileName: PowerShell.EXE
TerminalSessionId: 0
ParentCommandLine: '""C:\Program Files (x86)\ossec-agent\wazuh-agent.exe""'
Product: Microsoft® Windows® Operating System
Company: Microsoft Corporation
ParentProcessId: 2940
ParentUser: NT AUTHORITY\SYSTEM
LogonGuid: 50A489D6-D66E-6AA6-E703-000000000000
Hashes: MD5=6BB54B2D7A3D63578559239A79700EA3,SHA256=870EDA04EA71CC066EC907F005E1D05CE592F04799C60E600E2CB986DC85B5EB,IMPHASH=82E387AE778A57C7A6473B5554B4184E
ParentProcessGuid: 50A489D6-D673-6AA6-4800-000000000A00
ProcessId: 5972
CurrentDirectory: C:\Program Files (x86)\ossec-agent\
ProcessGuid: 50A489D6-D68F-6AA6-9400-000000000A00
CommandLine: powershell secedit /export /cfg $env:TEMP\secpol.cfg; Get-Content $env:TEMP\secpol.cfg | Select-String ""MinimumPasswordAge""; Remove-Item $env:TEMP\secpol.cfg
FileVersion: 10.0.19041.3996 (WinBuild.160101.0800)
User: NT AUTHORITY\SYSTEM
LogonId: '0x3e7'
IntegrityLevel: System
ParentImage: C:\Program Files (x86)\ossec-agent\wazuh-agent.exe
UtcTime: 2026-09-13 16:59:59.080
"
2026-09-13T17:00:00.063655+00:00,Potential Suspicious Activity Using SeCEdit,C:\logs\sysmon_20260919_043610.evtx,1,Microsoft-Windows-Sysmon,1,27632,DESKTOP-JC89B03,"Image: C:\Windows\SysWOW64\SecEdit.exe
RuleName: '-'
Description: Windows Security Configuration Editor Command Tool
OriginalFileName: SeCEdit
TerminalSessionId: 0
ParentCommandLine: powershell secedit /export /cfg $env:TEMP\secpol.cfg; Get-Content $env:TEMP\secpol.cfg | Select-String ""MinimumPasswordAge""; Remove-Item $env:TEMP\secpol.cfg
Product: Microsoft® Windows® Operating System
Company: Microsoft Corporation
ParentProcessId: 5972
ParentUser: NT AUTHORITY\SYSTEM
LogonGuid: 50A489D6-D66E-6AA6-E703-000000000000
Hashes: MD5=BFC13856291E4B804D33BBAEFC8CB3B5,SHA256=56CB815F0FDA92C4658296692E4F70DEE557137528482FE7A834296BFDB710C0,IMPHASH=615449A6A25801F47AE0D7578EB950B4
ParentProcessGuid: 50A489D6-D68F-6AA6-9400-000000000A00
ProcessId: 6092
CurrentDirectory: C:\Program Files (x86)\ossec-agent\
ProcessGuid: 50A489D6-D690-6AA6-9600-000000000A00
CommandLine: '""C:\Windows\system32\SecEdit.exe"" /export /cfg C:\Windows\TEMP\secpol.cfg'
FileVersion: 10.0.19041.1 (WinBuild.160101.0800)
User: NT AUTHORITY\SYSTEM
LogonId: '0x3e7'
IntegrityLevel: System
ParentImage: C:\Windows\SysWOW64\WindowsPowerShell\v1.0\powershell.exe
UtcTime: 2026-09-13 17:00:00.058
"
2026-09-13T17:00:01.070253+00:00,Non Interactive PowerShell Process Spawned,C:\logs\sysmon_20260919_043610.evtx,1,Microsoft-Windows-Sysmon,1,27633,DESKTOP-JC89B03,"Image: C:\Windows\SysWOW64\WindowsPowerShell\v1.0\powershell.exe
RuleName: '-'
Description: Windows PowerShell
OriginalFileName: PowerShell.EXE
TerminalSessionId: 0
ParentCommandLine: '""C:\Program Files (x86)\ossec-agent\wazuh-agent.exe""'
Product: Microsoft® Windows® Operating System
Company: Microsoft Corporation
ParentProcessId: 2940
ParentUser: NT AUTHORITY\SYSTEM
LogonGuid: 50A489D6-D66E-6AA6-E703-000000000000
Hashes: MD5=6BB54B2D7A3D63578559239A79700EA3,SHA256=870EDA04EA71CC066EC907F005E1D05CE592F04799C60E600E2CB986DC85B5EB,IMPHASH=82E387AE778A57C7A6473B5554B4184E
ParentProcessGuid: 50A489D6-D673-6AA6-4800-000000000A00
ProcessId: 6112
CurrentDirectory: C:\Program Files (x86)\ossec-agent\
ProcessGuid: 50A489D6-D691-6AA6-9700-000000000A00
CommandLine: powershell secedit /export /cfg $env:TEMP\secpol.cfg; Get-Content $env:TEMP\secpol.cfg | Select-String ""MinimumPasswordLength""; Remove-Item $env:TEMP\secpol.cfg
FileVersion: 10.0.19041.3996 (WinBuild.160101.0800)
User: NT AUTHORITY\SYSTEM
LogonId: '0x3e7'
IntegrityLevel: System
ParentImage: C:\Program Files (x86)\ossec-agent\wazuh-agent.exe
UtcTime: 2026-09-13 17:00:01.054
"
2026-09-13T17:00:02.099991+00:00,Potential Suspicious Activity Using SeCEdit,C:\logs\sysmon_20260919_043610.evtx,1,Microsoft-Windows-Sysmon,1,27636,DESKTOP-JC89B03,"Image: C:\Windows\SysWOW64\SecEdit.exe
RuleName: '-'
Description: Windows Security Configuration Editor Command Tool
OriginalFileName: SeCEdit
TerminalSessionId: 0
ParentCommandLine: powershell secedit /export /cfg $env:TEMP\secpol.cfg; Get-Content $env:TEMP\secpol.cfg | Select-String ""MinimumPasswordLength""; Remove-Item $env:TEMP\secpol.cfg
Product: Microsoft® Windows® Operating System
Company: Microsoft Corporation
ParentProcessId: 6112
ParentUser: NT AUTHORITY\SYSTEM
LogonGuid: 50A489D6-D66E-6AA6-E703-000000000000
Hashes: MD5=BFC13856291E4B804D33BBAEFC8CB3B5,SHA256=56CB815F0FDA92C4658296692E4F70DEE557137528482FE7A834296BFDB710C0,IMPHASH=615449A6A25801F47AE0D7578EB950B4
ParentProcessGuid: 50A489D6-D691-6AA6-9700-000000000A00
ProcessId: 3844
CurrentDirectory: C:\Program Files (x86)\ossec-agent\
ProcessGuid: 50A489D6-D692-6AA6-9A00-000000000A00
CommandLine: '""C:\Windows\system32\SecEdit.exe"" /export /cfg C:\Windows\TEMP\secpol.cfg'
FileVersion: 10.0.19041.1 (WinBuild.160101.0800)
User: NT AUTHORITY\SYSTEM
LogonId: '0x3e7'
IntegrityLevel: System
ParentImage: C:\Windows\SysWOW64\WindowsPowerShell\v1.0\powershell.exe
UtcTime: 2026-09-13 17:00:02.093
"
2026-09-13T17:00:02.949800+00:00,Non Interactive PowerShell Process Spawned;PUA - Suspicious ActiveDirectory Enumeration Via AdFind.EXE,C:\logs\sysmon_20260919_043610.evtx,1,Microsoft-Windows-Sysmon,1,27637,DESKTOP-JC89B03,"Image: C:\Windows\SysWOW64\WindowsPowerShell\v1.0\powershell.exe
RuleName: '-'
Description: Windows PowerShell
OriginalFileName: PowerShell.EXE
TerminalSessionId: 0
ParentCommandLine: '""C:\Program Files (x86)\ossec-agent\wazuh-agent.exe""'
Product: Microsoft® Windows® Operating System
Company: Microsoft Corporation
ParentProcessId: 2940
ParentUser: NT AUTHORITY\SYSTEM
LogonGuid: 50A489D6-D66E-6AA6-E703-000000000000
Hashes: MD5=6BB54B2D7A3D63578559239A79700EA3,SHA256=870EDA04EA71CC066EC907F005E1D05CE592F04799C60E600E2CB986DC85B5EB,IMPHASH=82E387AE778A57C7A6473B5554B4184E
ParentProcessGuid: 50A489D6-D673-6AA6-4800-000000000A00
ProcessId: 5192
CurrentDirectory: C:\Program Files (x86)\ossec-agent\
ProcessGuid: 50A489D6-D692-6AA6-9B00-000000000A00
CommandLine: powershell secedit /export /cfg $env:TEMP\secpol.cfg; Get-Content $env:TEMP\secpol.cfg | Select-String ""LockoutDuration""; Remove-Item $env:TEMP\secpol.cfg
FileVersion: 10.0.19041.3996 (WinBuild.160101.0800)
User: NT AUTHORITY\SYSTEM
LogonId: '0x3e7'
IntegrityLevel: System
ParentImage: C:\Program Files (x86)\ossec-agent\wazuh-agent.exe
UtcTime: 2026-09-13 17:00:02.935
"
2026-09-13T17:00:03.799307+00:00,Potential Suspicious Activity Using SeCEdit,C:\logs\sysmon_20260919_043610.evtx,1,Microsoft-Windows-Sysmon,1,27639,DESKTOP-JC89B03,"Image: C:\Windows\SysWOW64\SecEdit.exe
RuleName: '-'
Description: Windows Security Configuration Editor Command Tool
OriginalFileName: SeCEdit
TerminalSessionId: 0
ParentCommandLine: powershell secedit /export /cfg $env:TEMP\secpol.cfg; Get-Content $env:TEMP\secpol.cfg | Select-String ""LockoutDuration""; Remove-Item $env:TEMP\secpol.cfg
Product: Microsoft® Windows® Operating System
Company: Microsoft Corporation
ParentProcessId: 5192
ParentUser: NT AUTHORITY\SYSTEM
LogonGuid: 50A489D6-D66E-6AA6-E703-000000000000
Hashes: MD5=BFC13856291E4B804D33BBAEFC8CB3B5,SHA256=56CB815F0FDA92C4658296692E4F70DEE557137528482FE7A834296BFDB710C0,IMPHASH=615449A6A25801F47AE0D7578EB950B4
ParentProcessGuid: 50A489D6-D692-6AA6-9B00-000000000A00
ProcessId: 5260
CurrentDirectory: C:\Program Files (x86)\ossec-agent\
ProcessGuid: 50A489D6-D693-6AA6-9D00-000000000A00
CommandLine: '""C:\Windows\system32\SecEdit.exe"" /export /cfg C:\Windows\TEMP\secpol.cfg'
FileVersion: 10.0.19041.1 (WinBuild.160101.0800)
User: NT AUTHORITY\SYSTEM
LogonId: '0x3e7'
IntegrityLevel: System
ParentImage: C:\Windows\SysWOW64\WindowsPowerShell\v1.0\powershell.exe
UtcTime: 2026-09-13 17:00:03.793
"
2026-09-13T17:00:05.355812+00:00,Non Interactive PowerShell Process Spawned,C:\logs\sysmon_20260919_043610.evtx,1,Microsoft-Windows-Sysmon,1,27640,DESKTOP-JC89B03,"Image: C:\Windows\SysWOW64\WindowsPowerShell\v1.0\powershell.exe
RuleName: '-'
Description: Windows PowerShell
OriginalFileName: PowerShell.EXE
TerminalSessionId: 0
ParentCommandLine: '""C:\Program Files (x86)\ossec-agent\wazuh-agent.exe""'
Product: Microsoft® Windows® Operating System
Company: Microsoft Corporation
ParentProcessId: 2940
ParentUser: NT AUTHORITY\SYSTEM
LogonGuid: 50A489D6-D66E-6AA6-E703-000000000000
Hashes: MD5=6BB54B2D7A3D63578559239A79700EA3,SHA256=870EDA04EA71CC066EC907F005E1D05CE592F04799C60E600E2CB986DC85B5EB,IMPHASH=82E387AE778A57C7A6473B5554B4184E
ParentProcessGuid: 50A489D6-D673-6AA6-4800-000000000A00
ProcessId: 5272
CurrentDirectory: C:\Program Files (x86)\ossec-agent\
ProcessGuid: 50A489D6-D695-6AA6-9E00-000000000A00
CommandLine: powershell secedit /export /cfg $env:TEMP\secpol.cfg; Get-Content $env:TEMP\secpol.cfg | Select-String ""LockoutBadCount""; Remove-Item $env:TEMP\secpol.cfg
FileVersion: 10.0.19041.3996 (WinBuild.160101.0800)
User: NT AUTHORITY\SYSTEM
LogonId: '0x3e7'
IntegrityLevel: System
ParentImage: C:\Program Files (x86)\ossec-agent\wazuh-agent.exe
UtcTime: 2026-09-13 17:00:05.337
"
2026-09-13T17:00:06.511719+00:00,Potential Suspicious Activity Using SeCEdit,C:\logs\sysmon_20260919_043610.evtx,1,Microsoft-Windows-Sysmon,1,27642,DESKTOP-JC89B03,"Image: C:\Windows\SysWOW64\SecEdit.exe
RuleName: '-'
Description: Windows Security Configuration Editor Command Tool
OriginalFileName: SeCEdit
TerminalSessionId: 0
ParentCommandLine: powershell secedit /export /cfg $env:TEMP\secpol.cfg; Get-Content $env:TEMP\secpol.cfg | Select-String ""LockoutBadCount""; Remove-Item $env:TEMP\secpol.cfg
Product: Microsoft® Windows® Operating System
Company: Microsoft Corporation
ParentProcessId: 5272
ParentUser: NT AUTHORITY\SYSTEM
LogonGuid: 50A489D6-D66E-6AA6-E703-000000000000
Hashes: MD5=BFC13856291E4B804D33BBAEFC8CB3B5,SHA256=56CB815F0FDA92C4658296692E4F70DEE557137528482FE7A834296BFDB710C0,IMPHASH=615449A6A25801F47AE0D7578EB950B4
ParentProcessGuid: 50A489D6-D695-6AA6-9E00-000000000A00
ProcessId: 836
CurrentDirectory: C:\Program Files (x86)\ossec-agent\
ProcessGuid: 50A489D6-D696-6AA6-A000-000000000A00
CommandLine: '""C:\Windows\system32\SecEdit.exe"" /export /cfg C:\Windows\TEMP\secpol.cfg'
FileVersion: 10.0.19041.1 (WinBuild.160101.0800)
User: NT AUTHORITY\SYSTEM
LogonId: '0x3e7'
IntegrityLevel: System
ParentImage: C:\Windows\SysWOW64\WindowsPowerShell\v1.0\powershell.exe
UtcTime: 2026-09-13 17:00:06.503
"
2026-09-13T17:00:07.674135+00:00,Non Interactive PowerShell Process Spawned,C:\logs\sysmon_20260919_043610.evtx,1,Microsoft-Windows-Sysmon,1,27644,DESKTOP-JC89B03,"Image: C:\Windows\SysWOW64\WindowsPowerShell\v1.0\powershell.exe
RuleName: '-'
Description: Windows PowerShell
OriginalFileName: PowerShell.EXE
TerminalSessionId: 0
ParentCommandLine: '""C:\Program Files (x86)\ossec-agent\wazuh-agent.exe""'
Product: Microsoft® Windows® Operating System
Company: Microsoft Corporation
ParentProcessId: 2940
ParentUser: NT AUTHORITY\SYSTEM
LogonGuid: 50A489D6-D66E-6AA6-E703-000000000000
Hashes: MD5=6BB54B2D7A3D63578559239A79700EA3,SHA256=870EDA04EA71CC066EC907F005E1D05CE592F04799C60E600E2CB986DC85B5EB,IMPHASH=82E387AE778A57C7A6473B5554B4184E
ParentProcessGuid: 50A489D6-D673-6AA6-4800-000000000A00
ProcessId: 1344
CurrentDirectory: C:\Program Files (x86)\ossec-agent\
ProcessGuid: 50A489D6-D697-6AA6-A100-000000000A00
CommandLine: powershell secedit /export /cfg $env:TEMP\secpol.cfg; Get-Content $env:TEMP\secpol.cfg | Select-String ""LockoutBadCount""; Remove-Item $env:TEMP\secpol.cfg
FileVersion: 10.0.19041.3996 (WinBuild.160101.0800)
User: NT AUTHORITY\SYSTEM
LogonId: '0x3e7'
IntegrityLevel: System
ParentImage: C:\Program Files (x86)\ossec-agent\wazuh-agent.exe
UtcTime: 2026-09-13 17:00:07.671
"
2026-09-13T17:00:08.861826+00:00,Potential Suspicious Activity Using SeCEdit,C:\logs\sysmon_20260919_043610.evtx,1,Microsoft-Windows-Sysmon,1,27646,DESKTOP-JC89B03,"Image: C:\Windows\SysWOW64\SecEdit.exe
RuleName: '-'
Description: Windows Security Configuration Editor Command Tool
OriginalFileName: SeCEdit
TerminalSessionId: 0
ParentCommandLine: powershell secedit /export /cfg $env:TEMP\secpol.cfg; Get-Content $env:TEMP\secpol.cfg | Select-String ""LockoutBadCount""; Remove-Item $env:TEMP\secpol.cfg
Product: Microsoft® Windows® Operating System
Company: Microsoft Corporation
ParentProcessId: 1344
ParentUser: NT AUTHORITY\SYSTEM
LogonGuid: 50A489D6-D66E-6AA6-E703-000000000000
Hashes: MD5=BFC13856291E4B804D33BBAEFC8CB3B5,SHA256=56CB815F0FDA92C4658296692E4F70DEE557137528482FE7A834296BFDB710C0,IMPHASH=615449A6A25801F47AE0D7578EB950B4
ParentProcessGuid: 50A489D6-D697-6AA6-A100-000000000A00
ProcessId: 5832
CurrentDirectory: C:\Program Files (x86)\ossec-agent\
ProcessGuid: 50A489D6-D698-6AA6-A300-000000000A00
CommandLine: '""C:\Windows\system32\SecEdit.exe"" /export /cfg C:\Windows\TEMP\secpol.cfg'
FileVersion: 10.0.19041.1 (WinBuild.160101.0800)
User: NT AUTHORITY\SYSTEM
LogonId: '0x3e7'
IntegrityLevel: System
ParentImage: C:\Windows\SysWOW64\WindowsPowerShell\v1.0\powershell.exe
UtcTime: 2026-09-13 17:00:08.853
"
2026-09-13T17:00:10.049821+00:00,Non Interactive PowerShell Process Spawned,C:\logs\sysmon_20260919_043610.evtx,1,Microsoft-Windows-Sysmon,1,27647,DESKTOP-JC89B03,"Image: C:\Windows\SysWOW64\WindowsPowerShell\v1.0\powershell.exe
RuleName: '-'
Description: Windows PowerShell
OriginalFileName: PowerShell.EXE
TerminalSessionId: 0
ParentCommandLine: '""C:\Program Files (x86)\ossec-agent\wazuh-agent.exe""'
Product: Microsoft® Windows® Operating System
Company: Microsoft Corporation
ParentProcessId: 2940
ParentUser: NT AUTHORITY\SYSTEM
LogonGuid: 50A489D6-D66E-6AA6-E703-000000000000
Hashes: MD5=6BB54B2D7A3D63578559239A79700EA3,SHA256=870EDA04EA71CC066EC907F005E1D05CE592F04799C60E600E2CB986DC85B5EB,IMPHASH=82E387AE778A57C7A6473B5554B4184E
ParentProcessGuid: 50A489D6-D673-6AA6-4800-000000000A00
ProcessId: 5528
CurrentDirectory: C:\Program Files (x86)\ossec-agent\
ProcessGuid: 50A489D6-D69A-6AA6-A400-000000000A00
CommandLine: powershell secedit /export /cfg $env:TEMP\secpol.cfg; Get-Content $env:TEMP\secpol.cfg | Select-String ""ResetLockoutCount""; Remove-Item $env:TEMP\secpol.cfg
FileVersion: 10.0.19041.3996 (WinBuild.160101.0800)
User: NT AUTHORITY\SYSTEM
LogonId: '0x3e7'
IntegrityLevel: System
ParentImage: C:\Program Files (x86)\ossec-agent\wazuh-agent.exe
UtcTime: 2026-09-13 17:00:10.034
"
2026-09-13T17:00:10.984032+00:00,Potential Suspicious Activity Using SeCEdit,C:\logs\sysmon_20260919_043610.evtx,1,Microsoft-Windows-Sysmon,1,27649,DESKTOP-JC89B03,"Image: C:\Windows\SysWOW64\SecEdit.exe
RuleName: '-'
Description: Windows Security Configuration Editor Command Tool
OriginalFileName: SeCEdit
TerminalSessionId: 0
ParentCommandLine: powershell secedit /export /cfg $env:TEMP\secpol.cfg; Get-Content $env:TEMP\secpol.cfg | Select-String ""ResetLockoutCount""; Remove-Item $env:TEMP\secpol.cfg
Product: Microsoft® Windows® Operating System
Company: Microsoft Corporation
ParentProcessId: 5528
ParentUser: NT AUTHORITY\SYSTEM
LogonGuid: 50A489D6-D66E-6AA6-E703-000000000000
Hashes: MD5=BFC13856291E4B804D33BBAEFC8CB3B5,SHA256=56CB815F0FDA92C4658296692E4F70DEE557137528482FE7A834296BFDB710C0,IMPHASH=615449A6A25801F47AE0D7578EB950B4
ParentProcessGuid: 50A489D6-D69A-6AA6-A400-000000000A00
ProcessId: 6052
CurrentDirectory: C:\Program Files (x86)\ossec-agent\
ProcessGuid: 50A489D6-D69A-6AA6-A600-000000000A00
CommandLine: '""C:\Windows\system32\SecEdit.exe"" /export /cfg C:\Windows\TEMP\secpol.cfg'
FileVersion: 10.0.19041.1 (WinBuild.160101.0800)
User: NT AUTHORITY\SYSTEM
LogonId: '0x3e7'
IntegrityLevel: System
ParentImage: C:\Windows\SysWOW64\WindowsPowerShell\v1.0\powershell.exe
UtcTime: 2026-09-13 17:00:10.976
"
2026-09-13T17:00:11.867110+00:00,Local Accounts Discovery,C:\logs\sysmon_20260919_043610.evtx,1,Microsoft-Windows-Sysmon,1,27650,DESKTOP-JC89B03,"Image: C:\Windows\SysWOW64\wbem\WMIC.exe
RuleName: '-'
Description: WMI Commandline Utility
OriginalFileName: wmic.exe
TerminalSessionId: 0
ParentCommandLine: '""C:\Program Files (x86)\ossec-agent\wazuh-agent.exe""'
Product: Microsoft® Windows® Operating System
Company: Microsoft Corporation
ParentProcessId: 2940
ParentUser: NT AUTHORITY\SYSTEM
LogonGuid: 50A489D6-D66E-6AA6-E703-000000000000
Hashes: MD5=3EFD4EDA13BF82CD75A55BC45E45494E,SHA256=D67C419D51D16331073E60087A346519267468BF68C2DC66C94EF6569BF5655E,IMPHASH=036BA8FE9A256E92711941C7CF911EF9
ParentProcessGuid: 50A489D6-D673-6AA6-4800-000000000A00
ProcessId: 6024
CurrentDirectory: C:\Program Files (x86)\ossec-agent\
ProcessGuid: 50A489D6-D69B-6AA6-A700-000000000A00
CommandLine: wmic useraccount where (sid like ""s-1-5-21-%%-501"") get Disabled
FileVersion: 10.0.19041.5794 (WinBuild.160101.0800)
User: NT AUTHORITY\SYSTEM
LogonId: '0x3e7'
IntegrityLevel: System
ParentImage: C:\Program Files (x86)\ossec-agent\wazuh-agent.exe
UtcTime: 2026-09-13 17:00:11.854
"
2026-09-13T17:00:12.167179+00:00,Local Accounts Discovery,C:\logs\sysmon_20260919_043610.evtx,1,Microsoft-Windows-Sysmon,1,27651,DESKTOP-JC89B03,"Image: C:\Windows\SysWOW64\net.exe
RuleName: '-'
Description: Net Command
OriginalFileName: net.exe
TerminalSessionId: 0
ParentCommandLine: '""C:\Program Files (x86)\ossec-agent\wazuh-agent.exe""'
Product: Microsoft® Windows® Operating System
Company: Microsoft Corporation
ParentProcessId: 2940
ParentUser: NT AUTHORITY\SYSTEM
LogonGuid: 50A489D6-D66E-6AA6-E703-000000000000
Hashes: MD5=31890A7DE89936F922D44D677F681A7F,SHA256=7C4C7725E266F12ABA8C50FD1598D4001201BCA0E7ACA901508307E365AFFF42,IMPHASH=AC592B83B5CAEB41A6F6DF7DB53F9076
ParentProcessGuid: 50A489D6-D673-6AA6-4800-000000000A00
ProcessId: 5980
CurrentDirectory: C:\Program Files (x86)\ossec-agent\
ProcessGuid: 50A489D6-D69C-6AA6-A900-000000000A00
CommandLine: net user
FileVersion: 10.0.19041.1 (WinBuild.160101.0800)
User: NT AUTHORITY\SYSTEM
LogonId: '0x3e7'
IntegrityLevel: System
ParentImage: C:\Program Files (x86)\ossec-agent\wazuh-agent.exe
UtcTime: 2026-09-13 17:00:12.154
"
2026-09-13T17:00:12.263033+00:00,Local Accounts Discovery,C:\logs\sysmon_20260919_043610.evtx,1,Microsoft-Windows-Sysmon,1,27652,DESKTOP-JC89B03,"Image: C:\Windows\SysWOW64\net1.exe
RuleName: '-'
Description: Net Command
OriginalFileName: net1.exe
TerminalSessionId: 0
ParentCommandLine: net user
Product: Microsoft® Windows® Operating System
Company: Microsoft Corporation
ParentProcessId: 5980
ParentUser: NT AUTHORITY\SYSTEM
LogonGuid: 50A489D6-D66E-6AA6-E703-000000000000
Hashes: MD5=4A26539015F4FDB3AC3C5EB14336C7A7,SHA256=B25CF32B7BB76D5A5121919C63E6AE77262347F4AD7B29EE3C43CBAA61F43957,IMPHASH=D45C7E138CFAD11059C95018C99B7C96
ParentProcessGuid: 50A489D6-D69C-6AA6-A900-000000000A00
ProcessId: 5176
CurrentDirectory: C:\Program Files (x86)\ossec-agent\
ProcessGuid: 50A489D6-D69C-6AA6-AB00-000000000A00
CommandLine: C:\Windows\system32\net1 user
FileVersion: 10.0.19041.3636 (WinBuild.160101.0800)
User: NT AUTHORITY\SYSTEM
LogonId: '0x3e7'
IntegrityLevel: System
ParentImage: C:\Windows\SysWOW64\net.exe
UtcTime: 2026-09-13 17:00:12.251
"
2026-09-13T17:00:12.317690+00:00,Local Accounts Discovery,C:\logs\sysmon_20260919_043610.evtx,1,Microsoft-Windows-Sysmon,1,27653,DESKTOP-JC89B03,"Image: C:\Windows\SysWOW64\net.exe
RuleName: '-'
Description: Net Command
OriginalFileName: net.exe
TerminalSessionId: 0
ParentCommandLine: '""C:\Program Files (x86)\ossec-agent\wazuh-agent.exe""'
Product: Microsoft® Windows® Operating System
Company: Microsoft Corporation
ParentProcessId: 2940
ParentUser: NT AUTHORITY\SYSTEM
LogonGuid: 50A489D6-D66E-6AA6-E703-000000000000
Hashes: MD5=31890A7DE89936F922D44D677F681A7F,SHA256=7C4C7725E266F12ABA8C50FD1598D4001201BCA0E7ACA901508307E365AFFF42,IMPHASH=AC592B83B5CAEB41A6F6DF7DB53F9076
ParentProcessGuid: 50A489D6-D673-6AA6-4800-000000000A00
ProcessId: 5156
CurrentDirectory: C:\Program Files (x86)\ossec-agent\
ProcessGuid: 50A489D6-D69C-6AA6-AC00-000000000A00
CommandLine: net user
FileVersion: 10.0.19041.1 (WinBuild.160101.0800)
User: NT AUTHORITY\SYSTEM
LogonId: '0x3e7'
IntegrityLevel: System
ParentImage: C:\Program Files (x86)\ossec-agent\wazuh-agent.exe
UtcTime: 2026-09-13 17:00:12.313
"
2026-09-13T17:00:12.443121+00:00,Local Accounts Discovery,C:\logs\sysmon_20260919_043610.evtx,1,Microsoft-Windows-Sysmon,1,27654,DESKTOP-JC89B03,"Image: C:\Windows\SysWOW64\net1.exe
RuleName: '-'
Description: Net Command
OriginalFileName: net1.exe
TerminalSessionId: 0
ParentCommandLine: net user
Product: Microsoft® Windows® Operating System
Company: Microsoft Corporation
ParentProcessId: 5156
ParentUser: NT AUTHORITY\SYSTEM
LogonGuid: 50A489D6-D66E-6AA6-E703-000000000000
Hashes: MD5=4A26539015F4FDB3AC3C5EB14336C7A7,SHA256=B25CF32B7BB76D5A5121919C63E6AE77262347F4AD7B29EE3C43CBAA61F43957,IMPHASH=D45C7E138CFAD11059C95018C99B7C96
ParentProcessGuid: 50A489D6-D69C-6AA6-AC00-000000000A00
ProcessId: 5168
CurrentDirectory: C:\Program Files (x86)\ossec-agent\
ProcessGuid: 50A489D6-D69C-6AA6-AE00-000000000A00
CommandLine: C:\Windows\system32\net1 user
FileVersion: 10.0.19041.3636 (WinBuild.160101.0800)
User: NT AUTHORITY\SYSTEM
LogonId: '0x3e7'
IntegrityLevel: System
ParentImage: C:\Windows\SysWOW64\net.exe
UtcTime: 2026-09-13 17:00:12.431
"
2026-09-13T21:26:58.760864+00:00,Non Interactive PowerShell Process Spawned,C:\logs\sysmon_20260919_043610.evtx,1,Microsoft-Windows-Sysmon,1,27847,DESKTOP-JC89B03,"Image: C:\Windows\SysWOW64\WindowsPowerShell\v1.0\powershell.exe
RuleName: '-'
Description: Windows PowerShell
OriginalFileName: PowerShell.EXE
TerminalSessionId: 0
ParentCommandLine: '""C:\Program Files (x86)\ossec-agent\wazuh-agent.exe""'
Product: Microsoft® Windows® Operating System
Company: Microsoft Corporation
ParentProcessId: 3020
ParentUser: NT AUTHORITY\SYSTEM
LogonGuid: 50A489D6-1519-6AA7-E703-000000000000
Hashes: MD5=6BB54B2D7A3D63578559239A79700EA3,SHA256=870EDA04EA71CC066EC907F005E1D05CE592F04799C60E600E2CB986DC85B5EB,IMPHASH=82E387AE778A57C7A6473B5554B4184E
ParentProcessGuid: 50A489D6-151E-6AA7-4A00-000000000B00
ProcessId: 3812
CurrentDirectory: C:\Program Files (x86)\ossec-agent\
ProcessGuid: 50A489D6-1521-6AA7-5B00-000000000B00
CommandLine: powershell secedit /export /cfg $env:TEMP\secpol.cfg; Get-Content $env:TEMP\secpol.cfg | Select-String ""PasswordHistorySize""; Remove-Item $env:TEMP\secpol.cfg
FileVersion: 10.0.19041.3996 (WinBuild.160101.0800)
User: NT AUTHORITY\SYSTEM
LogonId: '0x3e7'
IntegrityLevel: System
ParentImage: C:\Program Files (x86)\ossec-agent\wazuh-agent.exe
UtcTime: 2026-09-13 21:26:57.624
"
2026-09-13T21:27:28.951849+00:00,Non Interactive PowerShell Process Spawned,C:\logs\sysmon_20260919_043610.evtx,1,Microsoft-Windows-Sysmon,1,27967,DESKTOP-JC89B03,"Image: C:\Windows\SysWOW64\WindowsPowerShell\v1.0\powershell.exe
RuleName: '-'
Description: Windows PowerShell
OriginalFileName: PowerShell.EXE
TerminalSessionId: 0
ParentCommandLine: '""C:\Program Files (x86)\ossec-agent\wazuh-agent.exe""'
Product: Microsoft® Windows® Operating System
Company: Microsoft Corporation
ParentProcessId: 3020
ParentUser: NT AUTHORITY\SYSTEM
LogonGuid: 50A489D6-1519-6AA7-E703-000000000000
Hashes: MD5=6BB54B2D7A3D63578559239A79700EA3,SHA256=870EDA04EA71CC066EC907F005E1D05CE592F04799C60E600E2CB986DC85B5EB,IMPHASH=82E387AE778A57C7A6473B5554B4184E
ParentProcessGuid: 50A489D6-151E-6AA7-4A00-000000000B00
ProcessId: 7396
CurrentDirectory: C:\Program Files (x86)\ossec-agent\
ProcessGuid: 50A489D6-1540-6AA7-AD00-000000000B00
CommandLine: powershell secedit /export /cfg $env:TEMP\secpol.cfg; Get-Content $env:TEMP\secpol.cfg | Select-String ""MaximumPasswordAge""; Remove-Item $env:TEMP\secpol.cfg
FileVersion: 10.0.19041.3996 (WinBuild.160101.0800)
User: NT AUTHORITY\SYSTEM
LogonId: '0x3e7'
IntegrityLevel: System
ParentImage: C:\Program Files (x86)\ossec-agent\wazuh-agent.exe
UtcTime: 2026-09-13 21:27:28.858
"
2026-09-13T21:27:56.316546+00:00,Potential Suspicious Activity Using SeCEdit,C:\logs\sysmon_20260919_043610.evtx,1,Microsoft-Windows-Sysmon,1,28051,DESKTOP-JC89B03,"Image: C:\Windows\SysWOW64\SecEdit.exe
RuleName: '-'
Description: Windows Security Configuration Editor Command Tool
OriginalFileName: SeCEdit
TerminalSessionId: 0
ParentCommandLine: powershell secedit /export /cfg $env:TEMP\secpol.cfg; Get-Content $env:TEMP\secpol.cfg | Select-String ""MaximumPasswordAge""; Remove-Item $env:TEMP\secpol.cfg
Product: Microsoft® Windows® Operating System
Company: Microsoft Corporation
ParentProcessId: 7396
ParentUser: NT AUTHORITY\SYSTEM
LogonGuid: 50A489D6-1519-6AA7-E703-000000000000
Hashes: MD5=BFC13856291E4B804D33BBAEFC8CB3B5,SHA256=56CB815F0FDA92C4658296692E4F70DEE557137528482FE7A834296BFDB710C0,IMPHASH=615449A6A25801F47AE0D7578EB950B4
ParentProcessGuid: 50A489D6-1540-6AA7-AD00-000000000B00
ProcessId: 5792
CurrentDirectory: C:\Program Files (x86)\ossec-agent\
ProcessGuid: 50A489D6-155C-6AA7-E700-000000000B00
CommandLine: '""C:\Windows\system32\SecEdit.exe"" /export /cfg C:\Windows\TEMP\secpol.cfg'
FileVersion: 10.0.19041.1 (WinBuild.160101.0800)
User: NT AUTHORITY\SYSTEM
LogonId: '0x3e7'
IntegrityLevel: System
ParentImage: C:\Windows\SysWOW64\WindowsPowerShell\v1.0\powershell.exe
UtcTime: 2026-09-13 21:27:56.304
"
2026-09-13T21:27:58.427531+00:00,Non Interactive PowerShell Process Spawned,C:\logs\sysmon_20260919_043610.evtx,1,Microsoft-Windows-Sysmon,1,28052,DESKTOP-JC89B03,"Image: C:\Windows\SysWOW64\WindowsPowerShell\v1.0\powershell.exe
RuleName: '-'
Description: Windows PowerShell
OriginalFileName: PowerShell.EXE
TerminalSessionId: 0
ParentCommandLine: '""C:\Program Files (x86)\ossec-agent\wazuh-agent.exe""'
Product: Microsoft® Windows® Operating System
Company: Microsoft Corporation
ParentProcessId: 3020
ParentUser: NT AUTHORITY\SYSTEM
LogonGuid: 50A489D6-1519-6AA7-E703-000000000000
Hashes: MD5=6BB54B2D7A3D63578559239A79700EA3,SHA256=870EDA04EA71CC066EC907F005E1D05CE592F04799C60E600E2CB986DC85B5EB,IMPHASH=82E387AE778A57C7A6473B5554B4184E
ParentProcessGuid: 50A489D6-151E-6AA7-4A00-000000000B00
ProcessId: 8624
CurrentDirectory: C:\Program Files (x86)\ossec-agent\
ProcessGuid: 50A489D6-155E-6AA7-E800-000000000B00
CommandLine: powershell secedit /export /cfg $env:TEMP\secpol.cfg; Get-Content $env:TEMP\secpol.cfg | Select-String ""MaximumPasswordAge""; Remove-Item $env:TEMP\secpol.cfg
FileVersion: 10.0.19041.3996 (WinBuild.160101.0800)
User: NT AUTHORITY\SYSTEM
LogonId: '0x3e7'
IntegrityLevel: System
ParentImage: C:\Program Files (x86)\ossec-agent\wazuh-agent.exe
UtcTime: 2026-09-13 21:27:58.424
"
2026-09-13T21:28:02.187730+00:00,Potential Suspicious Activity Using SeCEdit,C:\logs\sysmon_20260919_043610.evtx,1,Microsoft-Windows-Sysmon,1,28057,DESKTOP-JC89B03,"Image: C:\Windows\SysWOW64\SecEdit.exe
RuleName: '-'
Description: Windows Security Configuration Editor Command Tool
OriginalFileName: SeCEdit
TerminalSessionId: 0
ParentCommandLine: powershell secedit /export /cfg $env:TEMP\secpol.cfg; Get-Content $env:TEMP\secpol.cfg | Select-String ""MaximumPasswordAge""; Remove-Item $env:TEMP\secpol.cfg
Product: Microsoft® Windows® Operating System
Company: Microsoft Corporation
ParentProcessId: 8624
ParentUser: NT AUTHORITY\SYSTEM
LogonGuid: 50A489D6-1519-6AA7-E703-000000000000
Hashes: MD5=BFC13856291E4B804D33BBAEFC8CB3B5,SHA256=56CB815F0FDA92C4658296692E4F70DEE557137528482FE7A834296BFDB710C0,IMPHASH=615449A6A25801F47AE0D7578EB950B4
ParentProcessGuid: 50A489D6-155E-6AA7-E800-000000000B00
ProcessId: 2104
CurrentDirectory: C:\Program Files (x86)\ossec-agent\
ProcessGuid: 50A489D6-1562-6AA7-ED00-000000000B00
CommandLine: '""C:\Windows\system32\SecEdit.exe"" /export /cfg C:\Windows\TEMP\secpol.cfg'
FileVersion: 10.0.19041.1 (WinBuild.160101.0800)
User: NT AUTHORITY\SYSTEM
LogonId: '0x3e7'
IntegrityLevel: System
ParentImage: C:\Windows\SysWOW64\WindowsPowerShell\v1.0\powershell.exe
UtcTime: 2026-09-13 21:28:02.179
"
2026-09-13T21:28:04.849631+00:00,Non Interactive PowerShell Process Spawned,C:\logs\sysmon_20260919_043610.evtx,1,Microsoft-Windows-Sysmon,1,28060,DESKTOP-JC89B03,"Image: C:\Windows\SysWOW64\WindowsPowerShell\v1.0\powershell.exe
RuleName: '-'
Description: Windows PowerShell
OriginalFileName: PowerShell.EXE
TerminalSessionId: 0
ParentCommandLine: '""C:\Program Files (x86)\ossec-agent\wazuh-agent.exe""'
Product: Microsoft® Windows® Operating System
Company: Microsoft Corporation
ParentProcessId: 3020
ParentUser: NT AUTHORITY\SYSTEM
LogonGuid: 50A489D6-1519-6AA7-E703-000000000000
Hashes: MD5=6BB54B2D7A3D63578559239A79700EA3,SHA256=870EDA04EA71CC066EC907F005E1D05CE592F04799C60E600E2CB986DC85B5EB,IMPHASH=82E387AE778A57C7A6473B5554B4184E
ParentProcessGuid: 50A489D6-151E-6AA7-4A00-000000000B00
ProcessId: 9612
CurrentDirectory: C:\Program Files (x86)\ossec-agent\
ProcessGuid: 50A489D6-1564-6AA7-F100-000000000B00
CommandLine: powershell secedit /export /cfg $env:TEMP\secpol.cfg; Get-Content $env:TEMP\secpol.cfg | Select-String ""MinimumPasswordAge""; Remove-Item $env:TEMP\secpol.cfg
FileVersion: 10.0.19041.3996 (WinBuild.160101.0800)
User: NT AUTHORITY\SYSTEM
LogonId: '0x3e7'
IntegrityLevel: System
ParentImage: C:\Program Files (x86)\ossec-agent\wazuh-agent.exe
UtcTime: 2026-09-13 21:28:04.795
"
2026-09-13T21:28:07.745758+00:00,Potential Suspicious Activity Using SeCEdit,C:\logs\sysmon_20260919_043610.evtx,1,Microsoft-Windows-Sysmon,1,28062,DESKTOP-JC89B03,"Image: C:\Windows\SysWOW64\SecEdit.exe
RuleName: '-'
Description: Windows Security Configuration Editor Command Tool
OriginalFileName: SeCEdit
TerminalSessionId: 0
ParentCommandLine: powershell secedit /export /cfg $env:TEMP\secpol.cfg; Get-Content $env:TEMP\secpol.cfg | Select-String ""MinimumPasswordAge""; Remove-Item $env:TEMP\secpol.cfg
Product: Microsoft® Windows® Operating System
Company: Microsoft Corporation
ParentProcessId: 9612
ParentUser: NT AUTHORITY\SYSTEM
LogonGuid: 50A489D6-1519-6AA7-E703-000000000000
Hashes: MD5=BFC13856291E4B804D33BBAEFC8CB3B5,SHA256=56CB815F0FDA92C4658296692E4F70DEE557137528482FE7A834296BFDB710C0,IMPHASH=615449A6A25801F47AE0D7578EB950B4
ParentProcessGuid: 50A489D6-1564-6AA7-F100-000000000B00
ProcessId: 2168
CurrentDirectory: C:\Program Files (x86)\ossec-agent\
ProcessGuid: 50A489D6-1567-6AA7-F300-000000000B00
CommandLine: '""C:\Windows\system32\SecEdit.exe"" /export /cfg C:\Windows\TEMP\secpol.cfg'
FileVersion: 10.0.19041.1 (WinBuild.160101.0800)
User: NT AUTHORITY\SYSTEM
LogonId: '0x3e7'
IntegrityLevel: System
ParentImage: C:\Windows\SysWOW64\WindowsPowerShell\v1.0\powershell.exe
UtcTime: 2026-09-13 21:28:07.712
"
2026-09-13T21:28:09.257074+00:00,Non Interactive PowerShell Process Spawned,C:\logs\sysmon_20260919_043610.evtx,1,Microsoft-Windows-Sysmon,1,28063,DESKTOP-JC89B03,"Image: C:\Windows\SysWOW64\WindowsPowerShell\v1.0\powershell.exe
RuleName: '-'
Description: Windows PowerShell
OriginalFileName: PowerShell.EXE
TerminalSessionId: 0
ParentCommandLine: '""C:\Program Files (x86)\ossec-agent\wazuh-agent.exe""'
Product: Microsoft® Windows® Operating System
Company: Microsoft Corporation
ParentProcessId: 3020
ParentUser: NT AUTHORITY\SYSTEM
LogonGuid: 50A489D6-1519-6AA7-E703-000000000000
Hashes: MD5=6BB54B2D7A3D63578559239A79700EA3,SHA256=870EDA04EA71CC066EC907F005E1D05CE592F04799C60E600E2CB986DC85B5EB,IMPHASH=82E387AE778A57C7A6473B5554B4184E
ParentProcessGuid: 50A489D6-151E-6AA7-4A00-000000000B00
ProcessId: 3140
CurrentDirectory: C:\Program Files (x86)\ossec-agent\
ProcessGuid: 50A489D6-1569-6AA7-F500-000000000B00
CommandLine: powershell secedit /export /cfg $env:TEMP\secpol.cfg; Get-Content $env:TEMP\secpol.cfg | Select-String ""MinimumPasswordLength""; Remove-Item $env:TEMP\secpol.cfg
FileVersion: 10.0.19041.3996 (WinBuild.160101.0800)
User: NT AUTHORITY\SYSTEM
LogonId: '0x3e7'
IntegrityLevel: System
ParentImage: C:\Program Files (x86)\ossec-agent\wazuh-agent.exe
UtcTime: 2026-09-13 21:28:09.236
"
2026-09-13T21:28:10.703573+00:00,Potential Suspicious Activity Using SeCEdit,C:\logs\sysmon_20260919_043610.evtx,1,Microsoft-Windows-Sysmon,1,28066,DESKTOP-JC89B03,"Image: C:\Windows\SysWOW64\SecEdit.exe
RuleName: '-'
Description: Windows Security Configuration Editor Command Tool
OriginalFileName: SeCEdit
TerminalSessionId: 0
ParentCommandLine: powershell secedit /export /cfg $env:TEMP\secpol.cfg; Get-Content $env:TEMP\secpol.cfg | Select-String ""MinimumPasswordLength""; Remove-Item $env:TEMP\secpol.cfg
Product: Microsoft® Windows® Operating System
Company: Microsoft Corporation
ParentProcessId: 3140
ParentUser: NT AUTHORITY\SYSTEM
LogonGuid: 50A489D6-1519-6AA7-E703-000000000000
Hashes: MD5=BFC13856291E4B804D33BBAEFC8CB3B5,SHA256=56CB815F0FDA92C4658296692E4F70DEE557137528482FE7A834296BFDB710C0,IMPHASH=615449A6A25801F47AE0D7578EB950B4
ParentProcessGuid: 50A489D6-1569-6AA7-F500-000000000B00
ProcessId: 9500
CurrentDirectory: C:\Program Files (x86)\ossec-agent\
ProcessGuid: 50A489D6-156A-6AA7-F800-000000000B00
CommandLine: '""C:\Windows\system32\SecEdit.exe"" /export /cfg C:\Windows\TEMP\secpol.cfg'
FileVersion: 10.0.19041.1 (WinBuild.160101.0800)
User: NT AUTHORITY\SYSTEM
LogonId: '0x3e7'
IntegrityLevel: System
ParentImage: C:\Windows\SysWOW64\WindowsPowerShell\v1.0\powershell.exe
UtcTime: 2026-09-13 21:28:10.696
"
2026-09-13T21:28:11.829570+00:00,Non Interactive PowerShell Process Spawned;PUA - Suspicious ActiveDirectory Enumeration Via AdFind.EXE,C:\logs\sysmon_20260919_043610.evtx,1,Microsoft-Windows-Sysmon,1,28067,DESKTOP-JC89B03,"Image: C:\Windows\SysWOW64\WindowsPowerShell\v1.0\powershell.exe
RuleName: '-'
Description: Windows PowerShell
OriginalFileName: PowerShell.EXE
TerminalSessionId: 0
ParentCommandLine: '""C:\Program Files (x86)\ossec-agent\wazuh-agent.exe""'
Product: Microsoft® Windows® Operating System
Company: Microsoft Corporation
ParentProcessId: 3020
ParentUser: NT AUTHORITY\SYSTEM
LogonGuid: 50A489D6-1519-6AA7-E703-000000000000
Hashes: MD5=6BB54B2D7A3D63578559239A79700EA3,SHA256=870EDA04EA71CC066EC907F005E1D05CE592F04799C60E600E2CB986DC85B5EB,IMPHASH=82E387AE778A57C7A6473B5554B4184E
ParentProcessGuid: 50A489D6-151E-6AA7-4A00-000000000B00
ProcessId: 9388
CurrentDirectory: C:\Program Files (x86)\ossec-agent\
ProcessGuid: 50A489D6-156B-6AA7-F900-000000000B00
CommandLine: powershell secedit /export /cfg $env:TEMP\secpol.cfg; Get-Content $env:TEMP\secpol.cfg | Select-String ""LockoutDuration""; Remove-Item $env:TEMP\secpol.cfg
FileVersion: 10.0.19041.3996 (WinBuild.160101.0800)
User: NT AUTHORITY\SYSTEM
LogonId: '0x3e7'
IntegrityLevel: System
ParentImage: C:\Program Files (x86)\ossec-agent\wazuh-agent.exe
UtcTime: 2026-09-13 21:28:11.781
"
2026-09-13T21:28:13.867217+00:00,Potential Suspicious Activity Using SeCEdit,C:\logs\sysmon_20260919_043610.evtx,1,Microsoft-Windows-Sysmon,1,28069,DESKTOP-JC89B03,"Image: C:\Windows\SysWOW64\SecEdit.exe
RuleName: '-'
Description: Windows Security Configuration Editor Command Tool
OriginalFileName: SeCEdit
TerminalSessionId: 0
ParentCommandLine: powershell secedit /export /cfg $env:TEMP\secpol.cfg; Get-Content $env:TEMP\secpol.cfg | Select-String ""LockoutDuration""; Remove-Item $env:TEMP\secpol.cfg
Product: Microsoft® Windows® Operating System
Company: Microsoft Corporation
ParentProcessId: 9388
ParentUser: NT AUTHORITY\SYSTEM
LogonGuid: 50A489D6-1519-6AA7-E703-000000000000
Hashes: MD5=BFC13856291E4B804D33BBAEFC8CB3B5,SHA256=56CB815F0FDA92C4658296692E4F70DEE557137528482FE7A834296BFDB710C0,IMPHASH=615449A6A25801F47AE0D7578EB950B4
ParentProcessGuid: 50A489D6-156B-6AA7-F900-000000000B00
ProcessId: 2528
CurrentDirectory: C:\Program Files (x86)\ossec-agent\
ProcessGuid: 50A489D6-156D-6AA7-FD00-000000000B00
CommandLine: '""C:\Windows\system32\SecEdit.exe"" /export /cfg C:\Windows\TEMP\secpol.cfg'
FileVersion: 10.0.19041.1 (WinBuild.160101.0800)
User: NT AUTHORITY\SYSTEM
LogonId: '0x3e7'
IntegrityLevel: System
ParentImage: C:\Windows\SysWOW64\WindowsPowerShell\v1.0\powershell.exe
UtcTime: 2026-09-13 21:28:13.860
"
