2026-09-17T13:51:35.316714+00:00,Potential Suspicious Activity Using SeCEdit,C:\logs\sysmon_20260919_043610.evtx,1,Microsoft-Windows-Sysmon,1,39012,DESKTOP-JC89B03,"Image: C:\Windows\SysWOW64\SecEdit.exe
RuleName: '-'
Description: Windows Security Configuration Editor Command Tool
OriginalFileName: SeCEdit
TerminalSessionId: 0
ParentCommandLine: powershell secedit /export /cfg $env:TEMP\secpol.cfg; Get-Content $env:TEMP\secpol.cfg | Select-String ""LockoutDuration""; Remove-Item $env:TEMP\secpol.cfg
Product: Microsoft® Windows® Operating System
Company: Microsoft Corporation
ParentProcessId: 6896
ParentUser: NT AUTHORITY\SYSTEM
LogonGuid: 50A489D6-F01C-6AAB-E703-000000000000
Hashes: MD5=BFC13856291E4B804D33BBAEFC8CB3B5,SHA256=56CB815F0FDA92C4658296692E4F70DEE557137528482FE7A834296BFDB710C0,IMPHASH=615449A6A25801F47AE0D7578EB950B4
ParentProcessGuid: 50A489D6-F064-6AAB-F100-000000001200
ProcessId: 2912
CurrentDirectory: C:\Program Files (x86)\ossec-agent\
ProcessGuid: 50A489D6-F067-6AAB-F500-000000001200
CommandLine: '""C:\Windows\system32\SecEdit.exe"" /export /cfg C:\Windows\TEMP\secpol.cfg'
FileVersion: 10.0.19041.1 (WinBuild.160101.0800)
User: NT AUTHORITY\SYSTEM
LogonId: '0x3e7'
IntegrityLevel: System
ParentImage: C:\Windows\SysWOW64\WindowsPowerShell\v1.0\powershell.exe
UtcTime: 2026-09-17 13:51:35.285
"
2026-09-17T13:51:36.372138+00:00,Non Interactive PowerShell Process Spawned,C:\logs\sysmon_20260919_043610.evtx,1,Microsoft-Windows-Sysmon,1,39013,DESKTOP-JC89B03,"Image: C:\Windows\SysWOW64\WindowsPowerShell\v1.0\powershell.exe
RuleName: '-'
Description: Windows PowerShell
OriginalFileName: PowerShell.EXE
TerminalSessionId: 0
ParentCommandLine: '""C:\Program Files (x86)\ossec-agent\wazuh-agent.exe""'
Product: Microsoft® Windows® Operating System
Company: Microsoft Corporation
ParentProcessId: 3048
ParentUser: NT AUTHORITY\SYSTEM
LogonGuid: 50A489D6-F01C-6AAB-E703-000000000000
Hashes: MD5=6BB54B2D7A3D63578559239A79700EA3,SHA256=870EDA04EA71CC066EC907F005E1D05CE592F04799C60E600E2CB986DC85B5EB,IMPHASH=82E387AE778A57C7A6473B5554B4184E
ParentProcessGuid: 50A489D6-F01F-6AAB-4B00-000000001200
ProcessId: 3516
CurrentDirectory: C:\Program Files (x86)\ossec-agent\
ProcessGuid: 50A489D6-F068-6AAB-F600-000000001200
CommandLine: powershell secedit /export /cfg $env:TEMP\secpol.cfg; Get-Content $env:TEMP\secpol.cfg | Select-String ""LockoutBadCount""; Remove-Item $env:TEMP\secpol.cfg
FileVersion: 10.0.19041.3996 (WinBuild.160101.0800)
User: NT AUTHORITY\SYSTEM
LogonId: '0x3e7'
IntegrityLevel: System
ParentImage: C:\Program Files (x86)\ossec-agent\wazuh-agent.exe
UtcTime: 2026-09-17 13:51:36.355
"
2026-09-17T13:51:37.454943+00:00,Potential Suspicious Activity Using SeCEdit,C:\logs\sysmon_20260919_043610.evtx,1,Microsoft-Windows-Sysmon,1,39016,DESKTOP-JC89B03,"Image: C:\Windows\SysWOW64\SecEdit.exe
RuleName: '-'
Description: Windows Security Configuration Editor Command Tool
OriginalFileName: SeCEdit
TerminalSessionId: 0
ParentCommandLine: powershell secedit /export /cfg $env:TEMP\secpol.cfg; Get-Content $env:TEMP\secpol.cfg | Select-String ""LockoutBadCount""; Remove-Item $env:TEMP\secpol.cfg
Product: Microsoft® Windows® Operating System
Company: Microsoft Corporation
ParentProcessId: 3516
ParentUser: NT AUTHORITY\SYSTEM
LogonGuid: 50A489D6-F01C-6AAB-E703-000000000000
Hashes: MD5=BFC13856291E4B804D33BBAEFC8CB3B5,SHA256=56CB815F0FDA92C4658296692E4F70DEE557137528482FE7A834296BFDB710C0,IMPHASH=615449A6A25801F47AE0D7578EB950B4
ParentProcessGuid: 50A489D6-F068-6AAB-F600-000000001200
ProcessId: 11128
CurrentDirectory: C:\Program Files (x86)\ossec-agent\
ProcessGuid: 50A489D6-F069-6AAB-F900-000000001200
CommandLine: '""C:\Windows\system32\SecEdit.exe"" /export /cfg C:\Windows\TEMP\secpol.cfg'
FileVersion: 10.0.19041.1 (WinBuild.160101.0800)
User: NT AUTHORITY\SYSTEM
LogonId: '0x3e7'
IntegrityLevel: System
ParentImage: C:\Windows\SysWOW64\WindowsPowerShell\v1.0\powershell.exe
UtcTime: 2026-09-17 13:51:37.448
"
2026-09-17T13:51:38.719344+00:00,Non Interactive PowerShell Process Spawned,C:\logs\sysmon_20260919_043610.evtx,1,Microsoft-Windows-Sysmon,1,39019,DESKTOP-JC89B03,"Image: C:\Windows\SysWOW64\WindowsPowerShell\v1.0\powershell.exe
RuleName: '-'
Description: Windows PowerShell
OriginalFileName: PowerShell.EXE
TerminalSessionId: 0
ParentCommandLine: '""C:\Program Files (x86)\ossec-agent\wazuh-agent.exe""'
Product: Microsoft® Windows® Operating System
Company: Microsoft Corporation
ParentProcessId: 3048
ParentUser: NT AUTHORITY\SYSTEM
LogonGuid: 50A489D6-F01C-6AAB-E703-000000000000
Hashes: MD5=6BB54B2D7A3D63578559239A79700EA3,SHA256=870EDA04EA71CC066EC907F005E1D05CE592F04799C60E600E2CB986DC85B5EB,IMPHASH=82E387AE778A57C7A6473B5554B4184E
ParentProcessGuid: 50A489D6-F01F-6AAB-4B00-000000001200
ProcessId: 4236
CurrentDirectory: C:\Program Files (x86)\ossec-agent\
ProcessGuid: 50A489D6-F06A-6AAB-FC00-000000001200
CommandLine: powershell secedit /export /cfg $env:TEMP\secpol.cfg; Get-Content $env:TEMP\secpol.cfg | Select-String ""LockoutBadCount""; Remove-Item $env:TEMP\secpol.cfg
FileVersion: 10.0.19041.3996 (WinBuild.160101.0800)
User: NT AUTHORITY\SYSTEM
LogonId: '0x3e7'
IntegrityLevel: System
ParentImage: C:\Program Files (x86)\ossec-agent\wazuh-agent.exe
UtcTime: 2026-09-17 13:51:38.714
"
2026-09-17T13:51:39.663272+00:00,Potential Suspicious Activity Using SeCEdit,C:\logs\sysmon_20260919_043610.evtx,1,Microsoft-Windows-Sysmon,1,39021,DESKTOP-JC89B03,"Image: C:\Windows\SysWOW64\SecEdit.exe
RuleName: '-'
Description: Windows Security Configuration Editor Command Tool
OriginalFileName: SeCEdit
TerminalSessionId: 0
ParentCommandLine: powershell secedit /export /cfg $env:TEMP\secpol.cfg; Get-Content $env:TEMP\secpol.cfg | Select-String ""LockoutBadCount""; Remove-Item $env:TEMP\secpol.cfg
Product: Microsoft® Windows® Operating System
Company: Microsoft Corporation
ParentProcessId: 4236
ParentUser: NT AUTHORITY\SYSTEM
LogonGuid: 50A489D6-F01C-6AAB-E703-000000000000
Hashes: MD5=BFC13856291E4B804D33BBAEFC8CB3B5,SHA256=56CB815F0FDA92C4658296692E4F70DEE557137528482FE7A834296BFDB710C0,IMPHASH=615449A6A25801F47AE0D7578EB950B4
ParentProcessGuid: 50A489D6-F06A-6AAB-FC00-000000001200
ProcessId: 10752
CurrentDirectory: C:\Program Files (x86)\ossec-agent\
ProcessGuid: 50A489D6-F06B-6AAB-FE00-000000001200
CommandLine: '""C:\Windows\system32\SecEdit.exe"" /export /cfg C:\Windows\TEMP\secpol.cfg'
FileVersion: 10.0.19041.1 (WinBuild.160101.0800)
User: NT AUTHORITY\SYSTEM
LogonId: '0x3e7'
IntegrityLevel: System
ParentImage: C:\Windows\SysWOW64\WindowsPowerShell\v1.0\powershell.exe
UtcTime: 2026-09-17 13:51:39.657
"
2026-09-17T13:51:40.497335+00:00,Non Interactive PowerShell Process Spawned,C:\logs\sysmon_20260919_043610.evtx,1,Microsoft-Windows-Sysmon,1,39023,DESKTOP-JC89B03,"Image: C:\Windows\SysWOW64\WindowsPowerShell\v1.0\powershell.exe
RuleName: '-'
Description: Windows PowerShell
OriginalFileName: PowerShell.EXE
TerminalSessionId: 0
ParentCommandLine: '""C:\Program Files (x86)\ossec-agent\wazuh-agent.exe""'
Product: Microsoft® Windows® Operating System
Company: Microsoft Corporation
ParentProcessId: 3048
ParentUser: NT AUTHORITY\SYSTEM
LogonGuid: 50A489D6-F01C-6AAB-E703-000000000000
Hashes: MD5=6BB54B2D7A3D63578559239A79700EA3,SHA256=870EDA04EA71CC066EC907F005E1D05CE592F04799C60E600E2CB986DC85B5EB,IMPHASH=82E387AE778A57C7A6473B5554B4184E
ParentProcessGuid: 50A489D6-F01F-6AAB-4B00-000000001200
ProcessId: 5176
CurrentDirectory: C:\Program Files (x86)\ossec-agent\
ProcessGuid: 50A489D6-F06C-6AAB-0001-000000001200
CommandLine: powershell secedit /export /cfg $env:TEMP\secpol.cfg; Get-Content $env:TEMP\secpol.cfg | Select-String ""ResetLockoutCount""; Remove-Item $env:TEMP\secpol.cfg
FileVersion: 10.0.19041.3996 (WinBuild.160101.0800)
User: NT AUTHORITY\SYSTEM
LogonId: '0x3e7'
IntegrityLevel: System
ParentImage: C:\Program Files (x86)\ossec-agent\wazuh-agent.exe
UtcTime: 2026-09-17 13:51:40.483
"
2026-09-17T13:51:41.311867+00:00,Potential Suspicious Activity Using SeCEdit,C:\logs\sysmon_20260919_043610.evtx,1,Microsoft-Windows-Sysmon,1,39025,DESKTOP-JC89B03,"Image: C:\Windows\SysWOW64\SecEdit.exe
RuleName: '-'
Description: Windows Security Configuration Editor Command Tool
OriginalFileName: SeCEdit
TerminalSessionId: 0
ParentCommandLine: powershell secedit /export /cfg $env:TEMP\secpol.cfg; Get-Content $env:TEMP\secpol.cfg | Select-String ""ResetLockoutCount""; Remove-Item $env:TEMP\secpol.cfg
Product: Microsoft® Windows® Operating System
Company: Microsoft Corporation
ParentProcessId: 5176
ParentUser: NT AUTHORITY\SYSTEM
LogonGuid: 50A489D6-F01C-6AAB-E703-000000000000
Hashes: MD5=BFC13856291E4B804D33BBAEFC8CB3B5,SHA256=56CB815F0FDA92C4658296692E4F70DEE557137528482FE7A834296BFDB710C0,IMPHASH=615449A6A25801F47AE0D7578EB950B4
ParentProcessGuid: 50A489D6-F06C-6AAB-0001-000000001200
ProcessId: 1612
CurrentDirectory: C:\Program Files (x86)\ossec-agent\
ProcessGuid: 50A489D6-F06D-6AAB-0201-000000001200
CommandLine: '""C:\Windows\system32\SecEdit.exe"" /export /cfg C:\Windows\TEMP\secpol.cfg'
FileVersion: 10.0.19041.1 (WinBuild.160101.0800)
User: NT AUTHORITY\SYSTEM
LogonId: '0x3e7'
IntegrityLevel: System
ParentImage: C:\Windows\SysWOW64\WindowsPowerShell\v1.0\powershell.exe
UtcTime: 2026-09-17 13:51:41.306
"
2026-09-17T13:51:42.018518+00:00,Local Accounts Discovery,C:\logs\sysmon_20260919_043610.evtx,1,Microsoft-Windows-Sysmon,1,39026,DESKTOP-JC89B03,"Image: C:\Windows\SysWOW64\wbem\WMIC.exe
RuleName: '-'
Description: WMI Commandline Utility
OriginalFileName: wmic.exe
TerminalSessionId: 0
ParentCommandLine: '""C:\Program Files (x86)\ossec-agent\wazuh-agent.exe""'
Product: Microsoft® Windows® Operating System
Company: Microsoft Corporation
ParentProcessId: 3048
ParentUser: NT AUTHORITY\SYSTEM
LogonGuid: 50A489D6-F01C-6AAB-E703-000000000000
Hashes: MD5=3EFD4EDA13BF82CD75A55BC45E45494E,SHA256=D67C419D51D16331073E60087A346519267468BF68C2DC66C94EF6569BF5655E,IMPHASH=036BA8FE9A256E92711941C7CF911EF9
ParentProcessGuid: 50A489D6-F01F-6AAB-4B00-000000001200
ProcessId: 5516
CurrentDirectory: C:\Program Files (x86)\ossec-agent\
ProcessGuid: 50A489D6-F06E-6AAB-0301-000000001200
CommandLine: wmic useraccount where (sid like ""s-1-5-21-%%-501"") get Disabled
FileVersion: 10.0.19041.5794 (WinBuild.160101.0800)
User: NT AUTHORITY\SYSTEM
LogonId: '0x3e7'
IntegrityLevel: System
ParentImage: C:\Program Files (x86)\ossec-agent\wazuh-agent.exe
UtcTime: 2026-09-17 13:51:42.007
"
2026-09-17T13:51:42.202483+00:00,Local Accounts Discovery,C:\logs\sysmon_20260919_043610.evtx,1,Microsoft-Windows-Sysmon,1,39028,DESKTOP-JC89B03,"Image: C:\Windows\SysWOW64\net.exe
RuleName: '-'
Description: Net Command
OriginalFileName: net.exe
TerminalSessionId: 0
ParentCommandLine: '""C:\Program Files (x86)\ossec-agent\wazuh-agent.exe""'
Product: Microsoft® Windows® Operating System
Company: Microsoft Corporation
ParentProcessId: 3048
ParentUser: NT AUTHORITY\SYSTEM
LogonGuid: 50A489D6-F01C-6AAB-E703-000000000000
Hashes: MD5=31890A7DE89936F922D44D677F681A7F,SHA256=7C4C7725E266F12ABA8C50FD1598D4001201BCA0E7ACA901508307E365AFFF42,IMPHASH=AC592B83B5CAEB41A6F6DF7DB53F9076
ParentProcessGuid: 50A489D6-F01F-6AAB-4B00-000000001200
ProcessId: 1416
CurrentDirectory: C:\Program Files (x86)\ossec-agent\
ProcessGuid: 50A489D6-F06E-6AAB-0501-000000001200
CommandLine: net user
FileVersion: 10.0.19041.1 (WinBuild.160101.0800)
User: NT AUTHORITY\SYSTEM
LogonId: '0x3e7'
IntegrityLevel: System
ParentImage: C:\Program Files (x86)\ossec-agent\wazuh-agent.exe
UtcTime: 2026-09-17 13:51:42.194
"
2026-09-17T13:51:42.269398+00:00,Local Accounts Discovery,C:\logs\sysmon_20260919_043610.evtx,1,Microsoft-Windows-Sysmon,1,39029,DESKTOP-JC89B03,"Image: C:\Windows\SysWOW64\net1.exe
RuleName: '-'
Description: Net Command
OriginalFileName: net1.exe
TerminalSessionId: 0
ParentCommandLine: net user
Product: Microsoft® Windows® Operating System
Company: Microsoft Corporation
ParentProcessId: 1416
ParentUser: NT AUTHORITY\SYSTEM
LogonGuid: 50A489D6-F01C-6AAB-E703-000000000000
Hashes: MD5=4A26539015F4FDB3AC3C5EB14336C7A7,SHA256=B25CF32B7BB76D5A5121919C63E6AE77262347F4AD7B29EE3C43CBAA61F43957,IMPHASH=D45C7E138CFAD11059C95018C99B7C96
ParentProcessGuid: 50A489D6-F06E-6AAB-0501-000000001200
ProcessId: 10468
CurrentDirectory: C:\Program Files (x86)\ossec-agent\
ProcessGuid: 50A489D6-F06E-6AAB-0701-000000001200
CommandLine: C:\Windows\system32\net1 user
FileVersion: 10.0.19041.3636 (WinBuild.160101.0800)
User: NT AUTHORITY\SYSTEM
LogonId: '0x3e7'
IntegrityLevel: System
ParentImage: C:\Windows\SysWOW64\net.exe
UtcTime: 2026-09-17 13:51:42.261
"
2026-09-17T13:51:42.300837+00:00,Local Accounts Discovery,C:\logs\sysmon_20260919_043610.evtx,1,Microsoft-Windows-Sysmon,1,39030,DESKTOP-JC89B03,"Image: C:\Windows\SysWOW64\net.exe
RuleName: '-'
Description: Net Command
OriginalFileName: net.exe
TerminalSessionId: 0
ParentCommandLine: '""C:\Program Files (x86)\ossec-agent\wazuh-agent.exe""'
Product: Microsoft® Windows® Operating System
Company: Microsoft Corporation
ParentProcessId: 3048
ParentUser: NT AUTHORITY\SYSTEM
LogonGuid: 50A489D6-F01C-6AAB-E703-000000000000
Hashes: MD5=31890A7DE89936F922D44D677F681A7F,SHA256=7C4C7725E266F12ABA8C50FD1598D4001201BCA0E7ACA901508307E365AFFF42,IMPHASH=AC592B83B5CAEB41A6F6DF7DB53F9076
ParentProcessGuid: 50A489D6-F01F-6AAB-4B00-000000001200
ProcessId: 1620
CurrentDirectory: C:\Program Files (x86)\ossec-agent\
ProcessGuid: 50A489D6-F06E-6AAB-0801-000000001200
CommandLine: net user
FileVersion: 10.0.19041.1 (WinBuild.160101.0800)
User: NT AUTHORITY\SYSTEM
LogonId: '0x3e7'
IntegrityLevel: System
ParentImage: C:\Program Files (x86)\ossec-agent\wazuh-agent.exe
UtcTime: 2026-09-17 13:51:42.299
"
2026-09-17T13:51:42.357880+00:00,Local Accounts Discovery,C:\logs\sysmon_20260919_043610.evtx,1,Microsoft-Windows-Sysmon,1,39031,DESKTOP-JC89B03,"Image: C:\Windows\SysWOW64\net1.exe
RuleName: '-'
Description: Net Command
OriginalFileName: net1.exe
TerminalSessionId: 0
ParentCommandLine: net user
Product: Microsoft® Windows® Operating System
Company: Microsoft Corporation
ParentProcessId: 1620
ParentUser: NT AUTHORITY\SYSTEM
LogonGuid: 50A489D6-F01C-6AAB-E703-000000000000
Hashes: MD5=4A26539015F4FDB3AC3C5EB14336C7A7,SHA256=B25CF32B7BB76D5A5121919C63E6AE77262347F4AD7B29EE3C43CBAA61F43957,IMPHASH=D45C7E138CFAD11059C95018C99B7C96
ParentProcessGuid: 50A489D6-F06E-6AAB-0801-000000001200
ProcessId: 1804
CurrentDirectory: C:\Program Files (x86)\ossec-agent\
ProcessGuid: 50A489D6-F06E-6AAB-0A01-000000001200
CommandLine: C:\Windows\system32\net1 user
FileVersion: 10.0.19041.3636 (WinBuild.160101.0800)
User: NT AUTHORITY\SYSTEM
LogonId: '0x3e7'
IntegrityLevel: System
ParentImage: C:\Windows\SysWOW64\net.exe
UtcTime: 2026-09-17 13:51:42.353
"
2026-09-17T14:06:59.456459+00:00,Stop Windows Service Via Net.EXE;Suspicious Windows Service Tampering,C:\logs\sysmon_20260919_043610.evtx,1,Microsoft-Windows-Sysmon,1,39683,DESKTOP-JC89B03,"Image: C:\Windows\SysWOW64\net.exe
RuleName: '-'
Description: Net Command
OriginalFileName: net.exe
TerminalSessionId: 1
ParentCommandLine: '""C:\xampp\xampp-control.exe"" '
Product: Microsoft® Windows® Operating System
Company: Microsoft Corporation
ParentProcessId: 3116
ParentUser: DESKTOP-JC89B03\soc
LogonGuid: 50A489D6-F027-6AAB-317F-070000000000
Hashes: MD5=31890A7DE89936F922D44D677F681A7F,SHA256=7C4C7725E266F12ABA8C50FD1598D4001201BCA0E7ACA901508307E365AFFF42,IMPHASH=AC592B83B5CAEB41A6F6DF7DB53F9076
ParentProcessGuid: 50A489D6-F3FD-6AAB-0F02-000000001200
ProcessId: 10716
CurrentDirectory: C:\xampp\
ProcessGuid: 50A489D6-F403-6AAB-1002-000000001200
CommandLine: '""C:\Windows\System32\net.exe"" stop ""mysql""'
FileVersion: 10.0.19041.1 (WinBuild.160101.0800)
User: DESKTOP-JC89B03\soc
LogonId: '0x77f31'
IntegrityLevel: High
ParentImage: C:\xampp\xampp-control.exe
UtcTime: 2026-09-17 14:06:59.450
"
2026-09-17T14:06:59.575185+00:00,Stop Windows Service Via Net.EXE;Suspicious Windows Service Tampering,C:\logs\sysmon_20260919_043610.evtx,1,Microsoft-Windows-Sysmon,1,39684,DESKTOP-JC89B03,"Image: C:\Windows\SysWOW64\net1.exe
RuleName: '-'
Description: Net Command
OriginalFileName: net1.exe
TerminalSessionId: 1
ParentCommandLine: '""C:\Windows\System32\net.exe"" stop ""mysql""'
Product: Microsoft® Windows® Operating System
Company: Microsoft Corporation
ParentProcessId: 10716
ParentUser: DESKTOP-JC89B03\soc
LogonGuid: 50A489D6-F027-6AAB-317F-070000000000
Hashes: MD5=4A26539015F4FDB3AC3C5EB14336C7A7,SHA256=B25CF32B7BB76D5A5121919C63E6AE77262347F4AD7B29EE3C43CBAA61F43957,IMPHASH=D45C7E138CFAD11059C95018C99B7C96
ParentProcessGuid: 50A489D6-F403-6AAB-1002-000000001200
ProcessId: 8196
CurrentDirectory: C:\xampp\
ProcessGuid: 50A489D6-F403-6AAB-1202-000000001200
CommandLine: C:\Windows\system32\net1 stop ""mysql""
FileVersion: 10.0.19041.3636 (WinBuild.160101.0800)
User: DESKTOP-JC89B03\soc
LogonId: '0x77f31'
IntegrityLevel: High
ParentImage: C:\Windows\SysWOW64\net.exe
UtcTime: 2026-09-17 14:06:59.568
"
2026-09-17T14:07:02.218508+00:00,Stop Windows Service Via Net.EXE,C:\logs\sysmon_20260919_043610.evtx,1,Microsoft-Windows-Sysmon,1,39685,DESKTOP-JC89B03,"Image: C:\Windows\SysWOW64\net.exe
RuleName: '-'
Description: Net Command
OriginalFileName: net.exe
TerminalSessionId: 1
ParentCommandLine: '""C:\xampp\xampp-control.exe"" '
Product: Microsoft® Windows® Operating System
Company: Microsoft Corporation
ParentProcessId: 3116
ParentUser: DESKTOP-JC89B03\soc
LogonGuid: 50A489D6-F027-6AAB-317F-070000000000
Hashes: MD5=31890A7DE89936F922D44D677F681A7F,SHA256=7C4C7725E266F12ABA8C50FD1598D4001201BCA0E7ACA901508307E365AFFF42,IMPHASH=AC592B83B5CAEB41A6F6DF7DB53F9076
ParentProcessGuid: 50A489D6-F3FD-6AAB-0F02-000000001200
ProcessId: 8200
CurrentDirectory: C:\xampp\
ProcessGuid: 50A489D6-F406-6AAB-1302-000000001200
CommandLine: '""C:\Windows\System32\net.exe"" stop ""Apache2.4""'
FileVersion: 10.0.19041.1 (WinBuild.160101.0800)
User: DESKTOP-JC89B03\soc
LogonId: '0x77f31'
IntegrityLevel: High
ParentImage: C:\xampp\xampp-control.exe
UtcTime: 2026-09-17 14:07:02.208
"
2026-09-17T14:07:02.288545+00:00,Stop Windows Service Via Net.EXE,C:\logs\sysmon_20260919_043610.evtx,1,Microsoft-Windows-Sysmon,1,39686,DESKTOP-JC89B03,"Image: C:\Windows\SysWOW64\net1.exe
RuleName: '-'
Description: Net Command
OriginalFileName: net1.exe
TerminalSessionId: 1
ParentCommandLine: '""C:\Windows\System32\net.exe"" stop ""Apache2.4""'
Product: Microsoft® Windows® Operating System
Company: Microsoft Corporation
ParentProcessId: 8200
ParentUser: DESKTOP-JC89B03\soc
LogonGuid: 50A489D6-F027-6AAB-317F-070000000000
Hashes: MD5=4A26539015F4FDB3AC3C5EB14336C7A7,SHA256=B25CF32B7BB76D5A5121919C63E6AE77262347F4AD7B29EE3C43CBAA61F43957,IMPHASH=D45C7E138CFAD11059C95018C99B7C96
ParentProcessGuid: 50A489D6-F406-6AAB-1302-000000001200
ProcessId: 1692
CurrentDirectory: C:\xampp\
ProcessGuid: 50A489D6-F406-6AAB-1502-000000001200
CommandLine: C:\Windows\system32\net1 stop ""Apache2.4""
FileVersion: 10.0.19041.3636 (WinBuild.160101.0800)
User: DESKTOP-JC89B03\soc
LogonId: '0x77f31'
IntegrityLevel: High
ParentImage: C:\Windows\SysWOW64\net.exe
UtcTime: 2026-09-17 14:07:02.283
"
2026-09-17T14:07:06.312173+00:00,Start Windows Service Via Net.EXE,C:\logs\sysmon_20260919_043610.evtx,1,Microsoft-Windows-Sysmon,1,39687,DESKTOP-JC89B03,"Image: C:\Windows\SysWOW64\net.exe
RuleName: '-'
Description: Net Command
OriginalFileName: net.exe
TerminalSessionId: 1
ParentCommandLine: '""C:\xampp\xampp-control.exe"" '
Product: Microsoft® Windows® Operating System
Company: Microsoft Corporation
ParentProcessId: 3116
ParentUser: DESKTOP-JC89B03\soc
LogonGuid: 50A489D6-F027-6AAB-317F-070000000000
Hashes: MD5=31890A7DE89936F922D44D677F681A7F,SHA256=7C4C7725E266F12ABA8C50FD1598D4001201BCA0E7ACA901508307E365AFFF42,IMPHASH=AC592B83B5CAEB41A6F6DF7DB53F9076
ParentProcessGuid: 50A489D6-F3FD-6AAB-0F02-000000001200
ProcessId: 3016
CurrentDirectory: C:\xampp\
ProcessGuid: 50A489D6-F40A-6AAB-1602-000000001200
CommandLine: '""C:\Windows\System32\net.exe"" start ""mysql""'
FileVersion: 10.0.19041.1 (WinBuild.160101.0800)
User: DESKTOP-JC89B03\soc
LogonId: '0x77f31'
IntegrityLevel: High
ParentImage: C:\xampp\xampp-control.exe
UtcTime: 2026-09-17 14:07:06.305
"
2026-09-17T14:07:06.380006+00:00,Start Windows Service Via Net.EXE,C:\logs\sysmon_20260919_043610.evtx,1,Microsoft-Windows-Sysmon,1,39688,DESKTOP-JC89B03,"Image: C:\Windows\SysWOW64\net1.exe
RuleName: '-'
Description: Net Command
OriginalFileName: net1.exe
TerminalSessionId: 1
ParentCommandLine: '""C:\Windows\System32\net.exe"" start ""mysql""'
Product: Microsoft® Windows® Operating System
Company: Microsoft Corporation
ParentProcessId: 3016
ParentUser: DESKTOP-JC89B03\soc
LogonGuid: 50A489D6-F027-6AAB-317F-070000000000
Hashes: MD5=4A26539015F4FDB3AC3C5EB14336C7A7,SHA256=B25CF32B7BB76D5A5121919C63E6AE77262347F4AD7B29EE3C43CBAA61F43957,IMPHASH=D45C7E138CFAD11059C95018C99B7C96
ParentProcessGuid: 50A489D6-F40A-6AAB-1602-000000001200
ProcessId: 1740
CurrentDirectory: C:\xampp\
ProcessGuid: 50A489D6-F40A-6AAB-1802-000000001200
CommandLine: C:\Windows\system32\net1 start ""mysql""
FileVersion: 10.0.19041.3636 (WinBuild.160101.0800)
User: DESKTOP-JC89B03\soc
LogonId: '0x77f31'
IntegrityLevel: High
ParentImage: C:\Windows\SysWOW64\net.exe
UtcTime: 2026-09-17 14:07:06.374
"
2026-09-17T14:07:08.909512+00:00,Start Windows Service Via Net.EXE,C:\logs\sysmon_20260919_043610.evtx,1,Microsoft-Windows-Sysmon,1,39690,DESKTOP-JC89B03,"Image: C:\Windows\SysWOW64\net.exe
RuleName: '-'
Description: Net Command
OriginalFileName: net.exe
TerminalSessionId: 1
ParentCommandLine: '""C:\xampp\xampp-control.exe"" '
Product: Microsoft® Windows® Operating System
Company: Microsoft Corporation
ParentProcessId: 3116
ParentUser: DESKTOP-JC89B03\soc
LogonGuid: 50A489D6-F027-6AAB-317F-070000000000
Hashes: MD5=31890A7DE89936F922D44D677F681A7F,SHA256=7C4C7725E266F12ABA8C50FD1598D4001201BCA0E7ACA901508307E365AFFF42,IMPHASH=AC592B83B5CAEB41A6F6DF7DB53F9076
ParentProcessGuid: 50A489D6-F3FD-6AAB-0F02-000000001200
ProcessId: 2444
CurrentDirectory: C:\xampp\
ProcessGuid: 50A489D6-F40C-6AAB-1A02-000000001200
CommandLine: '""C:\Windows\System32\net.exe"" start ""Apache2.4""'
FileVersion: 10.0.19041.1 (WinBuild.160101.0800)
User: DESKTOP-JC89B03\soc
LogonId: '0x77f31'
IntegrityLevel: High
ParentImage: C:\xampp\xampp-control.exe
UtcTime: 2026-09-17 14:07:08.902
"
2026-09-17T14:07:08.976996+00:00,Start Windows Service Via Net.EXE,C:\logs\sysmon_20260919_043610.evtx,1,Microsoft-Windows-Sysmon,1,39691,DESKTOP-JC89B03,"Image: C:\Windows\SysWOW64\net1.exe
RuleName: '-'
Description: Net Command
OriginalFileName: net1.exe
TerminalSessionId: 1
ParentCommandLine: '""C:\Windows\System32\net.exe"" start ""Apache2.4""'
Product: Microsoft® Windows® Operating System
Company: Microsoft Corporation
ParentProcessId: 2444
ParentUser: DESKTOP-JC89B03\soc
LogonGuid: 50A489D6-F027-6AAB-317F-070000000000
Hashes: MD5=4A26539015F4FDB3AC3C5EB14336C7A7,SHA256=B25CF32B7BB76D5A5121919C63E6AE77262347F4AD7B29EE3C43CBAA61F43957,IMPHASH=D45C7E138CFAD11059C95018C99B7C96
ParentProcessGuid: 50A489D6-F40C-6AAB-1A02-000000001200
ProcessId: 3444
CurrentDirectory: C:\xampp\
ProcessGuid: 50A489D6-F40C-6AAB-1C02-000000001200
CommandLine: C:\Windows\system32\net1 start ""Apache2.4""
FileVersion: 10.0.19041.3636 (WinBuild.160101.0800)
User: DESKTOP-JC89B03\soc
LogonId: '0x77f31'
IntegrityLevel: High
ParentImage: C:\Windows\SysWOW64\net.exe
UtcTime: 2026-09-17 14:07:08.971
"
2026-09-17T15:52:11.436159+00:00,VMToolsd Suspicious Child Process,C:\logs\sysmon_20260919_043610.evtx,1,Microsoft-Windows-Sysmon,1,39788,DESKTOP-JC89B03,"Image: C:\Windows\System32\cmd.exe
RuleName: '-'
Description: Windows Command Processor
OriginalFileName: Cmd.Exe
TerminalSessionId: 0
ParentCommandLine: '""C:\Program Files\VMware\VMware Tools\vmtoolsd.exe""'
Product: Microsoft® Windows® Operating System
Company: Microsoft Corporation
ParentProcessId: 2692
ParentUser: NT AUTHORITY\SYSTEM
LogonGuid: 50A489D6-0CAB-6AAC-A18D-820000000000
Hashes: MD5=2B40C98ED0F7A1D3B091A3E8353132DC,SHA256=BADF4752413CB0CBDC03FB95820CA167F0CDC63B597CCDB5EF43111180E088B0,IMPHASH=272245E2988E1E430500B852C4FB5E18
ParentProcessGuid: 50A489D6-F01F-6AAB-4A00-000000001200
ProcessId: 2152
CurrentDirectory: C:\Windows\system32\
ProcessGuid: 50A489D6-0CAB-6AAC-B602-000000001200
CommandLine: '""C:\Windows\System32\cmd.exe"" ""/c"" ""exit"" '
FileVersion: 10.0.19041.4355 (WinBuild.160101.0800)
User: DESKTOP-JC89B03\soc
LogonId: '0x828da1'
IntegrityLevel: High
ParentImage: C:\Program Files\VMware\VMware Tools\vmtoolsd.exe
UtcTime: 2026-09-17 15:52:11.420
"
2026-09-17T15:55:45.621162+00:00,VMToolsd Suspicious Child Process,C:\logs\sysmon_20260919_043610.evtx,1,Microsoft-Windows-Sysmon,1,39802,DESKTOP-JC89B03,"Image: C:\Windows\System32\cmd.exe
RuleName: '-'
Description: Windows Command Processor
OriginalFileName: Cmd.Exe
TerminalSessionId: 0
ParentCommandLine: '""C:\Program Files\VMware\VMware Tools\vmtoolsd.exe""'
Product: Microsoft® Windows® Operating System
Company: Microsoft Corporation
ParentProcessId: 2692
ParentUser: NT AUTHORITY\SYSTEM
LogonGuid: 50A489D6-0D81-6AAC-B9FB-870000000000
Hashes: MD5=2B40C98ED0F7A1D3B091A3E8353132DC,SHA256=BADF4752413CB0CBDC03FB95820CA167F0CDC63B597CCDB5EF43111180E088B0,IMPHASH=272245E2988E1E430500B852C4FB5E18
ParentProcessGuid: 50A489D6-F01F-6AAB-4A00-000000001200
ProcessId: 10192
CurrentDirectory: C:\Windows\system32\
ProcessGuid: 50A489D6-0D81-6AAC-CE02-000000001200
CommandLine: '""C:\Windows\System32\cmd.exe"" ""/c"" ""exit"" '
FileVersion: 10.0.19041.4355 (WinBuild.160101.0800)
User: DESKTOP-JC89B03\soc
LogonId: '0x87fbb9'
IntegrityLevel: High
ParentImage: C:\Program Files\VMware\VMware Tools\vmtoolsd.exe
UtcTime: 2026-09-17 15:55:45.617
"
2026-09-17T18:34:32.781754+00:00,Non Interactive PowerShell Process Spawned;Suspicious Execution of Powershell with Base64,C:\logs\sysmon_20260919_043610.evtx,1,Microsoft-Windows-Sysmon,1,39940,DESKTOP-JC89B03,"Image: C:\Windows\System32\WindowsPowerShell\v1.0\powershell.exe
RuleName: '-'
Description: Windows PowerShell
OriginalFileName: PowerShell.EXE
TerminalSessionId: 1
ParentCommandLine: '""C:\Windows\System32\WindowsPowerShell\v1.0\powershell.exe"" '
Product: Microsoft® Windows® Operating System
Company: Microsoft Corporation
ParentProcessId: 9056
ParentUser: DESKTOP-JC89B03\soc
LogonGuid: 50A489D6-F027-6AAB-317F-070000000000
Hashes: MD5=2E5A8590CF6848968FC23DE3FA1E25F1,SHA256=9785001B0DCF755EDDB8AF294A373C0B87B2498660F724E76C4D53F9C217C7A3,IMPHASH=3D08F4848535206D772DE145804FF4B6
ParentProcessGuid: 50A489D6-F420-6AAB-2002-000000001200
ProcessId: 5344
CurrentDirectory: C:\Windows\system32\
ProcessGuid: 50A489D6-32B8-6AAC-7003-000000001200
CommandLine: '""C:\Windows\System32\WindowsPowerShell\v1.0\powershell.exe"" -EncodedCommand dwBoAG8AYQBtAGkA'
FileVersion: 10.0.19041.3996 (WinBuild.160101.0800)
User: DESKTOP-JC89B03\soc
LogonId: '0x77f31'
IntegrityLevel: High
ParentImage: C:\Windows\System32\WindowsPowerShell\v1.0\powershell.exe
UtcTime: 2026-09-17 18:34:32.740
"
2026-09-17T18:34:33.443+00:00,Local Accounts Discovery,C:\logs\sysmon_20260919_043610.evtx,1,Microsoft-Windows-Sysmon,1,39942,DESKTOP-JC89B03,"Image: C:\Windows\System32\whoami.exe
RuleName: '-'
Description: whoami - displays logged on user information
OriginalFileName: whoami.exe
TerminalSessionId: 1
ParentCommandLine: '""C:\Windows\System32\WindowsPowerShell\v1.0\powershell.exe"" -EncodedCommand dwBoAG8AYQBtAGkA'
Product: Microsoft® Windows® Operating System
Company: Microsoft Corporation
ParentProcessId: 5344
ParentUser: DESKTOP-JC89B03\soc
LogonGuid: 50A489D6-F027-6AAB-317F-070000000000
Hashes: MD5=A4A6924F3EAF97981323703D38FD99C4,SHA256=1D4902A04D99E8CCBFE7085E63155955FEE397449D386453F6C452AE407B8743,IMPHASH=7FF0758B766F747CE57DFAC70743FB88
ParentProcessGuid: 50A489D6-32B8-6AAC-7003-000000001200
ProcessId: 4948
CurrentDirectory: C:\Windows\system32\
ProcessGuid: 50A489D6-32B9-6AAC-7103-000000001200
CommandLine: '""C:\Windows\system32\whoami.exe""'
FileVersion: 10.0.19041.1 (WinBuild.160101.0800)
User: DESKTOP-JC89B03\soc
LogonId: '0x77f31'
IntegrityLevel: High
ParentImage: C:\Windows\System32\WindowsPowerShell\v1.0\powershell.exe
UtcTime: 2026-09-17 18:34:33.433
"
2026-09-17T18:35:21.403547+00:00,Direct Autorun Keys Modification;Potential Persistence Attempt Via Run Keys Using Reg.EXE,C:\logs\sysmon_20260919_043610.evtx,1,Microsoft-Windows-Sysmon,1,39944,DESKTOP-JC89B03,"Image: C:\Windows\System32\reg.exe
RuleName: '-'
Description: Registry Console Tool
OriginalFileName: reg.exe
TerminalSessionId: 1
ParentCommandLine: '""C:\Windows\System32\WindowsPowerShell\v1.0\powershell.exe"" '
Product: Microsoft® Windows® Operating System
Company: Microsoft Corporation
ParentProcessId: 9056
ParentUser: DESKTOP-JC89B03\soc
LogonGuid: 50A489D6-F027-6AAB-317F-070000000000
Hashes: MD5=227F63E1D9008B36BDBCC4B397780BE4,SHA256=C0E25B1F9B22DE445298C1E96DDFCEAD265CA030FA6626F61A4A4786CC4A3B7D,IMPHASH=BE482BE427FE212CFEF2CDA0E61F19AC
ParentProcessGuid: 50A489D6-F420-6AAB-2002-000000001200
ProcessId: 3892
CurrentDirectory: C:\Windows\system32\
ProcessGuid: 50A489D6-32E9-6AAC-7303-000000001200
CommandLine: '""C:\Windows\system32\reg.exe"" add HKCU\Software\Microsoft\Windows\CurrentVersion\Run /v TestKill /t REG_SZ /d calc.exe /f'
FileVersion: 10.0.19041.1 (WinBuild.160101.0800)
User: DESKTOP-JC89B03\soc
LogonId: '0x77f31'
IntegrityLevel: High
ParentImage: C:\Windows\System32\WindowsPowerShell\v1.0\powershell.exe
UtcTime: 2026-09-17 18:35:21.390
"
2026-09-17T18:35:51.234655+00:00,VMToolsd Suspicious Child Process,C:\logs\sysmon_20260919_043610.evtx,1,Microsoft-Windows-Sysmon,1,39950,DESKTOP-JC89B03,"Image: C:\Windows\System32\cmd.exe
RuleName: '-'
Description: Windows Command Processor
OriginalFileName: Cmd.Exe
TerminalSessionId: 0
ParentCommandLine: '""C:\Program Files\VMware\VMware Tools\vmtoolsd.exe""'
Product: Microsoft® Windows® Operating System
Company: Microsoft Corporation
ParentProcessId: 2692
ParentUser: NT AUTHORITY\SYSTEM
LogonGuid: 50A489D6-3307-6AAC-08ED-BE0000000000
Hashes: MD5=2B40C98ED0F7A1D3B091A3E8353132DC,SHA256=BADF4752413CB0CBDC03FB95820CA167F0CDC63B597CCDB5EF43111180E088B0,IMPHASH=272245E2988E1E430500B852C4FB5E18
ParentProcessGuid: 50A489D6-F01F-6AAB-4A00-000000001200
ProcessId: 4312
CurrentDirectory: C:\Windows\system32\
ProcessGuid: 50A489D6-3307-6AAC-7403-000000001200
CommandLine: '""C:\Windows\System32\cmd.exe"" ""/c"" ""exit"" '
FileVersion: 10.0.19041.4355 (WinBuild.160101.0800)
User: DESKTOP-JC89B03\soc
LogonId: '0xbeed08'
IntegrityLevel: High
ParentImage: C:\Program Files\VMware\VMware Tools\vmtoolsd.exe
UtcTime: 2026-09-17 18:35:51.230
"
2026-09-17T18:42:48.393484+00:00,Non Interactive PowerShell Process Spawned;Suspicious Execution of Powershell with Base64,C:\logs\sysmon_20260919_043610.evtx,1,Microsoft-Windows-Sysmon,1,39976,DESKTOP-JC89B03,"Image: C:\Windows\System32\WindowsPowerShell\v1.0\powershell.exe
RuleName: '-'
Description: Windows PowerShell
OriginalFileName: PowerShell.EXE
TerminalSessionId: 1
ParentCommandLine: '""C:\Windows\System32\WindowsPowerShell\v1.0\powershell.exe"" '
Product: Microsoft® Windows® Operating System
Company: Microsoft Corporation
ParentProcessId: 9056
ParentUser: DESKTOP-JC89B03\soc
LogonGuid: 50A489D6-F027-6AAB-317F-070000000000
Hashes: MD5=2E5A8590CF6848968FC23DE3FA1E25F1,SHA256=9785001B0DCF755EDDB8AF294A373C0B87B2498660F724E76C4D53F9C217C7A3,IMPHASH=3D08F4848535206D772DE145804FF4B6
ParentProcessGuid: 50A489D6-F420-6AAB-2002-000000001200
ProcessId: 6692
CurrentDirectory: C:\Windows\system32\
ProcessGuid: 50A489D6-34A8-6AAC-9803-000000001200
CommandLine: '""C:\Windows\System32\WindowsPowerShell\v1.0\powershell.exe"" -EncodedCommand dwBoAG8AYQBtAGkA'
FileVersion: 10.0.19041.3996 (WinBuild.160101.0800)
User: DESKTOP-JC89B03\soc
LogonId: '0x77f31'
IntegrityLevel: High
ParentImage: C:\Windows\System32\WindowsPowerShell\v1.0\powershell.exe
UtcTime: 2026-09-17 18:42:48.390
"
2026-09-17T18:42:48.657736+00:00,Local Accounts Discovery,C:\logs\sysmon_20260919_043610.evtx,1,Microsoft-Windows-Sysmon,1,39978,DESKTOP-JC89B03,"Image: C:\Windows\System32\whoami.exe
RuleName: '-'
Description: whoami - displays logged on user information
OriginalFileName: whoami.exe
TerminalSessionId: 1
ParentCommandLine: '""C:\Windows\System32\WindowsPowerShell\v1.0\powershell.exe"" -EncodedCommand dwBoAG8AYQBtAGkA'
Product: Microsoft® Windows® Operating System
Company: Microsoft Corporation
ParentProcessId: 6692
ParentUser: DESKTOP-JC89B03\soc
LogonGuid: 50A489D6-F027-6AAB-317F-070000000000
Hashes: MD5=A4A6924F3EAF97981323703D38FD99C4,SHA256=1D4902A04D99E8CCBFE7085E63155955FEE397449D386453F6C452AE407B8743,IMPHASH=7FF0758B766F747CE57DFAC70743FB88
ParentProcessGuid: 50A489D6-34A8-6AAC-9803-000000001200
ProcessId: 5472
CurrentDirectory: C:\Windows\system32\
ProcessGuid: 50A489D6-34A8-6AAC-9903-000000001200
CommandLine: '""C:\Windows\system32\whoami.exe""'
FileVersion: 10.0.19041.1 (WinBuild.160101.0800)
User: DESKTOP-JC89B03\soc
LogonId: '0x77f31'
IntegrityLevel: High
ParentImage: C:\Windows\System32\WindowsPowerShell\v1.0\powershell.exe
UtcTime: 2026-09-17 18:42:48.650
"
2026-09-17T18:43:27.130582+00:00,VMToolsd Suspicious Child Process,C:\logs\sysmon_20260919_043610.evtx,1,Microsoft-Windows-Sysmon,1,39979,DESKTOP-JC89B03,"Image: C:\Windows\System32\cmd.exe
RuleName: '-'
Description: Windows Command Processor
OriginalFileName: Cmd.Exe
TerminalSessionId: 0
ParentCommandLine: '""C:\Program Files\VMware\VMware Tools\vmtoolsd.exe""'
Product: Microsoft® Windows® Operating System
Company: Microsoft Corporation
ParentProcessId: 2692
ParentUser: NT AUTHORITY\SYSTEM
LogonGuid: 50A489D6-34CF-6AAC-EE65-C30000000000
Hashes: MD5=2B40C98ED0F7A1D3B091A3E8353132DC,SHA256=BADF4752413CB0CBDC03FB95820CA167F0CDC63B597CCDB5EF43111180E088B0,IMPHASH=272245E2988E1E430500B852C4FB5E18
ParentProcessGuid: 50A489D6-F01F-6AAB-4A00-000000001200
ProcessId: 1088
CurrentDirectory: C:\Windows\system32\
ProcessGuid: 50A489D6-34CF-6AAC-9A03-000000001200
CommandLine: '""C:\Windows\System32\cmd.exe"" ""/c"" ""exit"" '
FileVersion: 10.0.19041.4355 (WinBuild.160101.0800)
User: DESKTOP-JC89B03\soc
LogonId: '0xc365ee'
IntegrityLevel: High
ParentImage: C:\Program Files\VMware\VMware Tools\vmtoolsd.exe
UtcTime: 2026-09-17 18:43:27.127
"
2026-09-17T18:44:28.192656+00:00,Direct Autorun Keys Modification;Potential Persistence Attempt Via Run Keys Using Reg.EXE,C:\logs\sysmon_20260919_043610.evtx,1,Microsoft-Windows-Sysmon,1,39986,DESKTOP-JC89B03,"Image: C:\Windows\System32\reg.exe
RuleName: '-'
Description: Registry Console Tool
OriginalFileName: reg.exe
TerminalSessionId: 1
ParentCommandLine: '""C:\Windows\System32\WindowsPowerShell\v1.0\powershell.exe"" '
Product: Microsoft® Windows® Operating System
Company: Microsoft Corporation
ParentProcessId: 9056
ParentUser: DESKTOP-JC89B03\soc
LogonGuid: 50A489D6-F027-6AAB-317F-070000000000
Hashes: MD5=227F63E1D9008B36BDBCC4B397780BE4,SHA256=C0E25B1F9B22DE445298C1E96DDFCEAD265CA030FA6626F61A4A4786CC4A3B7D,IMPHASH=BE482BE427FE212CFEF2CDA0E61F19AC
ParentProcessGuid: 50A489D6-F420-6AAB-2002-000000001200
ProcessId: 4400
CurrentDirectory: C:\Windows\system32\
ProcessGuid: 50A489D6-350C-6AAC-A803-000000001200
CommandLine: '""C:\Windows\system32\reg.exe"" add HKCU\Software\Microsoft\Windows\CurrentVersion\Run /v TestKill /t REG_SZ /d calc.exe /f'
FileVersion: 10.0.19041.1 (WinBuild.160101.0800)
User: DESKTOP-JC89B03\soc
LogonId: '0x77f31'
IntegrityLevel: High
ParentImage: C:\Windows\System32\WindowsPowerShell\v1.0\powershell.exe
UtcTime: 2026-09-17 18:44:28.190
"
2026-09-17T18:45:07.751661+00:00,VMToolsd Suspicious Child Process,C:\logs\sysmon_20260919_043610.evtx,1,Microsoft-Windows-Sysmon,1,39988,DESKTOP-JC89B03,"Image: C:\Windows\System32\cmd.exe
RuleName: '-'
Description: Windows Command Processor
OriginalFileName: Cmd.Exe
TerminalSessionId: 0
ParentCommandLine: '""C:\Program Files\VMware\VMware Tools\vmtoolsd.exe""'
Product: Microsoft® Windows® Operating System
Company: Microsoft Corporation
ParentProcessId: 2692
ParentUser: NT AUTHORITY\SYSTEM
LogonGuid: 50A489D6-3533-6AAC-138C-C40000000000
Hashes: MD5=2B40C98ED0F7A1D3B091A3E8353132DC,SHA256=BADF4752413CB0CBDC03FB95820CA167F0CDC63B597CCDB5EF43111180E088B0,IMPHASH=272245E2988E1E430500B852C4FB5E18
ParentProcessGuid: 50A489D6-F01F-6AAB-4A00-000000001200
ProcessId: 6756
CurrentDirectory: C:\Windows\system32\
ProcessGuid: 50A489D6-3533-6AAC-A903-000000001200
CommandLine: '""C:\Windows\System32\cmd.exe"" ""/c"" ""exit"" '
FileVersion: 10.0.19041.4355 (WinBuild.160101.0800)
User: DESKTOP-JC89B03\soc
LogonId: '0xc48c13'
IntegrityLevel: High
ParentImage: C:\Program Files\VMware\VMware Tools\vmtoolsd.exe
UtcTime: 2026-09-17 18:45:07.746
"
2026-09-17T19:06:12.126437+00:00,Non Interactive PowerShell Process Spawned;Suspicious Encoded PowerShell Command Line;Suspicious Execution of Powershell with Base64,C:\logs\sysmon_20260919_043610.evtx,1,Microsoft-Windows-Sysmon,1,40009,DESKTOP-JC89B03,"Image: C:\Windows\System32\WindowsPowerShell\v1.0\powershell.exe
RuleName: '-'
Description: Windows PowerShell
OriginalFileName: PowerShell.EXE
TerminalSessionId: 1
ParentCommandLine: '""C:\Windows\System32\WindowsPowerShell\v1.0\powershell.exe"" '
Product: Microsoft® Windows® Operating System
Company: Microsoft Corporation
ParentProcessId: 9056
ParentUser: DESKTOP-JC89B03\soc
LogonGuid: 50A489D6-F027-6AAB-317F-070000000000
Hashes: MD5=2E5A8590CF6848968FC23DE3FA1E25F1,SHA256=9785001B0DCF755EDDB8AF294A373C0B87B2498660F724E76C4D53F9C217C7A3,IMPHASH=3D08F4848535206D772DE145804FF4B6
ParentProcessGuid: 50A489D6-F420-6AAB-2002-000000001200
ProcessId: 6436
CurrentDirectory: C:\Windows\system32\
ProcessGuid: 50A489D6-3A24-6AAC-C803-000000001200
CommandLine: '""C:\Windows\System32\WindowsPowerShell\v1.0\powershell.exe"" -EncodedCommand UwB0AGEAcgB0AC0AUwBsAGUAZQBwACAALQBTAGUAYwBvAG4AZABzACAANgAwADAA'
FileVersion: 10.0.19041.3996 (WinBuild.160101.0800)
User: DESKTOP-JC89B03\soc
LogonId: '0x77f31'
IntegrityLevel: High
ParentImage: C:\Windows\System32\WindowsPowerShell\v1.0\powershell.exe
UtcTime: 2026-09-17 19:06:12.108
"
2026-09-17T19:07:32.537671+00:00,VMToolsd Suspicious Child Process,C:\logs\sysmon_20260919_043610.evtx,1,Microsoft-Windows-Sysmon,1,40015,DESKTOP-JC89B03,"Image: C:\Windows\System32\cmd.exe
RuleName: '-'
Description: Windows Command Processor
OriginalFileName: Cmd.Exe
TerminalSessionId: 0
ParentCommandLine: '""C:\Program Files\VMware\VMware Tools\vmtoolsd.exe""'
Product: Microsoft® Windows® Operating System
Company: Microsoft Corporation
ParentProcessId: 2692
ParentUser: NT AUTHORITY\SYSTEM
LogonGuid: 50A489D6-3A74-6AAC-49A4-CB0000000000
Hashes: MD5=2B40C98ED0F7A1D3B091A3E8353132DC,SHA256=BADF4752413CB0CBDC03FB95820CA167F0CDC63B597CCDB5EF43111180E088B0,IMPHASH=272245E2988E1E430500B852C4FB5E18
ParentProcessGuid: 50A489D6-F01F-6AAB-4A00-000000001200
ProcessId: 7508
CurrentDirectory: C:\Windows\system32\
ProcessGuid: 50A489D6-3A74-6AAC-D103-000000001200
CommandLine: '""C:\Windows\System32\cmd.exe"" ""/c"" ""exit"" '
FileVersion: 10.0.19041.4355 (WinBuild.160101.0800)
User: DESKTOP-JC89B03\soc
LogonId: '0xcba449'
IntegrityLevel: High
ParentImage: C:\Program Files\VMware\VMware Tools\vmtoolsd.exe
UtcTime: 2026-09-17 19:07:32.533
"
2026-09-17T19:08:52.305969+00:00,VMToolsd Suspicious Child Process,C:\logs\sysmon_20260919_043610.evtx,1,Microsoft-Windows-Sysmon,1,40022,DESKTOP-JC89B03,"Image: C:\Windows\System32\cmd.exe
RuleName: '-'
Description: Windows Command Processor
OriginalFileName: Cmd.Exe
TerminalSessionId: 0
ParentCommandLine: '""C:\Program Files\VMware\VMware Tools\vmtoolsd.exe""'
Product: Microsoft® Windows® Operating System
Company: Microsoft Corporation
ParentProcessId: 2692
ParentUser: NT AUTHORITY\SYSTEM
LogonGuid: 50A489D6-3AC4-6AAC-DEA5-CC0000000000
Hashes: MD5=2B40C98ED0F7A1D3B091A3E8353132DC,SHA256=BADF4752413CB0CBDC03FB95820CA167F0CDC63B597CCDB5EF43111180E088B0,IMPHASH=272245E2988E1E430500B852C4FB5E18
ParentProcessGuid: 50A489D6-F01F-6AAB-4A00-000000001200
ProcessId: 7976
CurrentDirectory: C:\Windows\system32\
ProcessGuid: 50A489D6-3AC4-6AAC-DF03-000000001200
CommandLine: '""C:\Windows\System32\cmd.exe"" ""/c"" ""exit"" '
FileVersion: 10.0.19041.4355 (WinBuild.160101.0800)
User: DESKTOP-JC89B03\soc
LogonId: '0xcca5de'
IntegrityLevel: High
ParentImage: C:\Program Files\VMware\VMware Tools\vmtoolsd.exe
UtcTime: 2026-09-17 19:08:52.302
"
2026-09-17T19:10:46.516081+00:00,Non Interactive PowerShell Process Spawned;Suspicious Encoded PowerShell Command Line;Suspicious Execution of Powershell with Base64,C:\logs\sysmon_20260919_043610.evtx,1,Microsoft-Windows-Sysmon,1,40031,DESKTOP-JC89B03,"Image: C:\Windows\System32\WindowsPowerShell\v1.0\powershell.exe
RuleName: '-'
Description: Windows PowerShell
OriginalFileName: PowerShell.EXE
TerminalSessionId: 1
ParentCommandLine: '""C:\Windows\System32\WindowsPowerShell\v1.0\powershell.exe"" '
Product: Microsoft® Windows® Operating System
Company: Microsoft Corporation
ParentProcessId: 9056
ParentUser: DESKTOP-JC89B03\soc
LogonGuid: 50A489D6-F027-6AAB-317F-070000000000
Hashes: MD5=2E5A8590CF6848968FC23DE3FA1E25F1,SHA256=9785001B0DCF755EDDB8AF294A373C0B87B2498660F724E76C4D53F9C217C7A3,IMPHASH=3D08F4848535206D772DE145804FF4B6
ParentProcessGuid: 50A489D6-F420-6AAB-2002-000000001200
ProcessId: 8900
CurrentDirectory: C:\Windows\system32\
ProcessGuid: 50A489D6-3B36-6AAC-EE03-000000001200
CommandLine: '""C:\Windows\System32\WindowsPowerShell\v1.0\powershell.exe"" -EncodedCommand UwB0AGEAcgB0AC0AUwBsAGUAZQBwACAALQBTAGUAYwBvAG4AZABzACAANgAwADAA'
FileVersion: 10.0.19041.3996 (WinBuild.160101.0800)
User: DESKTOP-JC89B03\soc
LogonId: '0x77f31'
IntegrityLevel: High
ParentImage: C:\Windows\System32\WindowsPowerShell\v1.0\powershell.exe
UtcTime: 2026-09-17 19:10:46.513
"
2026-09-17T19:11:12.791548+00:00,Direct Autorun Keys Modification;Potential Persistence Attempt Via Run Keys Using Reg.EXE,C:\logs\sysmon_20260919_043610.evtx,1,Microsoft-Windows-Sysmon,1,40033,DESKTOP-JC89B03,"Image: C:\Windows\System32\reg.exe
RuleName: '-'
Description: Registry Console Tool
OriginalFileName: reg.exe
TerminalSessionId: 1
ParentCommandLine: '""C:\Windows\System32\WindowsPowerShell\v1.0\powershell.exe"" '
Product: Microsoft® Windows® Operating System
Company: Microsoft Corporation
ParentProcessId: 8984
ParentUser: DESKTOP-JC89B03\soc
LogonGuid: 50A489D6-F027-6AAB-317F-070000000000
Hashes: MD5=227F63E1D9008B36BDBCC4B397780BE4,SHA256=C0E25B1F9B22DE445298C1E96DDFCEAD265CA030FA6626F61A4A4786CC4A3B7D,IMPHASH=BE482BE427FE212CFEF2CDA0E61F19AC
ParentProcessGuid: 50A489D6-3A3F-6AAC-CF03-000000001200
ProcessId: 8768
CurrentDirectory: C:\Windows\system32\
ProcessGuid: 50A489D6-3B50-6AAC-EF03-000000001200
CommandLine: '""C:\Windows\system32\reg.exe"" add HKCU\Software\Microsoft\Windows\CurrentVersion\Run /v TestKill2 /t REG_SZ /d calc.exe /f'
FileVersion: 10.0.19041.1 (WinBuild.160101.0800)
User: DESKTOP-JC89B03\soc
LogonId: '0x77f31'
IntegrityLevel: High
ParentImage: C:\Windows\System32\WindowsPowerShell\v1.0\powershell.exe
UtcTime: 2026-09-17 19:11:12.779
"
2026-09-17T19:11:28.088639+00:00,VMToolsd Suspicious Child Process,C:\logs\sysmon_20260919_043610.evtx,1,Microsoft-Windows-Sysmon,1,40035,DESKTOP-JC89B03,"Image: C:\Windows\System32\cmd.exe
RuleName: '-'
Description: Windows Command Processor
OriginalFileName: Cmd.Exe
TerminalSessionId: 0
ParentCommandLine: '""C:\Program Files\VMware\VMware Tools\vmtoolsd.exe""'
Product: Microsoft® Windows® Operating System
Company: Microsoft Corporation
ParentProcessId: 2692
ParentUser: NT AUTHORITY\SYSTEM
LogonGuid: 50A489D6-3B60-6AAC-1A5B-CE0000000000
Hashes: MD5=2B40C98ED0F7A1D3B091A3E8353132DC,SHA256=BADF4752413CB0CBDC03FB95820CA167F0CDC63B597CCDB5EF43111180E088B0,IMPHASH=272245E2988E1E430500B852C4FB5E18
ParentProcessGuid: 50A489D6-F01F-6AAB-4A00-000000001200
ProcessId: 10996
CurrentDirectory: C:\Windows\system32\
ProcessGuid: 50A489D6-3B60-6AAC-F003-000000001200
CommandLine: '""C:\Windows\System32\cmd.exe"" ""/c"" ""exit"" '
FileVersion: 10.0.19041.4355 (WinBuild.160101.0800)
User: DESKTOP-JC89B03\soc
LogonId: '0xce5b1a'
IntegrityLevel: High
ParentImage: C:\Program Files\VMware\VMware Tools\vmtoolsd.exe
UtcTime: 2026-09-17 19:11:28.084
"
2026-09-17T19:13:23.825791+00:00,VMToolsd Suspicious Child Process,C:\logs\sysmon_20260919_043610.evtx,1,Microsoft-Windows-Sysmon,1,40044,DESKTOP-JC89B03,"Image: C:\Windows\System32\cmd.exe
RuleName: '-'
Description: Windows Command Processor
OriginalFileName: Cmd.Exe
TerminalSessionId: 0
ParentCommandLine: '""C:\Program Files\VMware\VMware Tools\vmtoolsd.exe""'
Product: Microsoft® Windows® Operating System
Company: Microsoft Corporation
ParentProcessId: 2692
ParentUser: NT AUTHORITY\SYSTEM
LogonGuid: 50A489D6-3BD3-6AAC-D9AA-CF0000000000
Hashes: MD5=2B40C98ED0F7A1D3B091A3E8353132DC,SHA256=BADF4752413CB0CBDC03FB95820CA167F0CDC63B597CCDB5EF43111180E088B0,IMPHASH=272245E2988E1E430500B852C4FB5E18
ParentProcessGuid: 50A489D6-F01F-6AAB-4A00-000000001200
ProcessId: 9012
CurrentDirectory: C:\Windows\system32\
ProcessGuid: 50A489D6-3BD3-6AAC-0204-000000001200
CommandLine: '""C:\Windows\System32\cmd.exe"" ""/c"" ""exit"" '
FileVersion: 10.0.19041.4355 (WinBuild.160101.0800)
User: DESKTOP-JC89B03\soc
LogonId: '0xcfaad9'
IntegrityLevel: High
ParentImage: C:\Program Files\VMware\VMware Tools\vmtoolsd.exe
UtcTime: 2026-09-17 19:13:23.822
"
2026-09-17T19:14:09.460223+00:00,Direct Autorun Keys Modification;Potential Persistence Attempt Via Run Keys Using Reg.EXE,C:\logs\sysmon_20260919_043610.evtx,1,Microsoft-Windows-Sysmon,1,40051,DESKTOP-JC89B03,"Image: C:\Windows\System32\reg.exe
RuleName: '-'
Description: Registry Console Tool
OriginalFileName: reg.exe
TerminalSessionId: 1
ParentCommandLine: '""C:\Windows\System32\WindowsPowerShell\v1.0\powershell.exe"" '
Product: Microsoft® Windows® Operating System
Company: Microsoft Corporation
ParentProcessId: 8984
ParentUser: DESKTOP-JC89B03\soc
LogonGuid: 50A489D6-F027-6AAB-317F-070000000000
Hashes: MD5=227F63E1D9008B36BDBCC4B397780BE4,SHA256=C0E25B1F9B22DE445298C1E96DDFCEAD265CA030FA6626F61A4A4786CC4A3B7D,IMPHASH=BE482BE427FE212CFEF2CDA0E61F19AC
ParentProcessGuid: 50A489D6-3A3F-6AAC-CF03-000000001200
ProcessId: 9212
CurrentDirectory: C:\Windows\system32\
ProcessGuid: 50A489D6-3C01-6AAC-1004-000000001200
CommandLine: '""C:\Windows\system32\reg.exe"" add HKCU\Software\Microsoft\Windows\CurrentVersion\Run /v TestKill2 /t REG_SZ /d calc.exe /f'
FileVersion: 10.0.19041.1 (WinBuild.160101.0800)
User: DESKTOP-JC89B03\soc
LogonId: '0x77f31'
IntegrityLevel: High
ParentImage: C:\Windows\System32\WindowsPowerShell\v1.0\powershell.exe
UtcTime: 2026-09-17 19:14:09.456
"
2026-09-17T19:14:18.493229+00:00,VMToolsd Suspicious Child Process,C:\logs\sysmon_20260919_043610.evtx,1,Microsoft-Windows-Sysmon,1,40053,DESKTOP-JC89B03,"Image: C:\Windows\System32\cmd.exe
RuleName: '-'
Description: Windows Command Processor
OriginalFileName: Cmd.Exe
TerminalSessionId: 0
ParentCommandLine: '""C:\Program Files\VMware\VMware Tools\vmtoolsd.exe""'
Product: Microsoft® Windows® Operating System
Company: Microsoft Corporation
ParentProcessId: 2692
ParentUser: NT AUTHORITY\SYSTEM
LogonGuid: 50A489D6-3C0A-6AAC-1D78-D00000000000
Hashes: MD5=2B40C98ED0F7A1D3B091A3E8353132DC,SHA256=BADF4752413CB0CBDC03FB95820CA167F0CDC63B597CCDB5EF43111180E088B0,IMPHASH=272245E2988E1E430500B852C4FB5E18
ParentProcessGuid: 50A489D6-F01F-6AAB-4A00-000000001200
ProcessId: 5312
CurrentDirectory: C:\Windows\system32\
ProcessGuid: 50A489D6-3C0A-6AAC-1104-000000001200
CommandLine: '""C:\Windows\System32\cmd.exe"" ""/c"" ""exit"" '
FileVersion: 10.0.19041.4355 (WinBuild.160101.0800)
User: DESKTOP-JC89B03\soc
LogonId: '0xd0781d'
IntegrityLevel: High
ParentImage: C:\Program Files\VMware\VMware Tools\vmtoolsd.exe
UtcTime: 2026-09-17 19:14:18.488
"
2026-09-17T19:24:15.251352+00:00,Non Interactive PowerShell Process Spawned;Suspicious Encoded PowerShell Command Line;Suspicious Execution of Powershell with Base64,C:\logs\sysmon_20260919_043610.evtx,1,Microsoft-Windows-Sysmon,1,40068,DESKTOP-JC89B03,"Image: C:\Windows\System32\WindowsPowerShell\v1.0\powershell.exe
RuleName: '-'
Description: Windows PowerShell
OriginalFileName: PowerShell.EXE
TerminalSessionId: 1
ParentCommandLine: '""C:\Windows\System32\WindowsPowerShell\v1.0\powershell.exe"" '
Product: Microsoft® Windows® Operating System
Company: Microsoft Corporation
ParentProcessId: 9056
ParentUser: DESKTOP-JC89B03\soc
LogonGuid: 50A489D6-F027-6AAB-317F-070000000000
Hashes: MD5=2E5A8590CF6848968FC23DE3FA1E25F1,SHA256=9785001B0DCF755EDDB8AF294A373C0B87B2498660F724E76C4D53F9C217C7A3,IMPHASH=3D08F4848535206D772DE145804FF4B6
ParentProcessGuid: 50A489D6-F420-6AAB-2002-000000001200
ProcessId: 1864
CurrentDirectory: C:\Windows\system32\
ProcessGuid: 50A489D6-3E5F-6AAC-2B04-000000001200
CommandLine: '""C:\Windows\System32\WindowsPowerShell\v1.0\powershell.exe"" -EncodedCommand UwB0AGEAcgB0AC0AUwBsAGUAZQBwACAALQBTAGUAYwBvAG4AZABzACAAOQAwADAA'
FileVersion: 10.0.19041.3996 (WinBuild.160101.0800)
User: DESKTOP-JC89B03\soc
LogonId: '0x77f31'
IntegrityLevel: High
ParentImage: C:\Windows\System32\WindowsPowerShell\v1.0\powershell.exe
UtcTime: 2026-09-17 19:24:15.229
"
